[ 2016-07-28T09:08:46+08:00 ] 172.16.11.198 /index.php/Home/Order/buy.html
INFO: [ app_begin ] --START--
INFO: Run Behavior\ReadHtmlCacheBehavior [ RunTime:0.001000s ]
INFO: [ app_begin ] --END-- [ RunTime:0.001000s ]
SQL: SHOW COLUMNS FROM `shang_goods` [ RunTime:0.0060s ]

[ 2016-07-28T09:08:50+08:00 ] 172.16.11.198 /index.php/Home/User/test2.html
INFO: [ app_begin ] --START--
INFO: Run Behavior\ReadHtmlCacheBehavior [ RunTime:0.001000s ]
INFO: [ app_begin ] --END-- [ RunTime:0.001000s ]
SQL: SHOW COLUMNS FROM `shang_user` [ RunTime:0.0070s ]
SQL: SELECT * FROM `shang_user` WHERE ( username='zcx' ) LIMIT 1   [ RunTime:0.0020s ]
INFO: [ app_end ] --START--
INFO: Run Behavior\ShowPageTraceBehavior [ RunTime:0.000000s ]
INFO: [ app_end ] --END-- [ RunTime:0.000000s ]

[ 2016-07-28T09:08:54+08:00 ] 172.16.11.198 /index.php/Home/User/checkVerify.html
INFO: [ app_begin ] --START--
INFO: Run Behavior\ReadHtmlCacheBehavior [ RunTime:0.000000s ]
INFO: [ app_begin ] --END-- [ RunTime:0.001000s ]
INFO: [ app_end ] --START--
INFO: Run Behavior\ShowPageTraceBehavior [ RunTime:0.001000s ]
INFO: [ app_end ] --END-- [ RunTime:0.001000s ]

[ 2016-07-28T09:08:55+08:00 ] 172.16.11.198 /index.php/Home/User/login.html
INFO: [ app_begin ] --START--
INFO: Run Behavior\ReadHtmlCacheBehavior [ RunTime:0.001000s ]
INFO: [ app_begin ] --END-- [ RunTime:0.001000s ]
SQL: SHOW COLUMNS FROM `shang_user` [ RunTime:0.0060s ]
SQL: SELECT * FROM `shang_user` WHERE ( username='zcx' AND pwd='ac0881ac3355c807bfb2a197d9c77535' ) LIMIT 1   [ RunTime:0.0010s ]
SQL: SHOW COLUMNS FROM `shang_cart` [ RunTime:0.0060s ]
SQL: SELECT * FROM shang_cart as c WHERE `uid` = 3 LIMIT 1   [ RunTime:0.0010s ]
SQL: select g.gid,goodsname,buynum,pic,price,num from shang_cart as ca ,shang_goods as g  where ca.gid=g.gid and uid=3 [ RunTime:0.0020s ]

[ 2016-07-28T09:09:07+08:00 ] 172.16.11.198 /index.php/Home/Member/js/swiper.min.js
ERR: 非法操作:js

[ 2016-07-28T09:09:36+08:00 ] 172.16.11.198 /index.php/Home/Order/buy.html
INFO: [ app_begin ] --START--
INFO: Run Behavior\ReadHtmlCacheBehavior [ RunTime:0.000000s ]
INFO: [ app_begin ] --END-- [ RunTime:0.000000s ]
SQL: SHOW COLUMNS FROM `shang_goods` [ RunTime:0.0000s ]
SQL: SELECT * FROM `shang_goods` WHERE `gid` = 83 LIMIT 1   [ RunTime:0.0000s ]
SQL: SHOW COLUMNS FROM `shang_order` [ RunTime:0.0156s ]
SQL: INSERT INTO `shang_order` (`uid`,`ordersyn`,`prices`,`createtime`) VALUES ('3','2016-07-289be6b1f99e6fcab0','222','1469668176') [ RunTime:0.0312s ]
SQL: SHOW COLUMNS FROM `shang_order_goods` [ RunTime:0.0000s ]
SQL: INSERT INTO `shang_order_goods` (`oid`,`gid`,`buynum`) VALUES ('36','83','1') [ RunTime:0.0312s ]

[ 2016-07-28T09:09:47+08:00 ] 172.16.11.198 /index.php/Home/Member/js/swiper.min.js
ERR: 非法操作:js

[ 2016-07-28T09:12:33+08:00 ] 172.16.11.198 /index.php/Home/Order/buy.html
INFO: [ app_begin ] --START--
INFO: Run Behavior\ReadHtmlCacheBehavior [ RunTime:0.000000s ]
INFO: [ app_begin ] --END-- [ RunTime:0.000000s ]
SQL: SHOW COLUMNS FROM `shang_goods` [ RunTime:0.0000s ]
SQL: SELECT * FROM `shang_goods` WHERE `gid` = 56 LIMIT 1   [ RunTime:0.0156s ]
SQL: SHOW COLUMNS FROM `shang_order` [ RunTime:0.0000s ]
SQL: INSERT INTO `shang_order` (`uid`,`ordersyn`,`prices`,`createtime`) VALUES ('3','2016-07-2870b8bf9b9df14a5e','121','1469668353') [ RunTime:0.0468s ]
SQL: SHOW COLUMNS FROM `shang_order_goods` [ RunTime:0.0156s ]
SQL: INSERT INTO `shang_order_goods` (`oid`,`gid`,`buynum`) VALUES ('37','56','1') [ RunTime:0.0312s ]

[ 2016-07-28T09:14:12+08:00 ] 172.16.11.198 /index.php/Home/Order/pay/oid/37.html
INFO: [ app_begin ] --START--
INFO: Run Behavior\ReadHtmlCacheBehavior [ RunTime:0.001001s ]
INFO: [ app_begin ] --END-- [ RunTime:0.002001s ]
SQL: SHOW COLUMNS FROM `shang_order` [ RunTime:0.0000s ]
SQL: UPDATE `shang_order` SET `status`='2' WHERE `oid` = 37 [ RunTime:0.0624s ]
SQL: select gid,buynum from shang_order o,shang_order_goods og where o.oid=og.oid and o.oid=37 [ RunTime:0.0000s ]
SQL: SHOW COLUMNS FROM `shang_goods` [ RunTime:0.0000s ]
SQL: SELECT * FROM `shang_goods` WHERE `gid` = 56 LIMIT 1   [ RunTime:0.0000s ]
SQL: UPDATE `shang_goods` SET `saled_num`='2' WHERE `gid` = 56 [ RunTime:0.0312s ]

[ 2016-07-28T09:14:14+08:00 ] 172.16.11.198 /index.php/Home/Member/js/swiper.min.js
ERR: 非法操作:js

[ 2016-07-28T09:14:20+08:00 ] 172.16.11.198 /index.php/Home/Member/js/swiper.min.js
ERR: 非法操作:js

[ 2016-07-28T09:14:20+08:00 ] 172.16.11.198 /index.php/Home/Member/js/swiper.min.js
ERR: 非法操作:js

[ 2016-07-28T09:14:21+08:00 ] 172.16.11.198 /index.php/Home/Member/js/swiper.min.js
ERR: 非法操作:js

[ 2016-07-28T09:14:39+08:00 ] 172.16.11.198 /index.php/Home/Order/buy.html
INFO: [ app_begin ] --START--
INFO: Run Behavior\ReadHtmlCacheBehavior [ RunTime:0.015600s ]
INFO: [ app_begin ] --END-- [ RunTime:0.015600s ]
SQL: SHOW COLUMNS FROM `shang_goods` [ RunTime:0.0060s ]
SQL: SELECT * FROM `shang_goods` WHERE `gid` = 69 LIMIT 1   [ RunTime:0.0010s ]
SQL: SHOW COLUMNS FROM `shang_order` [ RunTime:0.0060s ]
SQL: INSERT INTO `shang_order` (`uid`,`ordersyn`,`prices`,`createtime`) VALUES ('3','2016-07-282ecad3f8a68f5558','69','1469668479') [ RunTime:0.0342s ]
SQL: SHOW COLUMNS FROM `shang_order_goods` [ RunTime:0.0000s ]
SQL: INSERT INTO `shang_order_goods` (`oid`,`gid`,`buynum`) VALUES ('38','69','1') [ RunTime:0.0468s ]

[ 2016-07-28T09:14:44+08:00 ] 172.16.11.198 /index.php/Home/Member/js/swiper.min.js
ERR: 非法操作:js

[ 2016-07-28T09:15:46+08:00 ] 172.16.11.198 /index.php/Home/Order/buy.html
INFO: [ app_begin ] --START--
INFO: Run Behavior\ReadHtmlCacheBehavior [ RunTime:0.000000s ]
INFO: [ app_begin ] --END-- [ RunTime:0.000000s ]
SQL: SHOW COLUMNS FROM `shang_goods` [ RunTime:0.0000s ]
SQL: SELECT * FROM `shang_goods` WHERE `gid` = 72 LIMIT 1   [ RunTime:0.0000s ]
SQL: SHOW COLUMNS FROM `shang_order` [ RunTime:0.0156s ]
SQL: INSERT INTO `shang_order` (`uid`,`ordersyn`,`prices`,`createtime`) VALUES ('3','2016-07-28e3b9096df4af67a7','129','1469668546') [ RunTime:0.0312s ]
SQL: SHOW COLUMNS FROM `shang_order_goods` [ RunTime:0.0156s ]
SQL: INSERT INTO `shang_order_goods` (`oid`,`gid`,`buynum`) VALUES ('39','72','1') [ RunTime:0.0312s ]

[ 2016-07-28T09:15:52+08:00 ] 172.16.11.198 /index.php/Home/Member/js/swiper.min.js
ERR: 非法操作:js

[ 2016-07-28T09:19:17+08:00 ] 172.16.11.198 /index.php/Home/Order/buy.html
INFO: [ app_begin ] --START--
INFO: Run Behavior\ReadHtmlCacheBehavior [ RunTime:0.000000s ]
INFO: [ app_begin ] --END-- [ RunTime:0.000000s ]
SQL: SHOW COLUMNS FROM `shang_goods` [ RunTime:0.0000s ]
SQL: SELECT * FROM `shang_goods` WHERE `gid` = 200 LIMIT 1   [ RunTime:0.0000s ]
SQL: SHOW COLUMNS FROM `shang_order` [ RunTime:0.0156s ]
SQL: INSERT INTO `shang_order` (`uid`,`ordersyn`,`prices`,`createtime`) VALUES ('3','2016-07-28f9a99ac59ecc57a5','56','1469668757') [ RunTime:0.0312s ]
SQL: SHOW COLUMNS FROM `shang_order_goods` [ RunTime:0.0000s ]
SQL: INSERT INTO `shang_order_goods` (`oid`,`gid`,`buynum`) VALUES ('1','200','1') [ RunTime:0.0468s ]

[ 2016-07-28T09:19:21+08:00 ] 172.16.11.198 /index.php/Home/Member/js/swiper.min.js
ERR: 非法操作:js

[ 2016-07-28T09:19:26+08:00 ] 172.16.11.198 /index.php/Home/Order/buy.html
INFO: [ app_begin ] --START--
INFO: Run Behavior\ReadHtmlCacheBehavior [ RunTime:0.000000s ]
INFO: [ app_begin ] --END-- [ RunTime:0.000000s ]
SQL: SHOW COLUMNS FROM `shang_goods` [ RunTime:0.0156s ]
SQL: SELECT * FROM `shang_goods` WHERE `gid` = 184 LIMIT 1   [ RunTime:0.0000s ]
SQL: SHOW COLUMNS FROM `shang_order` [ RunTime:0.0000s ]
SQL: INSERT INTO `shang_order` (`uid`,`ordersyn`,`prices`,`createtime`) VALUES ('3','2016-07-283a2b958649f57492','299','1469668766') [ RunTime:0.0624s ]
SQL: SHOW COLUMNS FROM `shang_order_goods` [ RunTime:0.0000s ]
SQL: INSERT INTO `shang_order_goods` (`oid`,`gid`,`buynum`) VALUES ('2','184','1') [ RunTime:0.0392s ]

[ 2016-07-28T09:19:30+08:00 ] 172.16.11.198 /index.php/Home/Member/js/swiper.min.js
ERR: 非法操作:js

[ 2016-07-28T09:19:34+08:00 ] 172.16.11.198 /index.php/Home/Member/js/swiper.min.js
ERR: 非法操作:js

[ 2016-07-28T09:19:38+08:00 ] 172.16.11.198 /index.php/Home/Order/buy.html
INFO: [ app_begin ] --START--
INFO: Run Behavior\ReadHtmlCacheBehavior [ RunTime:0.001000s ]
INFO: [ app_begin ] --END-- [ RunTime:0.001000s ]
SQL: SHOW COLUMNS FROM `shang_goods` [ RunTime:0.0070s ]
SQL: SELECT * FROM `shang_goods` WHERE `gid` = 183 LIMIT 1   [ RunTime:0.0010s ]
SQL: SHOW COLUMNS FROM `shang_order` [ RunTime:0.0070s ]
SQL: INSERT INTO `shang_order` (`uid`,`ordersyn`,`prices`,`createtime`) VALUES ('3','2016-07-287be53802ce8699e1','199','1469668778') [ RunTime:0.0382s ]
SQL: SHOW COLUMNS FROM `shang_order_goods` [ RunTime:0.0156s ]
SQL: INSERT INTO `shang_order_goods` (`oid`,`gid`,`buynum`) VALUES ('3','183','1') [ RunTime:0.0780s ]

[ 2016-07-28T09:19:43+08:00 ] 172.16.11.198 /index.php/Home/Member/js/swiper.min.js
ERR: 非法操作:js

[ 2016-07-28T09:19:54+08:00 ] 172.16.11.198 /index.php/Home/Order/buy.html
INFO: [ app_begin ] --START--
INFO: Run Behavior\ReadHtmlCacheBehavior [ RunTime:0.000000s ]
INFO: [ app_begin ] --END-- [ RunTime:0.000000s ]
SQL: SHOW COLUMNS FROM `shang_goods` [ RunTime:0.0156s ]
SQL: SELECT * FROM `shang_goods` WHERE `gid` = 187 LIMIT 1   [ RunTime:0.0000s ]
SQL: SHOW COLUMNS FROM `shang_order` [ RunTime:0.0156s ]
SQL: INSERT INTO `shang_order` (`uid`,`ordersyn`,`prices`,`createtime`) VALUES ('3','2016-07-284f70327ef5772bba','399','1469668794') [ RunTime:0.0312s ]
SQL: SHOW COLUMNS FROM `shang_order_goods` [ RunTime:0.0156s ]
SQL: INSERT INTO `shang_order_goods` (`oid`,`gid`,`buynum`) VALUES ('4','187','1') [ RunTime:0.0156s ]

[ 2016-07-28T09:20:09+08:00 ] 172.16.11.198 /index.php/Home/Member/js/swiper.min.js
ERR: 非法操作:js

[ 2016-07-28T09:20:17+08:00 ] 172.16.11.198 /index.php/Home/Member/js/swiper.min.js
ERR: 非法操作:js

[ 2016-07-28T09:20:19+08:00 ] 172.16.11.198 /index.php/Home/Member/js/swiper.min.js
ERR: 非法操作:js

[ 2016-07-28T09:20:25+08:00 ] 172.16.11.198 /index.php/Home/Order/buy.html
INFO: [ app_begin ] --START--
INFO: Run Behavior\ReadHtmlCacheBehavior [ RunTime:0.000000s ]
INFO: [ app_begin ] --END-- [ RunTime:0.000000s ]
SQL: SHOW COLUMNS FROM `shang_goods` [ RunTime:0.0000s ]
SQL: SELECT * FROM `shang_goods` WHERE `gid` = 70 LIMIT 1   [ RunTime:0.0000s ]
SQL: SHOW COLUMNS FROM `shang_order` [ RunTime:0.0156s ]
SQL: INSERT INTO `shang_order` (`uid`,`ordersyn`,`prices`,`createtime`) VALUES ('3','2016-07-28178b7fa0cf82cd1b','499','1469668825') [ RunTime:0.0312s ]
SQL: SHOW COLUMNS FROM `shang_order_goods` [ RunTime:0.0000s ]
SQL: INSERT INTO `shang_order_goods` (`oid`,`gid`,`buynum`) VALUES ('5','70','1') [ RunTime:0.0312s ]

[ 2016-07-28T09:20:29+08:00 ] 172.16.11.198 /index.php/Home/Member/js/swiper.min.js
ERR: 非法操作:js

[ 2016-07-28T09:20:50+08:00 ] 172.16.11.198 /index.php/Home/Order/buy.html
INFO: [ app_begin ] --START--
INFO: Run Behavior\ReadHtmlCacheBehavior [ RunTime:0.001000s ]
INFO: [ app_begin ] --END-- [ RunTime:0.001000s ]
SQL: SHOW COLUMNS FROM `shang_goods` [ RunTime:0.0070s ]
SQL: SELECT * FROM `shang_goods` WHERE `gid` = 188 LIMIT 1   [ RunTime:0.0010s ]
SQL: SHOW COLUMNS FROM `shang_order` [ RunTime:0.0060s ]
SQL: INSERT INTO `shang_order` (`uid`,`ordersyn`,`prices`,`createtime`) VALUES ('3','2016-07-286848fb81a69d2206','599','1469668850') [ RunTime:0.0312s ]
SQL: SHOW COLUMNS FROM `shang_order_goods` [ RunTime:0.0000s ]
SQL: INSERT INTO `shang_order_goods` (`oid`,`gid`,`buynum`) VALUES ('6','188','1') [ RunTime:0.0312s ]

[ 2016-07-28T09:21:00+08:00 ] 172.16.11.198 /index.php/Home/Order/buy.html
INFO: [ app_begin ] --START--
INFO: Run Behavior\ReadHtmlCacheBehavior [ RunTime:0.000000s ]
INFO: [ app_begin ] --END-- [ RunTime:0.000000s ]
SQL: SHOW COLUMNS FROM `shang_goods` [ RunTime:0.0156s ]
SQL: SELECT * FROM `shang_goods` WHERE `gid` = 64 LIMIT 1   [ RunTime:0.0000s ]
SQL: SHOW COLUMNS FROM `shang_order` [ RunTime:0.0000s ]
SQL: INSERT INTO `shang_order` (`uid`,`ordersyn`,`prices`,`createtime`) VALUES ('3','2016-07-28c6e2297f47c9e897','223','1469668859') [ RunTime:0.0468s ]
SQL: SHOW COLUMNS FROM `shang_order_goods` [ RunTime:0.0000s ]
SQL: INSERT INTO `shang_order_goods` (`oid`,`gid`,`buynum`) VALUES ('7','64','1') [ RunTime:0.0468s ]

[ 2016-07-28T09:21:04+08:00 ] 172.16.11.198 /index.php/Home/Member/js/swiper.min.js
ERR: 非法操作:js

[ 2016-07-28T09:21:16+08:00 ] 172.16.11.198 /index.php/Home/Order/buy.html
INFO: [ app_begin ] --START--
INFO: Run Behavior\ReadHtmlCacheBehavior [ RunTime:0.001001s ]
INFO: [ app_begin ] --END-- [ RunTime:0.002001s ]
SQL: SHOW COLUMNS FROM `shang_goods` [ RunTime:0.0060s ]
SQL: SELECT * FROM `shang_goods` WHERE `gid` = 61 LIMIT 1   [ RunTime:0.0010s ]
SQL: SHOW COLUMNS FROM `shang_order` [ RunTime:0.0060s ]
SQL: INSERT INTO `shang_order` (`uid`,`ordersyn`,`prices`,`createtime`) VALUES ('3','2016-07-283efe5d823c64d840','199','1469668876') [ RunTime:0.0468s ]
SQL: SHOW COLUMNS FROM `shang_order_goods` [ RunTime:0.0000s ]
SQL: INSERT INTO `shang_order_goods` (`oid`,`gid`,`buynum`) VALUES ('8','61','1') [ RunTime:0.0624s ]

[ 2016-07-28T09:21:26+08:00 ] 172.16.11.198 /index.php/Home/Order/buy.html
INFO: [ app_begin ] --START--
INFO: Run Behavior\ReadHtmlCacheBehavior [ RunTime:0.000000s ]
INFO: [ app_begin ] --END-- [ RunTime:0.001001s ]
SQL: SHOW COLUMNS FROM `shang_goods` [ RunTime:0.0040s ]
SQL: SELECT * FROM `shang_goods` WHERE `gid` = 55 LIMIT 1   [ RunTime:0.0010s ]
SQL: SHOW COLUMNS FROM `shang_order` [ RunTime:0.0030s ]
SQL: INSERT INTO `shang_order` (`uid`,`ordersyn`,`prices`,`createtime`) VALUES ('3','2016-07-28986508bf6841e63b','231','1469668886') [ RunTime:0.0352s ]
SQL: SHOW COLUMNS FROM `shang_order_goods` [ RunTime:0.0000s ]
SQL: INSERT INTO `shang_order_goods` (`oid`,`gid`,`buynum`) VALUES ('10','55','1') [ RunTime:0.0312s ]

[ 2016-07-28T09:21:34+08:00 ] 172.16.11.198 /index.php/Home/Order/buy.html
INFO: [ app_begin ] --START--
INFO: Run Behavior\ReadHtmlCacheBehavior [ RunTime:0.002000s ]
INFO: [ app_begin ] --END-- [ RunTime:0.003000s ]
SQL: SHOW COLUMNS FROM `shang_goods` [ RunTime:0.0070s ]
SQL: SELECT * FROM `shang_goods` WHERE `gid` = 89 LIMIT 1   [ RunTime:0.0010s ]
SQL: SHOW COLUMNS FROM `shang_order` [ RunTime:0.0020s ]
SQL: INSERT INTO `shang_order` (`uid`,`ordersyn`,`prices`,`createtime`) VALUES ('3','2016-07-289ea44a05f4138561','222','1469668894') [ RunTime:0.0468s ]
SQL: SHOW COLUMNS FROM `shang_order_goods` [ RunTime:0.0000s ]
SQL: INSERT INTO `shang_order_goods` (`oid`,`gid`,`buynum`) VALUES ('12','89','1') [ RunTime:0.0312s ]

[ 2016-07-28T09:21:38+08:00 ] 172.16.11.198 /index.php/Home/Member/js/swiper.min.js
ERR: 非法操作:js

[ 2016-07-28T09:22:58+08:00 ] 172.16.11.198 /index.php/Home/Order/buy.html
INFO: [ app_begin ] --START--
INFO: Run Behavior\ReadHtmlCacheBehavior [ RunTime:0.000000s ]
INFO: [ app_begin ] --END-- [ RunTime:0.000000s ]
SQL: SHOW COLUMNS FROM `shang_goods` [ RunTime:0.0000s ]
SQL: SELECT * FROM `shang_goods` WHERE `gid` = 68 LIMIT 1   [ RunTime:0.0000s ]
SQL: SHOW COLUMNS FROM `shang_order` [ RunTime:0.0156s ]
SQL: INSERT INTO `shang_order` (`uid`,`ordersyn`,`prices`,`createtime`) VALUES ('3','2016-07-28c8c38544df072097','233','1469668978') [ RunTime:0.0156s ]
SQL: SHOW COLUMNS FROM `shang_order_goods` [ RunTime:0.0156s ]
SQL: INSERT INTO `shang_order_goods` (`oid`,`gid`,`buynum`) VALUES ('15','68','1') [ RunTime:0.0312s ]

[ 2016-07-28T09:23:08+08:00 ] 172.16.11.198 /index.php/Home/Member/js/swiper.min.js
ERR: 非法操作:js

[ 2016-07-28T09:23:19+08:00 ] 172.16.11.198 /index.php/Home/Order/buy.html
INFO: [ app_begin ] --START--
INFO: Run Behavior\ReadHtmlCacheBehavior [ RunTime:0.000000s ]
INFO: [ app_begin ] --END-- [ RunTime:0.000000s ]
SQL: SHOW COLUMNS FROM `shang_goods` [ RunTime:0.0156s ]
SQL: SELECT * FROM `shang_goods` WHERE `gid` = 80 LIMIT 1   [ RunTime:0.0000s ]
SQL: SHOW COLUMNS FROM `shang_order` [ RunTime:0.0000s ]
SQL: INSERT INTO `shang_order` (`uid`,`ordersyn`,`prices`,`createtime`) VALUES ('3','2016-07-2842ababd94d66267e','222','1469668999') [ RunTime:0.0624s ]
SQL: SHOW COLUMNS FROM `shang_order_goods` [ RunTime:0.0156s ]
SQL: INSERT INTO `shang_order_goods` (`oid`,`gid`,`buynum`) VALUES ('16','80','1') [ RunTime:0.0312s ]

[ 2016-07-28T09:23:22+08:00 ] 172.16.11.198 /index.php/Home/Member/js/swiper.min.js
ERR: 非法操作:js

[ 2016-07-28T09:23:31+08:00 ] 172.16.11.198 /index.php/Home/Order/buy.html
INFO: [ app_begin ] --START--
INFO: Run Behavior\ReadHtmlCacheBehavior [ RunTime:0.015600s ]
INFO: [ app_begin ] --END-- [ RunTime:0.015600s ]
SQL: SHOW COLUMNS FROM `shang_goods` [ RunTime:0.0156s ]
SQL: SELECT * FROM `shang_goods` WHERE `gid` = 67 LIMIT 1   [ RunTime:0.0000s ]
SQL: SHOW COLUMNS FROM `shang_order` [ RunTime:0.0000s ]
SQL: INSERT INTO `shang_order` (`uid`,`ordersyn`,`prices`,`createtime`) VALUES ('3','2016-07-2800406c4260cf9464','333','1469669011') [ RunTime:0.0456s ]
SQL: SHOW COLUMNS FROM `shang_order_goods` [ RunTime:0.0060s ]
SQL: INSERT INTO `shang_order_goods` (`oid`,`gid`,`buynum`) VALUES ('17','67','1') [ RunTime:0.0280s ]

[ 2016-07-28T09:23:40+08:00 ] 172.16.11.198 /index.php/Home/Order/buy.html
INFO: [ app_begin ] --START--
INFO: Run Behavior\ReadHtmlCacheBehavior [ RunTime:0.000000s ]
INFO: [ app_begin ] --END-- [ RunTime:0.001000s ]
SQL: SHOW COLUMNS FROM `shang_goods` [ RunTime:0.0070s ]
SQL: SELECT * FROM `shang_goods` WHERE `gid` = 68 LIMIT 1   [ RunTime:0.0010s ]
SQL: SHOW COLUMNS FROM `shang_order` [ RunTime:0.0070s ]
SQL: INSERT INTO `shang_order` (`uid`,`ordersyn`,`prices`,`createtime`) VALUES ('3','2016-07-28b77d0001bb15ab70','233','1469669020') [ RunTime:0.0156s ]
SQL: SHOW COLUMNS FROM `shang_order_goods` [ RunTime:0.0156s ]
SQL: INSERT INTO `shang_order_goods` (`oid`,`gid`,`buynum`) VALUES ('18','68','1') [ RunTime:0.0312s ]

[ 2016-07-28T09:23:51+08:00 ] 172.16.11.198 /index.php/Home/Order/buy.html
INFO: [ app_begin ] --START--
INFO: Run Behavior\ReadHtmlCacheBehavior [ RunTime:0.001000s ]
INFO: [ app_begin ] --END-- [ RunTime:0.002000s ]
SQL: SHOW COLUMNS FROM `shang_goods` [ RunTime:0.0060s ]
SQL: SELECT * FROM `shang_goods` WHERE `gid` = 190 LIMIT 1   [ RunTime:0.0010s ]
SQL: SHOW COLUMNS FROM `shang_order` [ RunTime:0.0060s ]
SQL: INSERT INTO `shang_order` (`uid`,`ordersyn`,`prices`,`createtime`) VALUES ('3','2016-07-2873c9d441537b0ab2','699','1469669031') [ RunTime:0.0500s ]
SQL: SHOW COLUMNS FROM `shang_order_goods` [ RunTime:0.0060s ]
SQL: INSERT INTO `shang_order_goods` (`oid`,`gid`,`buynum`) VALUES ('19','190','1') [ RunTime:0.0350s ]

[ 2016-07-28T09:24:01+08:00 ] 172.16.11.198 /index.php/Home/Member/js/swiper.min.js
ERR: 非法操作:js

[ 2016-07-28T09:24:36+08:00 ] 172.16.11.198 /index.php/Home/Mycar/addtocar.html
INFO: [ app_begin ] --START--
INFO: Run Behavior\ReadHtmlCacheBehavior [ RunTime:0.000000s ]
INFO: [ app_begin ] --END-- [ RunTime:0.000000s ]
SQL: SHOW COLUMNS FROM `shang_goods` [ RunTime:0.0156s ]
SQL: SELECT * FROM `shang_goods` WHERE `gid` = 183 LIMIT 1   [ RunTime:0.0000s ]

[ 2016-07-28T09:24:43+08:00 ] 172.16.11.198 /index.php/Home/Mycar/createorder.html
INFO: [ app_begin ] --START--
INFO: Run Behavior\ReadHtmlCacheBehavior [ RunTime:0.000000s ]
INFO: [ app_begin ] --END-- [ RunTime:0.000000s ]
SQL: SHOW COLUMNS FROM `shang_order` [ RunTime:0.0000s ]
SQL: INSERT INTO `shang_order` (`uid`,`ordersyn`,`prices`,`createtime`) VALUES ('3','2016-07-28e43d6329c310c1c1','797','1469669082') [ RunTime:0.1560s ]
SQL: SHOW COLUMNS FROM `shang_order_goods` [ RunTime:0.0000s ]
SQL: INSERT INTO `shang_order_goods` (`oid`,`gid`,`buynum`) VALUES ('20','184','2') [ RunTime:0.0312s ]
SQL: INSERT INTO `shang_order_goods` (`oid`,`gid`,`buynum`) VALUES ('20','183','1') [ RunTime:0.0312s ]

[ 2016-07-28T09:24:54+08:00 ] 172.16.11.198 /index.php/Home/Member/js/swiper.min.js
ERR: 非法操作:js

[ 2016-07-28T09:25:16+08:00 ] 172.16.11.198 /index.php/Home/Mycar/addtocar.html
INFO: [ app_begin ] --START--
INFO: Run Behavior\ReadHtmlCacheBehavior [ RunTime:0.000000s ]
INFO: [ app_begin ] --END-- [ RunTime:0.000000s ]
SQL: SHOW COLUMNS FROM `shang_goods` [ RunTime:0.0000s ]
SQL: SELECT * FROM `shang_goods` WHERE `gid` = 183 LIMIT 1   [ RunTime:0.0000s ]

[ 2016-07-28T09:25:20+08:00 ] 172.16.11.198 /index.php/Home/Mycar/createorder.html
INFO: [ app_begin ] --START--
INFO: Run Behavior\ReadHtmlCacheBehavior [ RunTime:0.000000s ]
INFO: [ app_begin ] --END-- [ RunTime:0.001000s ]
SQL: SHOW COLUMNS FROM `shang_order` [ RunTime:0.0070s ]
SQL: INSERT INTO `shang_order` (`uid`,`ordersyn`,`prices`,`createtime`) VALUES ('3','2016-07-28d724d0db9c82702c','199','1469669119') [ RunTime:0.0400s ]
SQL: SHOW COLUMNS FROM `shang_order_goods` [ RunTime:0.0156s ]
SQL: INSERT INTO `shang_order_goods` (`oid`,`gid`,`buynum`) VALUES ('21','183','1') [ RunTime:0.0312s ]

[ 2016-07-28T09:25:25+08:00 ] 172.16.11.198 /index.php/Home/Member/js/swiper.min.js
ERR: 非法操作:js

[ 2016-07-28T09:34:37+08:00 ] 172.16.11.198 /index.php/Home/Order/buy.html
INFO: [ app_begin ] --START--
INFO: Run Behavior\ReadHtmlCacheBehavior [ RunTime:0.000000s ]
INFO: [ app_begin ] --END-- [ RunTime:0.000000s ]
SQL: SHOW COLUMNS FROM `shang_goods` [ RunTime:0.0156s ]
SQL: SELECT * FROM `shang_goods` WHERE `gid` = 184 LIMIT 1   [ RunTime:0.0000s ]
SQL: SHOW COLUMNS FROM `shang_order` [ RunTime:0.0000s ]
SQL: INSERT INTO `shang_order` (`uid`,`ordersyn`,`prices`,`createtime`) VALUES ('3','2016-07-28cab3a11db9d53f49','299','1469669677') [ RunTime:0.0468s ]
SQL: SHOW COLUMNS FROM `shang_order_goods` [ RunTime:0.0000s ]
SQL: INSERT INTO `shang_order_goods` (`oid`,`gid`,`buynum`) VALUES ('1','184','1') [ RunTime:0.0468s ]

[ 2016-07-28T09:35:01+08:00 ] 172.16.11.198 /index.php/Home/Mycar/addtocar.html
INFO: [ app_begin ] --START--
INFO: Run Behavior\ReadHtmlCacheBehavior [ RunTime:0.001000s ]
INFO: [ app_begin ] --END-- [ RunTime:0.001000s ]
SQL: SHOW COLUMNS FROM `shang_goods` [ RunTime:0.0070s ]
SQL: SELECT * FROM `shang_goods` WHERE `gid` = 184 LIMIT 1   [ RunTime:0.0010s ]

[ 2016-07-28T09:35:05+08:00 ] 172.16.11.198 /index.php/Home/Mycar/createorder.html
INFO: [ app_begin ] --START--
INFO: Run Behavior\ReadHtmlCacheBehavior [ RunTime:0.001000s ]
INFO: [ app_begin ] --END-- [ RunTime:0.002000s ]
SQL: SHOW COLUMNS FROM `shang_order` [ RunTime:0.0000s ]
SQL: INSERT INTO `shang_order` (`uid`,`ordersyn`,`prices`,`createtime`) VALUES ('3','2016-07-28f22f9146c51e30f3','299','1469669705') [ RunTime:0.0468s ]
SQL: SHOW COLUMNS FROM `shang_order_goods` [ RunTime:0.0000s ]
SQL: INSERT INTO `shang_order_goods` (`oid`,`gid`,`buynum`) VALUES ('2','184','1') [ RunTime:0.0312s ]

[ 2016-07-28T09:36:30+08:00 ] 172.16.11.198 /index.php/Home/Member/js/swiper.min.js
ERR: 非法操作:js

[ 2016-07-28T09:42:46+08:00 ] 172.16.11.198 /index.php/Home/User/logout.html
INFO: [ app_begin ] --START--
INFO: Run Behavior\ReadHtmlCacheBehavior [ RunTime:0.001000s ]
INFO: [ app_begin ] --END-- [ RunTime:0.001000s ]
NOTIC: [8] Undefined offset: 184 D:\five\shang\Application\Home\Controller\UserController.class.php 第 140 行.
SQL: SHOW COLUMNS FROM `shang_cart` [ RunTime:0.0000s ]

[ 2016-07-28T09:42:50+08:00 ] 172.16.11.198 /index.php/Home/User/test2.html
INFO: [ app_begin ] --START--
INFO: Run Behavior\ReadHtmlCacheBehavior [ RunTime:0.001000s ]
INFO: [ app_begin ] --END-- [ RunTime:0.001000s ]
SQL: SHOW COLUMNS FROM `shang_user` [ RunTime:0.0060s ]
SQL: SELECT * FROM `shang_user` WHERE ( username='zcx' ) LIMIT 1   [ RunTime:0.0010s ]
INFO: [ app_end ] --START--
INFO: Run Behavior\ShowPageTraceBehavior [ RunTime:0.001000s ]
INFO: [ app_end ] --END-- [ RunTime:0.001000s ]

[ 2016-07-28T09:42:54+08:00 ] 172.16.11.198 /index.php/Home/User/checkVerify.html
INFO: [ app_begin ] --START--
INFO: Run Behavior\ReadHtmlCacheBehavior [ RunTime:0.001000s ]
INFO: [ app_begin ] --END-- [ RunTime:0.001000s ]
INFO: [ app_end ] --START--
INFO: Run Behavior\ShowPageTraceBehavior [ RunTime:0.001000s ]
INFO: [ app_end ] --END-- [ RunTime:0.001000s ]

[ 2016-07-28T09:42:54+08:00 ] 172.16.11.198 /index.php/Home/User/login.html
INFO: [ app_begin ] --START--
INFO: Run Behavior\ReadHtmlCacheBehavior [ RunTime:0.000000s ]
INFO: [ app_begin ] --END-- [ RunTime:0.001000s ]
SQL: SHOW COLUMNS FROM `shang_user` [ RunTime:0.0000s ]
SQL: SELECT * FROM `shang_user` WHERE ( username='zcx' AND pwd='ac0881ac3355c807bfb2a197d9c77535' ) LIMIT 1   [ RunTime:0.0000s ]
SQL: SHOW COLUMNS FROM `shang_cart` [ RunTime:0.0156s ]
SQL: SELECT * FROM shang_cart as c WHERE `uid` = 3 LIMIT 1   [ RunTime:0.0000s ]
SQL: select g.gid,goodsname,buynum,pic,price,num from shang_cart as ca ,shang_goods as g  where ca.gid=g.gid and uid=3 [ RunTime:0.0000s ]

[ 2016-07-28T09:43:09+08:00 ] 172.16.11.198 /index.php/Home/Mycar/createorder.html
INFO: [ app_begin ] --START--
INFO: Run Behavior\ReadHtmlCacheBehavior [ RunTime:0.001001s ]
INFO: [ app_begin ] --END-- [ RunTime:0.002001s ]
SQL: SHOW COLUMNS FROM `shang_order` [ RunTime:0.0050s ]
SQL: INSERT INTO `shang_order` (`uid`,`ordersyn`,`prices`,`createtime`) VALUES ('3','2016-07-28078bc33ecc223d3f','598','1469670189') [ RunTime:0.0468s ]
SQL: SHOW COLUMNS FROM `shang_order_goods` [ RunTime:0.0000s ]
SQL: INSERT INTO `shang_order_goods` (`oid`,`gid`,`buynum`) VALUES ('8','184','2') [ RunTime:0.0468s ]
SQL: SHOW COLUMNS FROM `shang_cart` [ RunTime:0.0000s ]
SQL: DELETE FROM `shang_cart` WHERE `uid` = 3 [ RunTime:0.0312s ]

[ 2016-07-28T09:43:35+08:00 ] 172.16.11.198 /index.php/Home/Member/js/swiper.min.js
ERR: 非法操作:js

[ 2016-07-28T09:43:47+08:00 ] 172.16.11.198 /index.php/Home/Member/js/swiper.min.js
ERR: 非法操作:js

[ 2016-07-28T09:43:53+08:00 ] 172.16.11.198 /index.php/Home/Order/buy.html
INFO: [ app_begin ] --START--
INFO: Run Behavior\ReadHtmlCacheBehavior [ RunTime:0.001000s ]
INFO: [ app_begin ] --END-- [ RunTime:0.001000s ]
SQL: SHOW COLUMNS FROM `shang_goods` [ RunTime:0.0000s ]
SQL: SELECT * FROM `shang_goods` WHERE `gid` = 184 LIMIT 1   [ RunTime:0.0000s ]
SQL: SHOW COLUMNS FROM `shang_order` [ RunTime:0.0176s ]
SQL: INSERT INTO `shang_order` (`uid`,`ordersyn`,`prices`,`createtime`) VALUES ('3','2016-07-288c551922084aedd3','299','1469670233') [ RunTime:0.0322s ]
SQL: SHOW COLUMNS FROM `shang_order_goods` [ RunTime:0.0000s ]
SQL: INSERT INTO `shang_order_goods` (`oid`,`gid`,`buynum`) VALUES ('10','184','1') [ RunTime:0.0312s ]

[ 2016-07-28T09:43:57+08:00 ] 172.16.11.198 /index.php/Home/Member/js/swiper.min.js
ERR: 非法操作:js

[ 2016-07-28T09:44:03+08:00 ] 172.16.11.198 /index.php/Home/Member/js/swiper.min.js
ERR: 非法操作:js

[ 2016-07-28T09:44:10+08:00 ] 172.16.11.198 /index.php/Home/Mycar/addtocar.html
INFO: [ app_begin ] --START--
INFO: Run Behavior\ReadHtmlCacheBehavior [ RunTime:0.000000s ]
INFO: [ app_begin ] --END-- [ RunTime:0.000000s ]
SQL: SHOW COLUMNS FROM `shang_goods` [ RunTime:0.0156s ]
SQL: SELECT * FROM `shang_goods` WHERE `gid` = 183 LIMIT 1   [ RunTime:0.0000s ]

[ 2016-07-28T09:44:14+08:00 ] 172.16.11.198 /index.php/Home/Mycar/createorder.html
INFO: [ app_begin ] --START--
INFO: Run Behavior\ReadHtmlCacheBehavior [ RunTime:0.000000s ]
INFO: [ app_begin ] --END-- [ RunTime:0.001000s ]
SQL: SHOW COLUMNS FROM `shang_order` [ RunTime:0.0040s ]
SQL: INSERT INTO `shang_order` (`uid`,`ordersyn`,`prices`,`createtime`) VALUES ('3','2016-07-28351f36924a994082','199','1469670254') [ RunTime:0.0352s ]
SQL: SHOW COLUMNS FROM `shang_order_goods` [ RunTime:0.0000s ]
SQL: INSERT INTO `shang_order_goods` (`oid`,`gid`,`buynum`) VALUES ('11','183','1') [ RunTime:0.0468s ]
SQL: SHOW COLUMNS FROM `shang_cart` [ RunTime:0.0000s ]
SQL: DELETE FROM `shang_cart` WHERE `uid` = 3 [ RunTime:0.0000s ]

[ 2016-07-28T09:44:20+08:00 ] 172.16.11.198 /index.php/Home/Member/js/swiper.min.js
ERR: 非法操作:js

[ 2016-07-28T09:44:39+08:00 ] 172.16.11.198 /index.php/Home/Member/js/swiper.min.js
ERR: 非法操作:js

[ 2016-07-28T09:44:41+08:00 ] 172.16.11.198 /index.php/Home/Member/js/swiper.min.js
ERR: 非法操作:js

[ 2016-07-28T09:44:47+08:00 ] 172.16.11.198 /index.php/Home/Mycar/addtocar.html
INFO: [ app_begin ] --START--
INFO: Run Behavior\ReadHtmlCacheBehavior [ RunTime:0.000000s ]
INFO: [ app_begin ] --END-- [ RunTime:0.000000s ]
SQL: SHOW COLUMNS FROM `shang_goods` [ RunTime:0.0000s ]
SQL: SELECT * FROM `shang_goods` WHERE `gid` = 70 LIMIT 1   [ RunTime:0.0000s ]

[ 2016-07-28T09:44:52+08:00 ] 172.16.11.198 /index.php/Home/Mycar/createorder.html
INFO: [ app_begin ] --START--
INFO: Run Behavior\ReadHtmlCacheBehavior [ RunTime:0.001000s ]
INFO: [ app_begin ] --END-- [ RunTime:0.001000s ]
SQL: SHOW COLUMNS FROM `shang_order` [ RunTime:0.0000s ]
SQL: INSERT INTO `shang_order` (`uid`,`ordersyn`,`prices`,`createtime`) VALUES ('3','2016-07-28d15044f619e8d1ed','499','1469670292') [ RunTime:0.0312s ]
SQL: SHOW COLUMNS FROM `shang_order_goods` [ RunTime:0.0000s ]
SQL: INSERT INTO `shang_order_goods` (`oid`,`gid`,`buynum`) VALUES ('12','70','1') [ RunTime:0.0156s ]
SQL: SHOW COLUMNS FROM `shang_cart` [ RunTime:0.0156s ]
SQL: DELETE FROM `shang_cart` WHERE `uid` = 3 [ RunTime:0.0000s ]

[ 2016-07-28T09:45:08+08:00 ] 172.16.11.198 /index.php/Home/Member/js/swiper.min.js
ERR: 非法操作:js

[ 2016-07-28T09:46:17+08:00 ] 172.16.11.198 /index.php/Home/Mycar/addtocar.html
INFO: [ app_begin ] --START--
INFO: Run Behavior\ReadHtmlCacheBehavior [ RunTime:0.001000s ]
INFO: [ app_begin ] --END-- [ RunTime:0.001000s ]
SQL: SHOW COLUMNS FROM `shang_goods` [ RunTime:0.0060s ]
SQL: SELECT * FROM `shang_goods` WHERE `gid` = 184 LIMIT 1   [ RunTime:0.0020s ]

[ 2016-07-28T09:47:12+08:00 ] 172.16.11.198 /index.php/Home/User/logout.html
INFO: [ app_begin ] --START--
INFO: Run Behavior\ReadHtmlCacheBehavior [ RunTime:0.001000s ]
INFO: [ app_begin ] --END-- [ RunTime:0.001000s ]
SQL: SHOW COLUMNS FROM `shang_cart` [ RunTime:0.0090s ]
SQL: SELECT * FROM `shang_cart` WHERE `id` = 3 LIMIT 1   [ RunTime:0.0000s ]
SQL: INSERT INTO `shang_cart` (`uid`,`gid`,`buynum`) VALUES ('3','184','1') [ RunTime:0.0312s ]

[ 2016-07-28T09:47:17+08:00 ] 172.16.11.198 /index.php/Home/User/test2.html
INFO: [ app_begin ] --START--
INFO: Run Behavior\ReadHtmlCacheBehavior [ RunTime:0.001000s ]
INFO: [ app_begin ] --END-- [ RunTime:0.001000s ]
SQL: SHOW COLUMNS FROM `shang_user` [ RunTime:0.0070s ]
SQL: SELECT * FROM `shang_user` WHERE ( username='zcx' ) LIMIT 1   [ RunTime:0.0010s ]
INFO: [ app_end ] --START--
INFO: Run Behavior\ShowPageTraceBehavior [ RunTime:0.001000s ]
INFO: [ app_end ] --END-- [ RunTime:0.001000s ]

[ 2016-07-28T09:47:19+08:00 ] 172.16.11.198 /index.php/Home/User/checkVerify.html
INFO: [ app_begin ] --START--
INFO: Run Behavior\ReadHtmlCacheBehavior [ RunTime:0.000000s ]
INFO: [ app_begin ] --END-- [ RunTime:0.001000s ]
INFO: [ app_end ] --START--
INFO: Run Behavior\ShowPageTraceBehavior [ RunTime:0.001000s ]
INFO: [ app_end ] --END-- [ RunTime:0.001000s ]

[ 2016-07-28T09:47:20+08:00 ] 172.16.11.198 /index.php/Home/User/login.html
INFO: [ app_begin ] --START--
INFO: Run Behavior\ReadHtmlCacheBehavior [ RunTime:0.000000s ]
INFO: [ app_begin ] --END-- [ RunTime:0.000000s ]
SQL: SHOW COLUMNS FROM `shang_user` [ RunTime:0.0060s ]
SQL: SELECT * FROM `shang_user` WHERE ( username='zcx' AND pwd='ac0881ac3355c807bfb2a197d9c77535' ) LIMIT 1   [ RunTime:0.0010s ]
SQL: SHOW COLUMNS FROM `shang_cart` [ RunTime:0.0060s ]
SQL: SELECT * FROM shang_cart as c WHERE `uid` = 3 LIMIT 1   [ RunTime:0.0020s ]
SQL: select g.gid,goodsname,buynum,pic,price,num from shang_cart as ca ,shang_goods as g  where ca.gid=g.gid and uid=3 [ RunTime:0.0010s ]

[ 2016-07-28T09:47:29+08:00 ] 172.16.11.198 /index.php/Home/User/logout.html
INFO: [ app_begin ] --START--
INFO: Run Behavior\ReadHtmlCacheBehavior [ RunTime:0.001001s ]
INFO: [ app_begin ] --END-- [ RunTime:0.001001s ]
SQL: SHOW COLUMNS FROM `shang_cart` [ RunTime:0.0040s ]
SQL: SELECT * FROM `shang_cart` WHERE `id` = 3 LIMIT 1   [ RunTime:0.0000s ]
SQL: INSERT INTO `shang_cart` (`uid`,`gid`,`buynum`) VALUES ('3','184','1') [ RunTime:0.0312s ]

[ 2016-07-28T09:49:14+08:00 ] 172.16.11.198 /index.php/Home/Order/buy.html
INFO: [ app_begin ] --START--
INFO: Run Behavior\ReadHtmlCacheBehavior [ RunTime:0.000000s ]
INFO: [ app_begin ] --END-- [ RunTime:0.000000s ]
SQL: SHOW COLUMNS FROM `shang_goods` [ RunTime:0.0000s ]

[ 2016-07-28T09:49:18+08:00 ] 172.16.11.198 /index.php/Home/User/test2.html
INFO: [ app_begin ] --START--
INFO: Run Behavior\ReadHtmlCacheBehavior [ RunTime:0.001000s ]
INFO: [ app_begin ] --END-- [ RunTime:0.001000s ]
SQL: SHOW COLUMNS FROM `shang_user` [ RunTime:0.0040s ]
SQL: SELECT * FROM `shang_user` WHERE ( username='zcx' ) LIMIT 1   [ RunTime:0.0010s ]
INFO: [ app_end ] --START--
INFO: Run Behavior\ShowPageTraceBehavior [ RunTime:0.001001s ]
INFO: [ app_end ] --END-- [ RunTime:0.001001s ]

[ 2016-07-28T09:49:25+08:00 ] 172.16.11.198 /index.php/Home/Order/buy.html
INFO: [ app_begin ] --START--
INFO: Run Behavior\ReadHtmlCacheBehavior [ RunTime:0.000000s ]
INFO: [ app_begin ] --END-- [ RunTime:0.000000s ]
SQL: SHOW COLUMNS FROM `shang_goods` [ RunTime:0.0000s ]

[ 2016-07-28T09:49:29+08:00 ] 172.16.11.198 /index.php/Home/User/test2.html
INFO: [ app_begin ] --START--
INFO: Run Behavior\ReadHtmlCacheBehavior [ RunTime:0.000000s ]
INFO: [ app_begin ] --END-- [ RunTime:0.001000s ]
SQL: SHOW COLUMNS FROM `shang_user` [ RunTime:0.0050s ]
SQL: SELECT * FROM `shang_user` WHERE ( username='zcx' ) LIMIT 1   [ RunTime:0.0010s ]
INFO: [ app_end ] --START--
INFO: Run Behavior\ShowPageTraceBehavior [ RunTime:0.001000s ]
INFO: [ app_end ] --END-- [ RunTime:0.001000s ]

[ 2016-07-28T09:49:32+08:00 ] 172.16.11.198 /index.php/Home/User/checkVerify.html
INFO: [ app_begin ] --START--
INFO: Run Behavior\ReadHtmlCacheBehavior [ RunTime:0.000000s ]
INFO: [ app_begin ] --END-- [ RunTime:0.000000s ]
INFO: [ app_end ] --START--
INFO: Run Behavior\ShowPageTraceBehavior [ RunTime:0.000000s ]
INFO: [ app_end ] --END-- [ RunTime:0.000000s ]

[ 2016-07-28T09:49:33+08:00 ] 172.16.11.198 /index.php/Home/User/checkVerify.html
INFO: [ app_begin ] --START--
INFO: Run Behavior\ReadHtmlCacheBehavior [ RunTime:0.000000s ]
INFO: [ app_begin ] --END-- [ RunTime:0.001000s ]
INFO: [ app_end ] --START--
INFO: Run Behavior\ShowPageTraceBehavior [ RunTime:0.001000s ]
INFO: [ app_end ] --END-- [ RunTime:0.001000s ]

[ 2016-07-28T09:49:34+08:00 ] 172.16.11.198 /index.php/Home/User/checkVerify.html
INFO: [ app_begin ] --START--
INFO: Run Behavior\ReadHtmlCacheBehavior [ RunTime:0.002001s ]
INFO: [ app_begin ] --END-- [ RunTime:0.003001s ]
INFO: [ app_end ] --START--
INFO: Run Behavior\ShowPageTraceBehavior [ RunTime:0.001000s ]
INFO: [ app_end ] --END-- [ RunTime:0.001000s ]

[ 2016-07-28T09:49:35+08:00 ] 172.16.11.198 /index.php/Home/User/login.html
INFO: [ app_begin ] --START--
INFO: Run Behavior\ReadHtmlCacheBehavior [ RunTime:0.001000s ]
INFO: [ app_begin ] --END-- [ RunTime:0.001000s ]
SQL: SHOW COLUMNS FROM `shang_user` [ RunTime:0.0040s ]
SQL: SELECT * FROM `shang_user` WHERE ( username='zcx' AND pwd='ac0881ac3355c807bfb2a197d9c77535' ) LIMIT 1   [ RunTime:0.0010s ]
SQL: SHOW COLUMNS FROM `shang_cart` [ RunTime:0.0040s ]
SQL: SELECT * FROM shang_cart as c WHERE `uid` = 3 LIMIT 1   [ RunTime:0.0020s ]
SQL: select g.gid,goodsname,buynum,pic,price,num from shang_cart as ca ,shang_goods as g  where ca.gid=g.gid and uid=3 [ RunTime:0.0010s ]

[ 2016-07-28T09:54:01+08:00 ] 172.16.11.198 /index.php/Home/User/logout.html
INFO: [ app_begin ] --START--
INFO: Run Behavior\ReadHtmlCacheBehavior [ RunTime:0.001000s ]
INFO: [ app_begin ] --END-- [ RunTime:0.001000s ]
SQL: SHOW COLUMNS FROM `shang_cart` [ RunTime:0.0030s ]
SQL: SELECT * FROM `shang_cart` WHERE `id` = 3 LIMIT 1   [ RunTime:0.0010s ]
SQL: INSERT INTO `shang_cart` (`uid`,`gid`,`buynum`) VALUES ('3','184','1') [ RunTime:0.0330s ]

[ 2016-07-28T09:54:05+08:00 ] 172.16.11.198 /index.php/Home/User/test2.html
INFO: [ app_begin ] --START--
INFO: Run Behavior\ReadHtmlCacheBehavior [ RunTime:0.001000s ]
INFO: [ app_begin ] --END-- [ RunTime:0.001000s ]
SQL: SHOW COLUMNS FROM `shang_user` [ RunTime:0.0040s ]
SQL: SELECT * FROM `shang_user` WHERE ( username='zcx' ) LIMIT 1   [ RunTime:0.0010s ]
INFO: [ app_end ] --START--
INFO: Run Behavior\ShowPageTraceBehavior [ RunTime:0.001000s ]
INFO: [ app_end ] --END-- [ RunTime:0.001000s ]

[ 2016-07-28T09:54:09+08:00 ] 172.16.11.198 /index.php/Home/User/checkVerify.html
INFO: [ app_begin ] --START--
INFO: Run Behavior\ReadHtmlCacheBehavior [ RunTime:0.000000s ]
INFO: [ app_begin ] --END-- [ RunTime:0.001000s ]
INFO: [ app_end ] --START--
INFO: Run Behavior\ShowPageTraceBehavior [ RunTime:0.001000s ]
INFO: [ app_end ] --END-- [ RunTime:0.001000s ]

[ 2016-07-28T09:54:09+08:00 ] 172.16.11.198 /index.php/Home/User/login.html
INFO: [ app_begin ] --START--
INFO: Run Behavior\ReadHtmlCacheBehavior [ RunTime:0.000000s ]
INFO: [ app_begin ] --END-- [ RunTime:0.001000s ]
SQL: SHOW COLUMNS FROM `shang_user` [ RunTime:0.0000s ]
SQL: SELECT * FROM `shang_user` WHERE ( username='zcx' AND pwd='ac0881ac3355c807bfb2a197d9c77535' ) LIMIT 1   [ RunTime:0.0000s ]
SQL: SHOW COLUMNS FROM `shang_cart` [ RunTime:0.0000s ]
SQL: SELECT * FROM shang_cart as c WHERE `uid` = 3 LIMIT 1   [ RunTime:0.0000s ]
SQL: select g.gid,goodsname,buynum,pic,price,num from shang_cart as ca ,shang_goods as g  where ca.gid=g.gid and uid=3 [ RunTime:0.0000s ]

[ 2016-07-28T09:54:33+08:00 ] 172.16.11.198 /index.php/Home/User/logout.html
INFO: [ app_begin ] --START--
INFO: Run Behavior\ReadHtmlCacheBehavior [ RunTime:0.001000s ]
INFO: [ app_begin ] --END-- [ RunTime:0.001000s ]
SQL: SHOW COLUMNS FROM `shang_cart` [ RunTime:0.0040s ]
SQL: SELECT * FROM `shang_cart` WHERE `id` = 3 LIMIT 1   [ RunTime:0.0000s ]
SQL: INSERT INTO `shang_cart` (`uid`,`gid`,`buynum`) VALUES ('3','184','1') [ RunTime:0.0312s ]

[ 2016-07-28T09:54:39+08:00 ] 172.16.11.198 /index.php/Home/Order/buy.html
INFO: [ app_begin ] --START--
INFO: Run Behavior\ReadHtmlCacheBehavior [ RunTime:0.015600s ]
INFO: [ app_begin ] --END-- [ RunTime:0.015600s ]
SQL: SHOW COLUMNS FROM `shang_goods` [ RunTime:0.0156s ]

[ 2016-07-28T09:54:43+08:00 ] 172.16.11.198 /index.php/Home/User/test2.html
INFO: [ app_begin ] --START--
INFO: Run Behavior\ReadHtmlCacheBehavior [ RunTime:0.000000s ]
INFO: [ app_begin ] --END-- [ RunTime:0.001000s ]
SQL: SHOW COLUMNS FROM `shang_user` [ RunTime:0.0040s ]
SQL: SELECT * FROM `shang_user` WHERE ( username='zcx' ) LIMIT 1   [ RunTime:0.0010s ]
INFO: [ app_end ] --START--
INFO: Run Behavior\ShowPageTraceBehavior [ RunTime:0.001000s ]
INFO: [ app_end ] --END-- [ RunTime:0.001000s ]

[ 2016-07-28T09:54:46+08:00 ] 172.16.11.198 /index.php/Home/User/checkVerify.html
INFO: [ app_begin ] --START--
INFO: Run Behavior\ReadHtmlCacheBehavior [ RunTime:0.001000s ]
INFO: [ app_begin ] --END-- [ RunTime:0.001000s ]
INFO: [ app_end ] --START--
INFO: Run Behavior\ShowPageTraceBehavior [ RunTime:0.001000s ]
INFO: [ app_end ] --END-- [ RunTime:0.001000s ]

[ 2016-07-28T09:54:48+08:00 ] 172.16.11.198 /index.php/Home/User/login.html
INFO: [ app_begin ] --START--
INFO: Run Behavior\ReadHtmlCacheBehavior [ RunTime:0.001000s ]
INFO: [ app_begin ] --END-- [ RunTime:0.002000s ]
SQL: SHOW COLUMNS FROM `shang_user` [ RunTime:0.0040s ]
SQL: SELECT * FROM `shang_user` WHERE ( username='zcx' AND pwd='ac0881ac3355c807bfb2a197d9c77535' ) LIMIT 1   [ RunTime:0.0010s ]
SQL: SHOW COLUMNS FROM `shang_cart` [ RunTime:0.0040s ]
SQL: SELECT * FROM shang_cart as c WHERE `uid` = 3 LIMIT 1   [ RunTime:0.0010s ]
SQL: select g.gid,goodsname,buynum,pic,price,num from shang_cart as ca ,shang_goods as g  where ca.gid=g.gid and uid=3 [ RunTime:0.0020s ]

[ 2016-07-28T09:54:56+08:00 ] 172.16.11.198 /index.php/Home/User/logout.html
INFO: [ app_begin ] --START--
INFO: Run Behavior\ReadHtmlCacheBehavior [ RunTime:0.001000s ]
INFO: [ app_begin ] --END-- [ RunTime:0.002000s ]
SQL: SHOW COLUMNS FROM `shang_cart` [ RunTime:0.0050s ]
SQL: SELECT * FROM `shang_cart` WHERE `id` = 3 LIMIT 1   [ RunTime:0.0010s ]
SQL: INSERT INTO `shang_cart` (`uid`,`gid`,`buynum`) VALUES ('3','184','1') [ RunTime:0.1494s ]

[ 2016-07-28T09:55:02+08:00 ] 172.16.11.198 /index.php/Home/User/test2.html
INFO: [ app_begin ] --START--
INFO: Run Behavior\ReadHtmlCacheBehavior [ RunTime:0.001000s ]
INFO: [ app_begin ] --END-- [ RunTime:0.001000s ]
SQL: SHOW COLUMNS FROM `shang_user` [ RunTime:0.0040s ]
SQL: SELECT * FROM `shang_user` WHERE ( username='zcx' ) LIMIT 1   [ RunTime:0.0010s ]
INFO: [ app_end ] --START--
INFO: Run Behavior\ShowPageTraceBehavior [ RunTime:0.000000s ]
INFO: [ app_end ] --END-- [ RunTime:0.000000s ]

[ 2016-07-28T09:55:08+08:00 ] 172.16.11.198 /index.php/Home/User/checkVerify.html
INFO: [ app_begin ] --START--
INFO: Run Behavior\ReadHtmlCacheBehavior [ RunTime:0.000000s ]
INFO: [ app_begin ] --END-- [ RunTime:0.001000s ]
INFO: [ app_end ] --START--
INFO: Run Behavior\ShowPageTraceBehavior [ RunTime:0.001000s ]
INFO: [ app_end ] --END-- [ RunTime:0.001000s ]

[ 2016-07-28T09:55:09+08:00 ] 172.16.11.198 /index.php/Home/User/login.html
INFO: [ app_begin ] --START--
INFO: Run Behavior\ReadHtmlCacheBehavior [ RunTime:0.000000s ]
INFO: [ app_begin ] --END-- [ RunTime:0.000000s ]
SQL: SHOW COLUMNS FROM `shang_user` [ RunTime:0.0030s ]
SQL: SELECT * FROM `shang_user` WHERE ( username='zcx' AND pwd='ac0881ac3355c807bfb2a197d9c77535' ) LIMIT 1   [ RunTime:0.0010s ]
SQL: SHOW COLUMNS FROM `shang_cart` [ RunTime:0.0040s ]
SQL: SELECT * FROM shang_cart as c WHERE `uid` = 3 LIMIT 1   [ RunTime:0.0010s ]
SQL: select g.gid,goodsname,buynum,pic,price,num from shang_cart as ca ,shang_goods as g  where ca.gid=g.gid and uid=3 [ RunTime:0.0010s ]

[ 2016-07-28T09:58:07+08:00 ] 172.16.11.198 /index.php/Home/User/logout.html
INFO: [ app_begin ] --START--
INFO: Run Behavior\ReadHtmlCacheBehavior [ RunTime:0.000000s ]
INFO: [ app_begin ] --END-- [ RunTime:0.000000s ]
SQL: SHOW COLUMNS FROM `shang_cart` [ RunTime:0.0040s ]
SQL: SELECT * FROM `shang_cart` WHERE `id` = 3 LIMIT 1   [ RunTime:0.0010s ]
SQL: INSERT INTO `shang_cart` (`uid`,`gid`,`buynum`) VALUES ('3','184','1') [ RunTime:0.0206s ]

[ 2016-07-28T09:58:12+08:00 ] 172.16.11.198 /index.php/Home/User/test2.html
INFO: [ app_begin ] --START--
INFO: Run Behavior\ReadHtmlCacheBehavior [ RunTime:0.001000s ]
INFO: [ app_begin ] --END-- [ RunTime:0.002000s ]
SQL: SHOW COLUMNS FROM `shang_user` [ RunTime:0.0050s ]
SQL: SELECT * FROM `shang_user` WHERE ( username='zcx' ) LIMIT 1   [ RunTime:0.0020s ]
INFO: [ app_end ] --START--
INFO: Run Behavior\ShowPageTraceBehavior [ RunTime:0.001000s ]
INFO: [ app_end ] --END-- [ RunTime:0.001000s ]

[ 2016-07-28T09:58:15+08:00 ] 172.16.11.198 /index.php/Home/User/checkVerify.html
INFO: [ app_begin ] --START--
INFO: Run Behavior\ReadHtmlCacheBehavior [ RunTime:0.001000s ]
INFO: [ app_begin ] --END-- [ RunTime:0.002000s ]
INFO: [ app_end ] --START--
INFO: Run Behavior\ShowPageTraceBehavior [ RunTime:0.001001s ]
INFO: [ app_end ] --END-- [ RunTime:0.001001s ]

[ 2016-07-28T09:58:19+08:00 ] 172.16.11.198 /index.php/Home/User/checkVerify.html
INFO: [ app_begin ] --START--
INFO: Run Behavior\ReadHtmlCacheBehavior [ RunTime:0.000000s ]
INFO: [ app_begin ] --END-- [ RunTime:0.000000s ]
INFO: [ app_end ] --START--
INFO: Run Behavior\ShowPageTraceBehavior [ RunTime:0.015600s ]
INFO: [ app_end ] --END-- [ RunTime:0.015600s ]

[ 2016-07-28T09:58:20+08:00 ] 172.16.11.198 /index.php/Home/User/checkVerify.html
INFO: [ app_begin ] --START--
INFO: Run Behavior\ReadHtmlCacheBehavior [ RunTime:0.000000s ]
INFO: [ app_begin ] --END-- [ RunTime:0.001000s ]
INFO: [ app_end ] --START--
INFO: Run Behavior\ShowPageTraceBehavior [ RunTime:0.001000s ]
INFO: [ app_end ] --END-- [ RunTime:0.001000s ]

[ 2016-07-28T09:58:40+08:00 ] 172.16.11.198 /index.php/Home/User/login.html
INFO: [ app_begin ] --START--
INFO: Run Behavior\ReadHtmlCacheBehavior [ RunTime:0.001000s ]
INFO: [ app_begin ] --END-- [ RunTime:0.001000s ]
SQL: SHOW COLUMNS FROM `shang_user` [ RunTime:0.0000s ]
SQL: SELECT * FROM `shang_user` WHERE ( username='zcx' AND pwd='ac0881ac3355c807bfb2a197d9c77535' ) LIMIT 1   [ RunTime:0.0000s ]
SQL: SHOW COLUMNS FROM `shang_cart` [ RunTime:0.0000s ]
SQL: SELECT * FROM shang_cart as c WHERE `uid` = 3 LIMIT 1   [ RunTime:0.0000s ]
SQL: select g.gid,goodsname,buynum,pic,price,num from shang_cart as ca ,shang_goods as g  where ca.gid=g.gid and uid=3 [ RunTime:0.0156s ]

[ 2016-07-28T09:58:52+08:00 ] 172.16.11.198 /index.php/Home/Mycar/addtocar.html
INFO: [ app_begin ] --START--
INFO: Run Behavior\ReadHtmlCacheBehavior [ RunTime:0.000000s ]
INFO: [ app_begin ] --END-- [ RunTime:0.000000s ]
SQL: SHOW COLUMNS FROM `shang_goods` [ RunTime:0.0000s ]
SQL: SELECT * FROM `shang_goods` WHERE `gid` = 184 LIMIT 1   [ RunTime:0.0156s ]

[ 2016-07-28T10:02:30+08:00 ] 172.16.11.198 /index.php/Home/User/logout.html
INFO: [ app_begin ] --START--
INFO: Run Behavior\ReadHtmlCacheBehavior [ RunTime:0.000000s ]
INFO: [ app_begin ] --END-- [ RunTime:0.000000s ]
SQL: SHOW COLUMNS FROM `shang_cart` [ RunTime:0.0000s ]
SQL: SELECT * FROM `shang_cart` WHERE `id` = 3 LIMIT 1   [ RunTime:0.0000s ]
SQL: INSERT INTO `shang_cart` (`uid`,`gid`,`buynum`) VALUES ('3','184','2') [ RunTime:0.0468s ]

[ 2016-07-28T10:02:34+08:00 ] 172.16.11.198 /index.php/Home/User/test2.html
INFO: [ app_begin ] --START--
INFO: Run Behavior\ReadHtmlCacheBehavior [ RunTime:0.001000s ]
INFO: [ app_begin ] --END-- [ RunTime:0.001000s ]
SQL: SHOW COLUMNS FROM `shang_user` [ RunTime:0.0040s ]
SQL: SELECT * FROM `shang_user` WHERE ( username='zcx' ) LIMIT 1   [ RunTime:0.0010s ]
INFO: [ app_end ] --START--
INFO: Run Behavior\ShowPageTraceBehavior [ RunTime:0.001000s ]
INFO: [ app_end ] --END-- [ RunTime:0.001000s ]

[ 2016-07-28T10:02:38+08:00 ] 172.16.11.198 /index.php/Home/User/checkVerify.html
INFO: [ app_begin ] --START--
INFO: Run Behavior\ReadHtmlCacheBehavior [ RunTime:0.001000s ]
INFO: [ app_begin ] --END-- [ RunTime:0.001000s ]
INFO: [ app_end ] --START--
INFO: Run Behavior\ShowPageTraceBehavior [ RunTime:0.000000s ]
INFO: [ app_end ] --END-- [ RunTime:0.000000s ]

[ 2016-07-28T10:02:38+08:00 ] 172.16.11.198 /index.php/Home/User/login.html
INFO: [ app_begin ] --START--
INFO: Run Behavior\ReadHtmlCacheBehavior [ RunTime:0.000000s ]
INFO: [ app_begin ] --END-- [ RunTime:0.001000s ]
SQL: SHOW COLUMNS FROM `shang_user` [ RunTime:0.0000s ]
SQL: SELECT * FROM `shang_user` WHERE ( username='zcx' AND pwd='ac0881ac3355c807bfb2a197d9c77535' ) LIMIT 1   [ RunTime:0.0000s ]
SQL: SHOW COLUMNS FROM `shang_cart` [ RunTime:0.0156s ]
SQL: SELECT * FROM shang_cart as c WHERE `uid` = 3 LIMIT 1   [ RunTime:0.0000s ]
SQL: select g.gid,goodsname,buynum,pic,price,num from shang_cart as ca ,shang_goods as g  where ca.gid=g.gid and uid=3 [ RunTime:0.0000s ]

[ 2016-07-28T10:08:30+08:00 ] 172.16.11.198 /index.php/Home/Mycar/addtocar.html
INFO: [ app_begin ] --START--
INFO: Run Behavior\ReadHtmlCacheBehavior [ RunTime:0.000000s ]
INFO: [ app_begin ] --END-- [ RunTime:0.000000s ]
SQL: SHOW COLUMNS FROM `shang_goods` [ RunTime:0.0156s ]
SQL: SELECT * FROM `shang_goods` WHERE `gid` = 183 LIMIT 1   [ RunTime:0.0000s ]

[ 2016-07-28T10:08:34+08:00 ] 172.16.11.198 /index.php/Home/User/test2.html
INFO: [ app_begin ] --START--
INFO: Run Behavior\ReadHtmlCacheBehavior [ RunTime:0.001000s ]
INFO: [ app_begin ] --END-- [ RunTime:0.001000s ]
SQL: SHOW COLUMNS FROM `shang_user` [ RunTime:0.0040s ]
SQL: SELECT * FROM `shang_user` WHERE ( username='zcx' ) LIMIT 1   [ RunTime:0.0010s ]
INFO: [ app_end ] --START--
INFO: Run Behavior\ShowPageTraceBehavior [ RunTime:0.001000s ]
INFO: [ app_end ] --END-- [ RunTime:0.001000s ]

[ 2016-07-28T10:08:38+08:00 ] 172.16.11.198 /index.php/Home/User/checkVerify.html
INFO: [ app_begin ] --START--
INFO: Run Behavior\ReadHtmlCacheBehavior [ RunTime:0.000000s ]
INFO: [ app_begin ] --END-- [ RunTime:0.000000s ]
INFO: [ app_end ] --START--
INFO: Run Behavior\ShowPageTraceBehavior [ RunTime:0.001000s ]
INFO: [ app_end ] --END-- [ RunTime:0.001000s ]

[ 2016-07-28T10:08:39+08:00 ] 172.16.11.198 /index.php/Home/User/login.html
INFO: [ app_begin ] --START--
INFO: Run Behavior\ReadHtmlCacheBehavior [ RunTime:0.000000s ]
INFO: [ app_begin ] --END-- [ RunTime:0.001000s ]
SQL: SHOW COLUMNS FROM `shang_user` [ RunTime:0.0000s ]
SQL: SELECT * FROM `shang_user` WHERE ( username='zcx' AND pwd='ac0881ac3355c807bfb2a197d9c77535' ) LIMIT 1   [ RunTime:0.0000s ]
SQL: SHOW COLUMNS FROM `shang_cart` [ RunTime:0.0000s ]
SQL: SELECT * FROM shang_cart as c WHERE `uid` = 3 LIMIT 1   [ RunTime:0.0000s ]

[ 2016-07-28T10:09:49+08:00 ] 172.16.11.198 /index.php/Home/Mycar/addtocar.html
INFO: [ app_begin ] --START--
INFO: Run Behavior\ReadHtmlCacheBehavior [ RunTime:0.000000s ]
INFO: [ app_begin ] --END-- [ RunTime:0.000000s ]
SQL: SHOW COLUMNS FROM `shang_goods` [ RunTime:0.0000s ]
SQL: SELECT * FROM `shang_goods` WHERE `gid` = 183 LIMIT 1   [ RunTime:0.0156s ]

[ 2016-07-28T10:09:56+08:00 ] 172.16.11.198 /index.php/Home/User/logout.html
INFO: [ app_begin ] --START--
INFO: Run Behavior\ReadHtmlCacheBehavior [ RunTime:0.000000s ]
INFO: [ app_begin ] --END-- [ RunTime:0.001000s ]
SQL: SHOW COLUMNS FROM `shang_cart` [ RunTime:0.0156s ]
SQL: SELECT * FROM `shang_cart` WHERE `id` = 3 LIMIT 1   [ RunTime:0.0000s ]
SQL: INSERT INTO `shang_cart` (`uid`,`gid`,`buynum`) VALUES ('3','183','5') [ RunTime:0.0312s ]

[ 2016-07-28T10:10:01+08:00 ] 172.16.11.198 /index.php/Home/User/test2.html
INFO: [ app_begin ] --START--
INFO: Run Behavior\ReadHtmlCacheBehavior [ RunTime:0.001000s ]
INFO: [ app_begin ] --END-- [ RunTime:0.001000s ]
SQL: SHOW COLUMNS FROM `shang_user` [ RunTime:0.0040s ]
SQL: SELECT * FROM `shang_user` WHERE ( username='zcx' ) LIMIT 1   [ RunTime:0.0010s ]
INFO: [ app_end ] --START--
INFO: Run Behavior\ShowPageTraceBehavior [ RunTime:0.001000s ]
INFO: [ app_end ] --END-- [ RunTime:0.001000s ]

[ 2016-07-28T10:10:04+08:00 ] 172.16.11.198 /index.php/Home/User/checkVerify.html
INFO: [ app_begin ] --START--
INFO: Run Behavior\ReadHtmlCacheBehavior [ RunTime:0.000000s ]
INFO: [ app_begin ] --END-- [ RunTime:0.001000s ]
INFO: [ app_end ] --START--
INFO: Run Behavior\ShowPageTraceBehavior [ RunTime:0.001000s ]
INFO: [ app_end ] --END-- [ RunTime:0.001000s ]

[ 2016-07-28T10:10:04+08:00 ] 172.16.11.198 /index.php/Home/User/login.html
INFO: [ app_begin ] --START--
INFO: Run Behavior\ReadHtmlCacheBehavior [ RunTime:0.000000s ]
INFO: [ app_begin ] --END-- [ RunTime:0.000000s ]
SQL: SHOW COLUMNS FROM `shang_user` [ RunTime:0.0040s ]
SQL: SELECT * FROM `shang_user` WHERE ( username='zcx' AND pwd='ac0881ac3355c807bfb2a197d9c77535' ) LIMIT 1   [ RunTime:0.0010s ]
SQL: SHOW COLUMNS FROM `shang_cart` [ RunTime:0.0040s ]
SQL: SELECT * FROM shang_cart as c WHERE `uid` = 3 LIMIT 1   [ RunTime:0.0010s ]
SQL: select g.gid,goodsname,buynum,pic,price,num from shang_cart as ca ,shang_goods as g  where ca.gid=g.gid and uid=3 [ RunTime:0.0010s ]

[ 2016-07-28T12:05:51+08:00 ] 172.16.11.198 /index.php/Home/User/test2.html
INFO: [ app_begin ] --START--
INFO: Run Behavior\ReadHtmlCacheBehavior [ RunTime:0.000000s ]
INFO: [ app_begin ] --END-- [ RunTime:0.001000s ]
SQL: SHOW COLUMNS FROM `shang_user` [ RunTime:0.0070s ]
SQL: SELECT * FROM `shang_user` WHERE ( username='zcx' ) LIMIT 1   [ RunTime:0.0010s ]
INFO: [ app_end ] --START--
INFO: Run Behavior\ShowPageTraceBehavior [ RunTime:0.001000s ]
INFO: [ app_end ] --END-- [ RunTime:0.001000s ]

[ 2016-07-28T12:05:55+08:00 ] 172.16.11.198 /index.php/Home/User/checkVerify.html
INFO: [ app_begin ] --START--
INFO: Run Behavior\ReadHtmlCacheBehavior [ RunTime:0.001000s ]
INFO: [ app_begin ] --END-- [ RunTime:0.001000s ]
INFO: [ app_end ] --START--
INFO: Run Behavior\ShowPageTraceBehavior [ RunTime:0.001000s ]
INFO: [ app_end ] --END-- [ RunTime:0.001000s ]

[ 2016-07-28T12:05:56+08:00 ] 172.16.11.198 /index.php/Home/User/login.html
INFO: [ app_begin ] --START--
INFO: Run Behavior\ReadHtmlCacheBehavior [ RunTime:0.001001s ]
INFO: [ app_begin ] --END-- [ RunTime:0.001001s ]
SQL: SHOW COLUMNS FROM `shang_user` [ RunTime:0.0060s ]
SQL: SELECT * FROM `shang_user` WHERE ( username='zcx' AND pwd='ac0881ac3355c807bfb2a197d9c77535' ) LIMIT 1   [ RunTime:0.0010s ]
SQL: SHOW COLUMNS FROM `shang_cart` [ RunTime:0.0060s ]
SQL: SELECT * FROM shang_cart as c WHERE `uid` = 3 LIMIT 1   [ RunTime:0.0020s ]
SQL: select g.gid,goodsname,buynum,pic,price,num from shang_cart as ca ,shang_goods as g  where ca.gid=g.gid and uid=3 [ RunTime:0.0010s ]

[ 2016-07-28T12:07:56+08:00 ] 172.16.11.198 /index.php/Home/Member/collect.html
ERR: 非法操作:collect

[ 2016-07-28T12:08:01+08:00 ] 172.16.11.198 /index.php/Home/Member/js/swiper.min.js
ERR: 非法操作:js

[ 2016-07-28T12:08:02+08:00 ] 172.16.11.198 /index.php/Home/Member/news.html
ERR: 模板不存在:./Application/Home/View/Member/news.html

[ 2016-07-28T12:08:22+08:00 ] 172.16.11.198 /index.php/Home/Member/collect.html
ERR: 非法操作:collect

[ 2016-07-28T12:09:23+08:00 ] 172.16.11.198 /index.php/Home/Member/js/swiper.min.js
ERR: 非法操作:js

[ 2016-07-28T12:10:28+08:00 ] 172.16.11.198 /index.php/Home/Order/pay/oid/12.html
INFO: [ app_begin ] --START--
INFO: Run Behavior\ReadHtmlCacheBehavior [ RunTime:0.001001s ]
INFO: [ app_begin ] --END-- [ RunTime:0.001001s ]
SQL: SHOW COLUMNS FROM `shang_order` [ RunTime:0.0060s ]
SQL: UPDATE `shang_order` SET `status`='2' WHERE `oid` = 12 [ RunTime:0.0480s ]
SQL: select gid,buynum from shang_order o,shang_order_goods og where o.oid=og.oid and o.oid=12 [ RunTime:0.0010s ]
SQL: SHOW COLUMNS FROM `shang_goods` [ RunTime:0.0070s ]
SQL: SELECT * FROM `shang_goods` WHERE `gid` = 70 LIMIT 1   [ RunTime:0.0010s ]
SQL: UPDATE `shang_goods` SET `saled_num`='245' WHERE `gid` = 70 [ RunTime:0.0100s ]

[ 2016-07-28T12:10:30+08:00 ] 172.16.11.198 /index.php/Home/Member/js/swiper.min.js
ERR: 非法操作:js

[ 2016-07-28T15:24:25+08:00 ] 172.16.11.198 /index.php/Home/User/test2.html
INFO: [ app_begin ] --START--
INFO: Run Behavior\ReadHtmlCacheBehavior [ RunTime:0.001000s ]
INFO: [ app_begin ] --END-- [ RunTime:0.001000s ]
SQL: SHOW COLUMNS FROM `shang_user` [ RunTime:0.0050s ]
SQL: SELECT * FROM `shang_user` WHERE ( username='zcx' ) LIMIT 1   [ RunTime:0.0010s ]
INFO: [ app_end ] --START--
INFO: Run Behavior\ShowPageTraceBehavior [ RunTime:0.000000s ]
INFO: [ app_end ] --END-- [ RunTime:0.001000s ]

[ 2016-07-28T15:24:28+08:00 ] 172.16.11.198 /index.php/Home/User/checkVerify.html
INFO: [ app_begin ] --START--
INFO: Run Behavior\ReadHtmlCacheBehavior [ RunTime:0.001000s ]
INFO: [ app_begin ] --END-- [ RunTime:0.001000s ]
INFO: [ app_end ] --START--
INFO: Run Behavior\ShowPageTraceBehavior [ RunTime:0.000000s ]
INFO: [ app_end ] --END-- [ RunTime:0.000000s ]

[ 2016-07-28T15:24:28+08:00 ] 172.16.11.198 /index.php/Home/User/login.html
INFO: [ app_begin ] --START--
INFO: Run Behavior\ReadHtmlCacheBehavior [ RunTime:0.000000s ]
INFO: [ app_begin ] --END-- [ RunTime:0.002000s ]
SQL: SHOW COLUMNS FROM `shang_user` [ RunTime:0.0030s ]
SQL: SELECT * FROM `shang_user` WHERE ( username='zcx' AND pwd='ac0881ac3355c807bfb2a197d9c77535' ) LIMIT 1   [ RunTime:0.0020s ]
SQL: SHOW COLUMNS FROM `shang_cart` [ RunTime:0.0040s ]
SQL: SELECT * FROM shang_cart as c WHERE `uid` = 3 LIMIT 1   [ RunTime:0.0010s ]
SQL: select g.gid,goodsname,buynum,pic,price,num from shang_cart as ca ,shang_goods as g  where ca.gid=g.gid and uid=3 [ RunTime:0.0020s ]

[ 2016-07-28T15:24:35+08:00 ] 172.16.11.198 /index.php/Home/Member/js/swiper.min.js
ERR: 非法操作:js

[ 2016-07-28T15:24:50+08:00 ] 172.16.11.198 /index.php/Home/Mycar/addtocar.html
INFO: [ app_begin ] --START--
INFO: Run Behavior\ReadHtmlCacheBehavior [ RunTime:0.001000s ]
INFO: [ app_begin ] --END-- [ RunTime:0.001000s ]
SQL: SHOW COLUMNS FROM `shang_goods` [ RunTime:0.0050s ]
SQL: SELECT * FROM `shang_goods` WHERE `gid` = 184 LIMIT 1   [ RunTime:0.0010s ]

[ 2016-07-28T15:24:53+08:00 ] 172.16.11.198 /index.php/Home/Mycar/addtocar.html
INFO: [ app_begin ] --START--
INFO: Run Behavior\ReadHtmlCacheBehavior [ RunTime:0.000000s ]
INFO: [ app_begin ] --END-- [ RunTime:0.000000s ]
SQL: SHOW COLUMNS FROM `shang_goods` [ RunTime:0.0000s ]
SQL: SELECT * FROM `shang_goods` WHERE `gid` = 59 LIMIT 1   [ RunTime:0.0000s ]

[ 2016-07-28T15:24:56+08:00 ] 172.16.11.198 /index.php/Home/Mycar/createorder.html
INFO: [ app_begin ] --START--
INFO: Run Behavior\ReadHtmlCacheBehavior [ RunTime:0.000000s ]
INFO: [ app_begin ] --END-- [ RunTime:0.000000s ]
SQL: SHOW COLUMNS FROM `shang_order` [ RunTime:0.0040s ]
SQL: INSERT INTO `shang_order` (`uid`,`ordersyn`,`prices`,`createtime`) VALUES ('3','2016-07-2804d2f7b6f0c79efa','1516','1469690696') [ RunTime:0.0270s ]
SQL: SHOW COLUMNS FROM `shang_order_goods` [ RunTime:0.0040s ]
SQL: INSERT INTO `shang_order_goods` (`oid`,`gid`,`buynum`) VALUES ('15','183','5') [ RunTime:0.0380s ]
SQL: INSERT INTO `shang_order_goods` (`oid`,`gid`,`buynum`) VALUES ('15','184','1') [ RunTime:0.0230s ]
SQL: INSERT INTO `shang_order_goods` (`oid`,`gid`,`buynum`) VALUES ('15','59','1') [ RunTime:0.0340s ]
SQL: SHOW COLUMNS FROM `shang_cart` [ RunTime:0.0040s ]
SQL: DELETE FROM `shang_cart` WHERE `uid` = 3 [ RunTime:0.0350s ]

[ 2016-07-28T15:25:00+08:00 ] 172.16.11.198 /index.php/Home/Member/js/swiper.min.js
ERR: 非法操作:js

[ 2016-07-28T15:25:34+08:00 ] 172.16.11.198 /index.php/Home/Mycar/addtocar.html
INFO: [ app_begin ] --START--
INFO: Run Behavior\ReadHtmlCacheBehavior [ RunTime:0.000000s ]
INFO: [ app_begin ] --END-- [ RunTime:0.000000s ]
SQL: SHOW COLUMNS FROM `shang_goods` [ RunTime:0.0156s ]
SQL: SELECT * FROM `shang_goods` WHERE `gid` = 69 LIMIT 1   [ RunTime:0.0000s ]

[ 2016-07-28T15:25:38+08:00 ] 172.16.11.198 /index.php/Home/Mycar/createorder.html
INFO: [ app_begin ] --START--
INFO: Run Behavior\ReadHtmlCacheBehavior [ RunTime:0.001001s ]
INFO: [ app_begin ] --END-- [ RunTime:0.001001s ]
SQL: SHOW COLUMNS FROM `shang_order` [ RunTime:0.0040s ]
SQL: INSERT INTO `shang_order` (`uid`,`ordersyn`,`prices`,`createtime`) VALUES ('3','2016-07-283b28e7fa9e0fc67b','207','1469690738') [ RunTime:0.0452s ]
SQL: SHOW COLUMNS FROM `shang_order_goods` [ RunTime:0.0000s ]
SQL: INSERT INTO `shang_order_goods` (`oid`,`gid`,`buynum`) VALUES ('16','69','3') [ RunTime:0.0156s ]
SQL: SHOW COLUMNS FROM `shang_cart` [ RunTime:0.0000s ]
SQL: DELETE FROM `shang_cart` WHERE `uid` = 3 [ RunTime:0.0156s ]

[ 2016-07-28T15:25:43+08:00 ] 172.16.11.198 /index.php/Home/Member/js/swiper.min.js
ERR: 非法操作:js

[ 2016-07-28T15:26:54+08:00 ] 172.16.11.198 /index.php/Home/Mycar/addtocar.html
INFO: [ app_begin ] --START--
INFO: Run Behavior\ReadHtmlCacheBehavior [ RunTime:0.000000s ]
INFO: [ app_begin ] --END-- [ RunTime:0.000000s ]
SQL: SHOW COLUMNS FROM `shang_goods` [ RunTime:0.0156s ]
SQL: SELECT * FROM `shang_goods` WHERE `gid` = 183 LIMIT 1   [ RunTime:0.0000s ]

[ 2016-07-28T15:26:58+08:00 ] 172.16.11.198 /index.php/Home/Mycar/createorder.html
INFO: [ app_begin ] --START--
INFO: Run Behavior\ReadHtmlCacheBehavior [ RunTime:0.001000s ]
INFO: [ app_begin ] --END-- [ RunTime:0.001000s ]
SQL: SHOW COLUMNS FROM `shang_order` [ RunTime:0.0040s ]
SQL: INSERT INTO `shang_order` (`uid`,`ordersyn`,`prices`,`createtime`) VALUES ('3','2016-07-2834d0a91826882e1d','199','1469690818') [ RunTime:0.0322s ]
SQL: SHOW COLUMNS FROM `shang_order_goods` [ RunTime:0.0000s ]
SQL: INSERT INTO `shang_order_goods` (`oid`,`gid`,`buynum`) VALUES ('17','183','1') [ RunTime:0.0312s ]
SQL: SHOW COLUMNS FROM `shang_cart` [ RunTime:0.0000s ]
SQL: DELETE FROM `shang_cart` WHERE `uid` = 3 [ RunTime:0.0000s ]

[ 2016-07-28T15:27:06+08:00 ] 172.16.11.198 /index.php/Home/Member/js/swiper.min.js
ERR: 非法操作:js

[ 2016-07-28T15:27:17+08:00 ] 172.16.11.198 /index.php/Home/Mycar/addtocar.html
INFO: [ app_begin ] --START--
INFO: Run Behavior\ReadHtmlCacheBehavior [ RunTime:0.000000s ]
INFO: [ app_begin ] --END-- [ RunTime:0.000000s ]
SQL: SHOW COLUMNS FROM `shang_goods` [ RunTime:0.0000s ]
SQL: SELECT * FROM `shang_goods` WHERE `gid` = 89 LIMIT 1   [ RunTime:0.0000s ]

[ 2016-07-28T15:27:20+08:00 ] 172.16.11.198 /index.php/Home/Mycar/createorder.html
INFO: [ app_begin ] --START--
INFO: Run Behavior\ReadHtmlCacheBehavior [ RunTime:0.000000s ]
INFO: [ app_begin ] --END-- [ RunTime:0.001000s ]
SQL: SHOW COLUMNS FROM `shang_order` [ RunTime:0.0010s ]
SQL: INSERT INTO `shang_order` (`uid`,`ordersyn`,`prices`,`createtime`) VALUES ('3','2016-07-2853842fea818688e4','222','1469690840') [ RunTime:0.0468s ]
SQL: SHOW COLUMNS FROM `shang_order_goods` [ RunTime:0.0000s ]
SQL: INSERT INTO `shang_order_goods` (`oid`,`gid`,`buynum`) VALUES ('18','89','1') [ RunTime:0.0468s ]
SQL: SHOW COLUMNS FROM `shang_cart` [ RunTime:0.0000s ]
SQL: DELETE FROM `shang_cart` WHERE `uid` = 3 [ RunTime:0.0000s ]

[ 2016-07-28T15:27:30+08:00 ] 172.16.11.198 /index.php/Home/Member/js/swiper.min.js
ERR: 非法操作:js

[ 2016-07-28T15:30:21+08:00 ] 172.16.11.198 /index.php/Home/Mycar/addtocar.html
INFO: [ app_begin ] --START--
INFO: Run Behavior\ReadHtmlCacheBehavior [ RunTime:0.000000s ]
INFO: [ app_begin ] --END-- [ RunTime:0.000000s ]
SQL: SHOW COLUMNS FROM `shang_goods` [ RunTime:0.0000s ]
SQL: SELECT * FROM `shang_goods` WHERE `gid` = 53 LIMIT 1   [ RunTime:0.0000s ]

[ 2016-07-28T15:30:24+08:00 ] 172.16.11.198 /index.php/Home/Mycar/createorder.html
INFO: [ app_begin ] --START--
INFO: Run Behavior\ReadHtmlCacheBehavior [ RunTime:0.001000s ]
INFO: [ app_begin ] --END-- [ RunTime:0.001000s ]
SQL: SHOW COLUMNS FROM `shang_order` [ RunTime:0.0080s ]
SQL: INSERT INTO `shang_order` (`uid`,`ordersyn`,`prices`,`createtime`) VALUES ('3','2016-07-28d1015b0669864f13','369','1469691024') [ RunTime:0.0206s ]
SQL: SHOW COLUMNS FROM `shang_order_goods` [ RunTime:0.0156s ]
SQL: INSERT INTO `shang_order_goods` (`oid`,`gid`,`buynum`) VALUES ('1','53','1') [ RunTime:0.0312s ]
SQL: SHOW COLUMNS FROM `shang_cart` [ RunTime:0.0000s ]
SQL: DELETE FROM `shang_cart` WHERE `uid` = 3 [ RunTime:0.0000s ]

[ 2016-07-28T15:30:29+08:00 ] 172.16.11.198 /index.php/Home/Member/js/swiper.min.js
ERR: 非法操作:js

[ 2016-07-28T15:30:34+08:00 ] 172.16.11.198 /index.php/Home/Member/news.html
ERR: 模板不存在:./Application/Home/View/Member/news.html

[ 2016-07-28T15:30:46+08:00 ] 172.16.11.198 /index.php/Home/Mycar/addtocar.html
INFO: [ app_begin ] --START--
INFO: Run Behavior\ReadHtmlCacheBehavior [ RunTime:0.000000s ]
INFO: [ app_begin ] --END-- [ RunTime:0.001000s ]
SQL: SHOW COLUMNS FROM `shang_goods` [ RunTime:0.0040s ]
SQL: SELECT * FROM `shang_goods` WHERE `gid` = 200 LIMIT 1   [ RunTime:0.0010s ]

[ 2016-07-28T15:30:51+08:00 ] 172.16.11.198 /index.php/Home/Mycar/createorder.html
INFO: [ app_begin ] --START--
INFO: Run Behavior\ReadHtmlCacheBehavior [ RunTime:0.001000s ]
INFO: [ app_begin ] --END-- [ RunTime:0.001000s ]
SQL: SHOW COLUMNS FROM `shang_order` [ RunTime:0.0156s ]
SQL: INSERT INTO `shang_order` (`uid`,`ordersyn`,`prices`,`createtime`) VALUES ('3','2016-07-28790519bd5b06ec0e','56','1469691051') [ RunTime:0.0468s ]
SQL: SHOW COLUMNS FROM `shang_order_goods` [ RunTime:0.0000s ]
SQL: INSERT INTO `shang_order_goods` (`oid`,`gid`,`buynum`) VALUES ('2','200','1') [ RunTime:0.0312s ]
SQL: SHOW COLUMNS FROM `shang_cart` [ RunTime:0.0000s ]
SQL: DELETE FROM `shang_cart` WHERE `uid` = 3 [ RunTime:0.0000s ]

[ 2016-07-28T15:30:58+08:00 ] 172.16.11.198 /index.php/Home/Member/js/swiper.min.js
ERR: 非法操作:js

[ 2016-07-28T15:31:04+08:00 ] 172.16.11.198 /index.php/Home/Mycar/addtocar.html
INFO: [ app_begin ] --START--
INFO: Run Behavior\ReadHtmlCacheBehavior [ RunTime:0.001001s ]
INFO: [ app_begin ] --END-- [ RunTime:0.001001s ]
SQL: SHOW COLUMNS FROM `shang_goods` [ RunTime:0.0040s ]
SQL: SELECT * FROM `shang_goods` WHERE `gid` = 80 LIMIT 1   [ RunTime:0.0010s ]

[ 2016-07-28T15:31:07+08:00 ] 172.16.11.198 /index.php/Home/Mycar/createorder.html
INFO: [ app_begin ] --START--
INFO: Run Behavior\ReadHtmlCacheBehavior [ RunTime:0.001000s ]
INFO: [ app_begin ] --END-- [ RunTime:0.001000s ]
SQL: SHOW COLUMNS FROM `shang_order` [ RunTime:0.0040s ]
SQL: INSERT INTO `shang_order` (`uid`,`ordersyn`,`prices`,`createtime`) VALUES ('3','2016-07-28d4ec4090a0e6ce66','444','1469691067') [ RunTime:0.0420s ]
SQL: SHOW COLUMNS FROM `shang_order_goods` [ RunTime:0.0050s ]
SQL: INSERT INTO `shang_order_goods` (`oid`,`gid`,`buynum`) VALUES ('3','80','2') [ RunTime:0.0340s ]
SQL: SHOW COLUMNS FROM `shang_cart` [ RunTime:0.0030s ]
SQL: DELETE FROM `shang_cart` WHERE `uid` = 3 [ RunTime:0.0020s ]

[ 2016-07-28T15:31:16+08:00 ] 172.16.11.198 /index.php/Home/Member/js/swiper.min.js
ERR: 非法操作:js

[ 2016-07-28T15:31:45+08:00 ] 172.16.11.198 /index.php/Home/Order/buy.html
INFO: [ app_begin ] --START--
INFO: Run Behavior\ReadHtmlCacheBehavior [ RunTime:0.000000s ]
INFO: [ app_begin ] --END-- [ RunTime:0.000000s ]
SQL: SHOW COLUMNS FROM `shang_goods` [ RunTime:0.0000s ]
SQL: SELECT * FROM `shang_goods` WHERE `gid` = 183 LIMIT 1   [ RunTime:0.0000s ]
SQL: SHOW COLUMNS FROM `shang_order` [ RunTime:0.0000s ]
SQL: INSERT INTO `shang_order` (`uid`,`ordersyn`,`prices`,`createtime`) VALUES ('3','2016-07-28f5d24618fe372413','199','1469691104') [ RunTime:0.0468s ]
SQL: SHOW COLUMNS FROM `shang_order_goods` [ RunTime:0.0156s ]
SQL: INSERT INTO `shang_order_goods` (`oid`,`gid`,`buynum`) VALUES ('4','183','1') [ RunTime:0.0312s ]

[ 2016-07-28T15:31:50+08:00 ] 172.16.11.198 /index.php/Home/Member/js/swiper.min.js
ERR: 非法操作:js

[ 2016-07-28T15:31:59+08:00 ] 172.16.11.198 /index.php/Home/Order/buy.html
INFO: [ app_begin ] --START--
INFO: Run Behavior\ReadHtmlCacheBehavior [ RunTime:0.000000s ]
INFO: [ app_begin ] --END-- [ RunTime:0.000000s ]
SQL: SHOW COLUMNS FROM `shang_goods` [ RunTime:0.0156s ]
SQL: SELECT * FROM `shang_goods` WHERE `gid` = 72 LIMIT 1   [ RunTime:0.0000s ]
SQL: SHOW COLUMNS FROM `shang_order` [ RunTime:0.0000s ]
SQL: INSERT INTO `shang_order` (`uid`,`ordersyn`,`prices`,`createtime`) VALUES ('3','2016-07-28768c890153b065e6','129','1469691118') [ RunTime:0.0468s ]
SQL: SHOW COLUMNS FROM `shang_order_goods` [ RunTime:0.0000s ]
SQL: INSERT INTO `shang_order_goods` (`oid`,`gid`,`buynum`) VALUES ('5','72','1') [ RunTime:0.0376s ]

[ 2016-07-28T15:32:05+08:00 ] 172.16.11.198 /index.php/Home/Member/js/swiper.min.js
ERR: 非法操作:js

[ 2016-07-28T15:32:15+08:00 ] 172.16.11.198 /index.php/Home/Mycar/addtocar.html
INFO: [ app_begin ] --START--
INFO: Run Behavior\ReadHtmlCacheBehavior [ RunTime:0.000000s ]
INFO: [ app_begin ] --END-- [ RunTime:0.000000s ]
SQL: SHOW COLUMNS FROM `shang_goods` [ RunTime:0.0156s ]
SQL: SELECT * FROM `shang_goods` WHERE `gid` = 183 LIMIT 1   [ RunTime:0.0000s ]

[ 2016-07-28T15:32:18+08:00 ] 172.16.11.198 /index.php/Home/Mycar/createorder.html
INFO: [ app_begin ] --START--
INFO: Run Behavior\ReadHtmlCacheBehavior [ RunTime:0.001000s ]
INFO: [ app_begin ] --END-- [ RunTime:0.001000s ]
SQL: SHOW COLUMNS FROM `shang_order` [ RunTime:0.0040s ]
SQL: INSERT INTO `shang_order` (`uid`,`ordersyn`,`prices`,`createtime`) VALUES ('3','2016-07-28beea7ed3706c49fe','199','1469691138') [ RunTime:0.1020s ]
SQL: SHOW COLUMNS FROM `shang_order_goods` [ RunTime:0.0040s ]
SQL: INSERT INTO `shang_order_goods` (`oid`,`gid`,`buynum`) VALUES ('6','183','1') [ RunTime:0.0290s ]
SQL: SHOW COLUMNS FROM `shang_cart` [ RunTime:0.0040s ]
SQL: DELETE FROM `shang_cart` WHERE `uid` = 3 [ RunTime:0.0010s ]

[ 2016-07-28T15:32:34+08:00 ] 172.16.11.198 /index.php/Home/Member/js/swiper.min.js
ERR: 非法操作:js

[ 2016-07-28T15:32:46+08:00 ] 172.16.11.198 /index.php/Home/Mycar/addtocar.html
INFO: [ app_begin ] --START--
INFO: Run Behavior\ReadHtmlCacheBehavior [ RunTime:0.000000s ]
INFO: [ app_begin ] --END-- [ RunTime:0.000000s ]
SQL: SHOW COLUMNS FROM `shang_goods` [ RunTime:0.0000s ]
SQL: SELECT * FROM `shang_goods` WHERE `gid` = 83 LIMIT 1   [ RunTime:0.0000s ]

[ 2016-07-28T15:32:49+08:00 ] 172.16.11.198 /index.php/Home/Mycar/createorder.html
INFO: [ app_begin ] --START--
INFO: Run Behavior\ReadHtmlCacheBehavior [ RunTime:0.001000s ]
INFO: [ app_begin ] --END-- [ RunTime:0.001000s ]
SQL: SHOW COLUMNS FROM `shang_order` [ RunTime:0.0030s ]
SQL: INSERT INTO `shang_order` (`uid`,`ordersyn`,`prices`,`createtime`) VALUES ('3','2016-07-289726377023812d89','222','1469691169') [ RunTime:0.0370s ]
SQL: SHOW COLUMNS FROM `shang_order_goods` [ RunTime:0.0030s ]
SQL: INSERT INTO `shang_order_goods` (`oid`,`gid`,`buynum`) VALUES ('7','83','1') [ RunTime:0.0280s ]
SQL: SHOW COLUMNS FROM `shang_cart` [ RunTime:0.0030s ]
SQL: DELETE FROM `shang_cart` WHERE `uid` = 3 [ RunTime:0.0010s ]

[ 2016-07-28T15:32:54+08:00 ] 172.16.11.198 /index.php/Home/Member/js/swiper.min.js
ERR: 非法操作:js

[ 2016-07-28T15:35:07+08:00 ] 172.16.11.198 /index.php/Home/Order/buy.html
INFO: [ app_begin ] --START--
INFO: Run Behavior\ReadHtmlCacheBehavior [ RunTime:0.001000s ]
INFO: [ app_begin ] --END-- [ RunTime:0.001000s ]
SQL: SHOW COLUMNS FROM `shang_goods` [ RunTime:0.0156s ]
SQL: SELECT * FROM `shang_goods` WHERE `gid` = 200 LIMIT 1   [ RunTime:0.0000s ]
SQL: SHOW COLUMNS FROM `shang_order` [ RunTime:0.0000s ]
SQL: INSERT INTO `shang_order` (`uid`,`ordersyn`,`prices`,`createtime`) VALUES ('3','2016-07-28599b62f0d0213507','56','1469691307') [ RunTime:0.0624s ]
SQL: SHOW COLUMNS FROM `shang_order_goods` [ RunTime:0.0020s ]
SQL: INSERT INTO `shang_order_goods` (`oid`,`gid`,`buynum`) VALUES ('1','200','1') [ RunTime:0.0312s ]

[ 2016-07-28T15:35:11+08:00 ] 172.16.11.198 /index.php/Home/Member/js/swiper.min.js
ERR: 非法操作:js

[ 2016-07-28T15:35:18+08:00 ] 172.16.11.198 /index.php/Home/Member/news.html
ERR: 模板不存在:./Application/Home/View/Member/news.html

[ 2016-07-28T15:35:25+08:00 ] 172.16.11.198 /index.php/Home/Mycar/addtocar.html
INFO: [ app_begin ] --START--
INFO: Run Behavior\ReadHtmlCacheBehavior [ RunTime:0.000000s ]
INFO: [ app_begin ] --END-- [ RunTime:0.000000s ]
SQL: SHOW COLUMNS FROM `shang_goods` [ RunTime:0.0000s ]
SQL: SELECT * FROM `shang_goods` WHERE `gid` = 69 LIMIT 1   [ RunTime:0.0000s ]

[ 2016-07-28T15:35:28+08:00 ] 172.16.11.198 /index.php/Home/Mycar/createorder.html
INFO: [ app_begin ] --START--
INFO: Run Behavior\ReadHtmlCacheBehavior [ RunTime:0.001000s ]
INFO: [ app_begin ] --END-- [ RunTime:0.001000s ]
SQL: SHOW COLUMNS FROM `shang_order` [ RunTime:0.0050s ]
SQL: INSERT INTO `shang_order` (`uid`,`ordersyn`,`prices`,`createtime`) VALUES ('3','2016-07-280a75a90406baa135','69','1469691328') [ RunTime:0.0156s ]
SQL: SHOW COLUMNS FROM `shang_order_goods` [ RunTime:0.0000s ]
SQL: INSERT INTO `shang_order_goods` (`oid`,`gid`,`buynum`) VALUES ('2','69','1') [ RunTime:0.0322s ]
SQL: SHOW COLUMNS FROM `shang_cart` [ RunTime:0.0000s ]
SQL: DELETE FROM `shang_cart` WHERE `uid` = 3 [ RunTime:0.0000s ]

[ 2016-07-28T15:35:34+08:00 ] 172.16.11.198 /index.php/Home/Member/js/swiper.min.js
ERR: 非法操作:js

[ 2016-07-28T15:36:02+08:00 ] 172.16.11.198 /index.php/Home/Order/buy.html
INFO: [ app_begin ] --START--
INFO: Run Behavior\ReadHtmlCacheBehavior [ RunTime:0.000000s ]
INFO: [ app_begin ] --END-- [ RunTime:0.000000s ]
SQL: SHOW COLUMNS FROM `shang_goods` [ RunTime:0.0156s ]
SQL: SELECT * FROM `shang_goods` WHERE `gid` = 183 LIMIT 1   [ RunTime:0.0000s ]
SQL: SHOW COLUMNS FROM `shang_order` [ RunTime:0.0000s ]
SQL: INSERT INTO `shang_order` (`uid`,`ordersyn`,`prices`,`createtime`) VALUES ('3','2016-07-281b62901d02a280f9','199','1469691362') [ RunTime:0.0312s ]
SQL: SHOW COLUMNS FROM `shang_order_goods` [ RunTime:0.0000s ]
SQL: INSERT INTO `shang_order_goods` (`oid`,`gid`,`buynum`) VALUES ('3','183','1') [ RunTime:0.0312s ]

[ 2016-07-28T15:36:07+08:00 ] 172.16.11.198 /index.php/Home/Member/js/swiper.min.js
ERR: 非法操作:js

[ 2016-07-28T15:36:40+08:00 ] 172.16.11.198 /index.php/Home/Member/news.html
ERR: 模板不存在:./Application/Home/View/Member/news.html

[ 2016-07-28T15:36:49+08:00 ] 172.16.11.198 /index.php/Home/Member/js/swiper.min.js
ERR: 非法操作:js

[ 2016-07-28T15:36:59+08:00 ] 172.16.11.198 /index.php/Home/Mycar/addtocar.html
INFO: [ app_begin ] --START--
INFO: Run Behavior\ReadHtmlCacheBehavior [ RunTime:0.001000s ]
INFO: [ app_begin ] --END-- [ RunTime:0.001000s ]
SQL: SHOW COLUMNS FROM `shang_goods` [ RunTime:0.0030s ]
SQL: SELECT * FROM `shang_goods` WHERE `gid` = 83 LIMIT 1   [ RunTime:0.0000s ]

[ 2016-07-28T15:37:05+08:00 ] 172.16.11.198 /index.php/Home/Order/buy.html
INFO: [ app_begin ] --START--
INFO: Run Behavior\ReadHtmlCacheBehavior [ RunTime:0.000000s ]
INFO: [ app_begin ] --END-- [ RunTime:0.000000s ]
SQL: SHOW COLUMNS FROM `shang_goods` [ RunTime:0.0000s ]
SQL: SELECT * FROM `shang_goods` WHERE `gid` = 61 LIMIT 1   [ RunTime:0.0000s ]
SQL: SHOW COLUMNS FROM `shang_order` [ RunTime:0.0156s ]
SQL: INSERT INTO `shang_order` (`uid`,`ordersyn`,`prices`,`createtime`) VALUES ('3','2016-07-28d66f039ee50a2ea4','199','1469691425') [ RunTime:0.0312s ]
SQL: SHOW COLUMNS FROM `shang_order_goods` [ RunTime:0.0000s ]
SQL: INSERT INTO `shang_order_goods` (`oid`,`gid`,`buynum`) VALUES ('4','61','1') [ RunTime:0.0312s ]

[ 2016-07-28T15:37:15+08:00 ] 172.16.11.198 /index.php/Home/Mycar/addtocar.html
INFO: [ app_begin ] --START--
INFO: Run Behavior\ReadHtmlCacheBehavior [ RunTime:0.001000s ]
INFO: [ app_begin ] --END-- [ RunTime:0.002000s ]
SQL: SHOW COLUMNS FROM `shang_goods` [ RunTime:0.0000s ]
SQL: SELECT * FROM `shang_goods` WHERE `gid` = 80 LIMIT 1   [ RunTime:0.0156s ]

[ 2016-07-28T15:37:18+08:00 ] 172.16.11.198 /index.php/Home/Mycar/createorder.html
INFO: [ app_begin ] --START--
INFO: Run Behavior\ReadHtmlCacheBehavior [ RunTime:0.000000s ]
INFO: [ app_begin ] --END-- [ RunTime:0.001000s ]
SQL: SHOW COLUMNS FROM `shang_order` [ RunTime:0.0070s ]
SQL: INSERT INTO `shang_order` (`uid`,`ordersyn`,`prices`,`createtime`) VALUES ('3','2016-07-28e60bf32fbc0caa59','444','1469691438') [ RunTime:0.1060s ]
SQL: SHOW COLUMNS FROM `shang_order_goods` [ RunTime:0.0000s ]
SQL: INSERT INTO `shang_order_goods` (`oid`,`gid`,`buynum`) VALUES ('5','83','1') [ RunTime:0.0312s ]
SQL: INSERT INTO `shang_order_goods` (`oid`,`gid`,`buynum`) VALUES ('5','80','1') [ RunTime:0.0312s ]
SQL: SHOW COLUMNS FROM `shang_cart` [ RunTime:0.0000s ]
SQL: DELETE FROM `shang_cart` WHERE `uid` = 3 [ RunTime:0.0000s ]

[ 2016-07-28T15:37:24+08:00 ] 172.16.11.198 /index.php/Home/Member/js/swiper.min.js
ERR: 非法操作:js

[ 2016-07-28T19:33:36+08:00 ] 172.16.11.198 /index.php/Home/Index/detail/gid/69.html
ERR: 1146:Table 'shang.shang_use' doesn't exist
 [ SQL语句 ] : SELECT * FROM shang_comment as c INNER JOIN shang_use as u on c.uid=u.id  WHERE `gid` = '69' 

[ 2016-07-28T19:34:07+08:00 ] 172.16.11.198 /index.php/Home/Index/detail/gid/69.html
ERR: 1146:Table 'shang.user' doesn't exist
 [ SQL语句 ] : SELECT * FROM shang_comment as c INNER JOIN user as u on c.uid=u.id  WHERE `gid` = '69' 

[ 2016-07-28T19:34:16+08:00 ] 172.16.11.198 /index.php/Home/Index/detail/gid/69.html
ERR: 1146:Table 'shang.user' doesn't exist
 [ SQL语句 ] : SELECT * FROM shang_comment as c INNER JOIN User as u on c.uid=u.id  WHERE `gid` = '69' 

