[ 2016-11-29T16:13:18+08:00 ] 172.16.17.221 /beauty/index.php/Mobile/Member/ajax.php
INFO: [ app_begin ] --START--
INFO: Run Behavior\ReadHtmlCacheBehavior [ RunTime:0.001000s ]
INFO: [ app_begin ] --END-- [ RunTime:0.002001s ]
ERR: 非法操作:ajax.php

[ 2016-11-29T17:48:36+08:00 ] 172.16.17.221 /beauty/index.php/Mobile/Goods/saleprice.html
INFO: [ app_begin ] --START--
INFO: Run Behavior\ReadHtmlCacheBehavior [ RunTime:0.001000s ]
INFO: [ app_begin ] --END-- [ RunTime:0.002000s ]
SQL: SHOW COLUMNS FROM `beauty_type` [ RunTime:0.0070s ]
SQL: SELECT `saleprice` FROM `beauty_type` WHERE `ml` = '180' AND `gid` = 2 LIMIT 1   [ RunTime:0.0020s ]

[ 2016-11-29T17:48:36+08:00 ] 172.16.17.221 /beauty/index.php/Mobile/Goods/saleprice.html
INFO: [ app_begin ] --START--
INFO: Run Behavior\ReadHtmlCacheBehavior [ RunTime:0.001000s ]
INFO: [ app_begin ] --END-- [ RunTime:0.001000s ]
SQL: SHOW COLUMNS FROM `beauty_type` [ RunTime:0.0080s ]
SQL: SELECT `saleprice` FROM `beauty_type` WHERE `ml` = '150' AND `gid` = 2 LIMIT 1   [ RunTime:0.0010s ]

[ 2016-11-29T17:48:37+08:00 ] 172.16.17.221 /beauty/index.php/Mobile/Goods/saleprice.html
INFO: [ app_begin ] --START--
INFO: Run Behavior\ReadHtmlCacheBehavior [ RunTime:0.002000s ]
INFO: [ app_begin ] --END-- [ RunTime:0.002000s ]
SQL: SHOW COLUMNS FROM `beauty_type` [ RunTime:0.0070s ]
SQL: SELECT `saleprice` FROM `beauty_type` WHERE `ml` = '180' AND `gid` = 2 LIMIT 1   [ RunTime:0.0010s ]

[ 2016-11-29T17:48:38+08:00 ] 172.16.17.221 /beauty/index.php/Mobile/Goods/saleprice.html
INFO: [ app_begin ] --START--
INFO: Run Behavior\ReadHtmlCacheBehavior [ RunTime:0.001000s ]
INFO: [ app_begin ] --END-- [ RunTime:0.001000s ]
SQL: SHOW COLUMNS FROM `beauty_type` [ RunTime:0.0080s ]
SQL: SELECT `saleprice` FROM `beauty_type` WHERE `ml` = '150' AND `gid` = 2 LIMIT 1   [ RunTime:0.0010s ]

[ 2016-11-29T17:48:38+08:00 ] 172.16.17.221 /beauty/index.php/Mobile/Goods/saleprice.html
INFO: [ app_begin ] --START--
INFO: Run Behavior\ReadHtmlCacheBehavior [ RunTime:0.001000s ]
INFO: [ app_begin ] --END-- [ RunTime:0.002001s ]
SQL: SHOW COLUMNS FROM `beauty_type` [ RunTime:0.0070s ]
SQL: SELECT `saleprice` FROM `beauty_type` WHERE `ml` = '180' AND `gid` = 2 LIMIT 1   [ RunTime:0.0010s ]

[ 2016-11-29T17:57:53+08:00 ] 127.0.0.1 /index.php/Mobile/Goods/saleprice.html
INFO: [ app_begin ] --START--
INFO: Run Behavior\ReadHtmlCacheBehavior [ RunTime:0.001000s ]
INFO: [ app_begin ] --END-- [ RunTime:0.001500s ]
SQL: SHOW COLUMNS FROM `beauty_type` [ RunTime:0.0070s ]
SQL: SELECT `saleprice` FROM `beauty_type` WHERE `ml` = '200' AND `gid` = 1 LIMIT 1   [ RunTime:0.0010s ]

[ 2016-11-29T18:04:39+08:00 ] 127.0.0.1 /index.php/Mobile/Goods/goodscount.html
INFO: [ app_begin ] --START--
INFO: Run Behavior\ReadHtmlCacheBehavior [ RunTime:0.001000s ]
INFO: [ app_begin ] --END-- [ RunTime:0.002000s ]

[ 2016-11-29T18:13:45+08:00 ] 127.0.0.1 /index.php/Mobile/Login/Dologin.html
INFO: [ app_begin ] --START--
INFO: Run Behavior\ReadHtmlCacheBehavior [ RunTime:0.001501s ]
INFO: [ app_begin ] --END-- [ RunTime:0.002501s ]
SQL: SHOW COLUMNS FROM `beauty_user` [ RunTime:0.0080s ]
SQL: SELECT `id`,`username`,`password` FROM `beauty_user` WHERE `username` = 'beibei' AND `password` = '6f2462312f6a173d5531d8db7469dbc1' LIMIT 1   [ RunTime:0.0010s ]
SQL: UPDATE `beauty_user` SET `lastlogin`='1480414425' WHERE `username` = 'beibei' AND `password` = '6f2462312f6a173d5531d8db7469dbc1' [ RunTime:0.0570s ]

[ 2016-11-29T18:13:58+08:00 ] 127.0.0.1 /index.php/Mobile/Goods/goodscount.html
INFO: [ app_begin ] --START--
INFO: Run Behavior\ReadHtmlCacheBehavior [ RunTime:0.001000s ]
INFO: [ app_begin ] --END-- [ RunTime:0.002000s ]
SQL: SHOW COLUMNS FROM `beauty_count` [ RunTime:0.0080s ]
SQL: SELECT `gcount`,`addtime`,`todaycount` FROM `beauty_count` WHERE `gid` = 5 AND `mid` = 8 LIMIT 1   [ RunTime:0.0010s ]
SQL: UPDATE `beauty_count` SET `gcount`=gcount+1 WHERE `gid` = 5 AND `mid` = 8 [ RunTime:0.0610s ]
SQL: UPDATE `beauty_count` SET `todaycount`=todaycount+1 WHERE `gid` = 5 AND `mid` = 8 [ RunTime:0.0420s ]
SQL: select sum(gcount) as goodscount from beauty_count where gid=5 [ RunTime:0.0010s ]

[ 2016-11-29T18:13:59+08:00 ] 127.0.0.1 /index.php/Mobile/Goods/goodscount.html
INFO: [ app_begin ] --START--
INFO: Run Behavior\ReadHtmlCacheBehavior [ RunTime:0.001000s ]
INFO: [ app_begin ] --END-- [ RunTime:0.002000s ]
SQL: SHOW COLUMNS FROM `beauty_count` [ RunTime:0.0080s ]
SQL: SELECT `gcount`,`addtime`,`todaycount` FROM `beauty_count` WHERE `gid` = 5 AND `mid` = 8 LIMIT 1   [ RunTime:0.0010s ]
SQL: UPDATE `beauty_count` SET `gcount`=gcount+1 WHERE `gid` = 5 AND `mid` = 8 [ RunTime:0.0510s ]
SQL: UPDATE `beauty_count` SET `todaycount`=todaycount+1 WHERE `gid` = 5 AND `mid` = 8 [ RunTime:0.0420s ]
SQL: select sum(gcount) as goodscount from beauty_count where gid=5 [ RunTime:0.0010s ]

[ 2016-11-29T18:14:00+08:00 ] 127.0.0.1 /index.php/Mobile/Goods/goodscount.html
INFO: [ app_begin ] --START--
INFO: Run Behavior\ReadHtmlCacheBehavior [ RunTime:0.001000s ]
INFO: [ app_begin ] --END-- [ RunTime:0.002000s ]
SQL: SHOW COLUMNS FROM `beauty_count` [ RunTime:0.0080s ]
SQL: SELECT `gcount`,`addtime`,`todaycount` FROM `beauty_count` WHERE `gid` = 5 AND `mid` = 8 LIMIT 1   [ RunTime:0.0020s ]
SQL: UPDATE `beauty_count` SET `gcount`=gcount+1 WHERE `gid` = 5 AND `mid` = 8 [ RunTime:0.0600s ]
SQL: UPDATE `beauty_count` SET `todaycount`=todaycount+1 WHERE `gid` = 5 AND `mid` = 8 [ RunTime:0.0410s ]
SQL: select sum(gcount) as goodscount from beauty_count where gid=5 [ RunTime:0.0010s ]

[ 2016-11-29T18:14:00+08:00 ] 127.0.0.1 /index.php/Mobile/Goods/goodscount.html
INFO: [ app_begin ] --START--
INFO: Run Behavior\ReadHtmlCacheBehavior [ RunTime:0.002000s ]
INFO: [ app_begin ] --END-- [ RunTime:0.002000s ]
SQL: SHOW COLUMNS FROM `beauty_count` [ RunTime:0.0070s ]
SQL: SELECT `gcount`,`addtime`,`todaycount` FROM `beauty_count` WHERE `gid` = 5 AND `mid` = 8 LIMIT 1   [ RunTime:0.0010s ]

[ 2016-11-29T18:15:11+08:00 ] 127.0.0.1 /index.php/Mobile/Goods/goodscount.html
INFO: [ app_begin ] --START--
INFO: Run Behavior\ReadHtmlCacheBehavior [ RunTime:0.001500s ]
INFO: [ app_begin ] --END-- [ RunTime:0.002501s ]
SQL: SHOW COLUMNS FROM `beauty_count` [ RunTime:0.0070s ]
SQL: SELECT `gcount`,`addtime`,`todaycount` FROM `beauty_count` WHERE `gid` = 7 AND `mid` = 8 LIMIT 1   [ RunTime:0.0010s ]
SQL: INSERT INTO `beauty_count` (`addtime`,`gid`,`gcount`,`todaycount`,`mid`,`stoptime`) VALUES ('1480414511','7','1','1','8','1480435200') [ RunTime:0.0780s ]
SQL: select sum(gcount) as goodscount from beauty_count where gid=7 [ RunTime:0.0010s ]

[ 2016-11-29T18:15:12+08:00 ] 127.0.0.1 /index.php/Mobile/Goods/goodscount.html
INFO: [ app_begin ] --START--
INFO: Run Behavior\ReadHtmlCacheBehavior [ RunTime:0.001000s ]
INFO: [ app_begin ] --END-- [ RunTime:0.002000s ]
SQL: SHOW COLUMNS FROM `beauty_count` [ RunTime:0.0080s ]
SQL: SELECT `gcount`,`addtime`,`todaycount` FROM `beauty_count` WHERE `gid` = 7 AND `mid` = 8 LIMIT 1   [ RunTime:0.0020s ]
SQL: UPDATE `beauty_count` SET `gcount`=gcount+1 WHERE `gid` = 7 AND `mid` = 8 [ RunTime:0.0560s ]
SQL: UPDATE `beauty_count` SET `todaycount`=todaycount+1 WHERE `gid` = 7 AND `mid` = 8 [ RunTime:0.0420s ]
SQL: select sum(gcount) as goodscount from beauty_count where gid=7 [ RunTime:0.0010s ]

[ 2016-11-29T18:15:13+08:00 ] 127.0.0.1 /index.php/Mobile/Goods/goodscount.html
INFO: [ app_begin ] --START--
INFO: Run Behavior\ReadHtmlCacheBehavior [ RunTime:0.002000s ]
INFO: [ app_begin ] --END-- [ RunTime:0.003000s ]
SQL: SHOW COLUMNS FROM `beauty_count` [ RunTime:0.0070s ]
SQL: SELECT `gcount`,`addtime`,`todaycount` FROM `beauty_count` WHERE `gid` = 7 AND `mid` = 8 LIMIT 1   [ RunTime:0.0010s ]
SQL: UPDATE `beauty_count` SET `gcount`=gcount+1 WHERE `gid` = 7 AND `mid` = 8 [ RunTime:0.0540s ]
SQL: UPDATE `beauty_count` SET `todaycount`=todaycount+1 WHERE `gid` = 7 AND `mid` = 8 [ RunTime:0.0420s ]
SQL: select sum(gcount) as goodscount from beauty_count where gid=7 [ RunTime:0.0020s ]

[ 2016-11-29T18:15:14+08:00 ] 127.0.0.1 /index.php/Mobile/Goods/goodscount.html
INFO: [ app_begin ] --START--
INFO: Run Behavior\ReadHtmlCacheBehavior [ RunTime:0.000000s ]
INFO: [ app_begin ] --END-- [ RunTime:0.001000s ]
SQL: SHOW COLUMNS FROM `beauty_count` [ RunTime:0.0070s ]
SQL: SELECT `gcount`,`addtime`,`todaycount` FROM `beauty_count` WHERE `gid` = 7 AND `mid` = 8 LIMIT 1   [ RunTime:0.0020s ]

[ 2016-11-29T18:27:51+08:00 ] 127.0.0.1 /index.php/Mobile/Goods/goodscount.html
INFO: [ app_begin ] --START--
INFO: Run Behavior\ReadHtmlCacheBehavior [ RunTime:0.001000s ]
INFO: [ app_begin ] --END-- [ RunTime:0.001500s ]
SQL: SHOW COLUMNS FROM `beauty_count` [ RunTime:0.0080s ]
SQL: SELECT `gcount`,`addtime`,`todaycount` FROM `beauty_count` WHERE `gid` = 7 AND `mid` = 8 LIMIT 1   [ RunTime:0.0020s ]

[ 2016-11-29T18:32:37+08:00 ] 127.0.0.1 /index.php/Mobile/Goods/goodscount.html
INFO: [ app_begin ] --START--
INFO: Run Behavior\ReadHtmlCacheBehavior [ RunTime:0.001000s ]
INFO: [ app_begin ] --END-- [ RunTime:0.001500s ]
SQL: SHOW COLUMNS FROM `beauty_count` [ RunTime:0.0070s ]
SQL: SELECT `gcount`,`addtime`,`todaycount` FROM `beauty_count` WHERE `gid` = 6 AND `mid` = 8 LIMIT 1   [ RunTime:0.0010s ]
SQL: UPDATE `beauty_count` SET `gcount`=gcount+1 WHERE `gid` = 6 AND `mid` = 8 [ RunTime:0.0640s ]
SQL: UPDATE `beauty_count` SET `todaycount`=todaycount+1 WHERE `gid` = 6 AND `mid` = 8 [ RunTime:0.0330s ]
SQL: select sum(gcount) as goodscount from beauty_count where gid=6 [ RunTime:0.0010s ]

[ 2016-11-29T18:32:39+08:00 ] 127.0.0.1 /index.php/Mobile/Goods/goodscount.html
INFO: [ app_begin ] --START--
INFO: Run Behavior\ReadHtmlCacheBehavior [ RunTime:0.000000s ]
INFO: [ app_begin ] --END-- [ RunTime:0.001000s ]
SQL: SHOW COLUMNS FROM `beauty_count` [ RunTime:0.0080s ]
SQL: SELECT `gcount`,`addtime`,`todaycount` FROM `beauty_count` WHERE `gid` = 6 AND `mid` = 8 LIMIT 1   [ RunTime:0.0010s ]
SQL: UPDATE `beauty_count` SET `gcount`=gcount+1 WHERE `gid` = 6 AND `mid` = 8 [ RunTime:0.0700s ]
SQL: UPDATE `beauty_count` SET `todaycount`=todaycount+1 WHERE `gid` = 6 AND `mid` = 8 [ RunTime:0.0590s ]
SQL: select sum(gcount) as goodscount from beauty_count where gid=6 [ RunTime:0.0010s ]

[ 2016-11-29T18:32:40+08:00 ] 127.0.0.1 /index.php/Mobile/Goods/goodscount.html
INFO: [ app_begin ] --START--
INFO: Run Behavior\ReadHtmlCacheBehavior [ RunTime:0.001000s ]
INFO: [ app_begin ] --END-- [ RunTime:0.001000s ]
SQL: SHOW COLUMNS FROM `beauty_count` [ RunTime:0.0080s ]
SQL: SELECT `gcount`,`addtime`,`todaycount` FROM `beauty_count` WHERE `gid` = 6 AND `mid` = 8 LIMIT 1   [ RunTime:0.0010s ]
SQL: UPDATE `beauty_count` SET `gcount`=gcount+1 WHERE `gid` = 6 AND `mid` = 8 [ RunTime:0.0650s ]
SQL: UPDATE `beauty_count` SET `todaycount`=todaycount+1 WHERE `gid` = 6 AND `mid` = 8 [ RunTime:0.0330s ]
SQL: select sum(gcount) as goodscount from beauty_count where gid=6 [ RunTime:0.0010s ]

[ 2016-11-29T18:32:40+08:00 ] 127.0.0.1 /index.php/Mobile/Goods/goodscount.html
INFO: [ app_begin ] --START--
INFO: Run Behavior\ReadHtmlCacheBehavior [ RunTime:0.002000s ]
INFO: [ app_begin ] --END-- [ RunTime:0.003000s ]
SQL: SHOW COLUMNS FROM `beauty_count` [ RunTime:0.0090s ]
SQL: SELECT `gcount`,`addtime`,`todaycount` FROM `beauty_count` WHERE `gid` = 6 AND `mid` = 8 LIMIT 1   [ RunTime:0.0010s ]

[ 2016-11-29T18:32:40+08:00 ] 127.0.0.1 /index.php/Mobile/Goods/goodscount.html
INFO: [ app_begin ] --START--
INFO: Run Behavior\ReadHtmlCacheBehavior [ RunTime:0.002000s ]
INFO: [ app_begin ] --END-- [ RunTime:0.003500s ]
SQL: SHOW COLUMNS FROM `beauty_count` [ RunTime:0.0080s ]
SQL: SELECT `gcount`,`addtime`,`todaycount` FROM `beauty_count` WHERE `gid` = 6 AND `mid` = 8 LIMIT 1   [ RunTime:0.0015s ]

[ 2016-11-29T18:34:48+08:00 ] 127.0.0.1 /index.php/Mobile/Goods/goodscount.html
INFO: [ app_begin ] --START--
INFO: Run Behavior\ReadHtmlCacheBehavior [ RunTime:0.001000s ]
INFO: [ app_begin ] --END-- [ RunTime:0.002000s ]
SQL: SHOW COLUMNS FROM `beauty_count` [ RunTime:0.0070s ]
SQL: SELECT `gcount`,`addtime`,`todaycount` FROM `beauty_count` WHERE `gid` = 3 AND `mid` = 8 LIMIT 1   [ RunTime:0.0030s ]
SQL: UPDATE `beauty_count` SET `gcount`=gcount+1 WHERE `gid` = 3 AND `mid` = 8 [ RunTime:0.0450s ]
SQL: UPDATE `beauty_count` SET `todaycount`=todaycount+1 WHERE `gid` = 3 AND `mid` = 8 [ RunTime:0.0410s ]
SQL: select sum(gcount) as goodscount from beauty_count where gid=3 [ RunTime:0.0010s ]

[ 2016-11-29T18:34:50+08:00 ] 127.0.0.1 /index.php/Mobile/Goods/goodscount.html
INFO: [ app_begin ] --START--
INFO: Run Behavior\ReadHtmlCacheBehavior [ RunTime:0.001000s ]
INFO: [ app_begin ] --END-- [ RunTime:0.002000s ]
SQL: SHOW COLUMNS FROM `beauty_count` [ RunTime:0.0080s ]
SQL: SELECT `gcount`,`addtime`,`todaycount` FROM `beauty_count` WHERE `gid` = 3 AND `mid` = 8 LIMIT 1   [ RunTime:0.0020s ]
SQL: UPDATE `beauty_count` SET `gcount`=gcount+1 WHERE `gid` = 3 AND `mid` = 8 [ RunTime:0.0700s ]
SQL: UPDATE `beauty_count` SET `todaycount`=todaycount+1 WHERE `gid` = 3 AND `mid` = 8 [ RunTime:0.0510s ]
SQL: select sum(gcount) as goodscount from beauty_count where gid=3 [ RunTime:0.0020s ]

[ 2016-11-29T18:34:50+08:00 ] 127.0.0.1 /index.php/Mobile/Goods/goodscount.html
INFO: [ app_begin ] --START--
INFO: Run Behavior\ReadHtmlCacheBehavior [ RunTime:0.001501s ]
INFO: [ app_begin ] --END-- [ RunTime:0.002001s ]
SQL: SHOW COLUMNS FROM `beauty_count` [ RunTime:0.0080s ]
SQL: SELECT `gcount`,`addtime`,`todaycount` FROM `beauty_count` WHERE `gid` = 3 AND `mid` = 8 LIMIT 1   [ RunTime:0.0010s ]
SQL: UPDATE `beauty_count` SET `gcount`=gcount+1 WHERE `gid` = 3 AND `mid` = 8 [ RunTime:0.0640s ]
SQL: UPDATE `beauty_count` SET `todaycount`=todaycount+1 WHERE `gid` = 3 AND `mid` = 8 [ RunTime:0.0340s ]
SQL: select sum(gcount) as goodscount from beauty_count where gid=3 [ RunTime:0.0020s ]

[ 2016-11-29T18:34:52+08:00 ] 127.0.0.1 /index.php/Mobile/Goods/goodscount.html
INFO: [ app_begin ] --START--
INFO: Run Behavior\ReadHtmlCacheBehavior [ RunTime:0.001000s ]
INFO: [ app_begin ] --END-- [ RunTime:0.001500s ]
SQL: SHOW COLUMNS FROM `beauty_count` [ RunTime:0.0080s ]
SQL: SELECT `gcount`,`addtime`,`todaycount` FROM `beauty_count` WHERE `gid` = 3 AND `mid` = 8 LIMIT 1   [ RunTime:0.0020s ]

[ 2016-11-29T18:36:03+08:00 ] 127.0.0.1 /index.php/Mobile/Goods/goodscount.html
INFO: [ app_begin ] --START--
INFO: Run Behavior\ReadHtmlCacheBehavior [ RunTime:0.002000s ]
INFO: [ app_begin ] --END-- [ RunTime:0.003000s ]
SQL: SHOW COLUMNS FROM `beauty_count` [ RunTime:0.0040s ]
SQL: SELECT `gcount`,`addtime`,`todaycount` FROM `beauty_count` WHERE `gid` = 8 AND `mid` = 8 LIMIT 1   [ RunTime:0.0005s ]
SQL: INSERT INTO `beauty_count` (`addtime`,`gid`,`gcount`,`todaycount`,`mid`,`stoptime`) VALUES ('1480415763','8','1','1','8','1480435200') [ RunTime:0.0655s ]
SQL: select sum(gcount) as goodscount from beauty_count where gid=8 [ RunTime:0.0000s ]
SQL: SHOW COLUMNS FROM `beauty_goods` [ RunTime:0.0050s ]
SQL: UPDATE `beauty_goods` SET `goodscount`='1' WHERE `id` = 8 [ RunTime:0.0540s ]

[ 2016-11-29T18:36:05+08:00 ] 127.0.0.1 /index.php/Mobile/Goods/goodscount.html
INFO: [ app_begin ] --START--
INFO: Run Behavior\ReadHtmlCacheBehavior [ RunTime:0.002000s ]
INFO: [ app_begin ] --END-- [ RunTime:0.003000s ]
SQL: SHOW COLUMNS FROM `beauty_count` [ RunTime:0.0040s ]
SQL: SELECT `gcount`,`addtime`,`todaycount` FROM `beauty_count` WHERE `gid` = 8 AND `mid` = 8 LIMIT 1   [ RunTime:0.0020s ]
SQL: UPDATE `beauty_count` SET `gcount`=gcount+1 WHERE `gid` = 8 AND `mid` = 8 [ RunTime:0.0590s ]
SQL: UPDATE `beauty_count` SET `todaycount`=todaycount+1 WHERE `gid` = 8 AND `mid` = 8 [ RunTime:0.0330s ]
SQL: select sum(gcount) as goodscount from beauty_count where gid=8 [ RunTime:0.0020s ]

[ 2016-11-29T18:36:05+08:00 ] 127.0.0.1 /index.php/Mobile/Goods/goodscount.html
INFO: [ app_begin ] --START--
INFO: Run Behavior\ReadHtmlCacheBehavior [ RunTime:0.001000s ]
INFO: [ app_begin ] --END-- [ RunTime:0.001500s ]
SQL: SHOW COLUMNS FROM `beauty_count` [ RunTime:0.0035s ]
SQL: SELECT `gcount`,`addtime`,`todaycount` FROM `beauty_count` WHERE `gid` = 8 AND `mid` = 8 LIMIT 1   [ RunTime:0.0010s ]
SQL: UPDATE `beauty_count` SET `gcount`=gcount+1 WHERE `gid` = 8 AND `mid` = 8 [ RunTime:0.0670s ]
SQL: UPDATE `beauty_count` SET `todaycount`=todaycount+1 WHERE `gid` = 8 AND `mid` = 8 [ RunTime:0.0320s ]
SQL: select sum(gcount) as goodscount from beauty_count where gid=8 [ RunTime:0.0000s ]

[ 2016-11-29T18:36:06+08:00 ] 127.0.0.1 /index.php/Mobile/Goods/goodscount.html
INFO: [ app_begin ] --START--
INFO: Run Behavior\ReadHtmlCacheBehavior [ RunTime:0.001000s ]
INFO: [ app_begin ] --END-- [ RunTime:0.002000s ]
SQL: SHOW COLUMNS FROM `beauty_count` [ RunTime:0.0040s ]
SQL: SELECT `gcount`,`addtime`,`todaycount` FROM `beauty_count` WHERE `gid` = 8 AND `mid` = 8 LIMIT 1   [ RunTime:0.0010s ]

[ 2016-11-29T18:36:59+08:00 ] 127.0.0.1 /index.php/Mobile/Goods/goodscount.html
INFO: [ app_begin ] --START--
INFO: Run Behavior\ReadHtmlCacheBehavior [ RunTime:0.001500s ]
INFO: [ app_begin ] --END-- [ RunTime:0.002500s ]
SQL: SHOW COLUMNS FROM `beauty_count` [ RunTime:0.0080s ]
SQL: SELECT `gcount`,`addtime`,`todaycount` FROM `beauty_count` WHERE `gid` = 4 AND `mid` = 8 LIMIT 1   [ RunTime:0.0010s ]
SQL: UPDATE `beauty_count` SET `gcount`=gcount+1 WHERE `gid` = 4 AND `mid` = 8 [ RunTime:0.0650s ]
SQL: UPDATE `beauty_count` SET `todaycount`=todaycount+1 WHERE `gid` = 4 AND `mid` = 8 [ RunTime:0.0410s ]
SQL: select sum(gcount) as goodscount from beauty_count where gid=4 [ RunTime:0.0010s ]
SQL: SHOW COLUMNS FROM `beauty_goods` [ RunTime:0.0090s ]
SQL: UPDATE `beauty_goods` SET `goodscount`='4' WHERE `id` = 4 [ RunTime:0.0560s ]

[ 2016-11-29T18:37:00+08:00 ] 127.0.0.1 /index.php/Mobile/Goods/goodscount.html
INFO: [ app_begin ] --START--
INFO: Run Behavior\ReadHtmlCacheBehavior [ RunTime:0.001000s ]
INFO: [ app_begin ] --END-- [ RunTime:0.001500s ]
SQL: SHOW COLUMNS FROM `beauty_count` [ RunTime:0.0070s ]
SQL: SELECT `gcount`,`addtime`,`todaycount` FROM `beauty_count` WHERE `gid` = 4 AND `mid` = 8 LIMIT 1   [ RunTime:0.0010s ]
SQL: UPDATE `beauty_count` SET `gcount`=gcount+1 WHERE `gid` = 4 AND `mid` = 8 [ RunTime:0.0670s ]
SQL: UPDATE `beauty_count` SET `todaycount`=todaycount+1 WHERE `gid` = 4 AND `mid` = 8 [ RunTime:0.0330s ]
SQL: select sum(gcount) as goodscount from beauty_count where gid=4 [ RunTime:0.0000s ]
SQL: SHOW COLUMNS FROM `beauty_goods` [ RunTime:0.0080s ]
SQL: UPDATE `beauty_goods` SET `goodscount`='5' WHERE `id` = 4 [ RunTime:0.0640s ]

[ 2016-11-29T18:37:01+08:00 ] 127.0.0.1 /index.php/Mobile/Goods/goodscount.html
INFO: [ app_begin ] --START--
INFO: Run Behavior\ReadHtmlCacheBehavior [ RunTime:0.001000s ]
INFO: [ app_begin ] --END-- [ RunTime:0.001000s ]
SQL: SHOW COLUMNS FROM `beauty_count` [ RunTime:0.0080s ]
SQL: SELECT `gcount`,`addtime`,`todaycount` FROM `beauty_count` WHERE `gid` = 4 AND `mid` = 8 LIMIT 1   [ RunTime:0.0030s ]
SQL: UPDATE `beauty_count` SET `gcount`=gcount+1 WHERE `gid` = 4 AND `mid` = 8 [ RunTime:0.0570s ]
SQL: UPDATE `beauty_count` SET `todaycount`=todaycount+1 WHERE `gid` = 4 AND `mid` = 8 [ RunTime:0.0400s ]
SQL: select sum(gcount) as goodscount from beauty_count where gid=4 [ RunTime:0.0020s ]
SQL: SHOW COLUMNS FROM `beauty_goods` [ RunTime:0.0090s ]
SQL: UPDATE `beauty_goods` SET `goodscount`='6' WHERE `id` = 4 [ RunTime:0.0630s ]

[ 2016-11-29T18:37:02+08:00 ] 127.0.0.1 /index.php/Mobile/Goods/goodscount.html
INFO: [ app_begin ] --START--
INFO: Run Behavior\ReadHtmlCacheBehavior [ RunTime:0.001000s ]
INFO: [ app_begin ] --END-- [ RunTime:0.001500s ]
SQL: SHOW COLUMNS FROM `beauty_count` [ RunTime:0.0080s ]
SQL: SELECT `gcount`,`addtime`,`todaycount` FROM `beauty_count` WHERE `gid` = 4 AND `mid` = 8 LIMIT 1   [ RunTime:0.0000s ]

[ 2016-11-29T18:43:47+08:00 ] 127.0.0.1 /index.php/Mobile/Sign/sign.html
INFO: [ app_begin ] --START--
INFO: Run Behavior\ReadHtmlCacheBehavior [ RunTime:0.001000s ]
INFO: [ app_begin ] --END-- [ RunTime:0.001000s ]
SQL: SHOW COLUMNS FROM `beauty_sign` [ RunTime:0.0085s ]
SQL: SELECT * FROM `beauty_sign` WHERE `mid` = 8 LIMIT 1   [ RunTime:0.0010s ]
SQL: update beauty_sign set signtag=0  where mid=8 [ RunTime:0.0680s ]
SQL: SELECT * FROM `beauty_sign` WHERE `mid` = 8 LIMIT 1   [ RunTime:0.0095s ]
SQL: SHOW COLUMNS FROM `beauty_user` [ RunTime:0.0100s ]
SQL: SELECT * FROM `beauty_user` WHERE `id` = 8 LIMIT 1   [ RunTime:0.0015s ]
INFO: [ view_parse ] --START--
INFO: [ template_filter ] --START--
INFO: Run Behavior\ContentReplaceBehavior [ RunTime:0.000000s ]
INFO: [ template_filter ] --END-- [ RunTime:0.000000s ]
INFO: Run Behavior\ParseTemplateBehavior [ RunTime:0.015001s ]
INFO: [ view_parse ] --END-- [ RunTime:0.015001s ]
INFO: [ view_filter ] --START--
INFO: Run Behavior\WriteHtmlCacheBehavior [ RunTime:0.001000s ]
INFO: [ view_filter ] --END-- [ RunTime:0.001000s ]
INFO: [ app_end ] --START--
INFO: Run Behavior\ShowPageTraceBehavior [ RunTime:0.003000s ]
INFO: [ app_end ] --END-- [ RunTime:0.003000s ]

[ 2016-11-29T18:43:53+08:00 ] 127.0.0.1 /index.php/Mobile/Sign/sign.html?checkedDay=29
INFO: [ app_begin ] --START--
INFO: Run Behavior\ReadHtmlCacheBehavior [ RunTime:0.001000s ]
INFO: [ app_begin ] --END-- [ RunTime:0.001500s ]
SQL: SHOW COLUMNS FROM `beauty_sign` [ RunTime:0.0080s ]
SQL: SELECT * FROM `beauty_sign` WHERE `mid` = 8 LIMIT 1   [ RunTime:0.0020s ]
SQL: update beauty_sign set signtag=0  where mid=8 [ RunTime:0.0500s ]
SQL: SELECT * FROM `beauty_sign` WHERE `mid` = 8 LIMIT 1   [ RunTime:0.0020s ]
SQL: SHOW COLUMNS FROM `beauty_user` [ RunTime:0.0090s ]
SQL: SELECT * FROM `beauty_user` WHERE `id` = 8 LIMIT 1   [ RunTime:0.0030s ]
INFO: [ view_parse ] --START--
INFO: [ template_filter ] --START--
INFO: Run Behavior\ContentReplaceBehavior [ RunTime:0.001000s ]
INFO: [ template_filter ] --END-- [ RunTime:0.001000s ]
INFO: Run Behavior\ParseTemplateBehavior [ RunTime:0.016001s ]
INFO: [ view_parse ] --END-- [ RunTime:0.016001s ]
INFO: [ view_filter ] --START--
INFO: Run Behavior\WriteHtmlCacheBehavior [ RunTime:0.001000s ]
INFO: [ view_filter ] --END-- [ RunTime:0.001000s ]
INFO: [ app_end ] --START--
INFO: Run Behavior\ShowPageTraceBehavior [ RunTime:0.001000s ]
INFO: [ app_end ] --END-- [ RunTime:0.001000s ]

[ 2016-11-29T18:49:50+08:00 ] 127.0.0.1 /index.php/Mobile/Sign/sign.html
INFO: [ app_begin ] --START--
INFO: Run Behavior\ReadHtmlCacheBehavior [ RunTime:0.001001s ]
INFO: [ app_begin ] --END-- [ RunTime:0.002001s ]
SQL: SHOW COLUMNS FROM `beauty_sign` [ RunTime:0.0080s ]
SQL: SELECT * FROM `beauty_sign` WHERE `mid` = 8 LIMIT 1   [ RunTime:0.0010s ]
SQL: SELECT * FROM `beauty_sign` WHERE `mid` = 8 LIMIT 1   [ RunTime:0.0020s ]
SQL: SHOW COLUMNS FROM `beauty_user` [ RunTime:0.0080s ]
SQL: SELECT * FROM `beauty_user` WHERE `id` = 8 LIMIT 1   [ RunTime:0.0010s ]
INFO: [ view_parse ] --START--
INFO: [ template_filter ] --START--
INFO: Run Behavior\ContentReplaceBehavior [ RunTime:0.000000s ]
INFO: [ template_filter ] --END-- [ RunTime:0.000000s ]
INFO: Run Behavior\ParseTemplateBehavior [ RunTime:0.018001s ]
INFO: [ view_parse ] --END-- [ RunTime:0.018001s ]
INFO: [ view_filter ] --START--
INFO: Run Behavior\WriteHtmlCacheBehavior [ RunTime:0.000000s ]
INFO: [ view_filter ] --END-- [ RunTime:0.000000s ]
INFO: [ app_end ] --START--
INFO: Run Behavior\ShowPageTraceBehavior [ RunTime:0.001000s ]
INFO: [ app_end ] --END-- [ RunTime:0.001000s ]

[ 2016-11-29T19:06:22+08:00 ] 127.0.0.1 /index.php/Mobile/Goods/goodsdetail.html
ERR: 1064:You have an error in your SQL syntax; check the manual that corresponds to your MySQL server version for the right syntax to use near '' at line 1
 [ SQL语句 ] : select sum(gcount) as goodscount from beauty_count where gid=

[ 2016-11-29T19:15:02+08:00 ] 172.16.17.221 /beauty/index.php/Mobile/MyCart/addcart.html
INFO: [ app_begin ] --START--
INFO: Run Behavior\ReadHtmlCacheBehavior [ RunTime:0.001000s ]
INFO: [ app_begin ] --END-- [ RunTime:0.001000s ]

[ 2016-11-29T19:15:14+08:00 ] 172.16.17.221 /beauty/index.php/Mobile/MyCart/addcart.html
INFO: [ app_begin ] --START--
INFO: Run Behavior\ReadHtmlCacheBehavior [ RunTime:0.001000s ]
INFO: [ app_begin ] --END-- [ RunTime:0.002000s ]

[ 2016-11-29T19:40:46+08:00 ] 127.0.0.1 /index.php/Mobile/Goods/countpaihang.html
ERR: 1064:You have an error in your SQL syntax; check the manual that corresponds to your MySQL server version for the right syntax to use near 'desc LIMIT 0,6' at line 1
 [ SQL语句 ] : SELECT * FROM `beauty_goods` ORDER BY goodscount,desc LIMIT 0,6  

