[ 2016-12-01T12:34:56+08:00 ] 127.0.0.1 /index.php/Mobile/Goods/allcomment.html?p=2&gid=1&cid=5
INFO: [ app_begin ] --START--
INFO: Run Behavior\ReadHtmlCacheBehavior [ RunTime:0.001000s ]
INFO: [ app_begin ] --END-- [ RunTime:0.001000s ]
SQL: SHOW COLUMNS FROM `beauty_comment` [ RunTime:0.0090s ]
SQL: SHOW COLUMNS FROM `beauty_comment` [ RunTime:0.0080s ]
SQL: SELECT COUNT(*) AS tp_count FROM `beauty_comment` WHERE `gid` = 1 LIMIT 1   [ RunTime:0.0010s ]
SQL: SHOW COLUMNS FROM `beauty_comment` [ RunTime:0.0090s ]
SQL: SELECT c.content,c.cosid,c.coaddtime,c.response,c.id,u.username,u.imgpath,u.imgname,c.ml,c.readdtime,c.respid,cs.costatus,c.imageurl,c.imagename FROM beauty_comment c,beauty_user u,beauty_comment_status cs WHERE c.gid = '1' AND ( c.mid=u.id and c.cosid=cs.id ) ORDER BY c.coaddtime desc LIMIT 1,1   [ RunTime:0.0020s ]
NOTIC: [8] Undefined index: header D:\ZBB\PHP\beauty\ThinkPHP\Library\Org\Beauty\AjaxPage.class.php 第 121 行.
SQL: SELECT COUNT(*) AS tp_count FROM `beauty_comment` WHERE `gid` = 1 AND `cosid` = 1 LIMIT 1   [ RunTime:0.0010s ]
SQL: SHOW COLUMNS FROM `beauty_comment` [ RunTime:0.0070s ]
SQL: SELECT c.content,c.cosid,c.coaddtime,c.response,c.id,u.username,u.imgpath,u.imgname,c.ml,c.readdtime,c.respid,cs.costatus,c.imageurl,c.imagename FROM beauty_comment c,beauty_user u,beauty_comment_status cs WHERE c.gid = '1' AND c.cosid = 1 AND ( c.mid=u.id and c.cosid=cs.id ) ORDER BY c.coaddtime desc LIMIT 1,1   [ RunTime:0.0010s ]
NOTIC: [8] Undefined index: header D:\ZBB\PHP\beauty\ThinkPHP\Library\Org\Beauty\AjaxPage.class.php 第 121 行.
SQL: SELECT COUNT(*) AS tp_count FROM `beauty_comment` WHERE `gid` = 1 AND `cosid` = 2 LIMIT 1   [ RunTime:0.0000s ]
SQL: SHOW COLUMNS FROM `beauty_comment` [ RunTime:0.0050s ]
SQL: SELECT c.content,c.cosid,c.coaddtime,c.response,c.id,u.username,u.imgpath,u.imgname,c.ml,c.readdtime,c.respid,cs.costatus,c.imageurl,c.imagename FROM beauty_comment c,beauty_user u,beauty_comment_status cs WHERE c.gid = '1' AND c.cosid = 2 AND ( c.mid=u.id and c.cosid=cs.id ) ORDER BY c.coaddtime desc LIMIT 1,1   [ RunTime:0.0010s ]
NOTIC: [8] Undefined index: header D:\ZBB\PHP\beauty\ThinkPHP\Library\Org\Beauty\AjaxPage.class.php 第 121 行.
SQL: SELECT COUNT(*) AS tp_count FROM `beauty_comment` WHERE `gid` = 1 AND `cosid` = 3 LIMIT 1   [ RunTime:0.0010s ]
SQL: SHOW COLUMNS FROM `beauty_comment` [ RunTime:0.0050s ]
SQL: SELECT c.content,c.cosid,c.coaddtime,c.response,c.id,u.username,u.imgpath,u.imgname,c.ml,c.readdtime,c.respid,cs.costatus,c.imageurl,c.imagename FROM beauty_comment c,beauty_user u,beauty_comment_status cs WHERE c.gid = '1' AND c.cosid = 3 AND ( c.mid=u.id and c.cosid=cs.id ) ORDER BY c.coaddtime desc LIMIT 1,1   [ RunTime:0.0020s ]
SQL: SELECT COUNT(*) AS tp_count FROM `beauty_comment` WHERE `gid` = 1 AND `isimage` = 1 LIMIT 1   [ RunTime:0.0010s ]
SQL: SHOW COLUMNS FROM `beauty_comment` [ RunTime:0.0050s ]
SQL: SELECT c.content,c.cosid,c.coaddtime,c.response,c.id,u.username,u.imgpath,u.imgname,c.ml,c.readdtime,c.respid,cs.costatus,c.imageurl,c.imagename FROM beauty_comment c,beauty_user u,beauty_comment_status cs WHERE c.gid = '1' AND c.isimage = 1 AND ( c.mid=u.id and c.cosid=cs.id ) ORDER BY c.coaddtime desc LIMIT 1,1   [ RunTime:0.0020s ]
NOTIC: [8] Undefined index: header D:\ZBB\PHP\beauty\ThinkPHP\Library\Org\Beauty\AjaxPage.class.php 第 121 行.
SQL: SELECT COUNT(*) AS tp_count FROM `beauty_comment` WHERE `gid` = 1 AND `zuijiacount` = 1 LIMIT 1   [ RunTime:0.0010s ]
SQL: SHOW COLUMNS FROM `beauty_comment` [ RunTime:0.0050s ]
SQL: SELECT c.content,c.cosid,c.coaddtime,c.response,c.id,u.username,u.imgpath,u.imgname,c.ml,c.readdtime,c.respid,cs.costatus,c.imageurl,c.imagename,c.picurl,c.picname,c.zuijia,c.zuijiatime FROM beauty_comment c,beauty_user u,beauty_comment_status cs WHERE c.gid = '1' AND c.zuijiacount = 1 AND ( c.mid=u.id and c.cosid=cs.id ) ORDER BY c.coaddtime desc LIMIT 1,1   [ RunTime:0.0020s ]
NOTIC: [8] Undefined index: header D:\ZBB\PHP\beauty\ThinkPHP\Library\Org\Beauty\AjaxPage.class.php 第 121 行.
INFO: [ view_parse ] --START--
INFO: [ template_filter ] --START--
INFO: Run Behavior\ContentReplaceBehavior [ RunTime:0.000000s ]
INFO: [ template_filter ] --END-- [ RunTime:0.000000s ]
NOTIC: [8] Undefined variable: val1 D:\ZBB\PHP\beauty\beauty\Runtime\Cache\Mobile\efe01ea4a3985e8979b5fa3e7f9ec270.php 第 16 行.
INFO: Run Behavior\ParseTemplateBehavior [ RunTime:0.012000s ]
INFO: [ view_parse ] --END-- [ RunTime:0.012000s ]
INFO: [ view_filter ] --START--
INFO: Run Behavior\WriteHtmlCacheBehavior [ RunTime:0.000000s ]
INFO: [ view_filter ] --END-- [ RunTime:0.000000s ]
INFO: [ app_end ] --START--
INFO: Run Behavior\ShowPageTraceBehavior [ RunTime:0.001000s ]
INFO: [ app_end ] --END-- [ RunTime:0.001000s ]

[ 2016-12-01T12:34:57+08:00 ] 127.0.0.1 /index.php/Mobile/Goods/allcomment.html?p=2&gid=1&cid=5
INFO: [ app_begin ] --START--
INFO: Run Behavior\ReadHtmlCacheBehavior [ RunTime:0.001000s ]
INFO: [ app_begin ] --END-- [ RunTime:0.001000s ]
SQL: SHOW COLUMNS FROM `beauty_comment` [ RunTime:0.0080s ]
SQL: SHOW COLUMNS FROM `beauty_comment` [ RunTime:0.0090s ]
SQL: SELECT COUNT(*) AS tp_count FROM `beauty_comment` WHERE `gid` = 1 LIMIT 1   [ RunTime:0.0010s ]
SQL: SHOW COLUMNS FROM `beauty_comment` [ RunTime:0.0090s ]
SQL: SELECT c.content,c.cosid,c.coaddtime,c.response,c.id,u.username,u.imgpath,u.imgname,c.ml,c.readdtime,c.respid,cs.costatus,c.imageurl,c.imagename FROM beauty_comment c,beauty_user u,beauty_comment_status cs WHERE c.gid = '1' AND ( c.mid=u.id and c.cosid=cs.id ) ORDER BY c.coaddtime desc LIMIT 1,1   [ RunTime:0.0020s ]
NOTIC: [8] Undefined index: header D:\ZBB\PHP\beauty\ThinkPHP\Library\Org\Beauty\AjaxPage.class.php 第 121 行.
SQL: SELECT COUNT(*) AS tp_count FROM `beauty_comment` WHERE `gid` = 1 AND `cosid` = 1 LIMIT 1   [ RunTime:0.0000s ]
SQL: SHOW COLUMNS FROM `beauty_comment` [ RunTime:0.0080s ]
SQL: SELECT c.content,c.cosid,c.coaddtime,c.response,c.id,u.username,u.imgpath,u.imgname,c.ml,c.readdtime,c.respid,cs.costatus,c.imageurl,c.imagename FROM beauty_comment c,beauty_user u,beauty_comment_status cs WHERE c.gid = '1' AND c.cosid = 1 AND ( c.mid=u.id and c.cosid=cs.id ) ORDER BY c.coaddtime desc LIMIT 1,1   [ RunTime:0.0010s ]
NOTIC: [8] Undefined index: header D:\ZBB\PHP\beauty\ThinkPHP\Library\Org\Beauty\AjaxPage.class.php 第 121 行.
SQL: SELECT COUNT(*) AS tp_count FROM `beauty_comment` WHERE `gid` = 1 AND `cosid` = 2 LIMIT 1   [ RunTime:0.0010s ]
SQL: SHOW COLUMNS FROM `beauty_comment` [ RunTime:0.0090s ]
SQL: SELECT c.content,c.cosid,c.coaddtime,c.response,c.id,u.username,u.imgpath,u.imgname,c.ml,c.readdtime,c.respid,cs.costatus,c.imageurl,c.imagename FROM beauty_comment c,beauty_user u,beauty_comment_status cs WHERE c.gid = '1' AND c.cosid = 2 AND ( c.mid=u.id and c.cosid=cs.id ) ORDER BY c.coaddtime desc LIMIT 1,1   [ RunTime:0.0020s ]
NOTIC: [8] Undefined index: header D:\ZBB\PHP\beauty\ThinkPHP\Library\Org\Beauty\AjaxPage.class.php 第 121 行.
SQL: SELECT COUNT(*) AS tp_count FROM `beauty_comment` WHERE `gid` = 1 AND `cosid` = 3 LIMIT 1   [ RunTime:0.0010s ]
SQL: SHOW COLUMNS FROM `beauty_comment` [ RunTime:0.0060s ]
SQL: SELECT c.content,c.cosid,c.coaddtime,c.response,c.id,u.username,u.imgpath,u.imgname,c.ml,c.readdtime,c.respid,cs.costatus,c.imageurl,c.imagename FROM beauty_comment c,beauty_user u,beauty_comment_status cs WHERE c.gid = '1' AND c.cosid = 3 AND ( c.mid=u.id and c.cosid=cs.id ) ORDER BY c.coaddtime desc LIMIT 1,1   [ RunTime:0.0020s ]
SQL: SELECT COUNT(*) AS tp_count FROM `beauty_comment` WHERE `gid` = 1 AND `isimage` = 1 LIMIT 1   [ RunTime:0.0010s ]
SQL: SHOW COLUMNS FROM `beauty_comment` [ RunTime:0.0050s ]
SQL: SELECT c.content,c.cosid,c.coaddtime,c.response,c.id,u.username,u.imgpath,u.imgname,c.ml,c.readdtime,c.respid,cs.costatus,c.imageurl,c.imagename FROM beauty_comment c,beauty_user u,beauty_comment_status cs WHERE c.gid = '1' AND c.isimage = 1 AND ( c.mid=u.id and c.cosid=cs.id ) ORDER BY c.coaddtime desc LIMIT 1,1   [ RunTime:0.0010s ]
NOTIC: [8] Undefined index: header D:\ZBB\PHP\beauty\ThinkPHP\Library\Org\Beauty\AjaxPage.class.php 第 121 行.
SQL: SELECT COUNT(*) AS tp_count FROM `beauty_comment` WHERE `gid` = 1 AND `zuijiacount` = 1 LIMIT 1   [ RunTime:0.0010s ]
SQL: SHOW COLUMNS FROM `beauty_comment` [ RunTime:0.0050s ]
SQL: SELECT c.content,c.cosid,c.coaddtime,c.response,c.id,u.username,u.imgpath,u.imgname,c.ml,c.readdtime,c.respid,cs.costatus,c.imageurl,c.imagename,c.picurl,c.picname,c.zuijia,c.zuijiatime FROM beauty_comment c,beauty_user u,beauty_comment_status cs WHERE c.gid = '1' AND c.zuijiacount = 1 AND ( c.mid=u.id and c.cosid=cs.id ) ORDER BY c.coaddtime desc LIMIT 1,1   [ RunTime:0.0030s ]
NOTIC: [8] Undefined index: header D:\ZBB\PHP\beauty\ThinkPHP\Library\Org\Beauty\AjaxPage.class.php 第 121 行.
INFO: [ view_parse ] --START--
INFO: [ template_filter ] --START--
INFO: Run Behavior\ContentReplaceBehavior [ RunTime:0.000000s ]
INFO: [ template_filter ] --END-- [ RunTime:0.001000s ]
NOTIC: [8] Undefined variable: val1 D:\ZBB\PHP\beauty\beauty\Runtime\Cache\Mobile\efe01ea4a3985e8979b5fa3e7f9ec270.php 第 16 行.
INFO: Run Behavior\ParseTemplateBehavior [ RunTime:0.011001s ]
INFO: [ view_parse ] --END-- [ RunTime:0.011001s ]
INFO: [ view_filter ] --START--
INFO: Run Behavior\WriteHtmlCacheBehavior [ RunTime:0.001000s ]
INFO: [ view_filter ] --END-- [ RunTime:0.001000s ]
INFO: [ app_end ] --START--
INFO: Run Behavior\ShowPageTraceBehavior [ RunTime:0.001000s ]
INFO: [ app_end ] --END-- [ RunTime:0.001000s ]

[ 2016-12-01T12:34:57+08:00 ] 127.0.0.1 /index.php/Mobile/Goods/allcomment.html?p=2&gid=1&cid=5
INFO: [ app_begin ] --START--
INFO: Run Behavior\ReadHtmlCacheBehavior [ RunTime:0.001000s ]
INFO: [ app_begin ] --END-- [ RunTime:0.001000s ]
SQL: SHOW COLUMNS FROM `beauty_comment` [ RunTime:0.0090s ]
SQL: SHOW COLUMNS FROM `beauty_comment` [ RunTime:0.0080s ]
SQL: SELECT COUNT(*) AS tp_count FROM `beauty_comment` WHERE `gid` = 1 LIMIT 1   [ RunTime:0.0010s ]
SQL: SHOW COLUMNS FROM `beauty_comment` [ RunTime:0.0080s ]
SQL: SELECT c.content,c.cosid,c.coaddtime,c.response,c.id,u.username,u.imgpath,u.imgname,c.ml,c.readdtime,c.respid,cs.costatus,c.imageurl,c.imagename FROM beauty_comment c,beauty_user u,beauty_comment_status cs WHERE c.gid = '1' AND ( c.mid=u.id and c.cosid=cs.id ) ORDER BY c.coaddtime desc LIMIT 1,1   [ RunTime:0.0020s ]
NOTIC: [8] Undefined index: header D:\ZBB\PHP\beauty\ThinkPHP\Library\Org\Beauty\AjaxPage.class.php 第 121 行.
SQL: SELECT COUNT(*) AS tp_count FROM `beauty_comment` WHERE `gid` = 1 AND `cosid` = 1 LIMIT 1   [ RunTime:0.0010s ]
SQL: SHOW COLUMNS FROM `beauty_comment` [ RunTime:0.0090s ]
SQL: SELECT c.content,c.cosid,c.coaddtime,c.response,c.id,u.username,u.imgpath,u.imgname,c.ml,c.readdtime,c.respid,cs.costatus,c.imageurl,c.imagename FROM beauty_comment c,beauty_user u,beauty_comment_status cs WHERE c.gid = '1' AND c.cosid = 1 AND ( c.mid=u.id and c.cosid=cs.id ) ORDER BY c.coaddtime desc LIMIT 1,1   [ RunTime:0.0010s ]
NOTIC: [8] Undefined index: header D:\ZBB\PHP\beauty\ThinkPHP\Library\Org\Beauty\AjaxPage.class.php 第 121 行.
SQL: SELECT COUNT(*) AS tp_count FROM `beauty_comment` WHERE `gid` = 1 AND `cosid` = 2 LIMIT 1   [ RunTime:0.0000s ]
SQL: SHOW COLUMNS FROM `beauty_comment` [ RunTime:0.0080s ]
SQL: SELECT c.content,c.cosid,c.coaddtime,c.response,c.id,u.username,u.imgpath,u.imgname,c.ml,c.readdtime,c.respid,cs.costatus,c.imageurl,c.imagename FROM beauty_comment c,beauty_user u,beauty_comment_status cs WHERE c.gid = '1' AND c.cosid = 2 AND ( c.mid=u.id and c.cosid=cs.id ) ORDER BY c.coaddtime desc LIMIT 1,1   [ RunTime:0.0010s ]
NOTIC: [8] Undefined index: header D:\ZBB\PHP\beauty\ThinkPHP\Library\Org\Beauty\AjaxPage.class.php 第 121 行.
SQL: SELECT COUNT(*) AS tp_count FROM `beauty_comment` WHERE `gid` = 1 AND `cosid` = 3 LIMIT 1   [ RunTime:0.0010s ]
SQL: SHOW COLUMNS FROM `beauty_comment` [ RunTime:0.0090s ]
SQL: SELECT c.content,c.cosid,c.coaddtime,c.response,c.id,u.username,u.imgpath,u.imgname,c.ml,c.readdtime,c.respid,cs.costatus,c.imageurl,c.imagename FROM beauty_comment c,beauty_user u,beauty_comment_status cs WHERE c.gid = '1' AND c.cosid = 3 AND ( c.mid=u.id and c.cosid=cs.id ) ORDER BY c.coaddtime desc LIMIT 1,1   [ RunTime:0.0020s ]
SQL: SELECT COUNT(*) AS tp_count FROM `beauty_comment` WHERE `gid` = 1 AND `isimage` = 1 LIMIT 1   [ RunTime:0.0010s ]
SQL: SHOW COLUMNS FROM `beauty_comment` [ RunTime:0.0080s ]
SQL: SELECT c.content,c.cosid,c.coaddtime,c.response,c.id,u.username,u.imgpath,u.imgname,c.ml,c.readdtime,c.respid,cs.costatus,c.imageurl,c.imagename FROM beauty_comment c,beauty_user u,beauty_comment_status cs WHERE c.gid = '1' AND c.isimage = 1 AND ( c.mid=u.id and c.cosid=cs.id ) ORDER BY c.coaddtime desc LIMIT 1,1   [ RunTime:0.0010s ]
NOTIC: [8] Undefined index: header D:\ZBB\PHP\beauty\ThinkPHP\Library\Org\Beauty\AjaxPage.class.php 第 121 行.
SQL: SELECT COUNT(*) AS tp_count FROM `beauty_comment` WHERE `gid` = 1 AND `zuijiacount` = 1 LIMIT 1   [ RunTime:0.0000s ]
SQL: SHOW COLUMNS FROM `beauty_comment` [ RunTime:0.0040s ]
SQL: SELECT c.content,c.cosid,c.coaddtime,c.response,c.id,u.username,u.imgpath,u.imgname,c.ml,c.readdtime,c.respid,cs.costatus,c.imageurl,c.imagename,c.picurl,c.picname,c.zuijia,c.zuijiatime FROM beauty_comment c,beauty_user u,beauty_comment_status cs WHERE c.gid = '1' AND c.zuijiacount = 1 AND ( c.mid=u.id and c.cosid=cs.id ) ORDER BY c.coaddtime desc LIMIT 1,1   [ RunTime:0.0010s ]
NOTIC: [8] Undefined index: header D:\ZBB\PHP\beauty\ThinkPHP\Library\Org\Beauty\AjaxPage.class.php 第 121 行.
INFO: [ view_parse ] --START--
INFO: [ template_filter ] --START--
INFO: Run Behavior\ContentReplaceBehavior [ RunTime:0.000000s ]
INFO: [ template_filter ] --END-- [ RunTime:0.000000s ]
NOTIC: [8] Undefined variable: val1 D:\ZBB\PHP\beauty\beauty\Runtime\Cache\Mobile\efe01ea4a3985e8979b5fa3e7f9ec270.php 第 16 行.
INFO: Run Behavior\ParseTemplateBehavior [ RunTime:0.011000s ]
INFO: [ view_parse ] --END-- [ RunTime:0.012000s ]
INFO: [ view_filter ] --START--
INFO: Run Behavior\WriteHtmlCacheBehavior [ RunTime:0.000000s ]
INFO: [ view_filter ] --END-- [ RunTime:0.000000s ]
INFO: [ app_end ] --START--
INFO: Run Behavior\ShowPageTraceBehavior [ RunTime:0.000000s ]
INFO: [ app_end ] --END-- [ RunTime:0.001000s ]

[ 2016-12-01T12:34:57+08:00 ] 127.0.0.1 /index.php/Mobile/Goods/allcomment.html?p=2&gid=1&cid=5
INFO: [ app_begin ] --START--
INFO: Run Behavior\ReadHtmlCacheBehavior [ RunTime:0.001000s ]
INFO: [ app_begin ] --END-- [ RunTime:0.002000s ]
SQL: SHOW COLUMNS FROM `beauty_comment` [ RunTime:0.0080s ]
SQL: SHOW COLUMNS FROM `beauty_comment` [ RunTime:0.0090s ]
SQL: SELECT COUNT(*) AS tp_count FROM `beauty_comment` WHERE `gid` = 1 LIMIT 1   [ RunTime:0.0010s ]
SQL: SHOW COLUMNS FROM `beauty_comment` [ RunTime:0.0080s ]
SQL: SELECT c.content,c.cosid,c.coaddtime,c.response,c.id,u.username,u.imgpath,u.imgname,c.ml,c.readdtime,c.respid,cs.costatus,c.imageurl,c.imagename FROM beauty_comment c,beauty_user u,beauty_comment_status cs WHERE c.gid = '1' AND ( c.mid=u.id and c.cosid=cs.id ) ORDER BY c.coaddtime desc LIMIT 1,1   [ RunTime:0.0010s ]
NOTIC: [8] Undefined index: header D:\ZBB\PHP\beauty\ThinkPHP\Library\Org\Beauty\AjaxPage.class.php 第 121 行.
SQL: SELECT COUNT(*) AS tp_count FROM `beauty_comment` WHERE `gid` = 1 AND `cosid` = 1 LIMIT 1   [ RunTime:0.0020s ]
SQL: SHOW COLUMNS FROM `beauty_comment` [ RunTime:0.0050s ]
SQL: SELECT c.content,c.cosid,c.coaddtime,c.response,c.id,u.username,u.imgpath,u.imgname,c.ml,c.readdtime,c.respid,cs.costatus,c.imageurl,c.imagename FROM beauty_comment c,beauty_user u,beauty_comment_status cs WHERE c.gid = '1' AND c.cosid = 1 AND ( c.mid=u.id and c.cosid=cs.id ) ORDER BY c.coaddtime desc LIMIT 1,1   [ RunTime:0.0020s ]
NOTIC: [8] Undefined index: header D:\ZBB\PHP\beauty\ThinkPHP\Library\Org\Beauty\AjaxPage.class.php 第 121 行.
SQL: SELECT COUNT(*) AS tp_count FROM `beauty_comment` WHERE `gid` = 1 AND `cosid` = 2 LIMIT 1   [ RunTime:0.0020s ]
SQL: SHOW COLUMNS FROM `beauty_comment` [ RunTime:0.0050s ]
SQL: SELECT c.content,c.cosid,c.coaddtime,c.response,c.id,u.username,u.imgpath,u.imgname,c.ml,c.readdtime,c.respid,cs.costatus,c.imageurl,c.imagename FROM beauty_comment c,beauty_user u,beauty_comment_status cs WHERE c.gid = '1' AND c.cosid = 2 AND ( c.mid=u.id and c.cosid=cs.id ) ORDER BY c.coaddtime desc LIMIT 1,1   [ RunTime:0.0010s ]
NOTIC: [8] Undefined index: header D:\ZBB\PHP\beauty\ThinkPHP\Library\Org\Beauty\AjaxPage.class.php 第 121 行.
SQL: SELECT COUNT(*) AS tp_count FROM `beauty_comment` WHERE `gid` = 1 AND `cosid` = 3 LIMIT 1   [ RunTime:0.0000s ]
SQL: SHOW COLUMNS FROM `beauty_comment` [ RunTime:0.0060s ]
SQL: SELECT c.content,c.cosid,c.coaddtime,c.response,c.id,u.username,u.imgpath,u.imgname,c.ml,c.readdtime,c.respid,cs.costatus,c.imageurl,c.imagename FROM beauty_comment c,beauty_user u,beauty_comment_status cs WHERE c.gid = '1' AND c.cosid = 3 AND ( c.mid=u.id and c.cosid=cs.id ) ORDER BY c.coaddtime desc LIMIT 1,1   [ RunTime:0.0010s ]
SQL: SELECT COUNT(*) AS tp_count FROM `beauty_comment` WHERE `gid` = 1 AND `isimage` = 1 LIMIT 1   [ RunTime:0.0010s ]
SQL: SHOW COLUMNS FROM `beauty_comment` [ RunTime:0.0050s ]
SQL: SELECT c.content,c.cosid,c.coaddtime,c.response,c.id,u.username,u.imgpath,u.imgname,c.ml,c.readdtime,c.respid,cs.costatus,c.imageurl,c.imagename FROM beauty_comment c,beauty_user u,beauty_comment_status cs WHERE c.gid = '1' AND c.isimage = 1 AND ( c.mid=u.id and c.cosid=cs.id ) ORDER BY c.coaddtime desc LIMIT 1,1   [ RunTime:0.0010s ]
NOTIC: [8] Undefined index: header D:\ZBB\PHP\beauty\ThinkPHP\Library\Org\Beauty\AjaxPage.class.php 第 121 行.
SQL: SELECT COUNT(*) AS tp_count FROM `beauty_comment` WHERE `gid` = 1 AND `zuijiacount` = 1 LIMIT 1   [ RunTime:0.0010s ]
SQL: SHOW COLUMNS FROM `beauty_comment` [ RunTime:0.0060s ]
SQL: SELECT c.content,c.cosid,c.coaddtime,c.response,c.id,u.username,u.imgpath,u.imgname,c.ml,c.readdtime,c.respid,cs.costatus,c.imageurl,c.imagename,c.picurl,c.picname,c.zuijia,c.zuijiatime FROM beauty_comment c,beauty_user u,beauty_comment_status cs WHERE c.gid = '1' AND c.zuijiacount = 1 AND ( c.mid=u.id and c.cosid=cs.id ) ORDER BY c.coaddtime desc LIMIT 1,1   [ RunTime:0.0020s ]
NOTIC: [8] Undefined index: header D:\ZBB\PHP\beauty\ThinkPHP\Library\Org\Beauty\AjaxPage.class.php 第 121 行.
INFO: [ view_parse ] --START--
INFO: [ template_filter ] --START--
INFO: Run Behavior\ContentReplaceBehavior [ RunTime:0.000000s ]
INFO: [ template_filter ] --END-- [ RunTime:0.000000s ]
NOTIC: [8] Undefined variable: val1 D:\ZBB\PHP\beauty\beauty\Runtime\Cache\Mobile\efe01ea4a3985e8979b5fa3e7f9ec270.php 第 16 行.
INFO: Run Behavior\ParseTemplateBehavior [ RunTime:0.009001s ]
INFO: [ view_parse ] --END-- [ RunTime:0.009001s ]
INFO: [ view_filter ] --START--
INFO: Run Behavior\WriteHtmlCacheBehavior [ RunTime:0.001000s ]
INFO: [ view_filter ] --END-- [ RunTime:0.001000s ]
INFO: [ app_end ] --START--
INFO: Run Behavior\ShowPageTraceBehavior [ RunTime:0.001000s ]
INFO: [ app_end ] --END-- [ RunTime:0.001000s ]

[ 2016-12-01T12:34:58+08:00 ] 127.0.0.1 /index.php/Mobile/Goods/allcomment.html?p=2&gid=1&cid=5
INFO: [ app_begin ] --START--
INFO: Run Behavior\ReadHtmlCacheBehavior [ RunTime:0.001000s ]
INFO: [ app_begin ] --END-- [ RunTime:0.002000s ]
SQL: SHOW COLUMNS FROM `beauty_comment` [ RunTime:0.0090s ]
SQL: SHOW COLUMNS FROM `beauty_comment` [ RunTime:0.0090s ]
SQL: SELECT COUNT(*) AS tp_count FROM `beauty_comment` WHERE `gid` = 1 LIMIT 1   [ RunTime:0.0010s ]
SQL: SHOW COLUMNS FROM `beauty_comment` [ RunTime:0.0070s ]
SQL: SELECT c.content,c.cosid,c.coaddtime,c.response,c.id,u.username,u.imgpath,u.imgname,c.ml,c.readdtime,c.respid,cs.costatus,c.imageurl,c.imagename FROM beauty_comment c,beauty_user u,beauty_comment_status cs WHERE c.gid = '1' AND ( c.mid=u.id and c.cosid=cs.id ) ORDER BY c.coaddtime desc LIMIT 1,1   [ RunTime:0.0020s ]
NOTIC: [8] Undefined index: header D:\ZBB\PHP\beauty\ThinkPHP\Library\Org\Beauty\AjaxPage.class.php 第 121 行.
SQL: SELECT COUNT(*) AS tp_count FROM `beauty_comment` WHERE `gid` = 1 AND `cosid` = 1 LIMIT 1   [ RunTime:0.0000s ]
SQL: SHOW COLUMNS FROM `beauty_comment` [ RunTime:0.0050s ]
SQL: SELECT c.content,c.cosid,c.coaddtime,c.response,c.id,u.username,u.imgpath,u.imgname,c.ml,c.readdtime,c.respid,cs.costatus,c.imageurl,c.imagename FROM beauty_comment c,beauty_user u,beauty_comment_status cs WHERE c.gid = '1' AND c.cosid = 1 AND ( c.mid=u.id and c.cosid=cs.id ) ORDER BY c.coaddtime desc LIMIT 1,1   [ RunTime:0.0010s ]
NOTIC: [8] Undefined index: header D:\ZBB\PHP\beauty\ThinkPHP\Library\Org\Beauty\AjaxPage.class.php 第 121 行.
SQL: SELECT COUNT(*) AS tp_count FROM `beauty_comment` WHERE `gid` = 1 AND `cosid` = 2 LIMIT 1   [ RunTime:0.0010s ]
SQL: SHOW COLUMNS FROM `beauty_comment` [ RunTime:0.0050s ]
SQL: SELECT c.content,c.cosid,c.coaddtime,c.response,c.id,u.username,u.imgpath,u.imgname,c.ml,c.readdtime,c.respid,cs.costatus,c.imageurl,c.imagename FROM beauty_comment c,beauty_user u,beauty_comment_status cs WHERE c.gid = '1' AND c.cosid = 2 AND ( c.mid=u.id and c.cosid=cs.id ) ORDER BY c.coaddtime desc LIMIT 1,1   [ RunTime:0.0020s ]
NOTIC: [8] Undefined index: header D:\ZBB\PHP\beauty\ThinkPHP\Library\Org\Beauty\AjaxPage.class.php 第 121 行.
SQL: SELECT COUNT(*) AS tp_count FROM `beauty_comment` WHERE `gid` = 1 AND `cosid` = 3 LIMIT 1   [ RunTime:0.0010s ]
SQL: SHOW COLUMNS FROM `beauty_comment` [ RunTime:0.0050s ]
SQL: SELECT c.content,c.cosid,c.coaddtime,c.response,c.id,u.username,u.imgpath,u.imgname,c.ml,c.readdtime,c.respid,cs.costatus,c.imageurl,c.imagename FROM beauty_comment c,beauty_user u,beauty_comment_status cs WHERE c.gid = '1' AND c.cosid = 3 AND ( c.mid=u.id and c.cosid=cs.id ) ORDER BY c.coaddtime desc LIMIT 1,1   [ RunTime:0.0010s ]
SQL: SELECT COUNT(*) AS tp_count FROM `beauty_comment` WHERE `gid` = 1 AND `isimage` = 1 LIMIT 1   [ RunTime:0.0000s ]
SQL: SHOW COLUMNS FROM `beauty_comment` [ RunTime:0.0050s ]
SQL: SELECT c.content,c.cosid,c.coaddtime,c.response,c.id,u.username,u.imgpath,u.imgname,c.ml,c.readdtime,c.respid,cs.costatus,c.imageurl,c.imagename FROM beauty_comment c,beauty_user u,beauty_comment_status cs WHERE c.gid = '1' AND c.isimage = 1 AND ( c.mid=u.id and c.cosid=cs.id ) ORDER BY c.coaddtime desc LIMIT 1,1   [ RunTime:0.0010s ]
NOTIC: [8] Undefined index: header D:\ZBB\PHP\beauty\ThinkPHP\Library\Org\Beauty\AjaxPage.class.php 第 121 行.
SQL: SELECT COUNT(*) AS tp_count FROM `beauty_comment` WHERE `gid` = 1 AND `zuijiacount` = 1 LIMIT 1   [ RunTime:0.0000s ]
SQL: SHOW COLUMNS FROM `beauty_comment` [ RunTime:0.0040s ]
SQL: SELECT c.content,c.cosid,c.coaddtime,c.response,c.id,u.username,u.imgpath,u.imgname,c.ml,c.readdtime,c.respid,cs.costatus,c.imageurl,c.imagename,c.picurl,c.picname,c.zuijia,c.zuijiatime FROM beauty_comment c,beauty_user u,beauty_comment_status cs WHERE c.gid = '1' AND c.zuijiacount = 1 AND ( c.mid=u.id and c.cosid=cs.id ) ORDER BY c.coaddtime desc LIMIT 1,1   [ RunTime:0.0020s ]
NOTIC: [8] Undefined index: header D:\ZBB\PHP\beauty\ThinkPHP\Library\Org\Beauty\AjaxPage.class.php 第 121 行.
INFO: [ view_parse ] --START--
INFO: [ template_filter ] --START--
INFO: Run Behavior\ContentReplaceBehavior [ RunTime:0.000000s ]
INFO: [ template_filter ] --END-- [ RunTime:0.000000s ]
NOTIC: [8] Undefined variable: val1 D:\ZBB\PHP\beauty\beauty\Runtime\Cache\Mobile\efe01ea4a3985e8979b5fa3e7f9ec270.php 第 16 行.
INFO: Run Behavior\ParseTemplateBehavior [ RunTime:0.012001s ]
INFO: [ view_parse ] --END-- [ RunTime:0.012001s ]
INFO: [ view_filter ] --START--
INFO: Run Behavior\WriteHtmlCacheBehavior [ RunTime:0.001000s ]
INFO: [ view_filter ] --END-- [ RunTime:0.001000s ]
INFO: [ app_end ] --START--
INFO: Run Behavior\ShowPageTraceBehavior [ RunTime:0.001000s ]
INFO: [ app_end ] --END-- [ RunTime:0.001000s ]

[ 2016-12-01T12:34:59+08:00 ] 127.0.0.1 /index.php/Mobile/Goods/allcomment.html?p=2&gid=1&cid=5
INFO: [ app_begin ] --START--
INFO: Run Behavior\ReadHtmlCacheBehavior [ RunTime:0.001000s ]
INFO: [ app_begin ] --END-- [ RunTime:0.001000s ]
SQL: SHOW COLUMNS FROM `beauty_comment` [ RunTime:0.0090s ]
SQL: SHOW COLUMNS FROM `beauty_comment` [ RunTime:0.0090s ]
SQL: SELECT COUNT(*) AS tp_count FROM `beauty_comment` WHERE `gid` = 1 LIMIT 1   [ RunTime:0.0010s ]
SQL: SHOW COLUMNS FROM `beauty_comment` [ RunTime:0.0090s ]
SQL: SELECT c.content,c.cosid,c.coaddtime,c.response,c.id,u.username,u.imgpath,u.imgname,c.ml,c.readdtime,c.respid,cs.costatus,c.imageurl,c.imagename FROM beauty_comment c,beauty_user u,beauty_comment_status cs WHERE c.gid = '1' AND ( c.mid=u.id and c.cosid=cs.id ) ORDER BY c.coaddtime desc LIMIT 1,1   [ RunTime:0.0030s ]
NOTIC: [8] Undefined index: header D:\ZBB\PHP\beauty\ThinkPHP\Library\Org\Beauty\AjaxPage.class.php 第 121 行.
SQL: SELECT COUNT(*) AS tp_count FROM `beauty_comment` WHERE `gid` = 1 AND `cosid` = 1 LIMIT 1   [ RunTime:0.0020s ]
SQL: SHOW COLUMNS FROM `beauty_comment` [ RunTime:0.0080s ]
SQL: SELECT c.content,c.cosid,c.coaddtime,c.response,c.id,u.username,u.imgpath,u.imgname,c.ml,c.readdtime,c.respid,cs.costatus,c.imageurl,c.imagename FROM beauty_comment c,beauty_user u,beauty_comment_status cs WHERE c.gid = '1' AND c.cosid = 1 AND ( c.mid=u.id and c.cosid=cs.id ) ORDER BY c.coaddtime desc LIMIT 1,1   [ RunTime:0.0010s ]
NOTIC: [8] Undefined index: header D:\ZBB\PHP\beauty\ThinkPHP\Library\Org\Beauty\AjaxPage.class.php 第 121 行.
SQL: SELECT COUNT(*) AS tp_count FROM `beauty_comment` WHERE `gid` = 1 AND `cosid` = 2 LIMIT 1   [ RunTime:0.0020s ]
SQL: SHOW COLUMNS FROM `beauty_comment` [ RunTime:0.0080s ]
SQL: SELECT c.content,c.cosid,c.coaddtime,c.response,c.id,u.username,u.imgpath,u.imgname,c.ml,c.readdtime,c.respid,cs.costatus,c.imageurl,c.imagename FROM beauty_comment c,beauty_user u,beauty_comment_status cs WHERE c.gid = '1' AND c.cosid = 2 AND ( c.mid=u.id and c.cosid=cs.id ) ORDER BY c.coaddtime desc LIMIT 1,1   [ RunTime:0.0020s ]
NOTIC: [8] Undefined index: header D:\ZBB\PHP\beauty\ThinkPHP\Library\Org\Beauty\AjaxPage.class.php 第 121 行.
SQL: SELECT COUNT(*) AS tp_count FROM `beauty_comment` WHERE `gid` = 1 AND `cosid` = 3 LIMIT 1   [ RunTime:0.0010s ]
SQL: SHOW COLUMNS FROM `beauty_comment` [ RunTime:0.0090s ]
SQL: SELECT c.content,c.cosid,c.coaddtime,c.response,c.id,u.username,u.imgpath,u.imgname,c.ml,c.readdtime,c.respid,cs.costatus,c.imageurl,c.imagename FROM beauty_comment c,beauty_user u,beauty_comment_status cs WHERE c.gid = '1' AND c.cosid = 3 AND ( c.mid=u.id and c.cosid=cs.id ) ORDER BY c.coaddtime desc LIMIT 1,1   [ RunTime:0.0010s ]
SQL: SELECT COUNT(*) AS tp_count FROM `beauty_comment` WHERE `gid` = 1 AND `isimage` = 1 LIMIT 1   [ RunTime:0.0000s ]
SQL: SHOW COLUMNS FROM `beauty_comment` [ RunTime:0.0090s ]
SQL: SELECT c.content,c.cosid,c.coaddtime,c.response,c.id,u.username,u.imgpath,u.imgname,c.ml,c.readdtime,c.respid,cs.costatus,c.imageurl,c.imagename FROM beauty_comment c,beauty_user u,beauty_comment_status cs WHERE c.gid = '1' AND c.isimage = 1 AND ( c.mid=u.id and c.cosid=cs.id ) ORDER BY c.coaddtime desc LIMIT 1,1   [ RunTime:0.0020s ]
NOTIC: [8] Undefined index: header D:\ZBB\PHP\beauty\ThinkPHP\Library\Org\Beauty\AjaxPage.class.php 第 121 行.
SQL: SELECT COUNT(*) AS tp_count FROM `beauty_comment` WHERE `gid` = 1 AND `zuijiacount` = 1 LIMIT 1   [ RunTime:0.0020s ]
SQL: SHOW COLUMNS FROM `beauty_comment` [ RunTime:0.0090s ]
SQL: SELECT c.content,c.cosid,c.coaddtime,c.response,c.id,u.username,u.imgpath,u.imgname,c.ml,c.readdtime,c.respid,cs.costatus,c.imageurl,c.imagename,c.picurl,c.picname,c.zuijia,c.zuijiatime FROM beauty_comment c,beauty_user u,beauty_comment_status cs WHERE c.gid = '1' AND c.zuijiacount = 1 AND ( c.mid=u.id and c.cosid=cs.id ) ORDER BY c.coaddtime desc LIMIT 1,1   [ RunTime:0.0020s ]
NOTIC: [8] Undefined index: header D:\ZBB\PHP\beauty\ThinkPHP\Library\Org\Beauty\AjaxPage.class.php 第 121 行.
INFO: [ view_parse ] --START--
INFO: [ template_filter ] --START--
INFO: Run Behavior\ContentReplaceBehavior [ RunTime:0.000000s ]
INFO: [ template_filter ] --END-- [ RunTime:0.000000s ]
NOTIC: [8] Undefined variable: val1 D:\ZBB\PHP\beauty\beauty\Runtime\Cache\Mobile\efe01ea4a3985e8979b5fa3e7f9ec270.php 第 16 行.
INFO: Run Behavior\ParseTemplateBehavior [ RunTime:0.012001s ]
INFO: [ view_parse ] --END-- [ RunTime:0.013001s ]
INFO: [ view_filter ] --START--
INFO: Run Behavior\WriteHtmlCacheBehavior [ RunTime:0.000000s ]
INFO: [ view_filter ] --END-- [ RunTime:0.000000s ]
INFO: [ app_end ] --START--
INFO: Run Behavior\ShowPageTraceBehavior [ RunTime:0.002000s ]
INFO: [ app_end ] --END-- [ RunTime:0.002000s ]

[ 2016-12-01T12:34:59+08:00 ] 127.0.0.1 /index.php/Mobile/Goods/allcomment.html?p=2&gid=1&cid=5
INFO: [ app_begin ] --START--
INFO: Run Behavior\ReadHtmlCacheBehavior [ RunTime:0.001000s ]
INFO: [ app_begin ] --END-- [ RunTime:0.002000s ]
SQL: SHOW COLUMNS FROM `beauty_comment` [ RunTime:0.0080s ]
SQL: SHOW COLUMNS FROM `beauty_comment` [ RunTime:0.0080s ]
SQL: SELECT COUNT(*) AS tp_count FROM `beauty_comment` WHERE `gid` = 1 LIMIT 1   [ RunTime:0.0020s ]
SQL: SHOW COLUMNS FROM `beauty_comment` [ RunTime:0.0090s ]
SQL: SELECT c.content,c.cosid,c.coaddtime,c.response,c.id,u.username,u.imgpath,u.imgname,c.ml,c.readdtime,c.respid,cs.costatus,c.imageurl,c.imagename FROM beauty_comment c,beauty_user u,beauty_comment_status cs WHERE c.gid = '1' AND ( c.mid=u.id and c.cosid=cs.id ) ORDER BY c.coaddtime desc LIMIT 1,1   [ RunTime:0.0020s ]
NOTIC: [8] Undefined index: header D:\ZBB\PHP\beauty\ThinkPHP\Library\Org\Beauty\AjaxPage.class.php 第 121 行.
SQL: SELECT COUNT(*) AS tp_count FROM `beauty_comment` WHERE `gid` = 1 AND `cosid` = 1 LIMIT 1   [ RunTime:0.0010s ]
SQL: SHOW COLUMNS FROM `beauty_comment` [ RunTime:0.0090s ]
SQL: SELECT c.content,c.cosid,c.coaddtime,c.response,c.id,u.username,u.imgpath,u.imgname,c.ml,c.readdtime,c.respid,cs.costatus,c.imageurl,c.imagename FROM beauty_comment c,beauty_user u,beauty_comment_status cs WHERE c.gid = '1' AND c.cosid = 1 AND ( c.mid=u.id and c.cosid=cs.id ) ORDER BY c.coaddtime desc LIMIT 1,1   [ RunTime:0.0010s ]
NOTIC: [8] Undefined index: header D:\ZBB\PHP\beauty\ThinkPHP\Library\Org\Beauty\AjaxPage.class.php 第 121 行.
SQL: SELECT COUNT(*) AS tp_count FROM `beauty_comment` WHERE `gid` = 1 AND `cosid` = 2 LIMIT 1   [ RunTime:0.0010s ]
SQL: SHOW COLUMNS FROM `beauty_comment` [ RunTime:0.0060s ]
SQL: SELECT c.content,c.cosid,c.coaddtime,c.response,c.id,u.username,u.imgpath,u.imgname,c.ml,c.readdtime,c.respid,cs.costatus,c.imageurl,c.imagename FROM beauty_comment c,beauty_user u,beauty_comment_status cs WHERE c.gid = '1' AND c.cosid = 2 AND ( c.mid=u.id and c.cosid=cs.id ) ORDER BY c.coaddtime desc LIMIT 1,1   [ RunTime:0.0010s ]
NOTIC: [8] Undefined index: header D:\ZBB\PHP\beauty\ThinkPHP\Library\Org\Beauty\AjaxPage.class.php 第 121 行.
SQL: SELECT COUNT(*) AS tp_count FROM `beauty_comment` WHERE `gid` = 1 AND `cosid` = 3 LIMIT 1   [ RunTime:0.0000s ]
SQL: SHOW COLUMNS FROM `beauty_comment` [ RunTime:0.0050s ]
SQL: SELECT c.content,c.cosid,c.coaddtime,c.response,c.id,u.username,u.imgpath,u.imgname,c.ml,c.readdtime,c.respid,cs.costatus,c.imageurl,c.imagename FROM beauty_comment c,beauty_user u,beauty_comment_status cs WHERE c.gid = '1' AND c.cosid = 3 AND ( c.mid=u.id and c.cosid=cs.id ) ORDER BY c.coaddtime desc LIMIT 1,1   [ RunTime:0.0020s ]
SQL: SELECT COUNT(*) AS tp_count FROM `beauty_comment` WHERE `gid` = 1 AND `isimage` = 1 LIMIT 1   [ RunTime:0.0010s ]
SQL: SHOW COLUMNS FROM `beauty_comment` [ RunTime:0.0060s ]
SQL: SELECT c.content,c.cosid,c.coaddtime,c.response,c.id,u.username,u.imgpath,u.imgname,c.ml,c.readdtime,c.respid,cs.costatus,c.imageurl,c.imagename FROM beauty_comment c,beauty_user u,beauty_comment_status cs WHERE c.gid = '1' AND c.isimage = 1 AND ( c.mid=u.id and c.cosid=cs.id ) ORDER BY c.coaddtime desc LIMIT 1,1   [ RunTime:0.0010s ]
NOTIC: [8] Undefined index: header D:\ZBB\PHP\beauty\ThinkPHP\Library\Org\Beauty\AjaxPage.class.php 第 121 行.
SQL: SELECT COUNT(*) AS tp_count FROM `beauty_comment` WHERE `gid` = 1 AND `zuijiacount` = 1 LIMIT 1   [ RunTime:0.0000s ]
SQL: SHOW COLUMNS FROM `beauty_comment` [ RunTime:0.0040s ]
SQL: SELECT c.content,c.cosid,c.coaddtime,c.response,c.id,u.username,u.imgpath,u.imgname,c.ml,c.readdtime,c.respid,cs.costatus,c.imageurl,c.imagename,c.picurl,c.picname,c.zuijia,c.zuijiatime FROM beauty_comment c,beauty_user u,beauty_comment_status cs WHERE c.gid = '1' AND c.zuijiacount = 1 AND ( c.mid=u.id and c.cosid=cs.id ) ORDER BY c.coaddtime desc LIMIT 1,1   [ RunTime:0.0020s ]
NOTIC: [8] Undefined index: header D:\ZBB\PHP\beauty\ThinkPHP\Library\Org\Beauty\AjaxPage.class.php 第 121 行.
INFO: [ view_parse ] --START--
INFO: [ template_filter ] --START--
INFO: Run Behavior\ContentReplaceBehavior [ RunTime:0.000000s ]
INFO: [ template_filter ] --END-- [ RunTime:0.000000s ]
NOTIC: [8] Undefined variable: val1 D:\ZBB\PHP\beauty\beauty\Runtime\Cache\Mobile\efe01ea4a3985e8979b5fa3e7f9ec270.php 第 16 行.
INFO: Run Behavior\ParseTemplateBehavior [ RunTime:0.012000s ]
INFO: [ view_parse ] --END-- [ RunTime:0.012000s ]
INFO: [ view_filter ] --START--
INFO: Run Behavior\WriteHtmlCacheBehavior [ RunTime:0.000000s ]
INFO: [ view_filter ] --END-- [ RunTime:0.001000s ]
INFO: [ app_end ] --START--
INFO: Run Behavior\ShowPageTraceBehavior [ RunTime:0.001000s ]
INFO: [ app_end ] --END-- [ RunTime:0.001000s ]

[ 2016-12-01T12:35:00+08:00 ] 127.0.0.1 /index.php/Mobile/Goods/allcomment.html?p=2&gid=1&cid=5
INFO: [ app_begin ] --START--
INFO: Run Behavior\ReadHtmlCacheBehavior [ RunTime:0.001000s ]
INFO: [ app_begin ] --END-- [ RunTime:0.001000s ]
SQL: SHOW COLUMNS FROM `beauty_comment` [ RunTime:0.0090s ]
SQL: SHOW COLUMNS FROM `beauty_comment` [ RunTime:0.0080s ]
SQL: SELECT COUNT(*) AS tp_count FROM `beauty_comment` WHERE `gid` = 1 LIMIT 1   [ RunTime:0.0020s ]
SQL: SHOW COLUMNS FROM `beauty_comment` [ RunTime:0.0090s ]
SQL: SELECT c.content,c.cosid,c.coaddtime,c.response,c.id,u.username,u.imgpath,u.imgname,c.ml,c.readdtime,c.respid,cs.costatus,c.imageurl,c.imagename FROM beauty_comment c,beauty_user u,beauty_comment_status cs WHERE c.gid = '1' AND ( c.mid=u.id and c.cosid=cs.id ) ORDER BY c.coaddtime desc LIMIT 1,1   [ RunTime:0.0020s ]
NOTIC: [8] Undefined index: header D:\ZBB\PHP\beauty\ThinkPHP\Library\Org\Beauty\AjaxPage.class.php 第 121 行.
SQL: SELECT COUNT(*) AS tp_count FROM `beauty_comment` WHERE `gid` = 1 AND `cosid` = 1 LIMIT 1   [ RunTime:0.0010s ]
SQL: SHOW COLUMNS FROM `beauty_comment` [ RunTime:0.0100s ]
SQL: SELECT c.content,c.cosid,c.coaddtime,c.response,c.id,u.username,u.imgpath,u.imgname,c.ml,c.readdtime,c.respid,cs.costatus,c.imageurl,c.imagename FROM beauty_comment c,beauty_user u,beauty_comment_status cs WHERE c.gid = '1' AND c.cosid = 1 AND ( c.mid=u.id and c.cosid=cs.id ) ORDER BY c.coaddtime desc LIMIT 1,1   [ RunTime:0.0020s ]
NOTIC: [8] Undefined index: header D:\ZBB\PHP\beauty\ThinkPHP\Library\Org\Beauty\AjaxPage.class.php 第 121 行.
SQL: SELECT COUNT(*) AS tp_count FROM `beauty_comment` WHERE `gid` = 1 AND `cosid` = 2 LIMIT 1   [ RunTime:0.0010s ]
SQL: SHOW COLUMNS FROM `beauty_comment` [ RunTime:0.0090s ]
SQL: SELECT c.content,c.cosid,c.coaddtime,c.response,c.id,u.username,u.imgpath,u.imgname,c.ml,c.readdtime,c.respid,cs.costatus,c.imageurl,c.imagename FROM beauty_comment c,beauty_user u,beauty_comment_status cs WHERE c.gid = '1' AND c.cosid = 2 AND ( c.mid=u.id and c.cosid=cs.id ) ORDER BY c.coaddtime desc LIMIT 1,1   [ RunTime:0.0020s ]
NOTIC: [8] Undefined index: header D:\ZBB\PHP\beauty\ThinkPHP\Library\Org\Beauty\AjaxPage.class.php 第 121 行.
SQL: SELECT COUNT(*) AS tp_count FROM `beauty_comment` WHERE `gid` = 1 AND `cosid` = 3 LIMIT 1   [ RunTime:0.0010s ]
SQL: SHOW COLUMNS FROM `beauty_comment` [ RunTime:0.0090s ]
SQL: SELECT c.content,c.cosid,c.coaddtime,c.response,c.id,u.username,u.imgpath,u.imgname,c.ml,c.readdtime,c.respid,cs.costatus,c.imageurl,c.imagename FROM beauty_comment c,beauty_user u,beauty_comment_status cs WHERE c.gid = '1' AND c.cosid = 3 AND ( c.mid=u.id and c.cosid=cs.id ) ORDER BY c.coaddtime desc LIMIT 1,1   [ RunTime:0.0010s ]
SQL: SELECT COUNT(*) AS tp_count FROM `beauty_comment` WHERE `gid` = 1 AND `isimage` = 1 LIMIT 1   [ RunTime:0.0000s ]
SQL: SHOW COLUMNS FROM `beauty_comment` [ RunTime:0.0080s ]
SQL: SELECT c.content,c.cosid,c.coaddtime,c.response,c.id,u.username,u.imgpath,u.imgname,c.ml,c.readdtime,c.respid,cs.costatus,c.imageurl,c.imagename FROM beauty_comment c,beauty_user u,beauty_comment_status cs WHERE c.gid = '1' AND c.isimage = 1 AND ( c.mid=u.id and c.cosid=cs.id ) ORDER BY c.coaddtime desc LIMIT 1,1   [ RunTime:0.0010s ]
NOTIC: [8] Undefined index: header D:\ZBB\PHP\beauty\ThinkPHP\Library\Org\Beauty\AjaxPage.class.php 第 121 行.
SQL: SELECT COUNT(*) AS tp_count FROM `beauty_comment` WHERE `gid` = 1 AND `zuijiacount` = 1 LIMIT 1   [ RunTime:0.0010s ]
SQL: SHOW COLUMNS FROM `beauty_comment` [ RunTime:0.0050s ]
SQL: SELECT c.content,c.cosid,c.coaddtime,c.response,c.id,u.username,u.imgpath,u.imgname,c.ml,c.readdtime,c.respid,cs.costatus,c.imageurl,c.imagename,c.picurl,c.picname,c.zuijia,c.zuijiatime FROM beauty_comment c,beauty_user u,beauty_comment_status cs WHERE c.gid = '1' AND c.zuijiacount = 1 AND ( c.mid=u.id and c.cosid=cs.id ) ORDER BY c.coaddtime desc LIMIT 1,1   [ RunTime:0.0010s ]
NOTIC: [8] Undefined index: header D:\ZBB\PHP\beauty\ThinkPHP\Library\Org\Beauty\AjaxPage.class.php 第 121 行.
INFO: [ view_parse ] --START--
INFO: [ template_filter ] --START--
INFO: Run Behavior\ContentReplaceBehavior [ RunTime:0.000000s ]
INFO: [ template_filter ] --END-- [ RunTime:0.000000s ]
NOTIC: [8] Undefined variable: val1 D:\ZBB\PHP\beauty\beauty\Runtime\Cache\Mobile\efe01ea4a3985e8979b5fa3e7f9ec270.php 第 16 行.
INFO: Run Behavior\ParseTemplateBehavior [ RunTime:0.011000s ]
INFO: [ view_parse ] --END-- [ RunTime:0.011000s ]
INFO: [ view_filter ] --START--
INFO: Run Behavior\WriteHtmlCacheBehavior [ RunTime:0.001000s ]
INFO: [ view_filter ] --END-- [ RunTime:0.001000s ]
INFO: [ app_end ] --START--
INFO: Run Behavior\ShowPageTraceBehavior [ RunTime:0.000000s ]
INFO: [ app_end ] --END-- [ RunTime:0.000000s ]

[ 2016-12-01T12:35:04+08:00 ] 127.0.0.1 /index.php/Mobile/Goods/allcomment.html?p=2&gid=1&cid=5
INFO: [ app_begin ] --START--
INFO: Run Behavior\ReadHtmlCacheBehavior [ RunTime:0.000000s ]
INFO: [ app_begin ] --END-- [ RunTime:0.000000s ]
SQL: SHOW COLUMNS FROM `beauty_comment` [ RunTime:0.0090s ]
SQL: SHOW COLUMNS FROM `beauty_comment` [ RunTime:0.0080s ]
SQL: SELECT COUNT(*) AS tp_count FROM `beauty_comment` WHERE `gid` = 1 LIMIT 1   [ RunTime:0.0010s ]
SQL: SHOW COLUMNS FROM `beauty_comment` [ RunTime:0.0070s ]
SQL: SELECT c.content,c.cosid,c.coaddtime,c.response,c.id,u.username,u.imgpath,u.imgname,c.ml,c.readdtime,c.respid,cs.costatus,c.imageurl,c.imagename FROM beauty_comment c,beauty_user u,beauty_comment_status cs WHERE c.gid = '1' AND ( c.mid=u.id and c.cosid=cs.id ) ORDER BY c.coaddtime desc LIMIT 1,1   [ RunTime:0.0020s ]
NOTIC: [8] Undefined index: header D:\ZBB\PHP\beauty\ThinkPHP\Library\Org\Beauty\AjaxPage.class.php 第 121 行.
SQL: SELECT COUNT(*) AS tp_count FROM `beauty_comment` WHERE `gid` = 1 AND `cosid` = 1 LIMIT 1   [ RunTime:0.0010s ]
SQL: SHOW COLUMNS FROM `beauty_comment` [ RunTime:0.0050s ]
SQL: SELECT c.content,c.cosid,c.coaddtime,c.response,c.id,u.username,u.imgpath,u.imgname,c.ml,c.readdtime,c.respid,cs.costatus,c.imageurl,c.imagename FROM beauty_comment c,beauty_user u,beauty_comment_status cs WHERE c.gid = '1' AND c.cosid = 1 AND ( c.mid=u.id and c.cosid=cs.id ) ORDER BY c.coaddtime desc LIMIT 1,1   [ RunTime:0.0020s ]
NOTIC: [8] Undefined index: header D:\ZBB\PHP\beauty\ThinkPHP\Library\Org\Beauty\AjaxPage.class.php 第 121 行.
SQL: SELECT COUNT(*) AS tp_count FROM `beauty_comment` WHERE `gid` = 1 AND `cosid` = 2 LIMIT 1   [ RunTime:0.0020s ]
SQL: SHOW COLUMNS FROM `beauty_comment` [ RunTime:0.0050s ]
SQL: SELECT c.content,c.cosid,c.coaddtime,c.response,c.id,u.username,u.imgpath,u.imgname,c.ml,c.readdtime,c.respid,cs.costatus,c.imageurl,c.imagename FROM beauty_comment c,beauty_user u,beauty_comment_status cs WHERE c.gid = '1' AND c.cosid = 2 AND ( c.mid=u.id and c.cosid=cs.id ) ORDER BY c.coaddtime desc LIMIT 1,1   [ RunTime:0.0010s ]
NOTIC: [8] Undefined index: header D:\ZBB\PHP\beauty\ThinkPHP\Library\Org\Beauty\AjaxPage.class.php 第 121 行.
SQL: SELECT COUNT(*) AS tp_count FROM `beauty_comment` WHERE `gid` = 1 AND `cosid` = 3 LIMIT 1   [ RunTime:0.0000s ]
SQL: SHOW COLUMNS FROM `beauty_comment` [ RunTime:0.0050s ]
SQL: SELECT c.content,c.cosid,c.coaddtime,c.response,c.id,u.username,u.imgpath,u.imgname,c.ml,c.readdtime,c.respid,cs.costatus,c.imageurl,c.imagename FROM beauty_comment c,beauty_user u,beauty_comment_status cs WHERE c.gid = '1' AND c.cosid = 3 AND ( c.mid=u.id and c.cosid=cs.id ) ORDER BY c.coaddtime desc LIMIT 1,1   [ RunTime:0.0010s ]
SQL: SELECT COUNT(*) AS tp_count FROM `beauty_comment` WHERE `gid` = 1 AND `isimage` = 1 LIMIT 1   [ RunTime:0.0000s ]
SQL: SHOW COLUMNS FROM `beauty_comment` [ RunTime:0.0060s ]
SQL: SELECT c.content,c.cosid,c.coaddtime,c.response,c.id,u.username,u.imgpath,u.imgname,c.ml,c.readdtime,c.respid,cs.costatus,c.imageurl,c.imagename FROM beauty_comment c,beauty_user u,beauty_comment_status cs WHERE c.gid = '1' AND c.isimage = 1 AND ( c.mid=u.id and c.cosid=cs.id ) ORDER BY c.coaddtime desc LIMIT 1,1   [ RunTime:0.0010s ]
NOTIC: [8] Undefined index: header D:\ZBB\PHP\beauty\ThinkPHP\Library\Org\Beauty\AjaxPage.class.php 第 121 行.
SQL: SELECT COUNT(*) AS tp_count FROM `beauty_comment` WHERE `gid` = 1 AND `zuijiacount` = 1 LIMIT 1   [ RunTime:0.0000s ]
SQL: SHOW COLUMNS FROM `beauty_comment` [ RunTime:0.0040s ]
SQL: SELECT c.content,c.cosid,c.coaddtime,c.response,c.id,u.username,u.imgpath,u.imgname,c.ml,c.readdtime,c.respid,cs.costatus,c.imageurl,c.imagename,c.picurl,c.picname,c.zuijia,c.zuijiatime FROM beauty_comment c,beauty_user u,beauty_comment_status cs WHERE c.gid = '1' AND c.zuijiacount = 1 AND ( c.mid=u.id and c.cosid=cs.id ) ORDER BY c.coaddtime desc LIMIT 1,1   [ RunTime:0.0010s ]
NOTIC: [8] Undefined index: header D:\ZBB\PHP\beauty\ThinkPHP\Library\Org\Beauty\AjaxPage.class.php 第 121 行.
INFO: [ view_parse ] --START--
INFO: [ template_filter ] --START--
INFO: Run Behavior\ContentReplaceBehavior [ RunTime:0.000000s ]
INFO: [ template_filter ] --END-- [ RunTime:0.000000s ]
NOTIC: [8] Undefined variable: val1 D:\ZBB\PHP\beauty\beauty\Runtime\Cache\Mobile\efe01ea4a3985e8979b5fa3e7f9ec270.php 第 16 行.
INFO: Run Behavior\ParseTemplateBehavior [ RunTime:0.010000s ]
INFO: [ view_parse ] --END-- [ RunTime:0.010000s ]
INFO: [ view_filter ] --START--
INFO: Run Behavior\WriteHtmlCacheBehavior [ RunTime:0.001000s ]
INFO: [ view_filter ] --END-- [ RunTime:0.001000s ]
INFO: [ app_end ] --START--
INFO: Run Behavior\ShowPageTraceBehavior [ RunTime:0.001001s ]
INFO: [ app_end ] --END-- [ RunTime:0.001001s ]

[ 2016-12-01T12:35:04+08:00 ] 127.0.0.1 /index.php/Mobile/Goods/allcomment.html?p=2&gid=1&cid=5
INFO: [ app_begin ] --START--
INFO: Run Behavior\ReadHtmlCacheBehavior [ RunTime:0.001000s ]
INFO: [ app_begin ] --END-- [ RunTime:0.001000s ]
SQL: SHOW COLUMNS FROM `beauty_comment` [ RunTime:0.0090s ]
SQL: SHOW COLUMNS FROM `beauty_comment` [ RunTime:0.0090s ]
SQL: SELECT COUNT(*) AS tp_count FROM `beauty_comment` WHERE `gid` = 1 LIMIT 1   [ RunTime:0.0010s ]
SQL: SHOW COLUMNS FROM `beauty_comment` [ RunTime:0.0080s ]
SQL: SELECT c.content,c.cosid,c.coaddtime,c.response,c.id,u.username,u.imgpath,u.imgname,c.ml,c.readdtime,c.respid,cs.costatus,c.imageurl,c.imagename FROM beauty_comment c,beauty_user u,beauty_comment_status cs WHERE c.gid = '1' AND ( c.mid=u.id and c.cosid=cs.id ) ORDER BY c.coaddtime desc LIMIT 1,1   [ RunTime:0.0010s ]
NOTIC: [8] Undefined index: header D:\ZBB\PHP\beauty\ThinkPHP\Library\Org\Beauty\AjaxPage.class.php 第 121 行.
SQL: SELECT COUNT(*) AS tp_count FROM `beauty_comment` WHERE `gid` = 1 AND `cosid` = 1 LIMIT 1   [ RunTime:0.0000s ]
SQL: SHOW COLUMNS FROM `beauty_comment` [ RunTime:0.0080s ]
SQL: SELECT c.content,c.cosid,c.coaddtime,c.response,c.id,u.username,u.imgpath,u.imgname,c.ml,c.readdtime,c.respid,cs.costatus,c.imageurl,c.imagename FROM beauty_comment c,beauty_user u,beauty_comment_status cs WHERE c.gid = '1' AND c.cosid = 1 AND ( c.mid=u.id and c.cosid=cs.id ) ORDER BY c.coaddtime desc LIMIT 1,1   [ RunTime:0.0020s ]
NOTIC: [8] Undefined index: header D:\ZBB\PHP\beauty\ThinkPHP\Library\Org\Beauty\AjaxPage.class.php 第 121 行.
SQL: SELECT COUNT(*) AS tp_count FROM `beauty_comment` WHERE `gid` = 1 AND `cosid` = 2 LIMIT 1   [ RunTime:0.0010s ]
SQL: SHOW COLUMNS FROM `beauty_comment` [ RunTime:0.0060s ]
SQL: SELECT c.content,c.cosid,c.coaddtime,c.response,c.id,u.username,u.imgpath,u.imgname,c.ml,c.readdtime,c.respid,cs.costatus,c.imageurl,c.imagename FROM beauty_comment c,beauty_user u,beauty_comment_status cs WHERE c.gid = '1' AND c.cosid = 2 AND ( c.mid=u.id and c.cosid=cs.id ) ORDER BY c.coaddtime desc LIMIT 1,1   [ RunTime:0.0010s ]
NOTIC: [8] Undefined index: header D:\ZBB\PHP\beauty\ThinkPHP\Library\Org\Beauty\AjaxPage.class.php 第 121 行.
SQL: SELECT COUNT(*) AS tp_count FROM `beauty_comment` WHERE `gid` = 1 AND `cosid` = 3 LIMIT 1   [ RunTime:0.0000s ]
SQL: SHOW COLUMNS FROM `beauty_comment` [ RunTime:0.0060s ]
SQL: SELECT c.content,c.cosid,c.coaddtime,c.response,c.id,u.username,u.imgpath,u.imgname,c.ml,c.readdtime,c.respid,cs.costatus,c.imageurl,c.imagename FROM beauty_comment c,beauty_user u,beauty_comment_status cs WHERE c.gid = '1' AND c.cosid = 3 AND ( c.mid=u.id and c.cosid=cs.id ) ORDER BY c.coaddtime desc LIMIT 1,1   [ RunTime:0.0010s ]
SQL: SELECT COUNT(*) AS tp_count FROM `beauty_comment` WHERE `gid` = 1 AND `isimage` = 1 LIMIT 1   [ RunTime:0.0010s ]
SQL: SHOW COLUMNS FROM `beauty_comment` [ RunTime:0.0060s ]
SQL: SELECT c.content,c.cosid,c.coaddtime,c.response,c.id,u.username,u.imgpath,u.imgname,c.ml,c.readdtime,c.respid,cs.costatus,c.imageurl,c.imagename FROM beauty_comment c,beauty_user u,beauty_comment_status cs WHERE c.gid = '1' AND c.isimage = 1 AND ( c.mid=u.id and c.cosid=cs.id ) ORDER BY c.coaddtime desc LIMIT 1,1   [ RunTime:0.0020s ]
NOTIC: [8] Undefined index: header D:\ZBB\PHP\beauty\ThinkPHP\Library\Org\Beauty\AjaxPage.class.php 第 121 行.
SQL: SELECT COUNT(*) AS tp_count FROM `beauty_comment` WHERE `gid` = 1 AND `zuijiacount` = 1 LIMIT 1   [ RunTime:0.0010s ]
SQL: SHOW COLUMNS FROM `beauty_comment` [ RunTime:0.0060s ]
SQL: SELECT c.content,c.cosid,c.coaddtime,c.response,c.id,u.username,u.imgpath,u.imgname,c.ml,c.readdtime,c.respid,cs.costatus,c.imageurl,c.imagename,c.picurl,c.picname,c.zuijia,c.zuijiatime FROM beauty_comment c,beauty_user u,beauty_comment_status cs WHERE c.gid = '1' AND c.zuijiacount = 1 AND ( c.mid=u.id and c.cosid=cs.id ) ORDER BY c.coaddtime desc LIMIT 1,1   [ RunTime:0.0020s ]
NOTIC: [8] Undefined index: header D:\ZBB\PHP\beauty\ThinkPHP\Library\Org\Beauty\AjaxPage.class.php 第 121 行.
INFO: [ view_parse ] --START--
INFO: [ template_filter ] --START--
INFO: Run Behavior\ContentReplaceBehavior [ RunTime:0.000000s ]
INFO: [ template_filter ] --END-- [ RunTime:0.000000s ]
NOTIC: [8] Undefined variable: val1 D:\ZBB\PHP\beauty\beauty\Runtime\Cache\Mobile\efe01ea4a3985e8979b5fa3e7f9ec270.php 第 16 行.
INFO: Run Behavior\ParseTemplateBehavior [ RunTime:0.013001s ]
INFO: [ view_parse ] --END-- [ RunTime:0.013001s ]
INFO: [ view_filter ] --START--
INFO: Run Behavior\WriteHtmlCacheBehavior [ RunTime:0.000000s ]
INFO: [ view_filter ] --END-- [ RunTime:0.000000s ]
INFO: [ app_end ] --START--
INFO: Run Behavior\ShowPageTraceBehavior [ RunTime:0.001000s ]
INFO: [ app_end ] --END-- [ RunTime:0.001000s ]

[ 2016-12-01T12:35:04+08:00 ] 127.0.0.1 /index.php/Mobile/Goods/allcomment.html?p=2&gid=1&cid=5
INFO: [ app_begin ] --START--
INFO: Run Behavior\ReadHtmlCacheBehavior [ RunTime:0.001000s ]
INFO: [ app_begin ] --END-- [ RunTime:0.002000s ]
SQL: SHOW COLUMNS FROM `beauty_comment` [ RunTime:0.0090s ]
SQL: SHOW COLUMNS FROM `beauty_comment` [ RunTime:0.0090s ]
SQL: SELECT COUNT(*) AS tp_count FROM `beauty_comment` WHERE `gid` = 1 LIMIT 1   [ RunTime:0.0000s ]
SQL: SHOW COLUMNS FROM `beauty_comment` [ RunTime:0.0080s ]
SQL: SELECT c.content,c.cosid,c.coaddtime,c.response,c.id,u.username,u.imgpath,u.imgname,c.ml,c.readdtime,c.respid,cs.costatus,c.imageurl,c.imagename FROM beauty_comment c,beauty_user u,beauty_comment_status cs WHERE c.gid = '1' AND ( c.mid=u.id and c.cosid=cs.id ) ORDER BY c.coaddtime desc LIMIT 1,1   [ RunTime:0.0020s ]
NOTIC: [8] Undefined index: header D:\ZBB\PHP\beauty\ThinkPHP\Library\Org\Beauty\AjaxPage.class.php 第 121 行.
SQL: SELECT COUNT(*) AS tp_count FROM `beauty_comment` WHERE `gid` = 1 AND `cosid` = 1 LIMIT 1   [ RunTime:0.0000s ]
SQL: SHOW COLUMNS FROM `beauty_comment` [ RunTime:0.0030s ]
SQL: SELECT c.content,c.cosid,c.coaddtime,c.response,c.id,u.username,u.imgpath,u.imgname,c.ml,c.readdtime,c.respid,cs.costatus,c.imageurl,c.imagename FROM beauty_comment c,beauty_user u,beauty_comment_status cs WHERE c.gid = '1' AND c.cosid = 1 AND ( c.mid=u.id and c.cosid=cs.id ) ORDER BY c.coaddtime desc LIMIT 1,1   [ RunTime:0.0010s ]
NOTIC: [8] Undefined index: header D:\ZBB\PHP\beauty\ThinkPHP\Library\Org\Beauty\AjaxPage.class.php 第 121 行.
SQL: SELECT COUNT(*) AS tp_count FROM `beauty_comment` WHERE `gid` = 1 AND `cosid` = 2 LIMIT 1   [ RunTime:0.0010s ]
SQL: SHOW COLUMNS FROM `beauty_comment` [ RunTime:0.0050s ]
SQL: SELECT c.content,c.cosid,c.coaddtime,c.response,c.id,u.username,u.imgpath,u.imgname,c.ml,c.readdtime,c.respid,cs.costatus,c.imageurl,c.imagename FROM beauty_comment c,beauty_user u,beauty_comment_status cs WHERE c.gid = '1' AND c.cosid = 2 AND ( c.mid=u.id and c.cosid=cs.id ) ORDER BY c.coaddtime desc LIMIT 1,1   [ RunTime:0.0020s ]
NOTIC: [8] Undefined index: header D:\ZBB\PHP\beauty\ThinkPHP\Library\Org\Beauty\AjaxPage.class.php 第 121 行.
SQL: SELECT COUNT(*) AS tp_count FROM `beauty_comment` WHERE `gid` = 1 AND `cosid` = 3 LIMIT 1   [ RunTime:0.0010s ]
SQL: SHOW COLUMNS FROM `beauty_comment` [ RunTime:0.0040s ]
SQL: SELECT c.content,c.cosid,c.coaddtime,c.response,c.id,u.username,u.imgpath,u.imgname,c.ml,c.readdtime,c.respid,cs.costatus,c.imageurl,c.imagename FROM beauty_comment c,beauty_user u,beauty_comment_status cs WHERE c.gid = '1' AND c.cosid = 3 AND ( c.mid=u.id and c.cosid=cs.id ) ORDER BY c.coaddtime desc LIMIT 1,1   [ RunTime:0.0010s ]
SQL: SELECT COUNT(*) AS tp_count FROM `beauty_comment` WHERE `gid` = 1 AND `isimage` = 1 LIMIT 1   [ RunTime:0.0010s ]
SQL: SHOW COLUMNS FROM `beauty_comment` [ RunTime:0.0050s ]
SQL: SELECT c.content,c.cosid,c.coaddtime,c.response,c.id,u.username,u.imgpath,u.imgname,c.ml,c.readdtime,c.respid,cs.costatus,c.imageurl,c.imagename FROM beauty_comment c,beauty_user u,beauty_comment_status cs WHERE c.gid = '1' AND c.isimage = 1 AND ( c.mid=u.id and c.cosid=cs.id ) ORDER BY c.coaddtime desc LIMIT 1,1   [ RunTime:0.0020s ]
NOTIC: [8] Undefined index: header D:\ZBB\PHP\beauty\ThinkPHP\Library\Org\Beauty\AjaxPage.class.php 第 121 行.
SQL: SELECT COUNT(*) AS tp_count FROM `beauty_comment` WHERE `gid` = 1 AND `zuijiacount` = 1 LIMIT 1   [ RunTime:0.0010s ]
SQL: SHOW COLUMNS FROM `beauty_comment` [ RunTime:0.0040s ]
SQL: SELECT c.content,c.cosid,c.coaddtime,c.response,c.id,u.username,u.imgpath,u.imgname,c.ml,c.readdtime,c.respid,cs.costatus,c.imageurl,c.imagename,c.picurl,c.picname,c.zuijia,c.zuijiatime FROM beauty_comment c,beauty_user u,beauty_comment_status cs WHERE c.gid = '1' AND c.zuijiacount = 1 AND ( c.mid=u.id and c.cosid=cs.id ) ORDER BY c.coaddtime desc LIMIT 1,1   [ RunTime:0.0010s ]
NOTIC: [8] Undefined index: header D:\ZBB\PHP\beauty\ThinkPHP\Library\Org\Beauty\AjaxPage.class.php 第 121 行.
INFO: [ view_parse ] --START--
INFO: [ template_filter ] --START--
INFO: Run Behavior\ContentReplaceBehavior [ RunTime:0.000000s ]
INFO: [ template_filter ] --END-- [ RunTime:0.000000s ]
NOTIC: [8] Undefined variable: val1 D:\ZBB\PHP\beauty\beauty\Runtime\Cache\Mobile\efe01ea4a3985e8979b5fa3e7f9ec270.php 第 16 行.
INFO: Run Behavior\ParseTemplateBehavior [ RunTime:0.012000s ]
INFO: [ view_parse ] --END-- [ RunTime:0.012000s ]
INFO: [ view_filter ] --START--
INFO: Run Behavior\WriteHtmlCacheBehavior [ RunTime:0.001000s ]
INFO: [ view_filter ] --END-- [ RunTime:0.001000s ]
INFO: [ app_end ] --START--
INFO: Run Behavior\ShowPageTraceBehavior [ RunTime:0.001000s ]
INFO: [ app_end ] --END-- [ RunTime:0.001000s ]

[ 2016-12-01T12:36:01+08:00 ] 127.0.0.1 /index.php/Mobile/Goods/allcomment.html?p=2&gid=1&cid=5
INFO: [ app_begin ] --START--
INFO: Run Behavior\ReadHtmlCacheBehavior [ RunTime:0.001000s ]
INFO: [ app_begin ] --END-- [ RunTime:0.001000s ]
SQL: SHOW COLUMNS FROM `beauty_comment` [ RunTime:0.0090s ]
SQL: SHOW COLUMNS FROM `beauty_comment` [ RunTime:0.0080s ]
SQL: SELECT COUNT(*) AS tp_count FROM `beauty_comment` WHERE `gid` = 1 LIMIT 1   [ RunTime:0.0010s ]
SQL: SHOW COLUMNS FROM `beauty_comment` [ RunTime:0.0090s ]
SQL: SELECT c.content,c.cosid,c.coaddtime,c.response,c.id,u.username,u.imgpath,u.imgname,c.ml,c.readdtime,c.respid,cs.costatus,c.imageurl,c.imagename FROM beauty_comment c,beauty_user u,beauty_comment_status cs WHERE c.gid = '1' AND ( c.mid=u.id and c.cosid=cs.id ) ORDER BY c.coaddtime desc LIMIT 1,1   [ RunTime:0.0020s ]
NOTIC: [8] Undefined index: header D:\ZBB\PHP\beauty\ThinkPHP\Library\Org\Beauty\AjaxPage.class.php 第 121 行.
SQL: SELECT COUNT(*) AS tp_count FROM `beauty_comment` WHERE `gid` = 1 AND `cosid` = 1 LIMIT 1   [ RunTime:0.0020s ]
SQL: SHOW COLUMNS FROM `beauty_comment` [ RunTime:0.0080s ]
SQL: SELECT c.content,c.cosid,c.coaddtime,c.response,c.id,u.username,u.imgpath,u.imgname,c.ml,c.readdtime,c.respid,cs.costatus,c.imageurl,c.imagename FROM beauty_comment c,beauty_user u,beauty_comment_status cs WHERE c.gid = '1' AND c.cosid = 1 AND ( c.mid=u.id and c.cosid=cs.id ) ORDER BY c.coaddtime desc LIMIT 1,1   [ RunTime:0.0010s ]
NOTIC: [8] Undefined index: header D:\ZBB\PHP\beauty\ThinkPHP\Library\Org\Beauty\AjaxPage.class.php 第 121 行.
SQL: SELECT COUNT(*) AS tp_count FROM `beauty_comment` WHERE `gid` = 1 AND `cosid` = 2 LIMIT 1   [ RunTime:0.0000s ]
SQL: SHOW COLUMNS FROM `beauty_comment` [ RunTime:0.0090s ]
SQL: SELECT c.content,c.cosid,c.coaddtime,c.response,c.id,u.username,u.imgpath,u.imgname,c.ml,c.readdtime,c.respid,cs.costatus,c.imageurl,c.imagename FROM beauty_comment c,beauty_user u,beauty_comment_status cs WHERE c.gid = '1' AND c.cosid = 2 AND ( c.mid=u.id and c.cosid=cs.id ) ORDER BY c.coaddtime desc LIMIT 1,1   [ RunTime:0.0010s ]
NOTIC: [8] Undefined index: header D:\ZBB\PHP\beauty\ThinkPHP\Library\Org\Beauty\AjaxPage.class.php 第 121 行.
SQL: SELECT COUNT(*) AS tp_count FROM `beauty_comment` WHERE `gid` = 1 AND `cosid` = 3 LIMIT 1   [ RunTime:0.0010s ]
SQL: SHOW COLUMNS FROM `beauty_comment` [ RunTime:0.0080s ]
SQL: SELECT c.content,c.cosid,c.coaddtime,c.response,c.id,u.username,u.imgpath,u.imgname,c.ml,c.readdtime,c.respid,cs.costatus,c.imageurl,c.imagename FROM beauty_comment c,beauty_user u,beauty_comment_status cs WHERE c.gid = '1' AND c.cosid = 3 AND ( c.mid=u.id and c.cosid=cs.id ) ORDER BY c.coaddtime desc LIMIT 1,1   [ RunTime:0.0020s ]
SQL: SELECT COUNT(*) AS tp_count FROM `beauty_comment` WHERE `gid` = 1 AND `isimage` = 1 LIMIT 1   [ RunTime:0.0010s ]
SQL: SHOW COLUMNS FROM `beauty_comment` [ RunTime:0.0050s ]
SQL: SELECT c.content,c.cosid,c.coaddtime,c.response,c.id,u.username,u.imgpath,u.imgname,c.ml,c.readdtime,c.respid,cs.costatus,c.imageurl,c.imagename FROM beauty_comment c,beauty_user u,beauty_comment_status cs WHERE c.gid = '1' AND c.isimage = 1 AND ( c.mid=u.id and c.cosid=cs.id ) ORDER BY c.coaddtime desc LIMIT 1,1   [ RunTime:0.0010s ]
NOTIC: [8] Undefined index: header D:\ZBB\PHP\beauty\ThinkPHP\Library\Org\Beauty\AjaxPage.class.php 第 121 行.
SQL: SELECT COUNT(*) AS tp_count FROM `beauty_comment` WHERE `gid` = 1 AND `zuijiacount` = 1 LIMIT 1   [ RunTime:0.0000s ]
SQL: SHOW COLUMNS FROM `beauty_comment` [ RunTime:0.0060s ]
SQL: SELECT c.content,c.cosid,c.coaddtime,c.response,c.id,u.username,u.imgpath,u.imgname,c.ml,c.readdtime,c.respid,cs.costatus,c.imageurl,c.imagename,c.picurl,c.picname,c.zuijia,c.zuijiatime FROM beauty_comment c,beauty_user u,beauty_comment_status cs WHERE c.gid = '1' AND c.zuijiacount = 1 AND ( c.mid=u.id and c.cosid=cs.id ) ORDER BY c.coaddtime desc LIMIT 1,1   [ RunTime:0.0010s ]
NOTIC: [8] Undefined index: header D:\ZBB\PHP\beauty\ThinkPHP\Library\Org\Beauty\AjaxPage.class.php 第 121 行.
INFO: [ view_parse ] --START--
INFO: [ template_filter ] --START--
INFO: Run Behavior\ContentReplaceBehavior [ RunTime:0.000000s ]
INFO: [ template_filter ] --END-- [ RunTime:0.000000s ]
NOTIC: [8] Undefined variable: val1 D:\ZBB\PHP\beauty\beauty\Runtime\Cache\Mobile\efe01ea4a3985e8979b5fa3e7f9ec270.php 第 16 行.
INFO: Run Behavior\ParseTemplateBehavior [ RunTime:0.011001s ]
INFO: [ view_parse ] --END-- [ RunTime:0.011001s ]
INFO: [ view_filter ] --START--
INFO: Run Behavior\WriteHtmlCacheBehavior [ RunTime:0.000000s ]
INFO: [ view_filter ] --END-- [ RunTime:0.000000s ]
INFO: [ app_end ] --START--
INFO: Run Behavior\ShowPageTraceBehavior [ RunTime:0.001000s ]
INFO: [ app_end ] --END-- [ RunTime:0.001000s ]

[ 2016-12-01T12:36:02+08:00 ] 127.0.0.1 /index.php/Mobile/Goods/allcomment.html?p=3&gid=1&cid=5
INFO: [ app_begin ] --START--
INFO: Run Behavior\ReadHtmlCacheBehavior [ RunTime:0.001000s ]
INFO: [ app_begin ] --END-- [ RunTime:0.002000s ]
SQL: SHOW COLUMNS FROM `beauty_comment` [ RunTime:0.0100s ]
SQL: SHOW COLUMNS FROM `beauty_comment` [ RunTime:0.0090s ]
SQL: SELECT COUNT(*) AS tp_count FROM `beauty_comment` WHERE `gid` = 1 LIMIT 1   [ RunTime:0.0010s ]
SQL: SHOW COLUMNS FROM `beauty_comment` [ RunTime:0.0090s ]
SQL: SELECT c.content,c.cosid,c.coaddtime,c.response,c.id,u.username,u.imgpath,u.imgname,c.ml,c.readdtime,c.respid,cs.costatus,c.imageurl,c.imagename FROM beauty_comment c,beauty_user u,beauty_comment_status cs WHERE c.gid = '1' AND ( c.mid=u.id and c.cosid=cs.id ) ORDER BY c.coaddtime desc LIMIT 2,1   [ RunTime:0.0020s ]
NOTIC: [8] Undefined index: header D:\ZBB\PHP\beauty\ThinkPHP\Library\Org\Beauty\AjaxPage.class.php 第 121 行.
SQL: SELECT COUNT(*) AS tp_count FROM `beauty_comment` WHERE `gid` = 1 AND `cosid` = 1 LIMIT 1   [ RunTime:0.0000s ]
SQL: SHOW COLUMNS FROM `beauty_comment` [ RunTime:0.0090s ]
SQL: SELECT c.content,c.cosid,c.coaddtime,c.response,c.id,u.username,u.imgpath,u.imgname,c.ml,c.readdtime,c.respid,cs.costatus,c.imageurl,c.imagename FROM beauty_comment c,beauty_user u,beauty_comment_status cs WHERE c.gid = '1' AND c.cosid = 1 AND ( c.mid=u.id and c.cosid=cs.id ) ORDER BY c.coaddtime desc LIMIT 2,1   [ RunTime:0.0020s ]
NOTIC: [8] Undefined index: header D:\ZBB\PHP\beauty\ThinkPHP\Library\Org\Beauty\AjaxPage.class.php 第 121 行.
SQL: SELECT COUNT(*) AS tp_count FROM `beauty_comment` WHERE `gid` = 1 AND `cosid` = 2 LIMIT 1   [ RunTime:0.0010s ]
SQL: SHOW COLUMNS FROM `beauty_comment` [ RunTime:0.0080s ]
SQL: SELECT c.content,c.cosid,c.coaddtime,c.response,c.id,u.username,u.imgpath,u.imgname,c.ml,c.readdtime,c.respid,cs.costatus,c.imageurl,c.imagename FROM beauty_comment c,beauty_user u,beauty_comment_status cs WHERE c.gid = '1' AND c.cosid = 2 AND ( c.mid=u.id and c.cosid=cs.id ) ORDER BY c.coaddtime desc LIMIT 1,1   [ RunTime:0.0020s ]
NOTIC: [8] Undefined index: header D:\ZBB\PHP\beauty\ThinkPHP\Library\Org\Beauty\AjaxPage.class.php 第 121 行.
SQL: SELECT COUNT(*) AS tp_count FROM `beauty_comment` WHERE `gid` = 1 AND `cosid` = 3 LIMIT 1   [ RunTime:0.0010s ]
SQL: SHOW COLUMNS FROM `beauty_comment` [ RunTime:0.0080s ]
SQL: SELECT c.content,c.cosid,c.coaddtime,c.response,c.id,u.username,u.imgpath,u.imgname,c.ml,c.readdtime,c.respid,cs.costatus,c.imageurl,c.imagename FROM beauty_comment c,beauty_user u,beauty_comment_status cs WHERE c.gid = '1' AND c.cosid = 3 AND ( c.mid=u.id and c.cosid=cs.id ) ORDER BY c.coaddtime desc LIMIT 2,1   [ RunTime:0.0010s ]
SQL: SELECT COUNT(*) AS tp_count FROM `beauty_comment` WHERE `gid` = 1 AND `isimage` = 1 LIMIT 1   [ RunTime:0.0000s ]
SQL: SHOW COLUMNS FROM `beauty_comment` [ RunTime:0.0040s ]
SQL: SELECT c.content,c.cosid,c.coaddtime,c.response,c.id,u.username,u.imgpath,u.imgname,c.ml,c.readdtime,c.respid,cs.costatus,c.imageurl,c.imagename FROM beauty_comment c,beauty_user u,beauty_comment_status cs WHERE c.gid = '1' AND c.isimage = 1 AND ( c.mid=u.id and c.cosid=cs.id ) ORDER BY c.coaddtime desc LIMIT 2,1   [ RunTime:0.0020s ]
NOTIC: [8] Undefined index: header D:\ZBB\PHP\beauty\ThinkPHP\Library\Org\Beauty\AjaxPage.class.php 第 121 行.
SQL: SELECT COUNT(*) AS tp_count FROM `beauty_comment` WHERE `gid` = 1 AND `zuijiacount` = 1 LIMIT 1   [ RunTime:0.0020s ]
SQL: SHOW COLUMNS FROM `beauty_comment` [ RunTime:0.0040s ]
SQL: SELECT c.content,c.cosid,c.coaddtime,c.response,c.id,u.username,u.imgpath,u.imgname,c.ml,c.readdtime,c.respid,cs.costatus,c.imageurl,c.imagename,c.picurl,c.picname,c.zuijia,c.zuijiatime FROM beauty_comment c,beauty_user u,beauty_comment_status cs WHERE c.gid = '1' AND c.zuijiacount = 1 AND ( c.mid=u.id and c.cosid=cs.id ) ORDER BY c.coaddtime desc LIMIT 2,1   [ RunTime:0.0020s ]
NOTIC: [8] Undefined index: header D:\ZBB\PHP\beauty\ThinkPHP\Library\Org\Beauty\AjaxPage.class.php 第 121 行.
INFO: [ view_parse ] --START--
INFO: [ template_filter ] --START--
INFO: Run Behavior\ContentReplaceBehavior [ RunTime:0.000000s ]
INFO: [ template_filter ] --END-- [ RunTime:0.000000s ]
NOTIC: [8] Undefined variable: val1 D:\ZBB\PHP\beauty\beauty\Runtime\Cache\Mobile\efe01ea4a3985e8979b5fa3e7f9ec270.php 第 16 行.
INFO: Run Behavior\ParseTemplateBehavior [ RunTime:0.013000s ]
INFO: [ view_parse ] --END-- [ RunTime:0.013000s ]
INFO: [ view_filter ] --START--
INFO: Run Behavior\WriteHtmlCacheBehavior [ RunTime:0.000000s ]
INFO: [ view_filter ] --END-- [ RunTime:0.000000s ]
INFO: [ app_end ] --START--
INFO: Run Behavior\ShowPageTraceBehavior [ RunTime:0.000000s ]
INFO: [ app_end ] --END-- [ RunTime:0.001000s ]

[ 2016-12-01T12:36:05+08:00 ] 127.0.0.1 /index.php/Mobile/Goods/allcomment.html?p=2&gid=1&cid=6
INFO: [ app_begin ] --START--
INFO: Run Behavior\ReadHtmlCacheBehavior [ RunTime:0.001000s ]
INFO: [ app_begin ] --END-- [ RunTime:0.001000s ]
SQL: SHOW COLUMNS FROM `beauty_comment` [ RunTime:0.0080s ]
SQL: SHOW COLUMNS FROM `beauty_comment` [ RunTime:0.0080s ]
SQL: SELECT COUNT(*) AS tp_count FROM `beauty_comment` WHERE `gid` = 1 LIMIT 1   [ RunTime:0.0010s ]
SQL: SHOW COLUMNS FROM `beauty_comment` [ RunTime:0.0090s ]
SQL: SELECT c.content,c.cosid,c.coaddtime,c.response,c.id,u.username,u.imgpath,u.imgname,c.ml,c.readdtime,c.respid,cs.costatus,c.imageurl,c.imagename FROM beauty_comment c,beauty_user u,beauty_comment_status cs WHERE c.gid = '1' AND ( c.mid=u.id and c.cosid=cs.id ) ORDER BY c.coaddtime desc LIMIT 1,1   [ RunTime:0.0020s ]
NOTIC: [8] Undefined index: header D:\ZBB\PHP\beauty\ThinkPHP\Library\Org\Beauty\AjaxPage.class.php 第 121 行.
SQL: SELECT COUNT(*) AS tp_count FROM `beauty_comment` WHERE `gid` = 1 AND `cosid` = 1 LIMIT 1   [ RunTime:0.0010s ]
SQL: SHOW COLUMNS FROM `beauty_comment` [ RunTime:0.0090s ]
SQL: SELECT c.content,c.cosid,c.coaddtime,c.response,c.id,u.username,u.imgpath,u.imgname,c.ml,c.readdtime,c.respid,cs.costatus,c.imageurl,c.imagename FROM beauty_comment c,beauty_user u,beauty_comment_status cs WHERE c.gid = '1' AND c.cosid = 1 AND ( c.mid=u.id and c.cosid=cs.id ) ORDER BY c.coaddtime desc LIMIT 1,1   [ RunTime:0.0010s ]
NOTIC: [8] Undefined index: header D:\ZBB\PHP\beauty\ThinkPHP\Library\Org\Beauty\AjaxPage.class.php 第 121 行.
SQL: SELECT COUNT(*) AS tp_count FROM `beauty_comment` WHERE `gid` = 1 AND `cosid` = 2 LIMIT 1   [ RunTime:0.0020s ]
SQL: SHOW COLUMNS FROM `beauty_comment` [ RunTime:0.0070s ]
SQL: SELECT c.content,c.cosid,c.coaddtime,c.response,c.id,u.username,u.imgpath,u.imgname,c.ml,c.readdtime,c.respid,cs.costatus,c.imageurl,c.imagename FROM beauty_comment c,beauty_user u,beauty_comment_status cs WHERE c.gid = '1' AND c.cosid = 2 AND ( c.mid=u.id and c.cosid=cs.id ) ORDER BY c.coaddtime desc LIMIT 1,1   [ RunTime:0.0010s ]
NOTIC: [8] Undefined index: header D:\ZBB\PHP\beauty\ThinkPHP\Library\Org\Beauty\AjaxPage.class.php 第 121 行.
SQL: SELECT COUNT(*) AS tp_count FROM `beauty_comment` WHERE `gid` = 1 AND `cosid` = 3 LIMIT 1   [ RunTime:0.0010s ]
SQL: SHOW COLUMNS FROM `beauty_comment` [ RunTime:0.0050s ]
SQL: SELECT c.content,c.cosid,c.coaddtime,c.response,c.id,u.username,u.imgpath,u.imgname,c.ml,c.readdtime,c.respid,cs.costatus,c.imageurl,c.imagename FROM beauty_comment c,beauty_user u,beauty_comment_status cs WHERE c.gid = '1' AND c.cosid = 3 AND ( c.mid=u.id and c.cosid=cs.id ) ORDER BY c.coaddtime desc LIMIT 1,1   [ RunTime:0.0020s ]
SQL: SELECT COUNT(*) AS tp_count FROM `beauty_comment` WHERE `gid` = 1 AND `isimage` = 1 LIMIT 1   [ RunTime:0.0010s ]
SQL: SHOW COLUMNS FROM `beauty_comment` [ RunTime:0.0040s ]
SQL: SELECT c.content,c.cosid,c.coaddtime,c.response,c.id,u.username,u.imgpath,u.imgname,c.ml,c.readdtime,c.respid,cs.costatus,c.imageurl,c.imagename FROM beauty_comment c,beauty_user u,beauty_comment_status cs WHERE c.gid = '1' AND c.isimage = 1 AND ( c.mid=u.id and c.cosid=cs.id ) ORDER BY c.coaddtime desc LIMIT 1,1   [ RunTime:0.0020s ]
NOTIC: [8] Undefined index: header D:\ZBB\PHP\beauty\ThinkPHP\Library\Org\Beauty\AjaxPage.class.php 第 121 行.
SQL: SELECT COUNT(*) AS tp_count FROM `beauty_comment` WHERE `gid` = 1 AND `zuijiacount` = 1 LIMIT 1   [ RunTime:0.0020s ]
SQL: SHOW COLUMNS FROM `beauty_comment` [ RunTime:0.0040s ]
SQL: SELECT c.content,c.cosid,c.coaddtime,c.response,c.id,u.username,u.imgpath,u.imgname,c.ml,c.readdtime,c.respid,cs.costatus,c.imageurl,c.imagename,c.picurl,c.picname,c.zuijia,c.zuijiatime FROM beauty_comment c,beauty_user u,beauty_comment_status cs WHERE c.gid = '1' AND c.zuijiacount = 1 AND ( c.mid=u.id and c.cosid=cs.id ) ORDER BY c.coaddtime desc LIMIT 1,1   [ RunTime:0.0010s ]
NOTIC: [8] Undefined index: header D:\ZBB\PHP\beauty\ThinkPHP\Library\Org\Beauty\AjaxPage.class.php 第 121 行.
INFO: [ view_parse ] --START--
INFO: [ template_filter ] --START--
INFO: Run Behavior\ContentReplaceBehavior [ RunTime:0.000000s ]
INFO: [ template_filter ] --END-- [ RunTime:0.000000s ]
INFO: Run Behavior\ParseTemplateBehavior [ RunTime:0.012001s ]
INFO: [ view_parse ] --END-- [ RunTime:0.012001s ]
INFO: [ view_filter ] --START--
INFO: Run Behavior\WriteHtmlCacheBehavior [ RunTime:0.000000s ]
INFO: [ view_filter ] --END-- [ RunTime:0.000000s ]
INFO: [ app_end ] --START--
INFO: Run Behavior\ShowPageTraceBehavior [ RunTime:0.000000s ]
INFO: [ app_end ] --END-- [ RunTime:0.000000s ]

[ 2016-12-01T12:36:06+08:00 ] 127.0.0.1 /index.php/Mobile/Goods/allcomment.html?p=3&gid=1&cid=6
INFO: [ app_begin ] --START--
INFO: Run Behavior\ReadHtmlCacheBehavior [ RunTime:0.001000s ]
INFO: [ app_begin ] --END-- [ RunTime:0.002000s ]
SQL: SHOW COLUMNS FROM `beauty_comment` [ RunTime:0.0090s ]
SQL: SHOW COLUMNS FROM `beauty_comment` [ RunTime:0.0090s ]
SQL: SELECT COUNT(*) AS tp_count FROM `beauty_comment` WHERE `gid` = 1 LIMIT 1   [ RunTime:0.0010s ]
SQL: SHOW COLUMNS FROM `beauty_comment` [ RunTime:0.0070s ]
SQL: SELECT c.content,c.cosid,c.coaddtime,c.response,c.id,u.username,u.imgpath,u.imgname,c.ml,c.readdtime,c.respid,cs.costatus,c.imageurl,c.imagename FROM beauty_comment c,beauty_user u,beauty_comment_status cs WHERE c.gid = '1' AND ( c.mid=u.id and c.cosid=cs.id ) ORDER BY c.coaddtime desc LIMIT 2,1   [ RunTime:0.0020s ]
NOTIC: [8] Undefined index: header D:\ZBB\PHP\beauty\ThinkPHP\Library\Org\Beauty\AjaxPage.class.php 第 121 行.
SQL: SELECT COUNT(*) AS tp_count FROM `beauty_comment` WHERE `gid` = 1 AND `cosid` = 1 LIMIT 1   [ RunTime:0.0010s ]
SQL: SHOW COLUMNS FROM `beauty_comment` [ RunTime:0.0050s ]
SQL: SELECT c.content,c.cosid,c.coaddtime,c.response,c.id,u.username,u.imgpath,u.imgname,c.ml,c.readdtime,c.respid,cs.costatus,c.imageurl,c.imagename FROM beauty_comment c,beauty_user u,beauty_comment_status cs WHERE c.gid = '1' AND c.cosid = 1 AND ( c.mid=u.id and c.cosid=cs.id ) ORDER BY c.coaddtime desc LIMIT 2,1   [ RunTime:0.0010s ]
NOTIC: [8] Undefined index: header D:\ZBB\PHP\beauty\ThinkPHP\Library\Org\Beauty\AjaxPage.class.php 第 121 行.
SQL: SELECT COUNT(*) AS tp_count FROM `beauty_comment` WHERE `gid` = 1 AND `cosid` = 2 LIMIT 1   [ RunTime:0.0010s ]
SQL: SHOW COLUMNS FROM `beauty_comment` [ RunTime:0.0060s ]
SQL: SELECT c.content,c.cosid,c.coaddtime,c.response,c.id,u.username,u.imgpath,u.imgname,c.ml,c.readdtime,c.respid,cs.costatus,c.imageurl,c.imagename FROM beauty_comment c,beauty_user u,beauty_comment_status cs WHERE c.gid = '1' AND c.cosid = 2 AND ( c.mid=u.id and c.cosid=cs.id ) ORDER BY c.coaddtime desc LIMIT 1,1   [ RunTime:0.0010s ]
NOTIC: [8] Undefined index: header D:\ZBB\PHP\beauty\ThinkPHP\Library\Org\Beauty\AjaxPage.class.php 第 121 行.
SQL: SELECT COUNT(*) AS tp_count FROM `beauty_comment` WHERE `gid` = 1 AND `cosid` = 3 LIMIT 1   [ RunTime:0.0000s ]
SQL: SHOW COLUMNS FROM `beauty_comment` [ RunTime:0.0050s ]
SQL: SELECT c.content,c.cosid,c.coaddtime,c.response,c.id,u.username,u.imgpath,u.imgname,c.ml,c.readdtime,c.respid,cs.costatus,c.imageurl,c.imagename FROM beauty_comment c,beauty_user u,beauty_comment_status cs WHERE c.gid = '1' AND c.cosid = 3 AND ( c.mid=u.id and c.cosid=cs.id ) ORDER BY c.coaddtime desc LIMIT 2,1   [ RunTime:0.0010s ]
SQL: SELECT COUNT(*) AS tp_count FROM `beauty_comment` WHERE `gid` = 1 AND `isimage` = 1 LIMIT 1   [ RunTime:0.0000s ]
SQL: SHOW COLUMNS FROM `beauty_comment` [ RunTime:0.0040s ]
SQL: SELECT c.content,c.cosid,c.coaddtime,c.response,c.id,u.username,u.imgpath,u.imgname,c.ml,c.readdtime,c.respid,cs.costatus,c.imageurl,c.imagename FROM beauty_comment c,beauty_user u,beauty_comment_status cs WHERE c.gid = '1' AND c.isimage = 1 AND ( c.mid=u.id and c.cosid=cs.id ) ORDER BY c.coaddtime desc LIMIT 2,1   [ RunTime:0.0010s ]
NOTIC: [8] Undefined index: header D:\ZBB\PHP\beauty\ThinkPHP\Library\Org\Beauty\AjaxPage.class.php 第 121 行.
SQL: SELECT COUNT(*) AS tp_count FROM `beauty_comment` WHERE `gid` = 1 AND `zuijiacount` = 1 LIMIT 1   [ RunTime:0.0010s ]
SQL: SHOW COLUMNS FROM `beauty_comment` [ RunTime:0.0040s ]
SQL: SELECT c.content,c.cosid,c.coaddtime,c.response,c.id,u.username,u.imgpath,u.imgname,c.ml,c.readdtime,c.respid,cs.costatus,c.imageurl,c.imagename,c.picurl,c.picname,c.zuijia,c.zuijiatime FROM beauty_comment c,beauty_user u,beauty_comment_status cs WHERE c.gid = '1' AND c.zuijiacount = 1 AND ( c.mid=u.id and c.cosid=cs.id ) ORDER BY c.coaddtime desc LIMIT 2,1   [ RunTime:0.0020s ]
NOTIC: [8] Undefined index: header D:\ZBB\PHP\beauty\ThinkPHP\Library\Org\Beauty\AjaxPage.class.php 第 121 行.
INFO: [ view_parse ] --START--
INFO: [ template_filter ] --START--
INFO: Run Behavior\ContentReplaceBehavior [ RunTime:0.000000s ]
INFO: [ template_filter ] --END-- [ RunTime:0.000000s ]
INFO: Run Behavior\ParseTemplateBehavior [ RunTime:0.011000s ]
INFO: [ view_parse ] --END-- [ RunTime:0.011000s ]
INFO: [ view_filter ] --START--
INFO: Run Behavior\WriteHtmlCacheBehavior [ RunTime:0.000000s ]
INFO: [ view_filter ] --END-- [ RunTime:0.000000s ]
INFO: [ app_end ] --START--
INFO: Run Behavior\ShowPageTraceBehavior [ RunTime:0.001000s ]
INFO: [ app_end ] --END-- [ RunTime:0.001000s ]

