[ 2016-11-23T17:15:03+08:00 ] 172.16.17.223 /ybc/Project_ybc/Public/Home/images/fl_img_12.png
INFO: [ app_init ] --START--
INFO: Run Behavior\BuildLiteBehavior [ RunTime:0.000000s ]
INFO: [ app_init ] --END-- [ RunTime:0.001000s ]
ERR: 无法加载模块:Public

[ 2016-11-23T17:15:09+08:00 ] 172.16.17.223 /ybc/Project_ybc/Public/Home/images/login_bg_02.png
INFO: [ app_init ] --START--
INFO: Run Behavior\BuildLiteBehavior [ RunTime:0.000000s ]
INFO: [ app_init ] --END-- [ RunTime:0.001000s ]
ERR: 无法加载模块:Public

[ 2016-11-23T17:16:09+08:00 ] 172.16.17.223 /ybc/Project_ybc/Public/Home/Threelinkage/linkage.css
INFO: [ app_init ] --START--
INFO: Run Behavior\BuildLiteBehavior [ RunTime:0.000000s ]
INFO: [ app_init ] --END-- [ RunTime:0.000000s ]
ERR: 无法加载模块:Public

[ 2016-11-23T17:16:19+08:00 ] 172.16.17.223 /ybc/Project_ybc/Public/Home/Threelinkage/linkage.css
INFO: [ app_init ] --START--
INFO: Run Behavior\BuildLiteBehavior [ RunTime:0.000000s ]
INFO: [ app_init ] --END-- [ RunTime:0.000000s ]
ERR: 无法加载模块:Public

[ 2016-11-23T17:16:27+08:00 ] 172.16.17.223 /ybc/Project_ybc/Public/Home/Threelinkage/linkage.css
INFO: [ app_init ] --START--
INFO: Run Behavior\BuildLiteBehavior [ RunTime:0.000000s ]
INFO: [ app_init ] --END-- [ RunTime:0.000000s ]
ERR: 无法加载模块:Public

[ 2016-11-23T17:16:35+08:00 ] 172.16.17.223 /ybc/Project_ybc/Public/Home/js/jQuery-1.8.2.min.js
INFO: [ app_init ] --START--
INFO: Run Behavior\BuildLiteBehavior [ RunTime:0.000000s ]
INFO: [ app_init ] --END-- [ RunTime:0.001000s ]
ERR: 无法加载模块:Public

[ 2016-11-23T17:16:35+08:00 ] 172.16.17.223 /ybc/Project_ybc/Uploads/servicePic/582e74f1f119c.jpg
INFO: [ app_init ] --START--
INFO: Run Behavior\BuildLiteBehavior [ RunTime:0.000000s ]
INFO: [ app_init ] --END-- [ RunTime:0.000000s ]
ERR: 无法加载模块:Uploads

[ 2016-11-23T17:16:35+08:00 ] 172.16.17.223 /ybc/Project_ybc/Uploads/servicePic/582e74f1f05e4.jpg
INFO: [ app_init ] --START--
INFO: Run Behavior\BuildLiteBehavior [ RunTime:0.000000s ]
INFO: [ app_init ] --END-- [ RunTime:0.001000s ]
ERR: 无法加载模块:Uploads

[ 2016-11-23T17:16:35+08:00 ] 172.16.17.223 /ybc/Project_ybc/Uploads/servicePic/582e74f1f1d54.jpg
INFO: [ app_init ] --START--
INFO: Run Behavior\BuildLiteBehavior [ RunTime:0.000000s ]
INFO: [ app_init ] --END-- [ RunTime:0.001000s ]
ERR: 无法加载模块:Uploads

[ 2016-11-23T17:16:40+08:00 ] 172.16.17.223 /ybc/Project_ybc/Public/Home/js/jQuery-1.8.2.min.js
INFO: [ app_init ] --START--
INFO: Run Behavior\BuildLiteBehavior [ RunTime:0.000000s ]
INFO: [ app_init ] --END-- [ RunTime:0.000000s ]
ERR: 无法加载模块:Public

[ 2016-11-23T17:16:40+08:00 ] 172.16.17.223 /ybc/Project_ybc/Uploads/servicePic/5833f24562b74.jpg
INFO: [ app_init ] --START--
INFO: Run Behavior\BuildLiteBehavior [ RunTime:0.000000s ]
INFO: [ app_init ] --END-- [ RunTime:0.000000s ]
ERR: 无法加载模块:Uploads

[ 2016-11-23T17:16:40+08:00 ] 172.16.17.223 /ybc/Project_ybc/Uploads/servicePic/5833f24477f17.jpg
INFO: [ app_init ] --START--
INFO: Run Behavior\BuildLiteBehavior [ RunTime:0.000000s ]
INFO: [ app_init ] --END-- [ RunTime:0.001000s ]
ERR: 无法加载模块:Uploads

[ 2016-11-23T17:16:40+08:00 ] 172.16.17.223 /ybc/Project_ybc/Uploads/servicePic/5833f245cbb3c.jpg
INFO: [ app_init ] --START--
INFO: Run Behavior\BuildLiteBehavior [ RunTime:0.000000s ]
INFO: [ app_init ] --END-- [ RunTime:0.002000s ]
ERR: 无法加载模块:Uploads

[ 2016-11-23T17:16:46+08:00 ] 172.16.17.223 /ybc/Project_ybc/Uploads/servicePic/5833f3c31392a.jpg
INFO: [ app_init ] --START--
INFO: Run Behavior\BuildLiteBehavior [ RunTime:0.000000s ]
INFO: [ app_init ] --END-- [ RunTime:0.001000s ]
ERR: 无法加载模块:Uploads

[ 2016-11-23T17:16:46+08:00 ] 172.16.17.223 /ybc/Project_ybc/Public/Home/js/jQuery-1.8.2.min.js
INFO: [ app_init ] --START--
INFO: Run Behavior\BuildLiteBehavior [ RunTime:0.000000s ]
INFO: [ app_init ] --END-- [ RunTime:0.001000s ]
ERR: 无法加载模块:Public

[ 2016-11-23T17:16:46+08:00 ] 172.16.17.223 /ybc/Project_ybc/Uploads/servicePic/5833f3c46fa21.jpg
INFO: [ app_init ] --START--
INFO: Run Behavior\BuildLiteBehavior [ RunTime:0.000000s ]
INFO: [ app_init ] --END-- [ RunTime:0.001000s ]
ERR: 无法加载模块:Uploads

[ 2016-11-23T17:16:46+08:00 ] 172.16.17.223 /ybc/Project_ybc/Uploads/servicePic/5833f3c3c7c24.jpg
INFO: [ app_init ] --START--
INFO: Run Behavior\BuildLiteBehavior [ RunTime:0.000000s ]
INFO: [ app_init ] --END-- [ RunTime:0.001000s ]
ERR: 无法加载模块:Uploads

[ 2016-11-23T17:16:46+08:00 ] 172.16.17.223 /ybc/Project_ybc/Uploads/servicePic/5833f3c31392a.jpg
INFO: [ app_init ] --START--
INFO: Run Behavior\BuildLiteBehavior [ RunTime:0.000000s ]
INFO: [ app_init ] --END-- [ RunTime:0.001000s ]
ERR: 无法加载模块:Uploads

[ 2016-11-23T17:16:56+08:00 ] 172.16.17.223 /ybc/Project_ybc/Public/Home/Threelinkage/linkage.css
INFO: [ app_init ] --START--
INFO: Run Behavior\BuildLiteBehavior [ RunTime:0.000000s ]
INFO: [ app_init ] --END-- [ RunTime:0.000000s ]
ERR: 无法加载模块:Public

[ 2016-11-23T17:17:34+08:00 ] 172.16.17.223 /ybc/Project_ybc/Public/Home/Threelinkage/linkage.css
INFO: [ app_init ] --START--
INFO: Run Behavior\BuildLiteBehavior [ RunTime:0.001001s ]
INFO: [ app_init ] --END-- [ RunTime:0.001001s ]
ERR: 无法加载模块:Public

