[ 2016-11-28T08:43:53+08:00 ] 127.0.0.1 /index.php/Home/Index/goodsImg.html?cid=70
INFO: [ app_begin ] --START--
INFO: Run Behavior\ReadHtmlCacheBehavior [ RunTime:0.001000s ]
INFO: [ app_begin ] --END-- [ RunTime:0.001000s ]
SQL: SHOW COLUMNS FROM `beauty_goods` [ RunTime:0.0070s ]
SQL: SELECT g.imageurl,g.imagename,g.id FROM beauty_goods g
            where g.bid not in (select bid from beauty_activity where astatus=1)
                    and g.cid=70 and g.show=1 ORDER  by addtime desc limit 0,3  [ RunTime:0.0020s ]

[ 2016-11-28T08:44:21+08:00 ] 127.0.0.1 /index.php/Home/Order/saleprice.html
INFO: [ app_begin ] --START--
INFO: Run Behavior\ReadHtmlCacheBehavior [ RunTime:0.001000s ]
INFO: [ app_begin ] --END-- [ RunTime:0.001000s ]
SQL: SHOW COLUMNS FROM `beauty_type` [ RunTime:0.0070s ]
SQL: SELECT `saleprice` FROM `beauty_type` WHERE `ml` = '750' AND `gid` = 24 LIMIT 1   [ RunTime:0.0010s ]

[ 2016-11-28T08:44:23+08:00 ] 127.0.0.1 /index.php/Home/Index/goodsImg.html?cid=1
INFO: [ app_begin ] --START--
INFO: Run Behavior\ReadHtmlCacheBehavior [ RunTime:0.001000s ]
INFO: [ app_begin ] --END-- [ RunTime:0.001000s ]
SQL: SHOW COLUMNS FROM `beauty_goods` [ RunTime:0.0070s ]
SQL: SELECT g.imageurl,g.imagename,g.id FROM beauty_goods g
            where g.bid not in (select bid from beauty_activity where astatus=1)
                    and g.cid=1 and g.show=1 ORDER  by addtime desc limit 0,3  [ RunTime:0.0010s ]

[ 2016-11-28T08:44:35+08:00 ] 127.0.0.1 /index.php/Home/Test/geetest_show_verify.html
INFO: [ app_begin ] --START--
INFO: Run Behavior\ReadHtmlCacheBehavior [ RunTime:0.001000s ]
INFO: [ app_begin ] --END-- [ RunTime:0.002000s ]
NOTIC: [2] file_get_contents(http://api.geetest.com/register.php?gt=27cb550818ab3236e754db8997f2d804&amp;user_id=test): failed to open stream: HTTP request failed!  D:\ZBB\PHP\beauty\ThinkPHP\Library\Org\Beauty\Geetest.class.php 第 196 行.
INFO: [ app_end ] --START--
INFO: Run Behavior\ShowPageTraceBehavior [ RunTime:0.002000s ]
INFO: [ app_end ] --END-- [ RunTime:0.002000s ]

[ 2016-11-28T08:44:44+08:00 ] 127.0.0.1 /index.php/Home/Login/chkVerify.html
INFO: [ app_begin ] --START--
INFO: Run Behavior\ReadHtmlCacheBehavior [ RunTime:0.001000s ]
INFO: [ app_begin ] --END-- [ RunTime:0.001000s ]
INFO: [ app_end ] --START--
INFO: Run Behavior\ShowPageTraceBehavior [ RunTime:0.000000s ]
INFO: [ app_end ] --END-- [ RunTime:0.000000s ]

[ 2016-11-28T08:44:44+08:00 ] 127.0.0.1 /index.php/Home/Login/doLogin.html
INFO: [ app_begin ] --START--
INFO: Run Behavior\ReadHtmlCacheBehavior [ RunTime:0.001000s ]
INFO: [ app_begin ] --END-- [ RunTime:0.002000s ]
SQL: SHOW COLUMNS FROM `beauty_user` [ RunTime:0.0070s ]
SQL: SELECT `id`,`username`,`password` FROM `beauty_user` WHERE `username` = 'beibei' AND `password` = '6f2462312f6a173d5531d8db7469dbc1' LIMIT 1   [ RunTime:0.0020s ]
SQL: UPDATE `beauty_user` SET `lastlogin`='1480293884' WHERE `username` = 'beibei' AND `password` = '6f2462312f6a173d5531d8db7469dbc1' [ RunTime:0.0860s ]

[ 2016-11-28T08:45:39+08:00 ] 127.0.0.1 /index.php/Home/Order/saleprice.html
INFO: [ app_begin ] --START--
INFO: Run Behavior\ReadHtmlCacheBehavior [ RunTime:0.001000s ]
INFO: [ app_begin ] --END-- [ RunTime:0.001000s ]
SQL: SHOW COLUMNS FROM `beauty_type` [ RunTime:0.0060s ]
SQL: SELECT `saleprice` FROM `beauty_type` WHERE `ml` = '100' AND `gid` = 49 LIMIT 1   [ RunTime:0.0020s ]

[ 2016-11-28T08:45:39+08:00 ] 127.0.0.1 /index.php/Home/Order/saleprice.html
INFO: [ app_begin ] --START--
INFO: Run Behavior\ReadHtmlCacheBehavior [ RunTime:0.001000s ]
INFO: [ app_begin ] --END-- [ RunTime:0.002000s ]
SQL: SHOW COLUMNS FROM `beauty_type` [ RunTime:0.0060s ]
SQL: SELECT `saleprice` FROM `beauty_type` WHERE `ml` = '60' AND `gid` = 49 LIMIT 1   [ RunTime:0.0010s ]

[ 2016-11-28T08:45:43+08:00 ] 127.0.0.1 /index.php/Home/Order/saleprice.html
INFO: [ app_begin ] --START--
INFO: Run Behavior\ReadHtmlCacheBehavior [ RunTime:0.000000s ]
INFO: [ app_begin ] --END-- [ RunTime:0.001000s ]
SQL: SHOW COLUMNS FROM `beauty_type` [ RunTime:0.0070s ]
SQL: SELECT `saleprice` FROM `beauty_type` WHERE `ml` = '120' AND `gid` = 49 LIMIT 1   [ RunTime:0.0010s ]

[ 2016-11-28T08:45:43+08:00 ] 127.0.0.1 /index.php/Home/Order/saleprice.html
INFO: [ app_begin ] --START--
INFO: Run Behavior\ReadHtmlCacheBehavior [ RunTime:0.001000s ]
INFO: [ app_begin ] --END-- [ RunTime:0.003000s ]
SQL: SHOW COLUMNS FROM `beauty_type` [ RunTime:0.0070s ]
SQL: SELECT `saleprice` FROM `beauty_type` WHERE `ml` = '100' AND `gid` = 49 LIMIT 1   [ RunTime:0.0010s ]

[ 2016-11-28T08:45:44+08:00 ] 127.0.0.1 /index.php/Home/Order/saleprice.html
INFO: [ app_begin ] --START--
INFO: Run Behavior\ReadHtmlCacheBehavior [ RunTime:0.001001s ]
INFO: [ app_begin ] --END-- [ RunTime:0.001001s ]
SQL: SHOW COLUMNS FROM `beauty_type` [ RunTime:0.0060s ]
SQL: SELECT `saleprice` FROM `beauty_type` WHERE `ml` = '60' AND `gid` = 49 LIMIT 1   [ RunTime:0.0010s ]

[ 2016-11-28T08:45:44+08:00 ] 127.0.0.1 /index.php/Home/Order/saleprice.html
INFO: [ app_begin ] --START--
INFO: Run Behavior\ReadHtmlCacheBehavior [ RunTime:0.001000s ]
INFO: [ app_begin ] --END-- [ RunTime:0.001000s ]
SQL: SHOW COLUMNS FROM `beauty_type` [ RunTime:0.0070s ]
SQL: SELECT `saleprice` FROM `beauty_type` WHERE `ml` = '120' AND `gid` = 49 LIMIT 1   [ RunTime:0.0010s ]

[ 2016-11-28T08:45:45+08:00 ] 127.0.0.1 /index.php/Home/Order/saleprice.html
INFO: [ app_begin ] --START--
INFO: Run Behavior\ReadHtmlCacheBehavior [ RunTime:0.001000s ]
INFO: [ app_begin ] --END-- [ RunTime:0.001000s ]
SQL: SHOW COLUMNS FROM `beauty_type` [ RunTime:0.0070s ]
SQL: SELECT `saleprice` FROM `beauty_type` WHERE `ml` = '100' AND `gid` = 49 LIMIT 1   [ RunTime:0.0010s ]

[ 2016-11-28T08:45:45+08:00 ] 127.0.0.1 /index.php/Home/Order/saleprice.html
INFO: [ app_begin ] --START--
INFO: Run Behavior\ReadHtmlCacheBehavior [ RunTime:0.001000s ]
INFO: [ app_begin ] --END-- [ RunTime:0.001000s ]
SQL: SHOW COLUMNS FROM `beauty_type` [ RunTime:0.0070s ]
SQL: SELECT `saleprice` FROM `beauty_type` WHERE `ml` = '60' AND `gid` = 49 LIMIT 1   [ RunTime:0.0010s ]

[ 2016-11-28T08:56:25+08:00 ] 127.0.0.1 /index.php/Home/MyCart/getcartlist.html
INFO: [ app_begin ] --START--
INFO: Run Behavior\ReadHtmlCacheBehavior [ RunTime:0.001000s ]
INFO: [ app_begin ] --END-- [ RunTime:0.002000s ]
SQL: SHOW COLUMNS FROM `beauty_cart` [ RunTime:0.0110s ]
SQL: SHOW COLUMNS FROM `beauty_goods` [ RunTime:0.0080s ]
SQL: SELECT g.imageurl,g.imagename,g.saleprice,g.goodsname,c.buynum,c.sumprice,c.id,g.id gid,c.ml FROM beauty_goods g,beauty_cart c WHERE ( g.id=c.gid ) AND c.mid = '8' ORDER BY c.addtime desc LIMIT 0,6   [ RunTime:0.0020s ]

[ 2016-11-28T08:56:25+08:00 ] 127.0.0.1 /index.php/Home/MyCart/getcartlist.html
INFO: [ app_begin ] --START--
INFO: Run Behavior\ReadHtmlCacheBehavior [ RunTime:0.001000s ]
INFO: [ app_begin ] --END-- [ RunTime:0.001000s ]
SQL: SHOW COLUMNS FROM `beauty_cart` [ RunTime:0.0080s ]
SQL: SHOW COLUMNS FROM `beauty_goods` [ RunTime:0.0080s ]
SQL: SELECT g.imageurl,g.imagename,g.saleprice,g.goodsname,c.buynum,c.sumprice,c.id,g.id gid,c.ml FROM beauty_goods g,beauty_cart c WHERE ( g.id=c.gid ) AND c.mid = '8' ORDER BY c.addtime desc LIMIT 0,6   [ RunTime:0.0020s ]

[ 2016-11-28T08:56:46+08:00 ] 127.0.0.1 /index.php/Home/MyCart/getcartlist.html
INFO: [ app_begin ] --START--
INFO: Run Behavior\ReadHtmlCacheBehavior [ RunTime:0.001000s ]
INFO: [ app_begin ] --END-- [ RunTime:0.001000s ]
SQL: SHOW COLUMNS FROM `beauty_cart` [ RunTime:0.0040s ]
SQL: SHOW COLUMNS FROM `beauty_goods` [ RunTime:0.0040s ]
SQL: SELECT g.imageurl,g.imagename,g.saleprice,g.goodsname,c.buynum,c.sumprice,c.id,g.id gid,c.ml FROM beauty_goods g,beauty_cart c WHERE ( g.id=c.gid ) AND c.mid = '8' ORDER BY c.addtime desc LIMIT 0,6   [ RunTime:0.0010s ]

[ 2016-11-28T08:57:02+08:00 ] 127.0.0.1 /index.php/Home/MyCart/images/bitbug_favicon%20.icon
ERR: 非法操作:images

[ 2016-11-28T08:57:10+08:00 ] 127.0.0.1 /index.php/Home/Order/topay.html
INFO: [ app_begin ] --START--
INFO: Run Behavior\ReadHtmlCacheBehavior [ RunTime:0.001000s ]
INFO: [ app_begin ] --END-- [ RunTime:0.001000s ]
SQL: SHOW COLUMNS FROM `beauty_order` [ RunTime:0.0080s ]
SQL: SHOW COLUMNS FROM `beauty_user` [ RunTime:0.0080s ]
SQL: SELECT `paypwd` FROM `beauty_user` WHERE `paypwd` = 'e10adc3949ba59abbe56e057f20f883e' LIMIT 1   [ RunTime:0.0010s ]
SQL: SELECT * FROM `beauty_order` WHERE `id` = 43 LIMIT 1   [ RunTime:0.0010s ]
SQL: SHOW COLUMNS FROM `beauty_account` [ RunTime:0.0070s ]
SQL: SELECT * FROM `beauty_account` WHERE `mid` = 8 LIMIT 1   [ RunTime:0.0010s ]
SQL: SHOW COLUMNS FROM `beauty_account_trade` [ RunTime:0.5440s ]
SQL: SELECT * FROM `beauty_account_trade` WHERE `mid` = 8 ORDER BY id desc LIMIT 1   [ RunTime:0.0010s ]
SQL: UPDATE `beauty_order` SET `status`='2' WHERE `id` = 43 [ RunTime:0.0000s ]
SQL: INSERT INTO `beauty_account_trade` (`trademoney`,`tradetime`,`tradesum`,`mid`) VALUES ('247','1480294629','2013','8') [ RunTime:0.0000s ]
SQL: UPDATE `beauty_account` SET `balance`='8256',`time`='1480294629' WHERE `mid` = 8 [ RunTime:0.0010s ]
SQL: SHOW COLUMNS FROM `beauty_order_goods` [ RunTime:0.0070s ]
SQL: SELECT `gid`,`buynum`,`ml` FROM `beauty_order_goods` WHERE `oid` = '43'  [ RunTime:0.0010s ]
SQL: SHOW COLUMNS FROM `beauty_goods` [ RunTime:0.0070s ]
SQL: SELECT `num` FROM `beauty_goods` WHERE `id` = 71 LIMIT 1   [ RunTime:0.0010s ]
SQL: UPDATE `beauty_goods` SET `salenum`='1',`num`='7891' WHERE `id` = 71 [ RunTime:0.0000s ]
SQL: SHOW COLUMNS FROM `beauty_cart` [ RunTime:0.0070s ]
SQL: SELECT * FROM `beauty_cart` WHERE `gid` = 71 AND `ml` = 30 AND `mid` = 8 LIMIT 1   [ RunTime:0.0010s ]
SQL: SELECT `sumprice` FROM `beauty_cart` WHERE `gid` = 71 AND `ml` = 30 AND `mid` = 8 LIMIT 1   [ RunTime:0.0010s ]
SQL: DELETE FROM `beauty_cart` WHERE `gid` = 71 AND `ml` = 30 AND `mid` = 8 [ RunTime:0.0010s ]
SQL: SELECT `num` FROM `beauty_goods` WHERE `id` = 42 LIMIT 1   [ RunTime:0.0010s ]
SQL: UPDATE `beauty_goods` SET `salenum`='1',`num`='12454' WHERE `id` = 42 [ RunTime:0.0010s ]
SQL: SELECT * FROM `beauty_cart` WHERE `gid` = 42 AND `ml` = 30 AND `mid` = 8 LIMIT 1   [ RunTime:0.0010s ]
SQL: SELECT `sumprice` FROM `beauty_cart` WHERE `gid` = 42 AND `ml` = 30 AND `mid` = 8 LIMIT 1   [ RunTime:0.0010s ]
SQL: DELETE FROM `beauty_cart` WHERE `gid` = 42 AND `ml` = 30 AND `mid` = 8 [ RunTime:0.0000s ]

[ 2016-11-28T08:57:33+08:00 ] 127.0.0.1 /index.php/Home/Index/goodsImg.html?cid=22
INFO: [ app_begin ] --START--
INFO: Run Behavior\ReadHtmlCacheBehavior [ RunTime:0.000000s ]
INFO: [ app_begin ] --END-- [ RunTime:0.001000s ]
SQL: SHOW COLUMNS FROM `beauty_goods` [ RunTime:0.0080s ]
SQL: SELECT g.imageurl,g.imagename,g.id FROM beauty_goods g
            where g.bid not in (select bid from beauty_activity where astatus=1)
                    and g.cid=22 and g.show=1 ORDER  by addtime desc limit 0,3  [ RunTime:0.0010s ]

[ 2016-11-28T08:57:34+08:00 ] 127.0.0.1 /index.php/Home/Index/goodsImg.html?cid=70
INFO: [ app_begin ] --START--
INFO: Run Behavior\ReadHtmlCacheBehavior [ RunTime:0.002000s ]
INFO: [ app_begin ] --END-- [ RunTime:0.002000s ]
SQL: SHOW COLUMNS FROM `beauty_goods` [ RunTime:0.0080s ]
SQL: SELECT g.imageurl,g.imagename,g.id FROM beauty_goods g
            where g.bid not in (select bid from beauty_activity where astatus=1)
                    and g.cid=70 and g.show=1 ORDER  by addtime desc limit 0,3  [ RunTime:0.0020s ]

[ 2016-11-28T08:57:34+08:00 ] 127.0.0.1 /index.php/Home/Index/goodsImg.html?cid=53
INFO: [ app_begin ] --START--
INFO: Run Behavior\ReadHtmlCacheBehavior [ RunTime:0.000000s ]
INFO: [ app_begin ] --END-- [ RunTime:0.001001s ]
SQL: SHOW COLUMNS FROM `beauty_goods` [ RunTime:0.0070s ]
SQL: SELECT g.imageurl,g.imagename,g.id FROM beauty_goods g
            where g.bid not in (select bid from beauty_activity where astatus=1)
                    and g.cid=53 and g.show=1 ORDER  by addtime desc limit 0,3  [ RunTime:0.0020s ]

[ 2016-11-28T08:59:23+08:00 ] 127.0.0.1 /index.php/Home/Index/goodsImg.html?cid=83
INFO: [ app_begin ] --START--
INFO: Run Behavior\ReadHtmlCacheBehavior [ RunTime:0.001000s ]
INFO: [ app_begin ] --END-- [ RunTime:0.002000s ]
SQL: SHOW COLUMNS FROM `beauty_goods` [ RunTime:0.0090s ]
SQL: SELECT g.imageurl,g.imagename,g.id FROM beauty_goods g
            where g.bid not in (select bid from beauty_activity where astatus=1)
                    and g.cid=83 and g.show=1 ORDER  by addtime desc limit 0,3  [ RunTime:0.0010s ]

[ 2016-11-28T08:59:23+08:00 ] 127.0.0.1 /index.php/Home/Index/goodsImg.html?cid=87
INFO: [ app_begin ] --START--
INFO: Run Behavior\ReadHtmlCacheBehavior [ RunTime:0.001000s ]
INFO: [ app_begin ] --END-- [ RunTime:0.001000s ]
SQL: SHOW COLUMNS FROM `beauty_goods` [ RunTime:0.0080s ]
SQL: SELECT g.imageurl,g.imagename,g.id FROM beauty_goods g
            where g.bid not in (select bid from beauty_activity where astatus=1)
                    and g.cid=87 and g.show=1 ORDER  by addtime desc limit 0,3  [ RunTime:0.0020s ]

[ 2016-11-28T08:59:23+08:00 ] 127.0.0.1 /index.php/Home/Index/goodsImg.html?cid=53
INFO: [ app_begin ] --START--
INFO: Run Behavior\ReadHtmlCacheBehavior [ RunTime:0.001000s ]
INFO: [ app_begin ] --END-- [ RunTime:0.001000s ]
SQL: SHOW COLUMNS FROM `beauty_goods` [ RunTime:0.0070s ]
SQL: SELECT g.imageurl,g.imagename,g.id FROM beauty_goods g
            where g.bid not in (select bid from beauty_activity where astatus=1)
                    and g.cid=53 and g.show=1 ORDER  by addtime desc limit 0,3  [ RunTime:0.0010s ]

[ 2016-11-28T08:59:23+08:00 ] 127.0.0.1 /index.php/Home/Index/goodsImg.html?cid=22
INFO: [ app_begin ] --START--
INFO: Run Behavior\ReadHtmlCacheBehavior [ RunTime:0.000000s ]
INFO: [ app_begin ] --END-- [ RunTime:0.001000s ]
SQL: SHOW COLUMNS FROM `beauty_goods` [ RunTime:0.0080s ]
SQL: SELECT g.imageurl,g.imagename,g.id FROM beauty_goods g
            where g.bid not in (select bid from beauty_activity where astatus=1)
                    and g.cid=22 and g.show=1 ORDER  by addtime desc limit 0,3  [ RunTime:0.0010s ]

[ 2016-11-28T09:01:05+08:00 ] 127.0.0.1 /index.php/Home/Index/goodsImg.html?cid=87
INFO: [ app_begin ] --START--
INFO: Run Behavior\ReadHtmlCacheBehavior [ RunTime:0.001000s ]
INFO: [ app_begin ] --END-- [ RunTime:0.001000s ]
SQL: SHOW COLUMNS FROM `beauty_goods` [ RunTime:0.0080s ]
SQL: SELECT g.imageurl,g.imagename,g.id FROM beauty_goods g
            where g.bid not in (select bid from beauty_activity where astatus=1)
                    and g.cid=87 and g.show=1 ORDER  by addtime desc limit 0,3  [ RunTime:0.0010s ]

[ 2016-11-28T09:01:56+08:00 ] 127.0.0.1 /index.php/Home/Index/goodsImg.html?cid=83
INFO: [ app_begin ] --START--
INFO: Run Behavior\ReadHtmlCacheBehavior [ RunTime:0.002001s ]
INFO: [ app_begin ] --END-- [ RunTime:0.003001s ]
SQL: SHOW COLUMNS FROM `beauty_goods` [ RunTime:0.0080s ]
SQL: SELECT g.imageurl,g.imagename,g.id FROM beauty_goods g
            where g.bid not in (select bid from beauty_activity where astatus=1)
                    and g.cid=83 and g.show=1 ORDER  by addtime desc limit 0,3  [ RunTime:0.0010s ]

[ 2016-11-28T09:03:27+08:00 ] 127.0.0.1 /index.php/Home/MyCart/getcartlist.html
INFO: [ app_begin ] --START--
INFO: Run Behavior\ReadHtmlCacheBehavior [ RunTime:0.001000s ]
INFO: [ app_begin ] --END-- [ RunTime:0.002000s ]
SQL: SHOW COLUMNS FROM `beauty_cart` [ RunTime:0.0080s ]
SQL: SHOW COLUMNS FROM `beauty_goods` [ RunTime:0.0080s ]
SQL: SELECT g.imageurl,g.imagename,g.saleprice,g.goodsname,c.buynum,c.sumprice,c.id,g.id gid,c.ml FROM beauty_goods g,beauty_cart c WHERE ( g.id=c.gid ) AND c.mid = '8' ORDER BY c.addtime desc LIMIT 0,6   [ RunTime:0.0020s ]

[ 2016-11-28T13:25:26+08:00 ] 127.0.0.1 /index.php/Home/Index/goodsImg.html?cid=83
INFO: [ app_begin ] --START--
INFO: Run Behavior\ReadHtmlCacheBehavior [ RunTime:0.001000s ]
INFO: [ app_begin ] --END-- [ RunTime:0.001500s ]
SQL: SHOW COLUMNS FROM `beauty_goods` [ RunTime:0.0130s ]
SQL: SELECT g.imageurl,g.imagename,g.id FROM beauty_goods g
            where g.bid not in (select bid from beauty_activity where astatus=1)
                    and g.cid=83 and g.show=1 ORDER  by addtime desc limit 0,3  [ RunTime:0.0090s ]

[ 2016-11-28T13:25:55+08:00 ] 127.0.0.1 /index.php/Home/Index/goodsImg.html?cid=87
INFO: [ app_begin ] --START--
INFO: Run Behavior\ReadHtmlCacheBehavior [ RunTime:0.010002s ]
INFO: [ app_begin ] --END-- [ RunTime:0.057008s ]
SQL: SHOW COLUMNS FROM `beauty_goods` [ RunTime:0.0190s ]
SQL: SELECT g.imageurl,g.imagename,g.id FROM beauty_goods g
            where g.bid not in (select bid from beauty_activity where astatus=1)
                    and g.cid=87 and g.show=1 ORDER  by addtime desc limit 0,3  [ RunTime:0.0100s ]

[ 2016-11-28T13:59:35+08:00 ] 127.0.0.1 /index.php/Home/Order/images/bitbug_favicon%20.icon
ERR: 非法操作:images

[ 2016-11-28T14:23:38+08:00 ] 127.0.0.1 /index.php/Home/Order/saleprice.html
INFO: [ app_begin ] --START--
INFO: Run Behavior\ReadHtmlCacheBehavior [ RunTime:0.001000s ]
INFO: [ app_begin ] --END-- [ RunTime:0.002000s ]
SQL: SHOW COLUMNS FROM `beauty_type` [ RunTime:0.0080s ]
SQL: SELECT `saleprice` FROM `beauty_type` WHERE `ml` = '120' AND `gid` = 3 LIMIT 1   [ RunTime:0.0010s ]

[ 2016-11-28T14:23:39+08:00 ] 127.0.0.1 /index.php/Home/Order/saleprice.html
INFO: [ app_begin ] --START--
INFO: Run Behavior\ReadHtmlCacheBehavior [ RunTime:0.000500s ]
INFO: [ app_begin ] --END-- [ RunTime:0.001001s ]
SQL: SHOW COLUMNS FROM `beauty_type` [ RunTime:0.0090s ]
SQL: SELECT `saleprice` FROM `beauty_type` WHERE `ml` = '150' AND `gid` = 3 LIMIT 1   [ RunTime:0.0010s ]

[ 2016-11-28T14:23:40+08:00 ] 127.0.0.1 /index.php/Home/Order/saleprice.html
INFO: [ app_begin ] --START--
INFO: Run Behavior\ReadHtmlCacheBehavior [ RunTime:0.001000s ]
INFO: [ app_begin ] --END-- [ RunTime:0.001000s ]
SQL: SHOW COLUMNS FROM `beauty_type` [ RunTime:0.0080s ]
SQL: SELECT `saleprice` FROM `beauty_type` WHERE `ml` = '120' AND `gid` = 3 LIMIT 1   [ RunTime:0.0010s ]

[ 2016-11-28T14:26:59+08:00 ] 127.0.0.1 /index.php/Home/Order/saleprice.html
INFO: [ app_begin ] --START--
INFO: Run Behavior\ReadHtmlCacheBehavior [ RunTime:0.001000s ]
INFO: [ app_begin ] --END-- [ RunTime:0.002000s ]
SQL: SHOW COLUMNS FROM `beauty_type` [ RunTime:0.0070s ]
SQL: SELECT `saleprice` FROM `beauty_type` WHERE `ml` = '100' AND `gid` = 49 LIMIT 1   [ RunTime:0.0010s ]

[ 2016-11-28T14:27:00+08:00 ] 127.0.0.1 /index.php/Home/Order/saleprice.html
INFO: [ app_begin ] --START--
INFO: Run Behavior\ReadHtmlCacheBehavior [ RunTime:0.002000s ]
INFO: [ app_begin ] --END-- [ RunTime:0.002000s ]
SQL: SHOW COLUMNS FROM `beauty_type` [ RunTime:0.0070s ]
SQL: SELECT `saleprice` FROM `beauty_type` WHERE `ml` = '60' AND `gid` = 49 LIMIT 1   [ RunTime:0.0010s ]

[ 2016-11-28T14:27:01+08:00 ] 127.0.0.1 /index.php/Home/Order/saleprice.html
INFO: [ app_begin ] --START--
INFO: Run Behavior\ReadHtmlCacheBehavior [ RunTime:0.002000s ]
INFO: [ app_begin ] --END-- [ RunTime:0.003000s ]
SQL: SHOW COLUMNS FROM `beauty_type` [ RunTime:0.0080s ]
SQL: SELECT `saleprice` FROM `beauty_type` WHERE `ml` = '120' AND `gid` = 49 LIMIT 1   [ RunTime:0.0020s ]

[ 2016-11-28T14:27:01+08:00 ] 127.0.0.1 /index.php/Home/Order/saleprice.html
INFO: [ app_begin ] --START--
INFO: Run Behavior\ReadHtmlCacheBehavior [ RunTime:0.001000s ]
INFO: [ app_begin ] --END-- [ RunTime:0.002000s ]
SQL: SHOW COLUMNS FROM `beauty_type` [ RunTime:0.0080s ]
SQL: SELECT `saleprice` FROM `beauty_type` WHERE `ml` = '100' AND `gid` = 49 LIMIT 1   [ RunTime:0.0020s ]

[ 2016-11-28T14:27:02+08:00 ] 127.0.0.1 /index.php/Home/Order/saleprice.html
INFO: [ app_begin ] --START--
INFO: Run Behavior\ReadHtmlCacheBehavior [ RunTime:0.001000s ]
INFO: [ app_begin ] --END-- [ RunTime:0.003000s ]
SQL: SHOW COLUMNS FROM `beauty_type` [ RunTime:0.0080s ]
SQL: SELECT `saleprice` FROM `beauty_type` WHERE `ml` = '60' AND `gid` = 49 LIMIT 1   [ RunTime:0.0010s ]

[ 2016-11-28T14:28:01+08:00 ] 127.0.0.1 /index.php/Home/Order/saleprice.html
INFO: [ app_begin ] --START--
INFO: Run Behavior\ReadHtmlCacheBehavior [ RunTime:0.001000s ]
INFO: [ app_begin ] --END-- [ RunTime:0.002000s ]
SQL: SHOW COLUMNS FROM `beauty_type` [ RunTime:0.0070s ]
SQL: SELECT `saleprice` FROM `beauty_type` WHERE `ml` = '120' AND `gid` = 3 LIMIT 1   [ RunTime:0.0010s ]

[ 2016-11-28T14:28:01+08:00 ] 127.0.0.1 /index.php/Home/Order/saleprice.html
INFO: [ app_begin ] --START--
INFO: Run Behavior\ReadHtmlCacheBehavior [ RunTime:0.001000s ]
INFO: [ app_begin ] --END-- [ RunTime:0.002000s ]
SQL: SHOW COLUMNS FROM `beauty_type` [ RunTime:0.0070s ]
SQL: SELECT `saleprice` FROM `beauty_type` WHERE `ml` = '150' AND `gid` = 3 LIMIT 1   [ RunTime:0.0010s ]

[ 2016-11-28T14:28:02+08:00 ] 127.0.0.1 /index.php/Home/Order/saleprice.html
INFO: [ app_begin ] --START--
INFO: Run Behavior\ReadHtmlCacheBehavior [ RunTime:0.001000s ]
INFO: [ app_begin ] --END-- [ RunTime:0.002000s ]
SQL: SHOW COLUMNS FROM `beauty_type` [ RunTime:0.0070s ]
SQL: SELECT `saleprice` FROM `beauty_type` WHERE `ml` = '120' AND `gid` = 3 LIMIT 1   [ RunTime:0.0010s ]

[ 2016-11-28T14:28:02+08:00 ] 127.0.0.1 /index.php/Home/Order/saleprice.html
INFO: [ app_begin ] --START--
INFO: Run Behavior\ReadHtmlCacheBehavior [ RunTime:0.000000s ]
INFO: [ app_begin ] --END-- [ RunTime:0.001000s ]
SQL: SHOW COLUMNS FROM `beauty_type` [ RunTime:0.0070s ]
SQL: SELECT `saleprice` FROM `beauty_type` WHERE `ml` = '150' AND `gid` = 3 LIMIT 1   [ RunTime:0.0010s ]

[ 2016-11-28T14:28:03+08:00 ] 127.0.0.1 /index.php/Home/Order/saleprice.html
INFO: [ app_begin ] --START--
INFO: Run Behavior\ReadHtmlCacheBehavior [ RunTime:0.001000s ]
INFO: [ app_begin ] --END-- [ RunTime:0.002000s ]
SQL: SHOW COLUMNS FROM `beauty_type` [ RunTime:0.0070s ]
SQL: SELECT `saleprice` FROM `beauty_type` WHERE `ml` = '120' AND `gid` = 3 LIMIT 1   [ RunTime:0.0020s ]

[ 2016-11-28T14:28:03+08:00 ] 127.0.0.1 /index.php/Home/Order/saleprice.html
INFO: [ app_begin ] --START--
INFO: Run Behavior\ReadHtmlCacheBehavior [ RunTime:0.001000s ]
INFO: [ app_begin ] --END-- [ RunTime:0.002000s ]
SQL: SHOW COLUMNS FROM `beauty_type` [ RunTime:0.0080s ]
SQL: SELECT `saleprice` FROM `beauty_type` WHERE `ml` = '150' AND `gid` = 3 LIMIT 1   [ RunTime:0.0020s ]

[ 2016-11-28T14:28:04+08:00 ] 127.0.0.1 /index.php/Home/Order/saleprice.html
INFO: [ app_begin ] --START--
INFO: Run Behavior\ReadHtmlCacheBehavior [ RunTime:0.000000s ]
INFO: [ app_begin ] --END-- [ RunTime:0.001001s ]
SQL: SHOW COLUMNS FROM `beauty_type` [ RunTime:0.0080s ]
SQL: SELECT `saleprice` FROM `beauty_type` WHERE `ml` = '120' AND `gid` = 3 LIMIT 1   [ RunTime:0.0010s ]

[ 2016-11-28T14:28:05+08:00 ] 127.0.0.1 /index.php/Home/Order/saleprice.html
INFO: [ app_begin ] --START--
INFO: Run Behavior\ReadHtmlCacheBehavior [ RunTime:0.001000s ]
INFO: [ app_begin ] --END-- [ RunTime:0.001000s ]
SQL: SHOW COLUMNS FROM `beauty_type` [ RunTime:0.0070s ]
SQL: SELECT `saleprice` FROM `beauty_type` WHERE `ml` = '150' AND `gid` = 3 LIMIT 1   [ RunTime:0.0010s ]

[ 2016-11-28T14:28:05+08:00 ] 127.0.0.1 /index.php/Home/Order/saleprice.html
INFO: [ app_begin ] --START--
INFO: Run Behavior\ReadHtmlCacheBehavior [ RunTime:0.001000s ]
INFO: [ app_begin ] --END-- [ RunTime:0.001000s ]
SQL: SHOW COLUMNS FROM `beauty_type` [ RunTime:0.0070s ]
SQL: SELECT `saleprice` FROM `beauty_type` WHERE `ml` = '120' AND `gid` = 3 LIMIT 1   [ RunTime:0.0020s ]

[ 2016-11-28T14:28:07+08:00 ] 127.0.0.1 /index.php/Home/Order/saleprice.html
INFO: [ app_begin ] --START--
INFO: Run Behavior\ReadHtmlCacheBehavior [ RunTime:0.001000s ]
INFO: [ app_begin ] --END-- [ RunTime:0.002000s ]
SQL: SHOW COLUMNS FROM `beauty_type` [ RunTime:0.0080s ]
SQL: SELECT `saleprice` FROM `beauty_type` WHERE `ml` = '150' AND `gid` = 3 LIMIT 1   [ RunTime:0.0020s ]

[ 2016-11-28T14:28:07+08:00 ] 127.0.0.1 /index.php/Home/Order/saleprice.html
INFO: [ app_begin ] --START--
INFO: Run Behavior\ReadHtmlCacheBehavior [ RunTime:0.001001s ]
INFO: [ app_begin ] --END-- [ RunTime:0.002001s ]
SQL: SHOW COLUMNS FROM `beauty_type` [ RunTime:0.0070s ]
SQL: SELECT `saleprice` FROM `beauty_type` WHERE `ml` = '120' AND `gid` = 3 LIMIT 1   [ RunTime:0.0010s ]

[ 2016-11-28T14:30:12+08:00 ] 127.0.0.1 /index.php/Home/Index/goodsImg.html?cid=1
INFO: [ app_begin ] --START--
INFO: Run Behavior\ReadHtmlCacheBehavior [ RunTime:0.001000s ]
INFO: [ app_begin ] --END-- [ RunTime:0.002000s ]
SQL: SHOW COLUMNS FROM `beauty_goods` [ RunTime:0.0080s ]
SQL: SELECT g.imageurl,g.imagename,g.id FROM beauty_goods g
            where g.bid not in (select bid from beauty_activity where astatus=1)
                    and g.cid=1 and g.show=1 and g.ismember=0 ORDER  by addtime desc limit 0,3  [ RunTime:0.0020s ]

[ 2016-11-28T14:30:13+08:00 ] 127.0.0.1 /index.php/Home/Index/goodsImg.html?cid=22
INFO: [ app_begin ] --START--
INFO: Run Behavior\ReadHtmlCacheBehavior [ RunTime:0.001000s ]
INFO: [ app_begin ] --END-- [ RunTime:0.002000s ]
SQL: SHOW COLUMNS FROM `beauty_goods` [ RunTime:0.0090s ]
SQL: SELECT g.imageurl,g.imagename,g.id FROM beauty_goods g
            where g.bid not in (select bid from beauty_activity where astatus=1)
                    and g.cid=22 and g.show=1 and g.ismember=0 ORDER  by addtime desc limit 0,3  [ RunTime:0.0020s ]

[ 2016-11-28T14:30:13+08:00 ] 127.0.0.1 /index.php/Home/Index/goodsImg.html?cid=22
INFO: [ app_begin ] --START--
INFO: Run Behavior\ReadHtmlCacheBehavior [ RunTime:0.001000s ]
INFO: [ app_begin ] --END-- [ RunTime:0.002000s ]
SQL: SHOW COLUMNS FROM `beauty_goods` [ RunTime:0.0090s ]
SQL: SELECT g.imageurl,g.imagename,g.id FROM beauty_goods g
            where g.bid not in (select bid from beauty_activity where astatus=1)
                    and g.cid=22 and g.show=1 and g.ismember=0 ORDER  by addtime desc limit 0,3  [ RunTime:0.0020s ]

[ 2016-11-28T16:31:14+08:00 ] 127.0.0.1 /index.php/Home/Index/goodsImg.html?cid=87
INFO: [ app_begin ] --START--
INFO: Run Behavior\ReadHtmlCacheBehavior [ RunTime:0.001000s ]
INFO: [ app_begin ] --END-- [ RunTime:0.001500s ]
SQL: SHOW COLUMNS FROM `beauty_goods` [ RunTime:0.0160s ]
SQL: SELECT g.imageurl,g.imagename,g.id FROM beauty_goods g
            where g.bid not in (select bid from beauty_activity where astatus=1)
                    and g.cid=87 and g.show=1 and g.ismember=0 ORDER  by addtime desc limit 0,3  [ RunTime:0.0010s ]

[ 2016-11-28T16:31:14+08:00 ] 127.0.0.1 /index.php/Home/Index/goodsImg.html?cid=83
INFO: [ app_begin ] --START--
INFO: Run Behavior\ReadHtmlCacheBehavior [ RunTime:0.001000s ]
INFO: [ app_begin ] --END-- [ RunTime:0.001500s ]
SQL: SHOW COLUMNS FROM `beauty_goods` [ RunTime:0.0140s ]
SQL: SELECT g.imageurl,g.imagename,g.id FROM beauty_goods g
            where g.bid not in (select bid from beauty_activity where astatus=1)
                    and g.cid=83 and g.show=1 and g.ismember=0 ORDER  by addtime desc limit 0,3  [ RunTime:0.0060s ]

[ 2016-11-28T16:37:59+08:00 ] 127.0.0.1 /index.php/Home/Member/commentgoods.html
INFO: [ app_begin ] --START--
INFO: Run Behavior\ReadHtmlCacheBehavior [ RunTime:0.001000s ]
INFO: [ app_begin ] --END-- [ RunTime:0.001000s ]
NOTIC: [2] Illegal string offset 'ml' D:\ZBB\PHP\beauty\beauty\Home\Controller\MemberController.class.php 第 901 行.
NOTIC: [8] Uninitialized string offset: 0 D:\ZBB\PHP\beauty\beauty\Home\Controller\MemberController.class.php 第 901 行.
NOTIC: [2] Illegal string offset 'gid' D:\ZBB\PHP\beauty\beauty\Home\Controller\MemberController.class.php 第 902 行.
NOTIC: [8] Uninitialized string offset: 0 D:\ZBB\PHP\beauty\beauty\Home\Controller\MemberController.class.php 第 902 行.
NOTIC: [2] Illegal string offset 'oid' D:\ZBB\PHP\beauty\beauty\Home\Controller\MemberController.class.php 第 903 行.
NOTIC: [8] Uninitialized string offset: 0 D:\ZBB\PHP\beauty\beauty\Home\Controller\MemberController.class.php 第 903 行.
NOTIC: [2] Illegal string offset 'content' D:\ZBB\PHP\beauty\beauty\Home\Controller\MemberController.class.php 第 904 行.
NOTIC: [8] Uninitialized string offset: 0 D:\ZBB\PHP\beauty\beauty\Home\Controller\MemberController.class.php 第 904 行.
NOTIC: [2] Illegal string offset 'pingjia' D:\ZBB\PHP\beauty\beauty\Home\Controller\MemberController.class.php 第 905 行.
NOTIC: [8] Uninitialized string offset: 0 D:\ZBB\PHP\beauty\beauty\Home\Controller\MemberController.class.php 第 905 行.
NOTIC: [8] Uninitialized string offset: 0 D:\ZBB\PHP\beauty\beauty\Home\Controller\MemberController.class.php 第 905 行.
NOTIC: [2] Illegal string offset 'ml' D:\ZBB\PHP\beauty\beauty\Home\Controller\MemberController.class.php 第 901 行.
NOTIC: [8] Uninitialized string offset: 0 D:\ZBB\PHP\beauty\beauty\Home\Controller\MemberController.class.php 第 901 行.
NOTIC: [2] Illegal string offset 'gid' D:\ZBB\PHP\beauty\beauty\Home\Controller\MemberController.class.php 第 902 行.
NOTIC: [8] Uninitialized string offset: 0 D:\ZBB\PHP\beauty\beauty\Home\Controller\MemberController.class.php 第 902 行.
NOTIC: [2] Illegal string offset 'oid' D:\ZBB\PHP\beauty\beauty\Home\Controller\MemberController.class.php 第 903 行.
NOTIC: [8] Uninitialized string offset: 0 D:\ZBB\PHP\beauty\beauty\Home\Controller\MemberController.class.php 第 903 行.
NOTIC: [2] Illegal string offset 'content' D:\ZBB\PHP\beauty\beauty\Home\Controller\MemberController.class.php 第 904 行.
NOTIC: [8] Uninitialized string offset: 0 D:\ZBB\PHP\beauty\beauty\Home\Controller\MemberController.class.php 第 904 行.
NOTIC: [2] Illegal string offset 'pingjia' D:\ZBB\PHP\beauty\beauty\Home\Controller\MemberController.class.php 第 905 行.
NOTIC: [8] Uninitialized string offset: 0 D:\ZBB\PHP\beauty\beauty\Home\Controller\MemberController.class.php 第 905 行.
NOTIC: [8] Uninitialized string offset: 0 D:\ZBB\PHP\beauty\beauty\Home\Controller\MemberController.class.php 第 905 行.
SQL: SHOW COLUMNS FROM `beauty_comment` [ RunTime:0.0040s ]
SQL: INSERT INTO `beauty_comment` (`ml`,`gid`,`oid`,`content`,`cosid`,`mid`,`coaddtime`,`cstatus`) VALUES ('30','34','39','1232132131234124321','1','8','1480322279','5') [ RunTime:0.0940s ]
SQL: SHOW COLUMNS FROM `beauty_order` [ RunTime:0.0120s ]
SQL: UPDATE `beauty_order` SET `status`='5' WHERE `id` = 39 [ RunTime:0.0620s ]
SQL: INSERT INTO `beauty_comment` (`ml`,`gid`,`oid`,`content`,`cosid`,`mid`,`coaddtime`,`cstatus`) VALUES ('150','1','39','21312312312312312','1','8','1480322279','5') [ RunTime:0.0280s ]
SQL: UPDATE `beauty_order` SET `status`='5' WHERE `id` = 39 [ RunTime:0.0390s ]

[ 2016-11-28T17:48:35+08:00 ] 127.0.0.1 /index.php/Home/MyCart/getcartlist.html
INFO: [ app_begin ] --START--
INFO: Run Behavior\ReadHtmlCacheBehavior [ RunTime:0.001000s ]
INFO: [ app_begin ] --END-- [ RunTime:0.001000s ]
SQL: SHOW COLUMNS FROM `beauty_cart` [ RunTime:0.0070s ]
SQL: SHOW COLUMNS FROM `beauty_goods` [ RunTime:0.0090s ]
SQL: SELECT g.imageurl,g.imagename,g.saleprice,g.goodsname,c.buynum,c.sumprice,c.id,g.id gid,c.ml FROM beauty_goods g,beauty_cart c WHERE ( g.id=c.gid ) AND c.mid = '8' ORDER BY c.addtime desc LIMIT 0,6   [ RunTime:0.0020s ]

[ 2016-11-28T17:49:48+08:00 ] 127.0.0.1 /index.php/Home/Member/dopay.html
INFO: [ app_begin ] --START--
INFO: Run Behavior\ReadHtmlCacheBehavior [ RunTime:0.000000s ]
INFO: [ app_begin ] --END-- [ RunTime:0.001000s ]
SQL: SHOW COLUMNS FROM `beauty_user` [ RunTime:0.0090s ]
SQL: SELECT `paypwd` FROM `beauty_user` WHERE `paypwd` = '8d70d8ab2768f232ebe874175065ead3' LIMIT 1   [ RunTime:0.0020s ]

[ 2016-11-28T17:49:55+08:00 ] 127.0.0.1 /index.php/Home/Member/dopay.html
INFO: [ app_begin ] --START--
INFO: Run Behavior\ReadHtmlCacheBehavior [ RunTime:0.001000s ]
INFO: [ app_begin ] --END-- [ RunTime:0.002000s ]
SQL: SHOW COLUMNS FROM `beauty_user` [ RunTime:0.0090s ]
SQL: SELECT `paypwd` FROM `beauty_user` WHERE `paypwd` = 'e10adc3949ba59abbe56e057f20f883e' LIMIT 1   [ RunTime:0.0010s ]
SQL: SHOW COLUMNS FROM `beauty_order` [ RunTime:0.0090s ]
SQL: SELECT * FROM `beauty_order` WHERE `id` = 51 LIMIT 1   [ RunTime:0.0010s ]
SQL: SHOW COLUMNS FROM `beauty_account` [ RunTime:0.0090s ]
SQL: SELECT * FROM `beauty_account` WHERE `mid` = 8 LIMIT 1   [ RunTime:0.0010s ]
SQL: SHOW COLUMNS FROM `beauty_account_trade` [ RunTime:0.0050s ]
SQL: SELECT * FROM `beauty_account_trade` WHERE `mid` = 8 ORDER BY id desc LIMIT 1   [ RunTime:0.0010s ]
SQL: SHOW COLUMNS FROM `beauty_order_goods` [ RunTime:0.0050s ]
SQL: SELECT `gid`,`buynum` FROM `beauty_order_goods` WHERE `oid` = 51  [ RunTime:0.0010s ]
SQL: SHOW COLUMNS FROM `beauty_goods` [ RunTime:0.0060s ]
SQL: SELECT * FROM `beauty_goods` WHERE `id` = 1 LIMIT 1   [ RunTime:0.0020s ]
SQL: UPDATE `beauty_order` SET `status`='2' WHERE `id` = 51 [ RunTime:0.0020s ]
SQL: INSERT INTO `beauty_account_trade` (`trademoney`,`tradetime`,`tradesum`,`mid`) VALUES ('229','1480326595','2446','8') [ RunTime:0.0000s ]
SQL: UPDATE `beauty_account` SET `balance`='7823',`time`='1480326595' WHERE `mid` = 8 [ RunTime:0.0010s ]
SQL: UPDATE `beauty_goods` SET `salenum`='2',`num`='9997' WHERE `id` = 1 [ RunTime:0.0000s ]

[ 2016-11-28T17:50:29+08:00 ] 127.0.0.1 /index.php/Home/Member/zuijiasuccess.html
INFO: [ app_begin ] --START--
INFO: Run Behavior\ReadHtmlCacheBehavior [ RunTime:0.001000s ]
INFO: [ app_begin ] --END-- [ RunTime:0.002000s ]
NOTIC: [2] call_user_func() expects parameter 1 to be a valid callback, no array or string given D:\ZBB\PHP\beauty\ThinkPHP\Library\Think\Upload.class.php 第 170 行.
SQL: SHOW COLUMNS FROM `beauty_comment` [ RunTime:0.0100s ]
SQL: UPDATE `beauty_comment` SET `zuijia`='21321312412342',`cstatus`='6',`picurl`='2016-11-28/',`picname`='583bfde51bfa3.jpg' WHERE `oid` = 40 AND `gid` = 29 AND `mid` = 8 AND `ml` = 15 [ RunTime:0.0000s ]
SQL: SHOW COLUMNS FROM `beauty_user` [ RunTime:0.0080s ]
SQL: UPDATE `beauty_user` SET `score`=score+5 [ RunTime:0.0550s ]

[ 2016-11-28T17:50:55+08:00 ] 127.0.0.1 /index.php/Home/Member/zuijiasuccess.html
INFO: [ app_begin ] --START--
INFO: Run Behavior\ReadHtmlCacheBehavior [ RunTime:0.001000s ]
INFO: [ app_begin ] --END-- [ RunTime:0.001000s ]
NOTIC: [2] call_user_func() expects parameter 1 to be a valid callback, no array or string given D:\ZBB\PHP\beauty\ThinkPHP\Library\Think\Upload.class.php 第 170 行.
SQL: SHOW COLUMNS FROM `beauty_comment` [ RunTime:0.0090s ]
SQL: UPDATE `beauty_comment` SET `zuijia`='21312313113213123',`cstatus`='6',`picurl`='2016-11-28/',`picname`='583bfdff432ba.jpg' WHERE `oid` = 40 AND `gid` = 29 AND `mid` = 8 AND `ml` = 15 [ RunTime:0.0000s ]
SQL: SHOW COLUMNS FROM `beauty_user` [ RunTime:0.0090s ]
SQL: UPDATE `beauty_user` SET `score`=score+5 [ RunTime:0.0720s ]

[ 2016-11-28T17:56:50+08:00 ] 127.0.0.1 /index.php/Home/Member/zuijiasuccess.html
INFO: [ app_begin ] --START--
INFO: Run Behavior\ReadHtmlCacheBehavior [ RunTime:0.001000s ]
INFO: [ app_begin ] --END-- [ RunTime:0.001000s ]
NOTIC: [2] call_user_func() expects parameter 1 to be a valid callback, no array or string given D:\ZBB\PHP\beauty\ThinkPHP\Library\Think\Upload.class.php 第 170 行.

[ 2016-11-28T17:57:36+08:00 ] 127.0.0.1 /index.php/Home/Member/zuijiasuccess.html
INFO: [ app_begin ] --START--
INFO: Run Behavior\ReadHtmlCacheBehavior [ RunTime:0.002000s ]
INFO: [ app_begin ] --END-- [ RunTime:0.004000s ]
NOTIC: [2] call_user_func() expects parameter 1 to be a valid callback, no array or string given D:\ZBB\PHP\beauty\ThinkPHP\Library\Think\Upload.class.php 第 170 行.
SQL: SHOW COLUMNS FROM `beauty_comment` [ RunTime:0.0090s ]
SQL: UPDATE `beauty_comment` SET `zuijia`='12321341231',`picurl`='2016-11-28/',`picname`='583bff90cb796.jpg' WHERE `oid` = 40 AND `gid` = 29 AND `mid` = 8 AND `ml` = 15 [ RunTime:0.0060s ]
SQL: SHOW COLUMNS FROM `beauty_user` [ RunTime:0.0090s ]
SQL: UPDATE `beauty_user` SET `score`=score+5 [ RunTime:0.0840s ]

[ 2016-11-28T17:58:22+08:00 ] 127.0.0.1 /index.php/Home/Member/zuijiasuccess.html
INFO: [ app_begin ] --START--
INFO: Run Behavior\ReadHtmlCacheBehavior [ RunTime:0.001000s ]
INFO: [ app_begin ] --END-- [ RunTime:0.002000s ]
NOTIC: [2] Illegal string offset 'ml' D:\ZBB\PHP\beauty\beauty\Home\Controller\MemberController.class.php 第 961 行.
NOTIC: [8] Uninitialized string offset: 0 D:\ZBB\PHP\beauty\beauty\Home\Controller\MemberController.class.php 第 961 行.
NOTIC: [2] Illegal string offset 'gid' D:\ZBB\PHP\beauty\beauty\Home\Controller\MemberController.class.php 第 962 行.
NOTIC: [8] Uninitialized string offset: 0 D:\ZBB\PHP\beauty\beauty\Home\Controller\MemberController.class.php 第 962 行.
NOTIC: [2] Illegal string offset 'oid' D:\ZBB\PHP\beauty\beauty\Home\Controller\MemberController.class.php 第 963 行.
NOTIC: [8] Uninitialized string offset: 0 D:\ZBB\PHP\beauty\beauty\Home\Controller\MemberController.class.php 第 963 行.
NOTIC: [2] Illegal string offset 'content' D:\ZBB\PHP\beauty\beauty\Home\Controller\MemberController.class.php 第 964 行.
NOTIC: [8] Uninitialized string offset: 0 D:\ZBB\PHP\beauty\beauty\Home\Controller\MemberController.class.php 第 964 行.
NOTIC: [2] Illegal string offset 'pingjia' D:\ZBB\PHP\beauty\beauty\Home\Controller\MemberController.class.php 第 965 行.
NOTIC: [8] Uninitialized string offset: 0 D:\ZBB\PHP\beauty\beauty\Home\Controller\MemberController.class.php 第 965 行.
NOTIC: [8] Uninitialized string offset: 0 D:\ZBB\PHP\beauty\beauty\Home\Controller\MemberController.class.php 第 965 行.
NOTIC: [8] Undefined index: imageurl D:\ZBB\PHP\beauty\beauty\Home\Controller\MemberController.class.php 第 980 行.

[ 2016-11-28T17:59:02+08:00 ] 127.0.0.1 /index.php/Home/Member/zuijiasuccess.html
INFO: [ app_begin ] --START--
INFO: Run Behavior\ReadHtmlCacheBehavior [ RunTime:0.001000s ]
INFO: [ app_begin ] --END-- [ RunTime:0.002000s ]
NOTIC: [2] Illegal string offset 'ml' D:\ZBB\PHP\beauty\beauty\Home\Controller\MemberController.class.php 第 961 行.
NOTIC: [8] Uninitialized string offset: 0 D:\ZBB\PHP\beauty\beauty\Home\Controller\MemberController.class.php 第 961 行.
NOTIC: [2] Illegal string offset 'gid' D:\ZBB\PHP\beauty\beauty\Home\Controller\MemberController.class.php 第 962 行.
NOTIC: [8] Uninitialized string offset: 0 D:\ZBB\PHP\beauty\beauty\Home\Controller\MemberController.class.php 第 962 行.
NOTIC: [2] Illegal string offset 'oid' D:\ZBB\PHP\beauty\beauty\Home\Controller\MemberController.class.php 第 963 行.
NOTIC: [8] Uninitialized string offset: 0 D:\ZBB\PHP\beauty\beauty\Home\Controller\MemberController.class.php 第 963 行.
NOTIC: [2] Illegal string offset 'content' D:\ZBB\PHP\beauty\beauty\Home\Controller\MemberController.class.php 第 964 行.
NOTIC: [8] Uninitialized string offset: 0 D:\ZBB\PHP\beauty\beauty\Home\Controller\MemberController.class.php 第 964 行.
NOTIC: [2] Illegal string offset 'pingjia' D:\ZBB\PHP\beauty\beauty\Home\Controller\MemberController.class.php 第 965 行.
NOTIC: [8] Uninitialized string offset: 0 D:\ZBB\PHP\beauty\beauty\Home\Controller\MemberController.class.php 第 965 行.
NOTIC: [8] Uninitialized string offset: 0 D:\ZBB\PHP\beauty\beauty\Home\Controller\MemberController.class.php 第 965 行.
NOTIC: [8] Undefined index: imageurl D:\ZBB\PHP\beauty\beauty\Home\Controller\MemberController.class.php 第 980 行.

[ 2016-11-28T18:01:49+08:00 ] 172.16.17.221 /beauty/index.php/Home/Index/goodsImg.html?cid=1
INFO: [ app_begin ] --START--
INFO: Run Behavior\ReadHtmlCacheBehavior [ RunTime:0.001000s ]
INFO: [ app_begin ] --END-- [ RunTime:0.003000s ]
SQL: SHOW COLUMNS FROM `beauty_goods` [ RunTime:0.0140s ]
SQL: SELECT g.imageurl,g.imagename,g.id FROM beauty_goods g
            where g.bid not in (select bid from beauty_activity where astatus=1)
                    and g.cid=1 and g.show=1 and g.ismember=0 ORDER  by addtime desc limit 0,3  [ RunTime:0.0060s ]

[ 2016-11-28T18:02:32+08:00 ] 172.16.17.221 /beauty/index.php/Home/Test/geetest_show_verify.html
INFO: [ app_begin ] --START--
INFO: Run Behavior\ReadHtmlCacheBehavior [ RunTime:0.000000s ]
INFO: [ app_begin ] --END-- [ RunTime:0.001000s ]
INFO: [ app_end ] --START--
INFO: Run Behavior\ShowPageTraceBehavior [ RunTime:0.001000s ]
INFO: [ app_end ] --END-- [ RunTime:0.001000s ]

[ 2016-11-28T18:04:02+08:00 ] 127.0.0.1 /index.php/Home/Member/zuijiasuccess.html
INFO: [ app_begin ] --START--
INFO: Run Behavior\ReadHtmlCacheBehavior [ RunTime:0.001001s ]
INFO: [ app_begin ] --END-- [ RunTime:0.002001s ]
NOTIC: [2] call_user_func() expects parameter 1 to be a valid callback, no array or string given D:\ZBB\PHP\beauty\ThinkPHP\Library\Think\Upload.class.php 第 170 行.
SQL: SHOW COLUMNS FROM `beauty_comment` [ RunTime:0.0140s ]
SQL: UPDATE `beauty_comment` SET `zuijia`='2313412414',`picurl`='2016-11-28/',`picname`='583c01124d953.jpg' WHERE `oid` = 40 AND `gid` = 29 AND `mid` = 8 AND `ml` = 15 [ RunTime:0.0060s ]
SQL: SHOW COLUMNS FROM `beauty_user` [ RunTime:0.0130s ]
SQL: UPDATE `beauty_user` SET `score`=score+5 [ RunTime:0.0690s ]

[ 2016-11-28T18:05:00+08:00 ] 127.0.0.1 /index.php/Home/Member/zuijiasuccess.html
INFO: [ app_begin ] --START--
INFO: Run Behavior\ReadHtmlCacheBehavior [ RunTime:0.002000s ]
INFO: [ app_begin ] --END-- [ RunTime:0.002000s ]
NOTIC: [2] call_user_func() expects parameter 1 to be a valid callback, no array or string given D:\ZBB\PHP\beauty\ThinkPHP\Library\Think\Upload.class.php 第 170 行.

[ 2016-11-28T18:06:49+08:00 ] 127.0.0.1 /index.php/Home/Member/zuijiasuccess.html
INFO: [ app_begin ] --START--
INFO: Run Behavior\ReadHtmlCacheBehavior [ RunTime:0.001000s ]
INFO: [ app_begin ] --END-- [ RunTime:0.002000s ]
NOTIC: [2] call_user_func() expects parameter 1 to be a valid callback, no array or string given D:\ZBB\PHP\beauty\ThinkPHP\Library\Think\Upload.class.php 第 170 行.
NOTIC: [8] Undefined index: image1150 D:\ZBB\PHP\beauty\beauty\Home\Controller\MemberController.class.php 第 969 行.
NOTIC: [8] Undefined index: image1150 D:\ZBB\PHP\beauty\beauty\Home\Controller\MemberController.class.php 第 970 行.
NOTIC: [2] Illegal string offset 'ml' D:\ZBB\PHP\beauty\beauty\Home\Controller\MemberController.class.php 第 961 行.
NOTIC: [8] Uninitialized string offset: 0 D:\ZBB\PHP\beauty\beauty\Home\Controller\MemberController.class.php 第 961 行.
NOTIC: [2] Illegal string offset 'gid' D:\ZBB\PHP\beauty\beauty\Home\Controller\MemberController.class.php 第 962 行.
NOTIC: [8] Uninitialized string offset: 0 D:\ZBB\PHP\beauty\beauty\Home\Controller\MemberController.class.php 第 962 行.
NOTIC: [2] Illegal string offset 'oid' D:\ZBB\PHP\beauty\beauty\Home\Controller\MemberController.class.php 第 963 行.
NOTIC: [8] Uninitialized string offset: 0 D:\ZBB\PHP\beauty\beauty\Home\Controller\MemberController.class.php 第 963 行.
NOTIC: [2] Illegal string offset 'content' D:\ZBB\PHP\beauty\beauty\Home\Controller\MemberController.class.php 第 964 行.
NOTIC: [8] Uninitialized string offset: 0 D:\ZBB\PHP\beauty\beauty\Home\Controller\MemberController.class.php 第 964 行.
NOTIC: [2] Illegal string offset 'pingjia' D:\ZBB\PHP\beauty\beauty\Home\Controller\MemberController.class.php 第 965 行.
NOTIC: [8] Uninitialized string offset: 0 D:\ZBB\PHP\beauty\beauty\Home\Controller\MemberController.class.php 第 965 行.
NOTIC: [8] Uninitialized string offset: 0 D:\ZBB\PHP\beauty\beauty\Home\Controller\MemberController.class.php 第 965 行.
NOTIC: [8] Undefined index: imageimage1150 D:\ZBB\PHP\beauty\beauty\Home\Controller\MemberController.class.php 第 969 行.
NOTIC: [8] Undefined index: imageimage1150 D:\ZBB\PHP\beauty\beauty\Home\Controller\MemberController.class.php 第 970 行.
SQL: SHOW COLUMNS FROM `beauty_comment` [ RunTime:0.0080s ]
SQL: UPDATE `beauty_comment` SET `zuijia`='12312312312',`picurl`='2016-11-28/',`picname`='583c01b934a20.jpg' WHERE `oid` = 39 AND `gid` = 34 AND `mid` = 8 AND `ml` = 30 [ RunTime:0.0810s ]
SQL: SHOW COLUMNS FROM `beauty_order` [ RunTime:0.0080s ]
SQL: UPDATE `beauty_order` SET `status`='6' WHERE `id` = 39 [ RunTime:0.0580s ]
SQL: UPDATE `beauty_comment` SET `zuijia`='312312312312213',`picurl`='2016-11-28/',`picname`='583c01b934a20.jpg' WHERE `oid` = 39 AND `gid` = 1 AND `mid` = 8 AND `ml` = 150 [ RunTime:0.0660s ]
SQL: UPDATE `beauty_order` SET `status`='6' WHERE `id` = 39 [ RunTime:0.0340s ]
SQL: SHOW COLUMNS FROM `beauty_user` [ RunTime:0.0080s ]
SQL: UPDATE `beauty_user` SET `score`=score+5 [ RunTime:0.0670s ]

[ 2016-11-28T18:08:13+08:00 ] 127.0.0.1 /index.php/Home/Index/goodsImg.html?cid=22
INFO: [ app_begin ] --START--
INFO: Run Behavior\ReadHtmlCacheBehavior [ RunTime:0.001000s ]
INFO: [ app_begin ] --END-- [ RunTime:0.001000s ]
SQL: SHOW COLUMNS FROM `beauty_goods` [ RunTime:0.0080s ]
SQL: SELECT g.imageurl,g.imagename,g.id FROM beauty_goods g
            where g.bid not in (select bid from beauty_activity where astatus=1)
                    and g.cid=22 and g.show=1 and g.ismember=0 ORDER  by addtime desc limit 0,3  [ RunTime:0.0010s ]

[ 2016-11-28T18:08:46+08:00 ] 127.0.0.1 /index.php/Home/Index/goodsImg.html?cid=22
INFO: [ app_begin ] --START--
INFO: Run Behavior\ReadHtmlCacheBehavior [ RunTime:0.001000s ]
INFO: [ app_begin ] --END-- [ RunTime:0.001000s ]
SQL: SHOW COLUMNS FROM `beauty_goods` [ RunTime:0.0100s ]
SQL: SELECT g.imageurl,g.imagename,g.id FROM beauty_goods g
            where g.bid not in (select bid from beauty_activity where astatus=1)
                    and g.cid=22 and g.show=1 and g.ismember=0 ORDER  by addtime desc limit 0,3  [ RunTime:0.0020s ]

[ 2016-11-28T18:08:46+08:00 ] 127.0.0.1 /index.php/Home/Index/goodsImg.html?cid=33
INFO: [ app_begin ] --START--
INFO: Run Behavior\ReadHtmlCacheBehavior [ RunTime:0.001000s ]
INFO: [ app_begin ] --END-- [ RunTime:0.001500s ]
SQL: SHOW COLUMNS FROM `beauty_goods` [ RunTime:0.0095s ]
SQL: SELECT g.imageurl,g.imagename,g.id FROM beauty_goods g
            where g.bid not in (select bid from beauty_activity where astatus=1)
                    and g.cid=33 and g.show=1 and g.ismember=0 ORDER  by addtime desc limit 0,3  [ RunTime:0.0025s ]

[ 2016-11-28T18:09:15+08:00 ] 127.0.0.1 /index.php/Home/Index/goodsImg.html?cid=1
INFO: [ app_begin ] --START--
INFO: Run Behavior\ReadHtmlCacheBehavior [ RunTime:0.001000s ]
INFO: [ app_begin ] --END-- [ RunTime:0.002000s ]
SQL: SHOW COLUMNS FROM `beauty_goods` [ RunTime:0.0085s ]
SQL: SELECT g.imageurl,g.imagename,g.id FROM beauty_goods g
            where g.bid not in (select bid from beauty_activity where astatus=1)
                    and g.cid=1 and g.show=1 and g.ismember=0 ORDER  by addtime desc limit 0,3  [ RunTime:0.0020s ]

[ 2016-11-28T18:44:11+08:00 ] 127.0.0.1 /index.php/Home/MyCart/getcartlist.html
INFO: [ app_begin ] --START--
INFO: Run Behavior\ReadHtmlCacheBehavior [ RunTime:0.001000s ]
INFO: [ app_begin ] --END-- [ RunTime:0.001000s ]
SQL: SHOW COLUMNS FROM `beauty_cart` [ RunTime:0.0065s ]
SQL: SHOW COLUMNS FROM `beauty_goods` [ RunTime:0.0080s ]
SQL: SELECT g.imageurl,g.imagename,g.saleprice,g.goodsname,c.buynum,c.sumprice,c.id,g.id gid,c.ml FROM beauty_goods g,beauty_cart c WHERE ( g.id=c.gid ) AND c.mid = '8' ORDER BY c.addtime desc LIMIT 0,6   [ RunTime:0.0010s ]

[ 2016-11-28T19:12:41+08:00 ] 127.0.0.1 /index.php/Home/MyCart/getcartlist.html
INFO: [ app_begin ] --START--
INFO: Run Behavior\ReadHtmlCacheBehavior [ RunTime:0.001000s ]
INFO: [ app_begin ] --END-- [ RunTime:0.002500s ]
SQL: SHOW COLUMNS FROM `beauty_cart` [ RunTime:0.0075s ]
SQL: SHOW COLUMNS FROM `beauty_goods` [ RunTime:0.0080s ]
SQL: SELECT g.imageurl,g.imagename,g.saleprice,g.goodsname,c.buynum,c.sumprice,c.id,g.id gid,c.ml FROM beauty_goods g,beauty_cart c WHERE ( g.id=c.gid ) AND c.mid = '8' ORDER BY c.addtime desc LIMIT 0,6   [ RunTime:0.0020s ]

[ 2016-11-28T19:22:09+08:00 ] 127.0.0.1 /index.php/Home/Huiyuan/saleprice.html
INFO: [ app_begin ] --START--
INFO: Run Behavior\ReadHtmlCacheBehavior [ RunTime:0.001000s ]
INFO: [ app_begin ] --END-- [ RunTime:0.002000s ]
SQL: SHOW COLUMNS FROM `beauty_type` [ RunTime:0.0070s ]
SQL: SELECT `saleprice` FROM `beauty_type` WHERE `ml` = '100' AND `gid` = 44 LIMIT 1   [ RunTime:0.0020s ]

[ 2016-11-28T19:22:10+08:00 ] 127.0.0.1 /index.php/Home/Huiyuan/saleprice.html
INFO: [ app_begin ] --START--
INFO: Run Behavior\ReadHtmlCacheBehavior [ RunTime:0.002000s ]
INFO: [ app_begin ] --END-- [ RunTime:0.003000s ]
SQL: SHOW COLUMNS FROM `beauty_type` [ RunTime:0.0070s ]
SQL: SELECT `saleprice` FROM `beauty_type` WHERE `ml` = '80' AND `gid` = 44 LIMIT 1   [ RunTime:0.0020s ]

[ 2016-11-28T19:22:11+08:00 ] 127.0.0.1 /index.php/Home/Huiyuan/saleprice.html
INFO: [ app_begin ] --START--
INFO: Run Behavior\ReadHtmlCacheBehavior [ RunTime:0.002000s ]
INFO: [ app_begin ] --END-- [ RunTime:0.002000s ]
SQL: SHOW COLUMNS FROM `beauty_type` [ RunTime:0.0070s ]
SQL: SELECT `saleprice` FROM `beauty_type` WHERE `ml` = '100' AND `gid` = 44 LIMIT 1   [ RunTime:0.0020s ]

[ 2016-11-28T19:22:11+08:00 ] 127.0.0.1 /index.php/Home/Huiyuan/saleprice.html
INFO: [ app_begin ] --START--
INFO: Run Behavior\ReadHtmlCacheBehavior [ RunTime:0.002001s ]
INFO: [ app_begin ] --END-- [ RunTime:0.002001s ]
SQL: SHOW COLUMNS FROM `beauty_type` [ RunTime:0.0070s ]
SQL: SELECT `saleprice` FROM `beauty_type` WHERE `ml` = '120' AND `gid` = 44 LIMIT 1   [ RunTime:0.0010s ]

[ 2016-11-28T19:22:11+08:00 ] 127.0.0.1 /index.php/Home/Huiyuan/saleprice.html
INFO: [ app_begin ] --START--
INFO: Run Behavior\ReadHtmlCacheBehavior [ RunTime:0.002001s ]
INFO: [ app_begin ] --END-- [ RunTime:0.003001s ]
SQL: SHOW COLUMNS FROM `beauty_type` [ RunTime:0.0080s ]
SQL: SELECT `saleprice` FROM `beauty_type` WHERE `ml` = '100' AND `gid` = 44 LIMIT 1   [ RunTime:0.0020s ]

[ 2016-11-28T19:22:11+08:00 ] 127.0.0.1 /index.php/Home/Huiyuan/saleprice.html
INFO: [ app_begin ] --START--
INFO: Run Behavior\ReadHtmlCacheBehavior [ RunTime:0.001000s ]
INFO: [ app_begin ] --END-- [ RunTime:0.001000s ]
SQL: SHOW COLUMNS FROM `beauty_type` [ RunTime:0.0070s ]
SQL: SELECT `saleprice` FROM `beauty_type` WHERE `ml` = '80' AND `gid` = 44 LIMIT 1   [ RunTime:0.0020s ]

[ 2016-11-28T19:22:13+08:00 ] 127.0.0.1 /index.php/Home/Huiyuan/saleprice.html
INFO: [ app_begin ] --START--
INFO: Run Behavior\ReadHtmlCacheBehavior [ RunTime:0.002000s ]
INFO: [ app_begin ] --END-- [ RunTime:0.002000s ]
SQL: SHOW COLUMNS FROM `beauty_type` [ RunTime:0.0070s ]
SQL: SELECT `saleprice` FROM `beauty_type` WHERE `ml` = '100' AND `gid` = 44 LIMIT 1   [ RunTime:0.0010s ]

[ 2016-11-28T19:22:13+08:00 ] 127.0.0.1 /index.php/Home/Huiyuan/saleprice.html
INFO: [ app_begin ] --START--
INFO: Run Behavior\ReadHtmlCacheBehavior [ RunTime:0.001000s ]
INFO: [ app_begin ] --END-- [ RunTime:0.002000s ]
SQL: SHOW COLUMNS FROM `beauty_type` [ RunTime:0.0080s ]
SQL: SELECT `saleprice` FROM `beauty_type` WHERE `ml` = '120' AND `gid` = 44 LIMIT 1   [ RunTime:0.0010s ]

[ 2016-11-28T19:22:14+08:00 ] 127.0.0.1 /index.php/Home/Huiyuan/saleprice.html
INFO: [ app_begin ] --START--
INFO: Run Behavior\ReadHtmlCacheBehavior [ RunTime:0.001000s ]
INFO: [ app_begin ] --END-- [ RunTime:0.002000s ]
SQL: SHOW COLUMNS FROM `beauty_type` [ RunTime:0.0040s ]
SQL: SELECT `saleprice` FROM `beauty_type` WHERE `ml` = '100' AND `gid` = 44 LIMIT 1   [ RunTime:0.0020s ]

[ 2016-11-28T19:22:15+08:00 ] 127.0.0.1 /index.php/Home/Huiyuan/saleprice.html
INFO: [ app_begin ] --START--
INFO: Run Behavior\ReadHtmlCacheBehavior [ RunTime:0.001000s ]
INFO: [ app_begin ] --END-- [ RunTime:0.002001s ]
SQL: SHOW COLUMNS FROM `beauty_type` [ RunTime:0.0070s ]
SQL: SELECT `saleprice` FROM `beauty_type` WHERE `ml` = '80' AND `gid` = 44 LIMIT 1   [ RunTime:0.0000s ]

[ 2016-11-28T19:22:16+08:00 ] 127.0.0.1 /index.php/Home/Huiyuan/saleprice.html
INFO: [ app_begin ] --START--
INFO: Run Behavior\ReadHtmlCacheBehavior [ RunTime:0.001000s ]
INFO: [ app_begin ] --END-- [ RunTime:0.001000s ]
SQL: SHOW COLUMNS FROM `beauty_type` [ RunTime:0.0030s ]
SQL: SELECT `saleprice` FROM `beauty_type` WHERE `ml` = '120' AND `gid` = 44 LIMIT 1   [ RunTime:0.0000s ]

[ 2016-11-28T19:22:16+08:00 ] 127.0.0.1 /index.php/Home/Huiyuan/saleprice.html
INFO: [ app_begin ] --START--
INFO: Run Behavior\ReadHtmlCacheBehavior [ RunTime:0.001000s ]
INFO: [ app_begin ] --END-- [ RunTime:0.002000s ]
SQL: SHOW COLUMNS FROM `beauty_type` [ RunTime:0.0040s ]
SQL: SELECT `saleprice` FROM `beauty_type` WHERE `ml` = '100' AND `gid` = 44 LIMIT 1   [ RunTime:0.0010s ]

[ 2016-11-28T19:22:16+08:00 ] 127.0.0.1 /index.php/Home/Huiyuan/saleprice.html
INFO: [ app_begin ] --START--
INFO: Run Behavior\ReadHtmlCacheBehavior [ RunTime:0.000000s ]
INFO: [ app_begin ] --END-- [ RunTime:0.001001s ]
SQL: SHOW COLUMNS FROM `beauty_type` [ RunTime:0.0030s ]
SQL: SELECT `saleprice` FROM `beauty_type` WHERE `ml` = '80' AND `gid` = 44 LIMIT 1   [ RunTime:0.0010s ]

[ 2016-11-28T19:22:17+08:00 ] 127.0.0.1 /index.php/Home/Huiyuan/saleprice.html
INFO: [ app_begin ] --START--
INFO: Run Behavior\ReadHtmlCacheBehavior [ RunTime:0.000000s ]
INFO: [ app_begin ] --END-- [ RunTime:0.001000s ]
SQL: SHOW COLUMNS FROM `beauty_type` [ RunTime:0.0030s ]
SQL: SELECT `saleprice` FROM `beauty_type` WHERE `ml` = '100' AND `gid` = 44 LIMIT 1   [ RunTime:0.0010s ]

[ 2016-11-28T19:22:17+08:00 ] 127.0.0.1 /index.php/Home/Huiyuan/saleprice.html
INFO: [ app_begin ] --START--
INFO: Run Behavior\ReadHtmlCacheBehavior [ RunTime:0.001000s ]
INFO: [ app_begin ] --END-- [ RunTime:0.002000s ]
SQL: SHOW COLUMNS FROM `beauty_type` [ RunTime:0.0040s ]
SQL: SELECT `saleprice` FROM `beauty_type` WHERE `ml` = '120' AND `gid` = 44 LIMIT 1   [ RunTime:0.0010s ]

[ 2016-11-28T19:22:19+08:00 ] 127.0.0.1 /index.php/Home/Huiyuan/saleprice.html
INFO: [ app_begin ] --START--
INFO: Run Behavior\ReadHtmlCacheBehavior [ RunTime:0.000000s ]
INFO: [ app_begin ] --END-- [ RunTime:0.001000s ]
SQL: SHOW COLUMNS FROM `beauty_type` [ RunTime:0.0050s ]
SQL: SELECT `saleprice` FROM `beauty_type` WHERE `ml` = '100' AND `gid` = 44 LIMIT 1   [ RunTime:0.0010s ]

[ 2016-11-28T19:22:19+08:00 ] 127.0.0.1 /index.php/Home/Huiyuan/saleprice.html
INFO: [ app_begin ] --START--
INFO: Run Behavior\ReadHtmlCacheBehavior [ RunTime:0.002000s ]
INFO: [ app_begin ] --END-- [ RunTime:0.002000s ]
SQL: SHOW COLUMNS FROM `beauty_type` [ RunTime:0.0070s ]
SQL: SELECT `saleprice` FROM `beauty_type` WHERE `ml` = '80' AND `gid` = 44 LIMIT 1   [ RunTime:0.0000s ]

[ 2016-11-28T19:22:20+08:00 ] 127.0.0.1 /index.php/Home/Huiyuan/saleprice.html
INFO: [ app_begin ] --START--
INFO: Run Behavior\ReadHtmlCacheBehavior [ RunTime:0.001000s ]
INFO: [ app_begin ] --END-- [ RunTime:0.002000s ]
SQL: SHOW COLUMNS FROM `beauty_type` [ RunTime:0.0070s ]
SQL: SELECT `saleprice` FROM `beauty_type` WHERE `ml` = '100' AND `gid` = 44 LIMIT 1   [ RunTime:0.0020s ]

[ 2016-11-28T19:22:20+08:00 ] 127.0.0.1 /index.php/Home/Huiyuan/saleprice.html
INFO: [ app_begin ] --START--
INFO: Run Behavior\ReadHtmlCacheBehavior [ RunTime:0.001000s ]
INFO: [ app_begin ] --END-- [ RunTime:0.001000s ]
SQL: SHOW COLUMNS FROM `beauty_type` [ RunTime:0.0080s ]
SQL: SELECT `saleprice` FROM `beauty_type` WHERE `ml` = '120' AND `gid` = 44 LIMIT 1   [ RunTime:0.0010s ]

[ 2016-11-28T19:26:45+08:00 ] 127.0.0.1 /index.php/Home/Huiyuan/saleprice.html
INFO: [ app_begin ] --START--
INFO: Run Behavior\ReadHtmlCacheBehavior [ RunTime:0.001000s ]
INFO: [ app_begin ] --END-- [ RunTime:0.002000s ]
SQL: SHOW COLUMNS FROM `beauty_type` [ RunTime:0.0060s ]
SQL: SELECT `saleprice` FROM `beauty_type` WHERE `ml` = '100' AND `gid` = 44 LIMIT 1   [ RunTime:0.0000s ]

[ 2016-11-28T19:27:25+08:00 ] 127.0.0.1 /index.php/Home/Huiyuan/saleprice.html
INFO: [ app_begin ] --START--
INFO: Run Behavior\ReadHtmlCacheBehavior [ RunTime:0.001000s ]
INFO: [ app_begin ] --END-- [ RunTime:0.002000s ]
SQL: SHOW COLUMNS FROM `beauty_type` [ RunTime:0.0070s ]
SQL: SELECT `saleprice` FROM `beauty_type` WHERE `ml` = '100' AND `gid` = 44 LIMIT 1   [ RunTime:0.0010s ]

[ 2016-11-28T19:27:26+08:00 ] 127.0.0.1 /index.php/Home/Huiyuan/saleprice.html
INFO: [ app_begin ] --START--
INFO: Run Behavior\ReadHtmlCacheBehavior [ RunTime:0.001000s ]
INFO: [ app_begin ] --END-- [ RunTime:0.002000s ]
SQL: SHOW COLUMNS FROM `beauty_type` [ RunTime:0.0070s ]
SQL: SELECT `saleprice` FROM `beauty_type` WHERE `ml` = '80' AND `gid` = 44 LIMIT 1   [ RunTime:0.0000s ]

[ 2016-11-28T19:27:26+08:00 ] 127.0.0.1 /index.php/Home/Huiyuan/saleprice.html
INFO: [ app_begin ] --START--
INFO: Run Behavior\ReadHtmlCacheBehavior [ RunTime:0.001000s ]
INFO: [ app_begin ] --END-- [ RunTime:0.001000s ]
SQL: SHOW COLUMNS FROM `beauty_type` [ RunTime:0.0070s ]
SQL: SELECT `saleprice` FROM `beauty_type` WHERE `ml` = '100' AND `gid` = 44 LIMIT 1   [ RunTime:0.0010s ]

[ 2016-11-28T19:27:27+08:00 ] 127.0.0.1 /index.php/Home/Huiyuan/saleprice.html
INFO: [ app_begin ] --START--
INFO: Run Behavior\ReadHtmlCacheBehavior [ RunTime:0.001000s ]
INFO: [ app_begin ] --END-- [ RunTime:0.002000s ]
SQL: SHOW COLUMNS FROM `beauty_type` [ RunTime:0.0070s ]
SQL: SELECT `saleprice` FROM `beauty_type` WHERE `ml` = '120' AND `gid` = 44 LIMIT 1   [ RunTime:0.0000s ]

[ 2016-11-28T19:27:27+08:00 ] 127.0.0.1 /index.php/Home/Huiyuan/saleprice.html
INFO: [ app_begin ] --START--
INFO: Run Behavior\ReadHtmlCacheBehavior [ RunTime:0.002000s ]
INFO: [ app_begin ] --END-- [ RunTime:0.002000s ]
SQL: SHOW COLUMNS FROM `beauty_type` [ RunTime:0.0080s ]
SQL: SELECT `saleprice` FROM `beauty_type` WHERE `ml` = '100' AND `gid` = 44 LIMIT 1   [ RunTime:0.0020s ]

[ 2016-11-28T19:27:28+08:00 ] 127.0.0.1 /index.php/Home/Huiyuan/saleprice.html
INFO: [ app_begin ] --START--
INFO: Run Behavior\ReadHtmlCacheBehavior [ RunTime:0.001001s ]
INFO: [ app_begin ] --END-- [ RunTime:0.002001s ]
SQL: SHOW COLUMNS FROM `beauty_type` [ RunTime:0.0070s ]
SQL: SELECT `saleprice` FROM `beauty_type` WHERE `ml` = '80' AND `gid` = 44 LIMIT 1   [ RunTime:0.0010s ]

[ 2016-11-28T19:27:56+08:00 ] 127.0.0.1 /index.php/Home/Huiyuan/saleprice.html
INFO: [ app_begin ] --START--
INFO: Run Behavior\ReadHtmlCacheBehavior [ RunTime:0.001000s ]
INFO: [ app_begin ] --END-- [ RunTime:0.001000s ]
SQL: SHOW COLUMNS FROM `beauty_type` [ RunTime:0.0060s ]
SQL: SELECT `saleprice` FROM `beauty_type` WHERE `ml` = '100' AND `gid` = 44 LIMIT 1   [ RunTime:0.0010s ]

[ 2016-11-28T19:27:57+08:00 ] 127.0.0.1 /index.php/Home/Huiyuan/saleprice.html
INFO: [ app_begin ] --START--
INFO: Run Behavior\ReadHtmlCacheBehavior [ RunTime:0.001500s ]
INFO: [ app_begin ] --END-- [ RunTime:0.002000s ]
SQL: SHOW COLUMNS FROM `beauty_type` [ RunTime:0.0070s ]
SQL: SELECT `saleprice` FROM `beauty_type` WHERE `ml` = '80' AND `gid` = 44 LIMIT 1   [ RunTime:0.0010s ]

[ 2016-11-28T19:27:57+08:00 ] 127.0.0.1 /index.php/Home/Huiyuan/saleprice.html
INFO: [ app_begin ] --START--
INFO: Run Behavior\ReadHtmlCacheBehavior [ RunTime:0.002000s ]
INFO: [ app_begin ] --END-- [ RunTime:0.003000s ]
SQL: SHOW COLUMNS FROM `beauty_type` [ RunTime:0.0080s ]
SQL: SELECT `saleprice` FROM `beauty_type` WHERE `ml` = '100' AND `gid` = 44 LIMIT 1   [ RunTime:0.0020s ]

[ 2016-11-28T19:27:58+08:00 ] 127.0.0.1 /index.php/Home/Huiyuan/saleprice.html
INFO: [ app_begin ] --START--
INFO: Run Behavior\ReadHtmlCacheBehavior [ RunTime:0.001000s ]
INFO: [ app_begin ] --END-- [ RunTime:0.002000s ]
SQL: SHOW COLUMNS FROM `beauty_type` [ RunTime:0.0070s ]
SQL: SELECT `saleprice` FROM `beauty_type` WHERE `ml` = '120' AND `gid` = 44 LIMIT 1   [ RunTime:0.0010s ]

[ 2016-11-28T19:27:59+08:00 ] 127.0.0.1 /index.php/Home/Huiyuan/saleprice.html
INFO: [ app_begin ] --START--
INFO: Run Behavior\ReadHtmlCacheBehavior [ RunTime:0.001000s ]
INFO: [ app_begin ] --END-- [ RunTime:0.002000s ]
SQL: SHOW COLUMNS FROM `beauty_type` [ RunTime:0.0060s ]
SQL: SELECT `saleprice` FROM `beauty_type` WHERE `ml` = '100' AND `gid` = 44 LIMIT 1   [ RunTime:0.0010s ]

[ 2016-11-28T19:27:59+08:00 ] 127.0.0.1 /index.php/Home/Huiyuan/saleprice.html
INFO: [ app_begin ] --START--
INFO: Run Behavior\ReadHtmlCacheBehavior [ RunTime:0.001000s ]
INFO: [ app_begin ] --END-- [ RunTime:0.002000s ]
SQL: SHOW COLUMNS FROM `beauty_type` [ RunTime:0.0070s ]
SQL: SELECT `saleprice` FROM `beauty_type` WHERE `ml` = '80' AND `gid` = 44 LIMIT 1   [ RunTime:0.0010s ]

[ 2016-11-28T19:28:00+08:00 ] 127.0.0.1 /index.php/Home/Huiyuan/saleprice.html
INFO: [ app_begin ] --START--
INFO: Run Behavior\ReadHtmlCacheBehavior [ RunTime:0.001000s ]
INFO: [ app_begin ] --END-- [ RunTime:0.002000s ]
SQL: SHOW COLUMNS FROM `beauty_type` [ RunTime:0.0060s ]
SQL: SELECT `saleprice` FROM `beauty_type` WHERE `ml` = '100' AND `gid` = 44 LIMIT 1   [ RunTime:0.0010s ]

[ 2016-11-28T19:28:01+08:00 ] 127.0.0.1 /index.php/Home/Huiyuan/saleprice.html
INFO: [ app_begin ] --START--
INFO: Run Behavior\ReadHtmlCacheBehavior [ RunTime:0.001000s ]
INFO: [ app_begin ] --END-- [ RunTime:0.002000s ]
SQL: SHOW COLUMNS FROM `beauty_type` [ RunTime:0.0080s ]
SQL: SELECT `saleprice` FROM `beauty_type` WHERE `ml` = '120' AND `gid` = 44 LIMIT 1   [ RunTime:0.0010s ]

[ 2016-11-28T19:31:46+08:00 ] 127.0.0.1 /index.php/Home/MyCart/getcartlist.html
INFO: [ app_begin ] --START--
INFO: Run Behavior\ReadHtmlCacheBehavior [ RunTime:0.001000s ]
INFO: [ app_begin ] --END-- [ RunTime:0.002000s ]
SQL: SHOW COLUMNS FROM `beauty_cart` [ RunTime:0.0080s ]
SQL: SHOW COLUMNS FROM `beauty_goods` [ RunTime:0.0075s ]
SQL: SELECT g.imageurl,g.imagename,g.saleprice,g.goodsname,c.buynum,c.sumprice,c.id,g.id gid,c.ml FROM beauty_goods g,beauty_cart c WHERE ( g.id=c.gid ) AND c.mid = '8' ORDER BY c.addtime desc LIMIT 0,6   [ RunTime:0.0010s ]

[ 2016-11-28T19:31:46+08:00 ] 127.0.0.1 /index.php/Home/MyCart/getcartlist.html
INFO: [ app_begin ] --START--
INFO: Run Behavior\ReadHtmlCacheBehavior [ RunTime:0.000000s ]
INFO: [ app_begin ] --END-- [ RunTime:0.002000s ]
SQL: SHOW COLUMNS FROM `beauty_cart` [ RunTime:0.0070s ]
SQL: SHOW COLUMNS FROM `beauty_goods` [ RunTime:0.0080s ]
SQL: SELECT g.imageurl,g.imagename,g.saleprice,g.goodsname,c.buynum,c.sumprice,c.id,g.id gid,c.ml FROM beauty_goods g,beauty_cart c WHERE ( g.id=c.gid ) AND c.mid = '8' ORDER BY c.addtime desc LIMIT 0,6   [ RunTime:0.0010s ]

[ 2016-11-28T19:32:29+08:00 ] 127.0.0.1 /index.php/Home/Member/deletecomment.html?gid=34&oid=39
INFO: [ app_begin ] --START--
INFO: Run Behavior\ReadHtmlCacheBehavior [ RunTime:0.002001s ]
INFO: [ app_begin ] --END-- [ RunTime:0.002001s ]
SQL: SHOW COLUMNS FROM `beauty_comment` [ RunTime:0.0080s ]
SQL: DELETE FROM `beauty_comment` WHERE `gid` = 34 AND `mid` = 8 AND `oid` = 39 [ RunTime:0.0520s ]
INFO: [ view_parse ] --START--
INFO: [ template_filter ] --START--
INFO: Run Behavior\ContentReplaceBehavior [ RunTime:0.001000s ]
INFO: [ template_filter ] --END-- [ RunTime:0.001000s ]
NOTIC: [8] Undefined variable: keywords D:\ZBB\PHP\beauty\beauty\Runtime\Cache\Home\215da68f8576a09915cf2cdf07084791.php 第 198 行.
NOTIC: [8] Undefined variable: userInfo D:\ZBB\PHP\beauty\beauty\Runtime\Cache\Home\215da68f8576a09915cf2cdf07084791.php 第 340 行.
NOTIC: [8] Undefined variable: count D:\ZBB\PHP\beauty\beauty\Runtime\Cache\Home\215da68f8576a09915cf2cdf07084791.php 第 356 行.
NOTIC: [8] Undefined variable: commentlist D:\ZBB\PHP\beauty\beauty\Runtime\Cache\Home\215da68f8576a09915cf2cdf07084791.php 第 367 行.
NOTIC: [8] Undefined variable: empty D:\ZBB\PHP\beauty\beauty\Runtime\Cache\Home\215da68f8576a09915cf2cdf07084791.php 第 381 行.
NOTIC: [8] Undefined variable: page D:\ZBB\PHP\beauty\beauty\Runtime\Cache\Home\215da68f8576a09915cf2cdf07084791.php 第 386 行.
INFO: Run Behavior\ParseTemplateBehavior [ RunTime:0.032002s ]
INFO: [ view_parse ] --END-- [ RunTime:0.032002s ]
INFO: [ view_filter ] --START--
INFO: Run Behavior\WriteHtmlCacheBehavior [ RunTime:0.001000s ]
INFO: [ view_filter ] --END-- [ RunTime:0.001000s ]
INFO: [ app_end ] --START--
INFO: Run Behavior\ShowPageTraceBehavior [ RunTime:0.003000s ]
INFO: [ app_end ] --END-- [ RunTime:0.003000s ]

