[ 2016-11-16T08:28:11+08:00 ] 127.0.0.1 /index.php/Home/Index/goodsImg.html?cid=22
INFO: [ app_begin ] --START--
INFO: Run Behavior\ReadHtmlCacheBehavior [ RunTime:0.001000s ]
INFO: [ app_begin ] --END-- [ RunTime:0.001000s ]
SQL: SHOW COLUMNS FROM `beauty_goods` [ RunTime:0.0080s ]
SQL: SELECT g.imageurl,g.imagename,g.id FROM beauty_goods g
            where g.bid not in (select bid from beauty_activity where astatus=1)
                    and g.cid=22 and g.show=1 ORDER  by addtime desc limit 0,3  [ RunTime:0.0020s ]

[ 2016-11-16T20:02:35+08:00 ] 127.0.0.1 /index.php/Home/Order/layer.html
INFO: [ app_begin ] --START--
INFO: Run Behavior\ReadHtmlCacheBehavior [ RunTime:0.001000s ]
INFO: [ app_begin ] --END-- [ RunTime:0.001000s ]
SQL: SHOW COLUMNS FROM `beauty_user` [ RunTime:0.0100s ]
SQL: SELECT * FROM `beauty_user` WHERE `username` = 'beibei'  [ RunTime:0.0020s ]
INFO: [ app_end ] --START--
INFO: Run Behavior\ShowPageTraceBehavior [ RunTime:0.001000s ]
INFO: [ app_end ] --END-- [ RunTime:0.001000s ]

[ 2016-11-16T20:02:39+08:00 ] 127.0.0.1 /index.php/Home/Order/layerLogin.html
INFO: [ app_begin ] --START--
INFO: Run Behavior\ReadHtmlCacheBehavior [ RunTime:0.001000s ]
INFO: [ app_begin ] --END-- [ RunTime:0.002000s ]
SQL: SHOW COLUMNS FROM `beauty_user` [ RunTime:0.0090s ]
SQL: SELECT `id` FROM `beauty_user` WHERE `username` = 'beibei' AND `password` = 'e10adc3949ba59abbe56e057f20f883e' LIMIT 1   [ RunTime:0.0010s ]

[ 2016-11-16T20:02:45+08:00 ] 127.0.0.1 /index.php/Home/Order/layerLogin.html
INFO: [ app_begin ] --START--
INFO: Run Behavior\ReadHtmlCacheBehavior [ RunTime:0.000000s ]
INFO: [ app_begin ] --END-- [ RunTime:0.001000s ]
SQL: SHOW COLUMNS FROM `beauty_user` [ RunTime:0.0100s ]
SQL: SELECT `id` FROM `beauty_user` WHERE `username` = 'beibei' AND `password` = '6f2462312f6a173d5531d8db7469dbc1' LIMIT 1   [ RunTime:0.0010s ]

[ 2016-11-16T20:02:56+08:00 ] 127.0.0.1 /index.php/Home/Order/images/bitbug_favicon%20.icon
ERR: 非法操作:images

