[ 2016-11-29T08:38:53+08:00 ] 127.0.0.1 /index.php
ERR: SQLSTATE[HY000] [2002] ”…”⁄¡¨Ω”∑Ω‘⁄“ª∂Œ ±º‰∫Û√ª”–’˝»∑¥∏¥ªÚ¡¨Ω”µƒ÷˜ª˙√ª”–∑¥”¶£¨¡¨Ω”≥¢ ‘ ß∞‹°£


[ 2016-11-29T08:59:18+08:00 ] 127.0.0.1 /index.php
ERR: SQLSTATE[HY000] [2002] ”…”⁄¡¨Ω”∑Ω‘⁄“ª∂Œ ±º‰∫Û√ª”–’˝»∑¥∏¥ªÚ¡¨Ω”µƒ÷˜ª˙√ª”–∑¥”¶£¨¡¨Ω”≥¢ ‘ ß∞‹°£


[ 2016-11-29T10:01:56+08:00 ] 127.0.0.1 /index.php/Home/MyCart/getcartlist.html
INFO: [ app_begin ] --START--
INFO: Run Behavior\ReadHtmlCacheBehavior [ RunTime:0.001000s ]
INFO: [ app_begin ] --END-- [ RunTime:0.001501s ]

[ 2016-11-29T10:01:56+08:00 ] 127.0.0.1 /index.php/Home/MyCart/getcartlist.html
INFO: [ app_begin ] --START--
INFO: Run Behavior\ReadHtmlCacheBehavior [ RunTime:0.001001s ]
INFO: [ app_begin ] --END-- [ RunTime:0.001501s ]

[ 2016-11-29T10:02:40+08:00 ] 127.0.0.1 /index.php/Home/Order/saleprice.html
INFO: [ app_begin ] --START--
INFO: Run Behavior\ReadHtmlCacheBehavior [ RunTime:0.003000s ]
INFO: [ app_begin ] --END-- [ RunTime:0.004000s ]
SQL: SHOW COLUMNS FROM `beauty_type` [ RunTime:0.0070s ]
SQL: SELECT `saleprice` FROM `beauty_type` WHERE `ml` = '200' AND `gid` = 1 LIMIT 1   [ RunTime:0.0010s ]

[ 2016-11-29T10:02:41+08:00 ] 127.0.0.1 /index.php/Home/Order/saleprice.html
INFO: [ app_begin ] --START--
INFO: Run Behavior\ReadHtmlCacheBehavior [ RunTime:0.001000s ]
INFO: [ app_begin ] --END-- [ RunTime:0.001000s ]
SQL: SHOW COLUMNS FROM `beauty_type` [ RunTime:0.0070s ]
SQL: SELECT `saleprice` FROM `beauty_type` WHERE `ml` = '150' AND `gid` = 1 LIMIT 1   [ RunTime:0.0010s ]

[ 2016-11-29T10:02:41+08:00 ] 127.0.0.1 /index.php/Home/Order/saleprice.html
INFO: [ app_begin ] --START--
INFO: Run Behavior\ReadHtmlCacheBehavior [ RunTime:0.001000s ]
INFO: [ app_begin ] --END-- [ RunTime:0.001000s ]
SQL: SHOW COLUMNS FROM `beauty_type` [ RunTime:0.0080s ]
SQL: SELECT `saleprice` FROM `beauty_type` WHERE `ml` = '200' AND `gid` = 1 LIMIT 1   [ RunTime:0.0010s ]

[ 2016-11-29T10:02:41+08:00 ] 127.0.0.1 /index.php/Home/Order/saleprice.html
INFO: [ app_begin ] --START--
INFO: Run Behavior\ReadHtmlCacheBehavior [ RunTime:0.002000s ]
INFO: [ app_begin ] --END-- [ RunTime:0.003000s ]
SQL: SHOW COLUMNS FROM `beauty_type` [ RunTime:0.0070s ]
SQL: SELECT `saleprice` FROM `beauty_type` WHERE `ml` = '150' AND `gid` = 1 LIMIT 1   [ RunTime:0.0020s ]

[ 2016-11-29T10:02:42+08:00 ] 127.0.0.1 /index.php/Home/Order/saleprice.html
INFO: [ app_begin ] --START--
INFO: Run Behavior\ReadHtmlCacheBehavior [ RunTime:0.001000s ]
INFO: [ app_begin ] --END-- [ RunTime:0.002000s ]
SQL: SHOW COLUMNS FROM `beauty_type` [ RunTime:0.0070s ]
SQL: SELECT `saleprice` FROM `beauty_type` WHERE `ml` = '200' AND `gid` = 1 LIMIT 1   [ RunTime:0.0010s ]

[ 2016-11-29T10:02:42+08:00 ] 127.0.0.1 /index.php/Home/Order/saleprice.html
INFO: [ app_begin ] --START--
INFO: Run Behavior\ReadHtmlCacheBehavior [ RunTime:0.001000s ]
INFO: [ app_begin ] --END-- [ RunTime:0.002000s ]
SQL: SHOW COLUMNS FROM `beauty_type` [ RunTime:0.0070s ]
SQL: SELECT `saleprice` FROM `beauty_type` WHERE `ml` = '150' AND `gid` = 1 LIMIT 1   [ RunTime:0.0020s ]

[ 2016-11-29T10:02:43+08:00 ] 127.0.0.1 /index.php/Home/Order/saleprice.html
INFO: [ app_begin ] --START--
INFO: Run Behavior\ReadHtmlCacheBehavior [ RunTime:0.001000s ]
INFO: [ app_begin ] --END-- [ RunTime:0.003000s ]
SQL: SHOW COLUMNS FROM `beauty_type` [ RunTime:0.0090s ]
SQL: SELECT `saleprice` FROM `beauty_type` WHERE `ml` = '200' AND `gid` = 1 LIMIT 1   [ RunTime:0.0010s ]

[ 2016-11-29T10:02:44+08:00 ] 127.0.0.1 /index.php/Home/Order/saleprice.html
INFO: [ app_begin ] --START--
INFO: Run Behavior\ReadHtmlCacheBehavior [ RunTime:0.002001s ]
INFO: [ app_begin ] --END-- [ RunTime:0.003001s ]
SQL: SHOW COLUMNS FROM `beauty_type` [ RunTime:0.0080s ]
SQL: SELECT `saleprice` FROM `beauty_type` WHERE `ml` = '150' AND `gid` = 1 LIMIT 1   [ RunTime:0.0010s ]

[ 2016-11-29T10:02:44+08:00 ] 127.0.0.1 /index.php/Home/Order/saleprice.html
INFO: [ app_begin ] --START--
INFO: Run Behavior\ReadHtmlCacheBehavior [ RunTime:0.001000s ]
INFO: [ app_begin ] --END-- [ RunTime:0.002000s ]
SQL: SHOW COLUMNS FROM `beauty_type` [ RunTime:0.0080s ]
SQL: SELECT `saleprice` FROM `beauty_type` WHERE `ml` = '200' AND `gid` = 1 LIMIT 1   [ RunTime:0.0010s ]

[ 2016-11-29T10:02:46+08:00 ] 127.0.0.1 /index.php/Home/Order/saleprice.html
INFO: [ app_begin ] --START--
INFO: Run Behavior\ReadHtmlCacheBehavior [ RunTime:0.001000s ]
INFO: [ app_begin ] --END-- [ RunTime:0.001000s ]
SQL: SHOW COLUMNS FROM `beauty_type` [ RunTime:0.0080s ]
SQL: SELECT `saleprice` FROM `beauty_type` WHERE `ml` = '150' AND `gid` = 1 LIMIT 1   [ RunTime:0.0010s ]

[ 2016-11-29T10:02:48+08:00 ] 127.0.0.1 /index.php/Home/Order/saleprice.html
INFO: [ app_begin ] --START--
INFO: Run Behavior\ReadHtmlCacheBehavior [ RunTime:0.000500s ]
INFO: [ app_begin ] --END-- [ RunTime:0.001000s ]
SQL: SHOW COLUMNS FROM `beauty_type` [ RunTime:0.0080s ]
SQL: SELECT `saleprice` FROM `beauty_type` WHERE `ml` = '200' AND `gid` = 1 LIMIT 1   [ RunTime:0.0010s ]

[ 2016-11-29T11:31:21+08:00 ] 127.0.0.1 /index.php/Home/Index/goodsImg.html?cid=1
INFO: [ app_begin ] --START--
INFO: Run Behavior\ReadHtmlCacheBehavior [ RunTime:0.001000s ]
INFO: [ app_begin ] --END-- [ RunTime:0.001501s ]
SQL: SHOW COLUMNS FROM `beauty_goods` [ RunTime:0.0090s ]
SQL: SELECT g.imageurl,g.imagename,g.id FROM beauty_goods g
            where g.bid not in (select bid from beauty_activity where astatus=1)
                    and g.cid=1 and g.show=1 and g.ismember=0 ORDER  by addtime desc limit 0,3  [ RunTime:0.0020s ]

[ 2016-11-29T11:31:27+08:00 ] 127.0.0.1 /index.php/Home/Order/saleprice.html
INFO: [ app_begin ] --START--
INFO: Run Behavior\ReadHtmlCacheBehavior [ RunTime:0.001001s ]
INFO: [ app_begin ] --END-- [ RunTime:0.001001s ]
SQL: SHOW COLUMNS FROM `beauty_type` [ RunTime:0.0080s ]
SQL: SELECT `saleprice` FROM `beauty_type` WHERE `ml` = '200' AND `gid` = 1 LIMIT 1   [ RunTime:0.0015s ]

[ 2016-11-29T11:31:28+08:00 ] 127.0.0.1 /index.php/Home/Order/saleprice.html
INFO: [ app_begin ] --START--
INFO: Run Behavior\ReadHtmlCacheBehavior [ RunTime:0.001000s ]
INFO: [ app_begin ] --END-- [ RunTime:0.002000s ]
SQL: SHOW COLUMNS FROM `beauty_type` [ RunTime:0.0080s ]
SQL: SELECT `saleprice` FROM `beauty_type` WHERE `ml` = '150' AND `gid` = 1 LIMIT 1   [ RunTime:0.0010s ]

[ 2016-11-29T11:31:28+08:00 ] 127.0.0.1 /index.php/Home/Order/saleprice.html
INFO: [ app_begin ] --START--
INFO: Run Behavior\ReadHtmlCacheBehavior [ RunTime:0.001500s ]
INFO: [ app_begin ] --END-- [ RunTime:0.002500s ]
SQL: SHOW COLUMNS FROM `beauty_type` [ RunTime:0.0070s ]
SQL: SELECT `saleprice` FROM `beauty_type` WHERE `ml` = '200' AND `gid` = 1 LIMIT 1   [ RunTime:0.0000s ]

[ 2016-11-29T11:33:05+08:00 ] 127.0.0.1 /index.php/Home/Order/saleprice.html
INFO: [ app_begin ] --START--
INFO: Run Behavior\ReadHtmlCacheBehavior [ RunTime:0.001000s ]
INFO: [ app_begin ] --END-- [ RunTime:0.001000s ]
SQL: SHOW COLUMNS FROM `beauty_type` [ RunTime:0.0085s ]
SQL: SELECT `saleprice` FROM `beauty_type` WHERE `ml` = '150' AND `gid` = 1 LIMIT 1   [ RunTime:0.0010s ]

[ 2016-11-29T11:33:05+08:00 ] 127.0.0.1 /index.php/Home/Order/saleprice.html
INFO: [ app_begin ] --START--
INFO: Run Behavior\ReadHtmlCacheBehavior [ RunTime:0.001000s ]
INFO: [ app_begin ] --END-- [ RunTime:0.002000s ]
SQL: SHOW COLUMNS FROM `beauty_type` [ RunTime:0.0080s ]
SQL: SELECT `saleprice` FROM `beauty_type` WHERE `ml` = '200' AND `gid` = 1 LIMIT 1   [ RunTime:0.0020s ]

[ 2016-11-29T11:33:06+08:00 ] 127.0.0.1 /index.php/Home/Order/saleprice.html
INFO: [ app_begin ] --START--
INFO: Run Behavior\ReadHtmlCacheBehavior [ RunTime:0.001000s ]
INFO: [ app_begin ] --END-- [ RunTime:0.002000s ]
SQL: SHOW COLUMNS FROM `beauty_type` [ RunTime:0.0090s ]
SQL: SELECT `saleprice` FROM `beauty_type` WHERE `ml` = '150' AND `gid` = 1 LIMIT 1   [ RunTime:0.0010s ]

[ 2016-11-29T11:33:06+08:00 ] 127.0.0.1 /index.php/Home/Order/saleprice.html
INFO: [ app_begin ] --START--
INFO: Run Behavior\ReadHtmlCacheBehavior [ RunTime:0.001000s ]
INFO: [ app_begin ] --END-- [ RunTime:0.001500s ]
SQL: SHOW COLUMNS FROM `beauty_type` [ RunTime:0.0075s ]
SQL: SELECT `saleprice` FROM `beauty_type` WHERE `ml` = '200' AND `gid` = 1 LIMIT 1   [ RunTime:0.0030s ]

[ 2016-11-29T11:33:14+08:00 ] 127.0.0.1 /index.php/Home/Order/saleprice.html
INFO: [ app_begin ] --START--
INFO: Run Behavior\ReadHtmlCacheBehavior [ RunTime:0.002000s ]
INFO: [ app_begin ] --END-- [ RunTime:0.003000s ]
SQL: SHOW COLUMNS FROM `beauty_type` [ RunTime:0.0080s ]
SQL: SELECT `saleprice` FROM `beauty_type` WHERE `ml` = '150' AND `gid` = 1 LIMIT 1   [ RunTime:0.0020s ]

[ 2016-11-29T11:33:15+08:00 ] 127.0.0.1 /index.php/Home/Order/saleprice.html
INFO: [ app_begin ] --START--
INFO: Run Behavior\ReadHtmlCacheBehavior [ RunTime:0.001000s ]
INFO: [ app_begin ] --END-- [ RunTime:0.002000s ]
SQL: SHOW COLUMNS FROM `beauty_type` [ RunTime:0.0080s ]
SQL: SELECT `saleprice` FROM `beauty_type` WHERE `ml` = '200' AND `gid` = 1 LIMIT 1   [ RunTime:0.0010s ]

[ 2016-11-29T11:33:15+08:00 ] 127.0.0.1 /index.php/Home/Order/saleprice.html
INFO: [ app_begin ] --START--
INFO: Run Behavior\ReadHtmlCacheBehavior [ RunTime:0.001000s ]
INFO: [ app_begin ] --END-- [ RunTime:0.002001s ]
SQL: SHOW COLUMNS FROM `beauty_type` [ RunTime:0.0080s ]
SQL: SELECT `saleprice` FROM `beauty_type` WHERE `ml` = '150' AND `gid` = 1 LIMIT 1   [ RunTime:0.0020s ]

[ 2016-11-29T11:33:15+08:00 ] 127.0.0.1 /index.php/Home/Order/saleprice.html
INFO: [ app_begin ] --START--
INFO: Run Behavior\ReadHtmlCacheBehavior [ RunTime:0.000000s ]
INFO: [ app_begin ] --END-- [ RunTime:0.001000s ]
SQL: SHOW COLUMNS FROM `beauty_type` [ RunTime:0.0080s ]
SQL: SELECT `saleprice` FROM `beauty_type` WHERE `ml` = '200' AND `gid` = 1 LIMIT 1   [ RunTime:0.0020s ]

[ 2016-11-29T11:33:42+08:00 ] 127.0.0.1 /index.php/Home/Index/goodsImg.html?cid=53
INFO: [ app_begin ] --START--
INFO: Run Behavior\ReadHtmlCacheBehavior [ RunTime:0.001500s ]
INFO: [ app_begin ] --END-- [ RunTime:0.002000s ]
SQL: SHOW COLUMNS FROM `beauty_goods` [ RunTime:0.0085s ]
SQL: SELECT g.imageurl,g.imagename,g.id FROM beauty_goods g
            where g.bid not in (select bid from beauty_activity where astatus=1)
                    and g.cid=53 and g.show=1 and g.ismember=0 ORDER  by addtime desc limit 0,3  [ RunTime:0.0015s ]

[ 2016-11-29T11:34:05+08:00 ] 127.0.0.1 /index.php/Home/Index/goodsImg.html?cid=22
INFO: [ app_begin ] --START--
INFO: Run Behavior\ReadHtmlCacheBehavior [ RunTime:0.001000s ]
INFO: [ app_begin ] --END-- [ RunTime:0.001500s ]
SQL: SHOW COLUMNS FROM `beauty_goods` [ RunTime:0.0105s ]
SQL: SELECT g.imageurl,g.imagename,g.id FROM beauty_goods g
            where g.bid not in (select bid from beauty_activity where astatus=1)
                    and g.cid=22 and g.show=1 and g.ismember=0 ORDER  by addtime desc limit 0,3  [ RunTime:0.0020s ]

[ 2016-11-29T11:34:08+08:00 ] 127.0.0.1 /index.php/Home/Index/goodsImg.html?cid=22
INFO: [ app_begin ] --START--
INFO: Run Behavior\ReadHtmlCacheBehavior [ RunTime:0.000500s ]
INFO: [ app_begin ] --END-- [ RunTime:0.001500s ]
SQL: SHOW COLUMNS FROM `beauty_goods` [ RunTime:0.0105s ]
SQL: SELECT g.imageurl,g.imagename,g.id FROM beauty_goods g
            where g.bid not in (select bid from beauty_activity where astatus=1)
                    and g.cid=22 and g.show=1 and g.ismember=0 ORDER  by addtime desc limit 0,3  [ RunTime:0.0020s ]

[ 2016-11-29T11:34:14+08:00 ] 127.0.0.1 /index.php/Home/Index/goodsImg.html?cid=1
INFO: [ app_begin ] --START--
INFO: Run Behavior\ReadHtmlCacheBehavior [ RunTime:0.002000s ]
INFO: [ app_begin ] --END-- [ RunTime:0.003000s ]
SQL: SHOW COLUMNS FROM `beauty_goods` [ RunTime:0.0100s ]
SQL: SELECT g.imageurl,g.imagename,g.id FROM beauty_goods g
            where g.bid not in (select bid from beauty_activity where astatus=1)
                    and g.cid=1 and g.show=1 and g.ismember=0 ORDER  by addtime desc limit 0,3  [ RunTime:0.0020s ]

[ 2016-11-29T13:20:05+08:00 ] 127.0.0.1 /index.php/Home/MyCart/getcartlist.html
INFO: [ app_begin ] --START--
INFO: Run Behavior\ReadHtmlCacheBehavior [ RunTime:0.001000s ]
INFO: [ app_begin ] --END-- [ RunTime:0.002000s ]

[ 2016-11-29T13:20:06+08:00 ] 127.0.0.1 /index.php/Home/MyCart/getcartlist.html
INFO: [ app_begin ] --START--
INFO: Run Behavior\ReadHtmlCacheBehavior [ RunTime:0.001000s ]
INFO: [ app_begin ] --END-- [ RunTime:0.002000s ]

[ 2016-11-29T13:20:07+08:00 ] 127.0.0.1 /index.php/Home/Test/geetest_show_verify.html
INFO: [ app_begin ] --START--
INFO: Run Behavior\ReadHtmlCacheBehavior [ RunTime:0.002000s ]
INFO: [ app_begin ] --END-- [ RunTime:0.002000s ]
INFO: [ app_end ] --START--
INFO: Run Behavior\ShowPageTraceBehavior [ RunTime:0.001000s ]
INFO: [ app_end ] --END-- [ RunTime:0.001000s ]

[ 2016-11-29T13:20:16+08:00 ] 127.0.0.1 /index.php/Home/Login/chkVerify.html
INFO: [ app_begin ] --START--
INFO: Run Behavior\ReadHtmlCacheBehavior [ RunTime:0.001000s ]
INFO: [ app_begin ] --END-- [ RunTime:0.001000s ]
INFO: [ app_end ] --START--
INFO: Run Behavior\ShowPageTraceBehavior [ RunTime:0.001000s ]
INFO: [ app_end ] --END-- [ RunTime:0.001000s ]

[ 2016-11-29T13:20:16+08:00 ] 127.0.0.1 /index.php/Home/Login/doLogin.html
INFO: [ app_begin ] --START--
INFO: Run Behavior\ReadHtmlCacheBehavior [ RunTime:0.001000s ]
INFO: [ app_begin ] --END-- [ RunTime:0.002000s ]
SQL: SHOW COLUMNS FROM `beauty_user` [ RunTime:0.0080s ]
SQL: SELECT `id`,`username`,`password` FROM `beauty_user` WHERE `username` = 'beibei' AND `password` = '6f2462312f6a173d5531d8db7469dbc1' LIMIT 1   [ RunTime:0.0020s ]
SQL: UPDATE `beauty_user` SET `lastlogin`='1480396816' WHERE `username` = 'beibei' AND `password` = '6f2462312f6a173d5531d8db7469dbc1' [ RunTime:0.0610s ]

[ 2016-11-29T13:20:52+08:00 ] 127.0.0.1 /index.php/Home/Member/commentgoods.html
INFO: [ app_begin ] --START--
INFO: Run Behavior\ReadHtmlCacheBehavior [ RunTime:0.001000s ]
INFO: [ app_begin ] --END-- [ RunTime:0.001000s ]
NOTIC: [2] Illegal string offset 'ml' D:\ZBB\PHP\beauty\beauty\Home\Controller\MemberController.class.php Á¨¨ 891 Ë°å.
NOTIC: [8] Uninitialized string offset: 0 D:\ZBB\PHP\beauty\beauty\Home\Controller\MemberController.class.php Á¨¨ 891 Ë°å.
NOTIC: [2] Illegal string offset 'gid' D:\ZBB\PHP\beauty\beauty\Home\Controller\MemberController.class.php Á¨¨ 892 Ë°å.
NOTIC: [8] Uninitialized string offset: 0 D:\ZBB\PHP\beauty\beauty\Home\Controller\MemberController.class.php Á¨¨ 892 Ë°å.
NOTIC: [2] Illegal string offset 'oid' D:\ZBB\PHP\beauty\beauty\Home\Controller\MemberController.class.php Á¨¨ 893 Ë°å.
NOTIC: [8] Uninitialized string offset: 0 D:\ZBB\PHP\beauty\beauty\Home\Controller\MemberController.class.php Á¨¨ 893 Ë°å.
NOTIC: [2] Illegal string offset 'content' D:\ZBB\PHP\beauty\beauty\Home\Controller\MemberController.class.php Á¨¨ 894 Ë°å.
NOTIC: [8] Uninitialized string offset: 0 D:\ZBB\PHP\beauty\beauty\Home\Controller\MemberController.class.php Á¨¨ 894 Ë°å.
NOTIC: [2] Illegal string offset 'pingjia' D:\ZBB\PHP\beauty\beauty\Home\Controller\MemberController.class.php Á¨¨ 895 Ë°å.
NOTIC: [8] Uninitialized string offset: 0 D:\ZBB\PHP\beauty\beauty\Home\Controller\MemberController.class.php Á¨¨ 895 Ë°å.
NOTIC: [8] Uninitialized string offset: 0 D:\ZBB\PHP\beauty\beauty\Home\Controller\MemberController.class.php Á¨¨ 895 Ë°å.
SQL: SHOW COLUMNS FROM `beauty_comment` [ RunTime:0.0080s ]
SQL: INSERT INTO `beauty_comment` (`ml`,`gid`,`oid`,`content`,`cosid`,`mid`,`coaddtime`,`cstatus`) VALUES ('200','1','51','21313123e1242134234123','2','8','1480396852','5') [ RunTime:0.0650s ]
SQL: SHOW COLUMNS FROM `beauty_order` [ RunTime:0.0080s ]
SQL: UPDATE `beauty_order` SET `status`='5' WHERE `id` = 51 [ RunTime:0.0660s ]

[ 2016-11-29T13:20:59+08:00 ] 127.0.0.1 /index.php/Home/MyCart/getcartlist.html
INFO: [ app_begin ] --START--
INFO: Run Behavior\ReadHtmlCacheBehavior [ RunTime:0.000000s ]
INFO: [ app_begin ] --END-- [ RunTime:0.001000s ]
SQL: SHOW COLUMNS FROM `beauty_cart` [ RunTime:0.0080s ]
SQL: SHOW COLUMNS FROM `beauty_goods` [ RunTime:0.0090s ]
SQL: SELECT g.imageurl,g.imagename,g.saleprice,g.goodsname,c.buynum,c.sumprice,c.id,g.id gid,c.ml FROM beauty_goods g,beauty_cart c WHERE ( g.id=c.gid ) AND c.mid = '8' ORDER BY c.addtime desc LIMIT 0,6   [ RunTime:0.0020s ]

[ 2016-11-29T13:24:33+08:00 ] 127.0.0.1 /index.php/Home/Member/commentgoods.html
INFO: [ app_begin ] --START--
INFO: Run Behavior\ReadHtmlCacheBehavior [ RunTime:0.001000s ]
INFO: [ app_begin ] --END-- [ RunTime:0.002000s ]
NOTIC: [2] call_user_func() expects parameter 1 to be a valid callback, no array or string given D:\ZBB\PHP\beauty\ThinkPHP\Library\Think\Upload.class.php Á¨¨ 170 Ë°å.
SQL: SHOW COLUMNS FROM `beauty_comment` [ RunTime:0.0080s ]
SQL: INSERT INTO `beauty_comment` (`ml`,`gid`,`oid`,`content`,`cosid`,`mid`,`coaddtime`,`cstatus`,`imageurl`,`imagename`) VALUES ('200','1','46','21432143124321','1','8','1480397073','5','2016-11-29/','583d1111928a2.jpg') [ RunTime:0.0660s ]
SQL: SHOW COLUMNS FROM `beauty_order` [ RunTime:0.0090s ]
SQL: UPDATE `beauty_order` SET `status`='5' WHERE `id` = 46 [ RunTime:0.0580s ]

[ 2016-11-29T13:32:17+08:00 ] 127.0.0.1 /index.php/Home/MyCart/getcartlist.html
INFO: [ app_begin ] --START--
INFO: Run Behavior\ReadHtmlCacheBehavior [ RunTime:0.002000s ]
INFO: [ app_begin ] --END-- [ RunTime:0.004000s ]
SQL: SHOW COLUMNS FROM `beauty_cart` [ RunTime:0.0080s ]
SQL: SHOW COLUMNS FROM `beauty_goods` [ RunTime:0.0090s ]
SQL: SELECT g.imageurl,g.imagename,g.saleprice,g.goodsname,c.buynum,c.sumprice,c.id,g.id gid,c.ml FROM beauty_goods g,beauty_cart c WHERE ( g.id=c.gid ) AND c.mid = '8' ORDER BY c.addtime desc LIMIT 0,6   [ RunTime:0.0020s ]

[ 2016-11-29T14:57:41+08:00 ] 172.16.17.221 /beauty/index.php/Home/Index/goodsImg.html?cid=1
INFO: [ app_begin ] --START--
INFO: Run Behavior\ReadHtmlCacheBehavior [ RunTime:0.001001s ]
INFO: [ app_begin ] --END-- [ RunTime:0.001001s ]
SQL: SHOW COLUMNS FROM `beauty_goods` [ RunTime:0.0100s ]
SQL: SELECT g.imageurl,g.imagename,g.id FROM beauty_goods g
            where g.bid not in (select bid from beauty_activity where astatus=1)
                    and g.cid=1 and g.show=1 and g.ismember=0 ORDER  by addtime desc limit 0,3  [ RunTime:0.0020s ]

[ 2016-11-29T14:57:48+08:00 ] 172.16.17.221 /beauty/index.php/Home/Test/geetest_show_verify.html
INFO: [ app_begin ] --START--
INFO: Run Behavior\ReadHtmlCacheBehavior [ RunTime:0.001000s ]
INFO: [ app_begin ] --END-- [ RunTime:0.002000s ]
INFO: [ app_end ] --START--
INFO: Run Behavior\ShowPageTraceBehavior [ RunTime:0.001000s ]
INFO: [ app_end ] --END-- [ RunTime:0.002000s ]

[ 2016-11-29T14:58:02+08:00 ] 172.16.17.221 /beauty/index.php/Home/Register/chkUserName.html
INFO: [ app_begin ] --START--
INFO: Run Behavior\ReadHtmlCacheBehavior [ RunTime:0.001000s ]
INFO: [ app_begin ] --END-- [ RunTime:0.002000s ]
SQL: SHOW COLUMNS FROM `beauty_user` [ RunTime:0.0100s ]
SQL: SELECT * FROM `beauty_user` WHERE `username` = 'test' LIMIT 1   [ RunTime:0.0020s ]
INFO: [ app_end ] --START--
INFO: Run Behavior\ShowPageTraceBehavior [ RunTime:0.001000s ]
INFO: [ app_end ] --END-- [ RunTime:0.001000s ]

[ 2016-11-29T14:58:22+08:00 ] 172.16.17.221 /beauty/index.php/Home/Register/chkVerify.html
INFO: [ app_begin ] --START--
INFO: Run Behavior\ReadHtmlCacheBehavior [ RunTime:0.002000s ]
INFO: [ app_begin ] --END-- [ RunTime:0.002000s ]
INFO: [ app_end ] --START--
INFO: Run Behavior\ShowPageTraceBehavior [ RunTime:0.001000s ]
INFO: [ app_end ] --END-- [ RunTime:0.001000s ]

[ 2016-11-29T14:58:23+08:00 ] 172.16.17.221 /beauty/index.php/Home/Register/register.html
INFO: [ app_begin ] --START--
INFO: Run Behavior\ReadHtmlCacheBehavior [ RunTime:0.000000s ]
INFO: [ app_begin ] --END-- [ RunTime:0.001000s ]
SQL: SHOW COLUMNS FROM `beauty_user` [ RunTime:0.0080s ]
NOTIC: [8] Undefined index: validate D:\ZBB\PHP\beauty\ThinkPHP\Library\Think\Model.class.php Á¨¨ 1185 Ë°å.
NOTIC: [2] call_user_func_array() expects parameter 1 to be a valid callback, function 'checkLength' not found or invalid function name D:\ZBB\PHP\beauty\ThinkPHP\Library\Think\Model.class.php Á¨¨ 1279 Ë°å.
NOTIC: [2] call_user_func_array() expects parameter 1 to be a valid callback, function 'checkLength' not found or invalid function name D:\ZBB\PHP\beauty\ThinkPHP\Library\Think\Model.class.php Á¨¨ 1279 Ë°å.
NOTIC: [8] Undefined index: auto D:\ZBB\PHP\beauty\ThinkPHP\Library\Think\Model.class.php Á¨¨ 1128 Ë°å.
SQL: INSERT INTO `beauty_user` (`username`,`password`,`email`,`regtime`) VALUES ('test','cc03e747a6afbbcbf8be7668acfebee5','789@qq.com','1480402702') [ RunTime:0.0460s ]
SQL: UPDATE `beauty_user` SET `discount`=discount+10 WHERE `id` = 44 [ RunTime:0.0380s ]
SQL: SHOW COLUMNS FROM `beauty_packet` [ RunTime:0.0090s ]
SQL: INSERT INTO `beauty_packet` (`mid`,`status`) VALUES ('44','1') [ RunTime:0.0530s ]

[ 2016-11-29T16:15:42+08:00 ] 172.16.17.221 /beauty/index.php/Home/Login/LoginOut.html
INFO: [ app_begin ] --START--
INFO: Run Behavior\ReadHtmlCacheBehavior [ RunTime:0.001000s ]
INFO: [ app_begin ] --END-- [ RunTime:0.001000s ]

[ 2016-11-29T16:15:47+08:00 ] 172.16.17.221 /beauty/index.php/Home/Test/geetest_show_verify.html
INFO: [ app_begin ] --START--
INFO: Run Behavior\ReadHtmlCacheBehavior [ RunTime:0.001000s ]
INFO: [ app_begin ] --END-- [ RunTime:0.001000s ]
INFO: [ app_end ] --START--
INFO: Run Behavior\ShowPageTraceBehavior [ RunTime:0.001000s ]
INFO: [ app_end ] --END-- [ RunTime:0.001000s ]

[ 2016-11-29T16:15:59+08:00 ] 172.16.17.221 /beauty/index.php/Home/Login/chkVerify.html
INFO: [ app_begin ] --START--
INFO: Run Behavior\ReadHtmlCacheBehavior [ RunTime:0.001000s ]
INFO: [ app_begin ] --END-- [ RunTime:0.001000s ]
INFO: [ app_end ] --START--
INFO: Run Behavior\ShowPageTraceBehavior [ RunTime:0.001000s ]
INFO: [ app_end ] --END-- [ RunTime:0.001000s ]

[ 2016-11-29T16:16:00+08:00 ] 172.16.17.221 /beauty/index.php/Home/Login/doLogin.html
INFO: [ app_begin ] --START--
INFO: Run Behavior\ReadHtmlCacheBehavior [ RunTime:0.000000s ]
INFO: [ app_begin ] --END-- [ RunTime:0.000000s ]
SQL: SHOW COLUMNS FROM `beauty_user` [ RunTime:0.0080s ]
SQL: SELECT `id`,`username`,`password` FROM `beauty_user` WHERE `username` = 'admin' AND `password` = '21232f297a57a5a743894a0e4a801fc3' LIMIT 1   [ RunTime:0.0010s ]

[ 2016-11-29T16:16:14+08:00 ] 172.16.17.221 /beauty/index.php/Home/ChangPassword/isSetUserName.html
INFO: [ app_begin ] --START--
INFO: Run Behavior\ReadHtmlCacheBehavior [ RunTime:0.001000s ]
INFO: [ app_begin ] --END-- [ RunTime:0.001000s ]
SQL: SHOW COLUMNS FROM `beauty_user` [ RunTime:0.0090s ]
SQL: SELECT * FROM `beauty_user` WHERE `username` = 'admin1' LIMIT 1   [ RunTime:0.0010s ]
INFO: [ app_end ] --START--
INFO: Run Behavior\ShowPageTraceBehavior [ RunTime:0.001000s ]
INFO: [ app_end ] --END-- [ RunTime:0.001000s ]

[ 2016-11-29T16:16:17+08:00 ] 172.16.17.221 /beauty/index.php/Home/ChangPassword/isSetUserName.html
INFO: [ app_begin ] --START--
INFO: Run Behavior\ReadHtmlCacheBehavior [ RunTime:0.001000s ]
INFO: [ app_begin ] --END-- [ RunTime:0.002000s ]
SQL: SHOW COLUMNS FROM `beauty_user` [ RunTime:0.0080s ]
SQL: SELECT * FROM `beauty_user` WHERE `username` = 'admin' LIMIT 1   [ RunTime:0.0010s ]
INFO: [ app_end ] --START--
INFO: Run Behavior\ShowPageTraceBehavior [ RunTime:0.001000s ]
INFO: [ app_end ] --END-- [ RunTime:0.001000s ]

[ 2016-11-29T16:16:33+08:00 ] 172.16.17.221 /beauty/index.php/Home/Test/geetest_show_verify.html
INFO: [ app_begin ] --START--
INFO: Run Behavior\ReadHtmlCacheBehavior [ RunTime:0.001000s ]
INFO: [ app_begin ] --END-- [ RunTime:0.002000s ]
NOTIC: [2] file_get_contents(http://api.geetest.com/register.php?gt=27cb550818ab3236e754db8997f2d804&amp;user_id=test): failed to open stream: HTTP request failed!  D:\ZBB\PHP\beauty\ThinkPHP\Library\Org\Beauty\Geetest.class.php Á¨¨ 196 Ë°å.
INFO: [ app_end ] --START--
INFO: Run Behavior\ShowPageTraceBehavior [ RunTime:0.002000s ]
INFO: [ app_end ] --END-- [ RunTime:0.002000s ]

[ 2016-11-29T16:16:35+08:00 ] 172.16.17.221 /beauty/index.php/Home/Login/chkVerify.html
INFO: [ app_begin ] --START--
INFO: Run Behavior\ReadHtmlCacheBehavior [ RunTime:0.000500s ]
INFO: [ app_begin ] --END-- [ RunTime:0.001000s ]
INFO: [ app_end ] --START--
INFO: Run Behavior\ShowPageTraceBehavior [ RunTime:0.000500s ]
INFO: [ app_end ] --END-- [ RunTime:0.000500s ]

[ 2016-11-29T16:16:35+08:00 ] 172.16.17.221 /beauty/index.php/Home/Login/doLogin.html
INFO: [ app_begin ] --START--
INFO: Run Behavior\ReadHtmlCacheBehavior [ RunTime:0.001000s ]
INFO: [ app_begin ] --END-- [ RunTime:0.001500s ]
SQL: SHOW COLUMNS FROM `beauty_user` [ RunTime:0.0080s ]
SQL: SELECT `id`,`username`,`password` FROM `beauty_user` WHERE `username` = 'admin1' AND `password` = '21232f297a57a5a743894a0e4a801fc3' LIMIT 1   [ RunTime:0.0010s ]

[ 2016-11-29T16:16:47+08:00 ] 172.16.17.221 /beauty/index.php/Home/ChangPassword/isSetUserName.html
INFO: [ app_begin ] --START--
INFO: Run Behavior\ReadHtmlCacheBehavior [ RunTime:0.001000s ]
INFO: [ app_begin ] --END-- [ RunTime:0.001000s ]
SQL: SHOW COLUMNS FROM `beauty_user` [ RunTime:0.0110s ]
SQL: SELECT * FROM `beauty_user` WHERE `username` = 'admin1' LIMIT 1   [ RunTime:0.0020s ]
INFO: [ app_end ] --START--
INFO: Run Behavior\ShowPageTraceBehavior [ RunTime:0.001000s ]
INFO: [ app_end ] --END-- [ RunTime:0.001000s ]

[ 2016-11-29T16:16:57+08:00 ] 172.16.17.221 /beauty/index.php/Home/Test/geetest_show_verify.html
INFO: [ app_begin ] --START--
INFO: Run Behavior\ReadHtmlCacheBehavior [ RunTime:0.001000s ]
INFO: [ app_begin ] --END-- [ RunTime:0.002000s ]
INFO: [ app_end ] --START--
INFO: Run Behavior\ShowPageTraceBehavior [ RunTime:0.001000s ]
INFO: [ app_end ] --END-- [ RunTime:0.001000s ]

[ 2016-11-29T16:17:12+08:00 ] 172.16.17.221 /beauty/index.php/Home/Login/chkVerify.html
INFO: [ app_begin ] --START--
INFO: Run Behavior\ReadHtmlCacheBehavior [ RunTime:0.001000s ]
INFO: [ app_begin ] --END-- [ RunTime:0.001000s ]
INFO: [ app_end ] --START--
INFO: Run Behavior\ShowPageTraceBehavior [ RunTime:0.001000s ]
INFO: [ app_end ] --END-- [ RunTime:0.001000s ]

[ 2016-11-29T16:17:12+08:00 ] 172.16.17.221 /beauty/index.php/Home/Login/doLogin.html
INFO: [ app_begin ] --START--
INFO: Run Behavior\ReadHtmlCacheBehavior [ RunTime:0.001000s ]
INFO: [ app_begin ] --END-- [ RunTime:0.002000s ]
SQL: SHOW COLUMNS FROM `beauty_user` [ RunTime:0.0080s ]
SQL: SELECT `id`,`username`,`password` FROM `beauty_user` WHERE `username` = 'admin' AND `password` = 'e10adc3949ba59abbe56e057f20f883e' LIMIT 1   [ RunTime:0.0020s ]

[ 2016-11-29T16:17:53+08:00 ] 172.16.17.221 /beauty/index.php/Home/Login/doLogin.html
INFO: [ app_begin ] --START--
INFO: Run Behavior\ReadHtmlCacheBehavior [ RunTime:0.001000s ]
INFO: [ app_begin ] --END-- [ RunTime:0.001000s ]
SQL: SHOW COLUMNS FROM `beauty_user` [ RunTime:0.0080s ]
SQL: SELECT `id`,`username`,`password` FROM `beauty_user` WHERE `username` = 'beibei' AND `password` = '46d294deab9987e94ced5c0f7b478f5d' LIMIT 1   [ RunTime:0.0010s ]

[ 2016-11-29T16:18:10+08:00 ] 172.16.17.221 /beauty/index.php/Home/Login/chkVerify.html
INFO: [ app_begin ] --START--
INFO: Run Behavior\ReadHtmlCacheBehavior [ RunTime:0.000500s ]
INFO: [ app_begin ] --END-- [ RunTime:0.001000s ]
INFO: [ app_end ] --START--
INFO: Run Behavior\ShowPageTraceBehavior [ RunTime:0.002000s ]
INFO: [ app_end ] --END-- [ RunTime:0.002000s ]

[ 2016-11-29T16:18:11+08:00 ] 172.16.17.221 /beauty/index.php/Home/Login/chkVerify.html
INFO: [ app_begin ] --START--
INFO: Run Behavior\ReadHtmlCacheBehavior [ RunTime:0.000500s ]
INFO: [ app_begin ] --END-- [ RunTime:0.001500s ]
INFO: [ app_end ] --START--
INFO: Run Behavior\ShowPageTraceBehavior [ RunTime:0.001000s ]
INFO: [ app_end ] --END-- [ RunTime:0.001000s ]

[ 2016-11-29T16:18:11+08:00 ] 172.16.17.221 /beauty/index.php/Home/Login/chkVerify.html
INFO: [ app_begin ] --START--
INFO: Run Behavior\ReadHtmlCacheBehavior [ RunTime:0.001000s ]
INFO: [ app_begin ] --END-- [ RunTime:0.002000s ]
INFO: [ app_end ] --START--
INFO: Run Behavior\ShowPageTraceBehavior [ RunTime:0.001000s ]
INFO: [ app_end ] --END-- [ RunTime:0.001000s ]

[ 2016-11-29T16:18:13+08:00 ] 172.16.17.221 /beauty/index.php/Home/Login/doLogin.html
INFO: [ app_begin ] --START--
INFO: Run Behavior\ReadHtmlCacheBehavior [ RunTime:0.003500s ]
INFO: [ app_begin ] --END-- [ RunTime:0.004501s ]
SQL: SHOW COLUMNS FROM `beauty_user` [ RunTime:0.0110s ]
SQL: SELECT `id`,`username`,`password` FROM `beauty_user` WHERE `username` = 'admin' AND `password` = 'e10adc3949ba59abbe56e057f20f883e' LIMIT 1   [ RunTime:0.0015s ]

[ 2016-11-29T16:18:19+08:00 ] 172.16.17.221 /beauty/index.php/Home/ChangPassword/isSetUserName.html
INFO: [ app_begin ] --START--
INFO: Run Behavior\ReadHtmlCacheBehavior [ RunTime:0.002001s ]
INFO: [ app_begin ] --END-- [ RunTime:0.002001s ]
SQL: SHOW COLUMNS FROM `beauty_user` [ RunTime:0.0080s ]
SQL: SELECT * FROM `beauty_user` WHERE `username` = 'admin' LIMIT 1   [ RunTime:0.0020s ]
INFO: [ app_end ] --START--
INFO: Run Behavior\ShowPageTraceBehavior [ RunTime:0.001000s ]
INFO: [ app_end ] --END-- [ RunTime:0.001000s ]

[ 2016-11-29T16:18:32+08:00 ] 172.16.17.221 /beauty/index.php/Home/ChangPassword/isSetUserName.html
INFO: [ app_begin ] --START--
INFO: Run Behavior\ReadHtmlCacheBehavior [ RunTime:0.001000s ]
INFO: [ app_begin ] --END-- [ RunTime:0.001000s ]
SQL: SHOW COLUMNS FROM `beauty_user` [ RunTime:0.0080s ]
SQL: SELECT * FROM `beauty_user` WHERE `username` = 'admin' LIMIT 1   [ RunTime:0.0015s ]
INFO: [ app_end ] --START--
INFO: Run Behavior\ShowPageTraceBehavior [ RunTime:0.003500s ]
INFO: [ app_end ] --END-- [ RunTime:0.003500s ]

[ 2016-11-29T16:19:22+08:00 ] 172.16.17.221 /beauty/index.php/Home/Test/geetest_show_verify.html
INFO: [ app_begin ] --START--
INFO: Run Behavior\ReadHtmlCacheBehavior [ RunTime:0.001000s ]
INFO: [ app_begin ] --END-- [ RunTime:0.001500s ]
INFO: [ app_end ] --START--
INFO: Run Behavior\ShowPageTraceBehavior [ RunTime:0.001000s ]
INFO: [ app_end ] --END-- [ RunTime:0.001000s ]

[ 2016-11-29T16:19:35+08:00 ] 172.16.17.221 /beauty/index.php/Home/Login/chkVerify.html
INFO: [ app_begin ] --START--
INFO: Run Behavior\ReadHtmlCacheBehavior [ RunTime:0.002000s ]
INFO: [ app_begin ] --END-- [ RunTime:0.002000s ]
INFO: [ app_end ] --START--
INFO: Run Behavior\ShowPageTraceBehavior [ RunTime:0.001000s ]
INFO: [ app_end ] --END-- [ RunTime:0.001000s ]

[ 2016-11-29T16:19:36+08:00 ] 172.16.17.221 /beauty/index.php/Home/Login/chkVerify.html
INFO: [ app_begin ] --START--
INFO: Run Behavior\ReadHtmlCacheBehavior [ RunTime:0.001000s ]
INFO: [ app_begin ] --END-- [ RunTime:0.001000s ]
INFO: [ app_end ] --START--
INFO: Run Behavior\ShowPageTraceBehavior [ RunTime:0.002000s ]
INFO: [ app_end ] --END-- [ RunTime:0.002000s ]

[ 2016-11-29T16:19:37+08:00 ] 172.16.17.221 /beauty/index.php/Home/Login/chkVerify.html
INFO: [ app_begin ] --START--
INFO: Run Behavior\ReadHtmlCacheBehavior [ RunTime:0.001000s ]
INFO: [ app_begin ] --END-- [ RunTime:0.002000s ]
INFO: [ app_end ] --START--
INFO: Run Behavior\ShowPageTraceBehavior [ RunTime:0.002000s ]
INFO: [ app_end ] --END-- [ RunTime:0.002000s ]

[ 2016-11-29T16:19:38+08:00 ] 172.16.17.221 /beauty/index.php/Home/Login/chkVerify.html
INFO: [ app_begin ] --START--
INFO: Run Behavior\ReadHtmlCacheBehavior [ RunTime:0.002000s ]
INFO: [ app_begin ] --END-- [ RunTime:0.002000s ]
INFO: [ app_end ] --START--
INFO: Run Behavior\ShowPageTraceBehavior [ RunTime:0.001000s ]
INFO: [ app_end ] --END-- [ RunTime:0.001000s ]

[ 2016-11-29T16:19:39+08:00 ] 172.16.17.221 /beauty/index.php/Home/Login/doLogin.html
INFO: [ app_begin ] --START--
INFO: Run Behavior\ReadHtmlCacheBehavior [ RunTime:0.001000s ]
INFO: [ app_begin ] --END-- [ RunTime:0.002000s ]
SQL: SHOW COLUMNS FROM `beauty_user` [ RunTime:0.0090s ]
SQL: SELECT `id`,`username`,`password` FROM `beauty_user` WHERE `username` = 'test' AND `password` = 'cc03e747a6afbbcbf8be7668acfebee5' LIMIT 1   [ RunTime:0.0010s ]
SQL: UPDATE `beauty_user` SET `lastlogin`='1480407579' WHERE `username` = 'test' AND `password` = 'cc03e747a6afbbcbf8be7668acfebee5' [ RunTime:0.0610s ]

[ 2016-11-29T16:19:46+08:00 ] 172.16.17.221 /beauty/index.php/Home/Login/LoginOut.html
INFO: [ app_begin ] --START--
INFO: Run Behavior\ReadHtmlCacheBehavior [ RunTime:0.001000s ]
INFO: [ app_begin ] --END-- [ RunTime:0.002000s ]

[ 2016-11-29T16:19:50+08:00 ] 172.16.17.221 /beauty/index.php/Home/Test/geetest_show_verify.html
INFO: [ app_begin ] --START--
INFO: Run Behavior\ReadHtmlCacheBehavior [ RunTime:0.000000s ]
INFO: [ app_begin ] --END-- [ RunTime:0.001001s ]
INFO: [ app_end ] --START--
INFO: Run Behavior\ShowPageTraceBehavior [ RunTime:0.002000s ]
INFO: [ app_end ] --END-- [ RunTime:0.002000s ]

[ 2016-11-29T16:20:11+08:00 ] 127.0.0.1 /index.php/Home/Member/dopay.html
INFO: [ app_begin ] --START--
INFO: Run Behavior\ReadHtmlCacheBehavior [ RunTime:0.001000s ]
INFO: [ app_begin ] --END-- [ RunTime:0.001000s ]
SQL: SHOW COLUMNS FROM `beauty_user` [ RunTime:0.0080s ]
SQL: SELECT `paypwd` FROM `beauty_user` WHERE `paypwd` = 'e10adc3949ba59abbe56e057f20f883e' LIMIT 1   [ RunTime:0.0010s ]
SQL: SHOW COLUMNS FROM `beauty_order` [ RunTime:0.0080s ]
SQL: SELECT * FROM `beauty_order` WHERE `id` = 48 LIMIT 1   [ RunTime:0.0020s ]
SQL: SHOW COLUMNS FROM `beauty_account` [ RunTime:0.0070s ]
SQL: SELECT * FROM `beauty_account` WHERE `mid` = 8 LIMIT 1   [ RunTime:0.0010s ]
SQL: SHOW COLUMNS FROM `beauty_account_trade` [ RunTime:0.0080s ]
SQL: SELECT * FROM `beauty_account_trade` WHERE `mid` = 8 ORDER BY id desc LIMIT 1   [ RunTime:0.0010s ]
SQL: SHOW COLUMNS FROM `beauty_order_goods` [ RunTime:0.0070s ]
SQL: SELECT `gid`,`buynum` FROM `beauty_order_goods` WHERE `oid` = 48  [ RunTime:0.0010s ]
SQL: SHOW COLUMNS FROM `beauty_goods` [ RunTime:0.0040s ]
SQL: SELECT * FROM `beauty_goods` WHERE `id` = 74 LIMIT 1   [ RunTime:0.0010s ]
SQL: SELECT * FROM `beauty_goods` WHERE `id` = 75 LIMIT 1   [ RunTime:0.0020s ]
SQL: SELECT * FROM `beauty_goods` WHERE `id` = 76 LIMIT 1   [ RunTime:0.0020s ]
SQL: UPDATE `beauty_order` SET `status`='2' WHERE `id` = 48 [ RunTime:0.0010s ]
SQL: INSERT INTO `beauty_account_trade` (`trademoney`,`tradetime`,`tradesum`,`mid`) VALUES ('375','1480407611','2821','8') [ RunTime:0.0010s ]
SQL: UPDATE `beauty_account` SET `balance`='7448',`time`='1480407611' WHERE `mid` = 8 [ RunTime:0.0030s ]
SQL: UPDATE `beauty_goods` SET `salenum`='37',`num`='2588' WHERE `id` = 74 [ RunTime:0.0010s ]
SQL: UPDATE `beauty_goods` SET `salenum`='55',`num`='8962' WHERE `id` = 75 [ RunTime:0.0010s ]
SQL: UPDATE `beauty_goods` SET `salenum`='66',`num`='8595' WHERE `id` = 76 [ RunTime:0.0000s ]

[ 2016-11-29T16:21:28+08:00 ] 127.0.0.1 /index.php/Home/Member/commentgoods.html
INFO: [ app_begin ] --START--
INFO: Run Behavior\ReadHtmlCacheBehavior [ RunTime:0.000501s ]
INFO: [ app_begin ] --END-- [ RunTime:0.001001s ]
NOTIC: [2] call_user_func() expects parameter 1 to be a valid callback, no array or string given D:\ZBB\PHP\beauty\ThinkPHP\Library\Think\Upload.class.php Á¨¨ 170 Ë°å.
SQL: SHOW COLUMNS FROM `beauty_comment` [ RunTime:0.0080s ]
SQL: INSERT INTO `beauty_comment` (`ml`,`gid`,`oid`,`content`,`cosid`,`mid`,`coaddtime`,`cstatus`,`imageurl`,`imagename`) VALUES ('200','1','51','1321312342142342341','2','8','1480407687','5','2016-11-29/','583d3a87ee42a.jpg') [ RunTime:0.0630s ]
SQL: SHOW COLUMNS FROM `beauty_order` [ RunTime:0.0100s ]
SQL: UPDATE `beauty_order` SET `status`='5' WHERE `id` = 51 [ RunTime:0.0660s ]

[ 2016-11-29T16:21:54+08:00 ] 127.0.0.1 /index.php/Home/Member/commentgoods.html
INFO: [ app_begin ] --START--
INFO: Run Behavior\ReadHtmlCacheBehavior [ RunTime:0.001000s ]
INFO: [ app_begin ] --END-- [ RunTime:0.002000s ]
NOTIC: [2] call_user_func() expects parameter 1 to be a valid callback, no array or string given D:\ZBB\PHP\beauty\ThinkPHP\Library\Think\Upload.class.php Á¨¨ 170 Ë°å.
NOTIC: [8] Undefined index: image7420 D:\ZBB\PHP\beauty\beauty\Home\Controller\MemberController.class.php Á¨¨ 900 Ë°å.
NOTIC: [8] Undefined index: image7420 D:\ZBB\PHP\beauty\beauty\Home\Controller\MemberController.class.php Á¨¨ 901 Ë°å.
NOTIC: [2] Illegal string offset 'ml' D:\ZBB\PHP\beauty\beauty\Home\Controller\MemberController.class.php Á¨¨ 891 Ë°å.
NOTIC: [8] Uninitialized string offset: 0 D:\ZBB\PHP\beauty\beauty\Home\Controller\MemberController.class.php Á¨¨ 891 Ë°å.
NOTIC: [2] Illegal string offset 'gid' D:\ZBB\PHP\beauty\beauty\Home\Controller\MemberController.class.php Á¨¨ 892 Ë°å.
NOTIC: [8] Uninitialized string offset: 0 D:\ZBB\PHP\beauty\beauty\Home\Controller\MemberController.class.php Á¨¨ 892 Ë°å.
NOTIC: [2] Illegal string offset 'oid' D:\ZBB\PHP\beauty\beauty\Home\Controller\MemberController.class.php Á¨¨ 893 Ë°å.
NOTIC: [8] Uninitialized string offset: 0 D:\ZBB\PHP\beauty\beauty\Home\Controller\MemberController.class.php Á¨¨ 893 Ë°å.
NOTIC: [2] Illegal string offset 'content' D:\ZBB\PHP\beauty\beauty\Home\Controller\MemberController.class.php Á¨¨ 894 Ë°å.
NOTIC: [8] Uninitialized string offset: 0 D:\ZBB\PHP\beauty\beauty\Home\Controller\MemberController.class.php Á¨¨ 894 Ë°å.
NOTIC: [2] Illegal string offset 'pingjia' D:\ZBB\PHP\beauty\beauty\Home\Controller\MemberController.class.php Á¨¨ 895 Ë°å.
NOTIC: [8] Uninitialized string offset: 0 D:\ZBB\PHP\beauty\beauty\Home\Controller\MemberController.class.php Á¨¨ 895 Ë°å.
NOTIC: [8] Uninitialized string offset: 0 D:\ZBB\PHP\beauty\beauty\Home\Controller\MemberController.class.php Á¨¨ 895 Ë°å.
NOTIC: [8] Undefined index: imageimage7420 D:\ZBB\PHP\beauty\beauty\Home\Controller\MemberController.class.php Á¨¨ 900 Ë°å.
NOTIC: [8] Undefined index: imageimage7420 D:\ZBB\PHP\beauty\beauty\Home\Controller\MemberController.class.php Á¨¨ 901 Ë°å.
NOTIC: [8] Undefined index: image7660 D:\ZBB\PHP\beauty\beauty\Home\Controller\MemberController.class.php Á¨¨ 900 Ë°å.
NOTIC: [8] Undefined index: image7660 D:\ZBB\PHP\beauty\beauty\Home\Controller\MemberController.class.php Á¨¨ 901 Ë°å.
NOTIC: [2] Illegal string offset 'ml' D:\ZBB\PHP\beauty\beauty\Home\Controller\MemberController.class.php Á¨¨ 891 Ë°å.
NOTIC: [8] Uninitialized string offset: 0 D:\ZBB\PHP\beauty\beauty\Home\Controller\MemberController.class.php Á¨¨ 891 Ë°å.
NOTIC: [2] Illegal string offset 'gid' D:\ZBB\PHP\beauty\beauty\Home\Controller\MemberController.class.php Á¨¨ 892 Ë°å.
NOTIC: [8] Uninitialized string offset: 0 D:\ZBB\PHP\beauty\beauty\Home\Controller\MemberController.class.php Á¨¨ 892 Ë°å.
NOTIC: [2] Illegal string offset 'oid' D:\ZBB\PHP\beauty\beauty\Home\Controller\MemberController.class.php Á¨¨ 893 Ë°å.
NOTIC: [8] Uninitialized string offset: 0 D:\ZBB\PHP\beauty\beauty\Home\Controller\MemberController.class.php Á¨¨ 893 Ë°å.
NOTIC: [2] Illegal string offset 'content' D:\ZBB\PHP\beauty\beauty\Home\Controller\MemberController.class.php Á¨¨ 894 Ë°å.
NOTIC: [8] Uninitialized string offset: 0 D:\ZBB\PHP\beauty\beauty\Home\Controller\MemberController.class.php Á¨¨ 894 Ë°å.
NOTIC: [2] Illegal string offset 'pingjia' D:\ZBB\PHP\beauty\beauty\Home\Controller\MemberController.class.php Á¨¨ 895 Ë°å.
NOTIC: [8] Uninitialized string offset: 0 D:\ZBB\PHP\beauty\beauty\Home\Controller\MemberController.class.php Á¨¨ 895 Ë°å.
NOTIC: [8] Uninitialized string offset: 0 D:\ZBB\PHP\beauty\beauty\Home\Controller\MemberController.class.php Á¨¨ 895 Ë°å.
NOTIC: [8] Undefined index: imageimage7660 D:\ZBB\PHP\beauty\beauty\Home\Controller\MemberController.class.php Á¨¨ 900 Ë°å.
NOTIC: [8] Undefined index: imageimage7660 D:\ZBB\PHP\beauty\beauty\Home\Controller\MemberController.class.php Á¨¨ 901 Ë°å.
SQL: SHOW COLUMNS FROM `beauty_comment` [ RunTime:0.0080s ]
SQL: INSERT INTO `beauty_comment` (`ml`,`gid`,`oid`,`content`,`cosid`,`mid`,`coaddtime`,`cstatus`,`imageurl`,`imagename`) VALUES ('20','74','48','1231243125423423','2','8','1480407713','5',NULL,NULL) [ RunTime:0.0500s ]
SQL: SHOW COLUMNS FROM `beauty_order` [ RunTime:0.0100s ]
SQL: UPDATE `beauty_order` SET `status`='5' WHERE `id` = 48 [ RunTime:0.0640s ]
SQL: INSERT INTO `beauty_comment` (`ml`,`gid`,`oid`,`content`,`cosid`,`mid`,`coaddtime`,`cstatus`,`imageurl`,`imagename`) VALUES ('10','75','48','2132142142314e21','2','8','1480407713','5','2016-11-29/','583d3aa1ac766.jpg') [ RunTime:0.0360s ]
SQL: UPDATE `beauty_order` SET `status`='5' WHERE `id` = 48 [ RunTime:0.0380s ]
SQL: INSERT INTO `beauty_comment` (`ml`,`gid`,`oid`,`content`,`cosid`,`mid`,`coaddtime`,`cstatus`,`imageurl`,`imagename`) VALUES ('60','76','48','23124123412343214','1','8','1480407713','5',NULL,NULL) [ RunTime:0.0360s ]
SQL: UPDATE `beauty_order` SET `status`='5' WHERE `id` = 48 [ RunTime:0.0390s ]

[ 2016-11-29T16:22:04+08:00 ] 127.0.0.1 /index.php/Home/Member/commentgoods.html
INFO: [ app_begin ] --START--
INFO: Run Behavior\ReadHtmlCacheBehavior [ RunTime:0.001000s ]
INFO: [ app_begin ] --END-- [ RunTime:0.002000s ]
NOTIC: [2] Illegal string offset 'ml' D:\ZBB\PHP\beauty\beauty\Home\Controller\MemberController.class.php Á¨¨ 891 Ë°å.
NOTIC: [8] Uninitialized string offset: 0 D:\ZBB\PHP\beauty\beauty\Home\Controller\MemberController.class.php Á¨¨ 891 Ë°å.
NOTIC: [2] Illegal string offset 'gid' D:\ZBB\PHP\beauty\beauty\Home\Controller\MemberController.class.php Á¨¨ 892 Ë°å.
NOTIC: [8] Uninitialized string offset: 0 D:\ZBB\PHP\beauty\beauty\Home\Controller\MemberController.class.php Á¨¨ 892 Ë°å.
NOTIC: [2] Illegal string offset 'oid' D:\ZBB\PHP\beauty\beauty\Home\Controller\MemberController.class.php Á¨¨ 893 Ë°å.
NOTIC: [8] Uninitialized string offset: 0 D:\ZBB\PHP\beauty\beauty\Home\Controller\MemberController.class.php Á¨¨ 893 Ë°å.
NOTIC: [2] Illegal string offset 'content' D:\ZBB\PHP\beauty\beauty\Home\Controller\MemberController.class.php Á¨¨ 894 Ë°å.
NOTIC: [8] Uninitialized string offset: 0 D:\ZBB\PHP\beauty\beauty\Home\Controller\MemberController.class.php Á¨¨ 894 Ë°å.
NOTIC: [2] Illegal string offset 'pingjia' D:\ZBB\PHP\beauty\beauty\Home\Controller\MemberController.class.php Á¨¨ 895 Ë°å.
NOTIC: [8] Uninitialized string offset: 0 D:\ZBB\PHP\beauty\beauty\Home\Controller\MemberController.class.php Á¨¨ 895 Ë°å.
NOTIC: [8] Uninitialized string offset: 0 D:\ZBB\PHP\beauty\beauty\Home\Controller\MemberController.class.php Á¨¨ 895 Ë°å.
SQL: SHOW COLUMNS FROM `beauty_comment` [ RunTime:0.0090s ]
SQL: INSERT INTO `beauty_comment` (`ml`,`gid`,`oid`,`content`,`cosid`,`mid`,`coaddtime`,`cstatus`) VALUES ('200','1','46','213214r1234e12431','1','8','1480407724','5') [ RunTime:0.0490s ]
SQL: SHOW COLUMNS FROM `beauty_order` [ RunTime:0.0080s ]
SQL: UPDATE `beauty_order` SET `status`='5' WHERE `id` = 46 [ RunTime:0.0590s ]

[ 2016-11-29T16:22:14+08:00 ] 127.0.0.1 /index.php/Home/Member/commentgoods.html
INFO: [ app_begin ] --START--
INFO: Run Behavior\ReadHtmlCacheBehavior [ RunTime:0.001000s ]
INFO: [ app_begin ] --END-- [ RunTime:0.002000s ]
NOTIC: [2] Illegal string offset 'ml' D:\ZBB\PHP\beauty\beauty\Home\Controller\MemberController.class.php Á¨¨ 891 Ë°å.
NOTIC: [8] Uninitialized string offset: 0 D:\ZBB\PHP\beauty\beauty\Home\Controller\MemberController.class.php Á¨¨ 891 Ë°å.
NOTIC: [2] Illegal string offset 'gid' D:\ZBB\PHP\beauty\beauty\Home\Controller\MemberController.class.php Á¨¨ 892 Ë°å.
NOTIC: [8] Uninitialized string offset: 0 D:\ZBB\PHP\beauty\beauty\Home\Controller\MemberController.class.php Á¨¨ 892 Ë°å.
NOTIC: [2] Illegal string offset 'oid' D:\ZBB\PHP\beauty\beauty\Home\Controller\MemberController.class.php Á¨¨ 893 Ë°å.
NOTIC: [8] Uninitialized string offset: 0 D:\ZBB\PHP\beauty\beauty\Home\Controller\MemberController.class.php Á¨¨ 893 Ë°å.
NOTIC: [2] Illegal string offset 'content' D:\ZBB\PHP\beauty\beauty\Home\Controller\MemberController.class.php Á¨¨ 894 Ë°å.
NOTIC: [8] Uninitialized string offset: 0 D:\ZBB\PHP\beauty\beauty\Home\Controller\MemberController.class.php Á¨¨ 894 Ë°å.
NOTIC: [2] Illegal string offset 'pingjia' D:\ZBB\PHP\beauty\beauty\Home\Controller\MemberController.class.php Á¨¨ 895 Ë°å.
NOTIC: [8] Uninitialized string offset: 0 D:\ZBB\PHP\beauty\beauty\Home\Controller\MemberController.class.php Á¨¨ 895 Ë°å.
NOTIC: [8] Uninitialized string offset: 0 D:\ZBB\PHP\beauty\beauty\Home\Controller\MemberController.class.php Á¨¨ 895 Ë°å.
SQL: SHOW COLUMNS FROM `beauty_comment` [ RunTime:0.0090s ]
SQL: INSERT INTO `beauty_comment` (`ml`,`gid`,`oid`,`content`,`cosid`,`mid`,`coaddtime`,`cstatus`) VALUES ('160','4','50','2131243124123412','3','8','1480407734','5') [ RunTime:0.0920s ]
SQL: SHOW COLUMNS FROM `beauty_order` [ RunTime:0.0080s ]
SQL: UPDATE `beauty_order` SET `status`='5' WHERE `id` = 50 [ RunTime:0.1270s ]

[ 2016-11-29T16:43:00+08:00 ] 127.0.0.1 /index.php/Home/Order/images/bitbug_favicon%20.icon
ERR: ÈùûÊ≥ïÊìç‰Ωú:images

[ 2016-11-29T17:57:25+08:00 ] 127.0.0.1 /index.php/Home/Login/LoginOut.html
INFO: [ app_begin ] --START--
INFO: Run Behavior\ReadHtmlCacheBehavior [ RunTime:0.001000s ]
INFO: [ app_begin ] --END-- [ RunTime:0.002000s ]

[ 2016-11-29T18:43:53+08:00 ] 127.0.0.1 /index.php/Home/Sign/addSign.html
INFO: [ app_begin ] --START--
INFO: Run Behavior\ReadHtmlCacheBehavior [ RunTime:0.000500s ]
INFO: [ app_begin ] --END-- [ RunTime:0.001000s ]
SQL: SHOW COLUMNS FROM `beauty_sign` [ RunTime:0.0100s ]
SQL: SELECT * FROM `beauty_sign` WHERE `mid` = 8 LIMIT 1   [ RunTime:0.0025s ]
SQL: UPDATE `beauty_sign` SET `sign`=sign+1 WHERE `mid` = 8 [ RunTime:0.0770s ]
SQL: UPDATE `beauty_sign` SET `signcount`=signcount+1 WHERE `mid` = 8 [ RunTime:0.0670s ]
SQL: SHOW COLUMNS FROM `beauty_sign` [ RunTime:0.0090s ]
SQL: UPDATE `beauty_sign` SET `signtag`='1',`signtime`='1480416233',`stopsign`='1480435200' WHERE `mid` = 8 [ RunTime:0.0575s ]
SQL: SELECT * FROM `beauty_sign` WHERE `mid` = 8 LIMIT 1   [ RunTime:0.0015s ]

[ 2016-11-29T19:21:09+08:00 ] 127.0.0.1 /index.php/Home/MyCart/getcartlist.html
INFO: [ app_begin ] --START--
INFO: Run Behavior\ReadHtmlCacheBehavior [ RunTime:0.000000s ]
INFO: [ app_begin ] --END-- [ RunTime:0.001000s ]
SQL: SHOW COLUMNS FROM `beauty_cart` [ RunTime:0.0080s ]
SQL: SHOW COLUMNS FROM `beauty_goods` [ RunTime:0.0080s ]
SQL: SELECT g.imageurl,g.imagename,g.saleprice,g.goodsname,c.buynum,c.sumprice,c.id,g.id gid,c.ml FROM beauty_goods g,beauty_cart c WHERE ( g.id=c.gid ) AND c.mid = '8' ORDER BY c.addtime desc LIMIT 0,6   [ RunTime:0.0010s ]

[ 2016-11-29T19:21:13+08:00 ] 127.0.0.1 /index.php/Home/MyCart/getcartlist.html
INFO: [ app_begin ] --START--
INFO: Run Behavior\ReadHtmlCacheBehavior [ RunTime:0.001000s ]
INFO: [ app_begin ] --END-- [ RunTime:0.002000s ]
SQL: SHOW COLUMNS FROM `beauty_cart` [ RunTime:0.0070s ]
SQL: SHOW COLUMNS FROM `beauty_goods` [ RunTime:0.0090s ]
SQL: SELECT g.imageurl,g.imagename,g.saleprice,g.goodsname,c.buynum,c.sumprice,c.id,g.id gid,c.ml FROM beauty_goods g,beauty_cart c WHERE ( g.id=c.gid ) AND c.mid = '8' ORDER BY c.addtime desc LIMIT 0,6   [ RunTime:0.0010s ]

[ 2016-11-29T19:21:15+08:00 ] 127.0.0.1 /index.php/Home/MyCart/getcartlist.html
INFO: [ app_begin ] --START--
INFO: Run Behavior\ReadHtmlCacheBehavior [ RunTime:0.000000s ]
INFO: [ app_begin ] --END-- [ RunTime:0.001000s ]
SQL: SHOW COLUMNS FROM `beauty_cart` [ RunTime:0.0110s ]
SQL: SHOW COLUMNS FROM `beauty_goods` [ RunTime:0.0090s ]
SQL: SELECT g.imageurl,g.imagename,g.saleprice,g.goodsname,c.buynum,c.sumprice,c.id,g.id gid,c.ml FROM beauty_goods g,beauty_cart c WHERE ( g.id=c.gid ) AND c.mid = '8' ORDER BY c.addtime desc LIMIT 0,6   [ RunTime:0.0015s ]

[ 2016-11-29T19:21:23+08:00 ] 127.0.0.1 /index.php/Home/Index/goodsImg.html?cid=70
INFO: [ app_begin ] --START--
INFO: Run Behavior\ReadHtmlCacheBehavior [ RunTime:0.002000s ]
INFO: [ app_begin ] --END-- [ RunTime:0.002000s ]
SQL: SHOW COLUMNS FROM `beauty_goods` [ RunTime:0.0085s ]
SQL: SELECT g.imageurl,g.imagename,g.id FROM beauty_goods g
            where g.bid not in (select bid from beauty_activity where astatus=1)
                    and g.cid=70 and g.show=1 and g.ismember=0 ORDER  by addtime desc limit 0,3  [ RunTime:0.0015s ]

[ 2016-11-29T19:21:23+08:00 ] 127.0.0.1 /index.php/Home/Index/goodsImg.html?cid=70
INFO: [ app_begin ] --START--
INFO: Run Behavior\ReadHtmlCacheBehavior [ RunTime:0.001500s ]
INFO: [ app_begin ] --END-- [ RunTime:0.002500s ]
SQL: SHOW COLUMNS FROM `beauty_goods` [ RunTime:0.0090s ]
SQL: SELECT g.imageurl,g.imagename,g.id FROM beauty_goods g
            where g.bid not in (select bid from beauty_activity where astatus=1)
                    and g.cid=70 and g.show=1 and g.ismember=0 ORDER  by addtime desc limit 0,3  [ RunTime:0.0015s ]

[ 2016-11-29T19:36:42+08:00 ] 127.0.0.1 /index.php/Home/Index/goodsImg.html?cid=1
INFO: [ app_begin ] --START--
INFO: Run Behavior\ReadHtmlCacheBehavior [ RunTime:0.001000s ]
INFO: [ app_begin ] --END-- [ RunTime:0.001500s ]
SQL: SHOW COLUMNS FROM `beauty_goods` [ RunTime:0.0045s ]
SQL: SELECT g.imageurl,g.imagename,g.id FROM beauty_goods g
            where g.bid not in (select bid from beauty_activity where astatus=1)
                    and g.cid=1 and g.show=1 and g.ismember=0 ORDER  by addtime desc limit 0,3  [ RunTime:0.0015s ]

[ 2016-11-29T19:57:06+08:00 ] 172.16.17.221 /beauty/index.php/Home/Test/geetest_show_verify.html
INFO: [ app_begin ] --START--
INFO: Run Behavior\ReadHtmlCacheBehavior [ RunTime:0.001000s ]
INFO: [ app_begin ] --END-- [ RunTime:0.001000s ]
INFO: [ app_end ] --START--
INFO: Run Behavior\ShowPageTraceBehavior [ RunTime:0.002000s ]
INFO: [ app_end ] --END-- [ RunTime:0.002000s ]

[ 2016-11-29T20:25:03+08:00 ] 172.16.17.221 /beauty/index.php/Home/Login/chkVerify.html
INFO: [ app_begin ] --START--
INFO: Run Behavior\ReadHtmlCacheBehavior [ RunTime:0.001000s ]
INFO: [ app_begin ] --END-- [ RunTime:0.002000s ]
INFO: [ app_end ] --START--
INFO: Run Behavior\ShowPageTraceBehavior [ RunTime:0.001000s ]
INFO: [ app_end ] --END-- [ RunTime:0.001000s ]

[ 2016-11-29T20:25:04+08:00 ] 172.16.17.221 /beauty/index.php/Home/Login/doLogin.html
INFO: [ app_begin ] --START--
INFO: Run Behavior\ReadHtmlCacheBehavior [ RunTime:0.001000s ]
INFO: [ app_begin ] --END-- [ RunTime:0.001000s ]
SQL: SHOW COLUMNS FROM `beauty_user` [ RunTime:0.0100s ]
SQL: SELECT `id`,`username`,`password` FROM `beauty_user` WHERE `username` = 'test' AND `password` = 'cc03e747a6afbbcbf8be7668acfebee5' LIMIT 1   [ RunTime:0.0010s ]
SQL: UPDATE `beauty_user` SET `lastlogin`='1480422304' WHERE `username` = 'test' AND `password` = 'cc03e747a6afbbcbf8be7668acfebee5' [ RunTime:0.0790s ]

[ 2016-11-29T20:25:07+08:00 ] 172.16.17.221 /beauty/index.php/Home/Collect/collect.html
INFO: [ app_begin ] --START--
INFO: Run Behavior\ReadHtmlCacheBehavior [ RunTime:0.001000s ]
INFO: [ app_begin ] --END-- [ RunTime:0.002000s ]
SQL: SHOW COLUMNS FROM `beauty_collect` [ RunTime:0.0080s ]
SQL: SELECT * FROM `beauty_collect` WHERE `mid` = 44 LIMIT 0,4   [ RunTime:0.0020s ]
SQL: SELECT COUNT(*) AS tp_count FROM `beauty_collect` WHERE `mid` = 44 LIMIT 1   [ RunTime:0.0020s ]

[ 2016-11-29T20:25:10+08:00 ] 172.16.17.221 /beauty/index.php/Home/Login/LoginOut.html
INFO: [ app_begin ] --START--
INFO: Run Behavior\ReadHtmlCacheBehavior [ RunTime:0.001000s ]
INFO: [ app_begin ] --END-- [ RunTime:0.002000s ]

[ 2016-11-29T20:25:14+08:00 ] 172.16.17.221 /beauty/index.php/Home/Test/geetest_show_verify.html
INFO: [ app_begin ] --START--
INFO: Run Behavior\ReadHtmlCacheBehavior [ RunTime:0.001500s ]
INFO: [ app_begin ] --END-- [ RunTime:0.002500s ]
INFO: [ app_end ] --START--
INFO: Run Behavior\ShowPageTraceBehavior [ RunTime:0.001501s ]
INFO: [ app_end ] --END-- [ RunTime:0.001501s ]

