[ 2016-11-23T10:56:10+08:00 ] 127.0.0.1 /index.php/Home/Order/saleprice.html
INFO: [ app_begin ] --START--
INFO: Run Behavior\ReadHtmlCacheBehavior [ RunTime:0.001000s ]
INFO: [ app_begin ] --END-- [ RunTime:0.001000s ]
SQL: SHOW COLUMNS FROM `beauty_type` [ RunTime:0.0060s ]
SQL: SELECT `saleprice` FROM `beauty_type` WHERE `ml` = 'Arr' AND `gid` = 3 LIMIT 1   [ RunTime:0.0010s ]
INFO: [ app_end ] --START--
INFO: Run Behavior\ShowPageTraceBehavior [ RunTime:0.001000s ]
INFO: [ app_end ] --END-- [ RunTime:0.001000s ]

[ 2016-11-23T10:56:16+08:00 ] 127.0.0.1 /index.php/Home/Order/saleprice.html
INFO: [ app_begin ] --START--
INFO: Run Behavior\ReadHtmlCacheBehavior [ RunTime:0.001000s ]
INFO: [ app_begin ] --END-- [ RunTime:0.002000s ]
SQL: SHOW COLUMNS FROM `beauty_type` [ RunTime:0.0080s ]
SQL: SELECT `saleprice` FROM `beauty_type` WHERE `ml` = '120' AND `gid` = 3 LIMIT 1   [ RunTime:0.0010s ]

[ 2016-11-23T10:56:23+08:00 ] 127.0.0.1 /index.php/Home/Order/saleprice.html
INFO: [ app_begin ] --START--
INFO: Run Behavior\ReadHtmlCacheBehavior [ RunTime:0.000000s ]
INFO: [ app_begin ] --END-- [ RunTime:0.001000s ]
SQL: SHOW COLUMNS FROM `beauty_type` [ RunTime:0.0070s ]
SQL: SELECT `saleprice` FROM `beauty_type` WHERE `ml` = '150' AND `gid` = 3 LIMIT 1   [ RunTime:0.0010s ]

[ 2016-11-23T10:56:54+08:00 ] 127.0.0.1 /index.php/Home/Order/saleprice.html
INFO: [ app_begin ] --START--
INFO: Run Behavior\ReadHtmlCacheBehavior [ RunTime:0.001000s ]
INFO: [ app_begin ] --END-- [ RunTime:0.001000s ]
SQL: SHOW COLUMNS FROM `beauty_type` [ RunTime:0.0080s ]
SQL: SELECT `saleprice` FROM `beauty_type` WHERE `ml` = 'Arr' AND `gid` = 3 LIMIT 1   [ RunTime:0.0010s ]
INFO: [ app_end ] --START--
INFO: Run Behavior\ShowPageTraceBehavior [ RunTime:0.001000s ]
INFO: [ app_end ] --END-- [ RunTime:0.001000s ]

[ 2016-11-23T10:56:59+08:00 ] 127.0.0.1 /index.php/Home/Order/saleprice.html
INFO: [ app_begin ] --START--
INFO: Run Behavior\ReadHtmlCacheBehavior [ RunTime:0.001000s ]
INFO: [ app_begin ] --END-- [ RunTime:0.002000s ]
SQL: SHOW COLUMNS FROM `beauty_type` [ RunTime:0.0060s ]
SQL: SELECT `saleprice` FROM `beauty_type` WHERE `ml` = '120' AND `gid` = 3 LIMIT 1   [ RunTime:0.0010s ]

[ 2016-11-23T10:57:00+08:00 ] 127.0.0.1 /index.php/Home/Order/saleprice.html
INFO: [ app_begin ] --START--
INFO: Run Behavior\ReadHtmlCacheBehavior [ RunTime:0.000000s ]
INFO: [ app_begin ] --END-- [ RunTime:0.002001s ]
SQL: SHOW COLUMNS FROM `beauty_type` [ RunTime:0.0080s ]
SQL: SELECT `saleprice` FROM `beauty_type` WHERE `ml` = '150' AND `gid` = 3 LIMIT 1   [ RunTime:0.0010s ]

[ 2016-11-23T10:57:04+08:00 ] 127.0.0.1 /index.php/Home/Order/saleprice.html
INFO: [ app_begin ] --START--
INFO: Run Behavior\ReadHtmlCacheBehavior [ RunTime:0.001001s ]
INFO: [ app_begin ] --END-- [ RunTime:0.001001s ]
SQL: SHOW COLUMNS FROM `beauty_type` [ RunTime:0.0070s ]
SQL: SELECT `saleprice` FROM `beauty_type` WHERE `ml` = '120' AND `gid` = 3 LIMIT 1   [ RunTime:0.0010s ]

[ 2016-11-23T10:57:07+08:00 ] 127.0.0.1 /index.php/Home/Order/saleprice.html
INFO: [ app_begin ] --START--
INFO: Run Behavior\ReadHtmlCacheBehavior [ RunTime:0.001000s ]
INFO: [ app_begin ] --END-- [ RunTime:0.001000s ]
SQL: SHOW COLUMNS FROM `beauty_type` [ RunTime:0.0070s ]
SQL: SELECT `saleprice` FROM `beauty_type` WHERE `ml` = '150' AND `gid` = 3 LIMIT 1   [ RunTime:0.0010s ]

[ 2016-11-23T10:57:08+08:00 ] 127.0.0.1 /index.php/Home/Order/saleprice.html
INFO: [ app_begin ] --START--
INFO: Run Behavior\ReadHtmlCacheBehavior [ RunTime:0.001000s ]
INFO: [ app_begin ] --END-- [ RunTime:0.001000s ]
SQL: SHOW COLUMNS FROM `beauty_type` [ RunTime:0.0060s ]
SQL: SELECT `saleprice` FROM `beauty_type` WHERE `ml` = '120' AND `gid` = 3 LIMIT 1   [ RunTime:0.0010s ]

[ 2016-11-23T10:57:09+08:00 ] 127.0.0.1 /index.php/Home/Order/saleprice.html
INFO: [ app_begin ] --START--
INFO: Run Behavior\ReadHtmlCacheBehavior [ RunTime:0.001000s ]
INFO: [ app_begin ] --END-- [ RunTime:0.001000s ]
SQL: SHOW COLUMNS FROM `beauty_type` [ RunTime:0.0070s ]
SQL: SELECT `saleprice` FROM `beauty_type` WHERE `ml` = '150' AND `gid` = 3 LIMIT 1   [ RunTime:0.0010s ]

[ 2016-11-23T10:58:55+08:00 ] 127.0.0.1 /index.php/Home/Order/saleprice.html
INFO: [ app_begin ] --START--
INFO: Run Behavior\ReadHtmlCacheBehavior [ RunTime:0.001000s ]
INFO: [ app_begin ] --END-- [ RunTime:0.002000s ]
SQL: SHOW COLUMNS FROM `beauty_type` [ RunTime:0.0070s ]
SQL: SELECT `saleprice` FROM `beauty_type` WHERE `ml` = 'Arr' AND `gid` = 3 LIMIT 1   [ RunTime:0.0010s ]
INFO: [ app_end ] --START--
INFO: Run Behavior\ShowPageTraceBehavior [ RunTime:0.001000s ]
INFO: [ app_end ] --END-- [ RunTime:0.001000s ]

[ 2016-11-23T10:58:57+08:00 ] 127.0.0.1 /index.php/Home/Order/saleprice.html
INFO: [ app_begin ] --START--
INFO: Run Behavior\ReadHtmlCacheBehavior [ RunTime:0.001000s ]
INFO: [ app_begin ] --END-- [ RunTime:0.001000s ]
SQL: SHOW COLUMNS FROM `beauty_type` [ RunTime:0.0060s ]
SQL: SELECT `saleprice` FROM `beauty_type` WHERE `ml` = '120' AND `gid` = 3 LIMIT 1   [ RunTime:0.0010s ]

[ 2016-11-23T11:02:20+08:00 ] 127.0.0.1 /index.php/Home/Order/saleprice.html
INFO: [ app_begin ] --START--
INFO: Run Behavior\ReadHtmlCacheBehavior [ RunTime:0.001000s ]
INFO: [ app_begin ] --END-- [ RunTime:0.002000s ]
SQL: SHOW COLUMNS FROM `beauty_type` [ RunTime:0.0070s ]
SQL: SELECT `saleprice` FROM `beauty_type` WHERE `ml` = 'Arr' AND `gid` = 3 LIMIT 1   [ RunTime:0.0010s ]
INFO: [ app_end ] --START--
INFO: Run Behavior\ShowPageTraceBehavior [ RunTime:0.000000s ]
INFO: [ app_end ] --END-- [ RunTime:0.000000s ]

[ 2016-11-23T11:02:21+08:00 ] 127.0.0.1 /index.php/Home/Order/saleprice.html
INFO: [ app_begin ] --START--
INFO: Run Behavior\ReadHtmlCacheBehavior [ RunTime:0.001000s ]
INFO: [ app_begin ] --END-- [ RunTime:0.002000s ]
SQL: SHOW COLUMNS FROM `beauty_type` [ RunTime:0.0070s ]
SQL: SELECT `saleprice` FROM `beauty_type` WHERE `ml` = '120' AND `gid` = 3 LIMIT 1   [ RunTime:0.0010s ]

[ 2016-11-23T11:02:22+08:00 ] 127.0.0.1 /index.php/Home/Order/saleprice.html
INFO: [ app_begin ] --START--
INFO: Run Behavior\ReadHtmlCacheBehavior [ RunTime:0.001000s ]
INFO: [ app_begin ] --END-- [ RunTime:0.001000s ]
SQL: SHOW COLUMNS FROM `beauty_type` [ RunTime:0.0070s ]
SQL: SELECT `saleprice` FROM `beauty_type` WHERE `ml` = '150' AND `gid` = 3 LIMIT 1   [ RunTime:0.0000s ]

[ 2016-11-23T11:02:22+08:00 ] 127.0.0.1 /index.php/Home/Order/saleprice.html
INFO: [ app_begin ] --START--
INFO: Run Behavior\ReadHtmlCacheBehavior [ RunTime:0.001000s ]
INFO: [ app_begin ] --END-- [ RunTime:0.001000s ]
SQL: SHOW COLUMNS FROM `beauty_type` [ RunTime:0.0080s ]
SQL: SELECT `saleprice` FROM `beauty_type` WHERE `ml` = '120' AND `gid` = 3 LIMIT 1   [ RunTime:0.0010s ]

[ 2016-11-23T11:02:59+08:00 ] 127.0.0.1 /index.php/Home/Order/saleprice.html
INFO: [ app_begin ] --START--
INFO: Run Behavior\ReadHtmlCacheBehavior [ RunTime:0.001000s ]
INFO: [ app_begin ] --END-- [ RunTime:0.001000s ]
SQL: SHOW COLUMNS FROM `beauty_type` [ RunTime:0.0070s ]
SQL: SELECT `saleprice` FROM `beauty_type` WHERE `ml` = '150' AND `gid` = 3 LIMIT 1   [ RunTime:0.0010s ]

[ 2016-11-23T11:03:00+08:00 ] 127.0.0.1 /index.php/Home/Order/saleprice.html
INFO: [ app_begin ] --START--
INFO: Run Behavior\ReadHtmlCacheBehavior [ RunTime:0.001000s ]
INFO: [ app_begin ] --END-- [ RunTime:0.001000s ]
SQL: SHOW COLUMNS FROM `beauty_type` [ RunTime:0.0070s ]
SQL: SELECT `saleprice` FROM `beauty_type` WHERE `ml` = '120' AND `gid` = 3 LIMIT 1   [ RunTime:0.0010s ]

[ 2016-11-23T11:03:26+08:00 ] 127.0.0.1 /index.php/Home/Order/saleprice.html
INFO: [ app_begin ] --START--
INFO: Run Behavior\ReadHtmlCacheBehavior [ RunTime:0.001000s ]
INFO: [ app_begin ] --END-- [ RunTime:0.001000s ]
SQL: SHOW COLUMNS FROM `beauty_type` [ RunTime:0.0080s ]
SQL: SELECT `saleprice` FROM `beauty_type` WHERE `ml` = 'Arr' AND `gid` = 3 LIMIT 1   [ RunTime:0.0010s ]
INFO: [ app_end ] --START--
INFO: Run Behavior\ShowPageTraceBehavior [ RunTime:0.001000s ]
INFO: [ app_end ] --END-- [ RunTime:0.001000s ]

[ 2016-11-23T11:03:29+08:00 ] 127.0.0.1 /index.php/Home/Order/saleprice.html
INFO: [ app_begin ] --START--
INFO: Run Behavior\ReadHtmlCacheBehavior [ RunTime:0.001000s ]
INFO: [ app_begin ] --END-- [ RunTime:0.001000s ]
SQL: SHOW COLUMNS FROM `beauty_type` [ RunTime:0.0070s ]
SQL: SELECT `saleprice` FROM `beauty_type` WHERE `ml` = '120' AND `gid` = 3 LIMIT 1   [ RunTime:0.0010s ]

[ 2016-11-23T11:03:41+08:00 ] 127.0.0.1 /index.php/Home/Order/saleprice.html
INFO: [ app_begin ] --START--
INFO: Run Behavior\ReadHtmlCacheBehavior [ RunTime:0.001000s ]
INFO: [ app_begin ] --END-- [ RunTime:0.001000s ]
SQL: SHOW COLUMNS FROM `beauty_type` [ RunTime:0.0130s ]
SQL: SELECT `saleprice` FROM `beauty_type` WHERE `ml` = 'Arr' AND `gid` = 3 LIMIT 1   [ RunTime:0.0010s ]
INFO: [ app_end ] --START--
INFO: Run Behavior\ShowPageTraceBehavior [ RunTime:0.001000s ]
INFO: [ app_end ] --END-- [ RunTime:0.001000s ]

[ 2016-11-23T11:03:43+08:00 ] 127.0.0.1 /index.php/Home/Order/saleprice.html
INFO: [ app_begin ] --START--
INFO: Run Behavior\ReadHtmlCacheBehavior [ RunTime:0.001000s ]
INFO: [ app_begin ] --END-- [ RunTime:0.001000s ]
SQL: SHOW COLUMNS FROM `beauty_type` [ RunTime:0.0070s ]
SQL: SELECT `saleprice` FROM `beauty_type` WHERE `ml` = '120' AND `gid` = 3 LIMIT 1   [ RunTime:0.0010s ]

[ 2016-11-23T12:55:45+08:00 ] 127.0.0.1 /index.php/Home/Order/saleprice.html
INFO: [ app_begin ] --START--
INFO: Run Behavior\ReadHtmlCacheBehavior [ RunTime:0.001000s ]
INFO: [ app_begin ] --END-- [ RunTime:0.001000s ]
SQL: SHOW COLUMNS FROM `beauty_type` [ RunTime:0.0080s ]
SQL: SELECT `saleprice` FROM `beauty_type` WHERE `ml` = '120' AND `gid` = 3 LIMIT 1   [ RunTime:0.0010s ]

[ 2016-11-23T12:55:45+08:00 ] 127.0.0.1 /index.php/Home/Order/saleprice.html
INFO: [ app_begin ] --START--
INFO: Run Behavior\ReadHtmlCacheBehavior [ RunTime:0.001000s ]
INFO: [ app_begin ] --END-- [ RunTime:0.001000s ]
SQL: SHOW COLUMNS FROM `beauty_type` [ RunTime:0.0070s ]
SQL: SELECT `saleprice` FROM `beauty_type` WHERE `ml` = '150' AND `gid` = 3 LIMIT 1   [ RunTime:0.0010s ]

[ 2016-11-23T12:55:46+08:00 ] 127.0.0.1 /index.php/Home/Order/saleprice.html
INFO: [ app_begin ] --START--
INFO: Run Behavior\ReadHtmlCacheBehavior [ RunTime:0.000000s ]
INFO: [ app_begin ] --END-- [ RunTime:0.001000s ]
SQL: SHOW COLUMNS FROM `beauty_type` [ RunTime:0.0080s ]
SQL: SELECT `saleprice` FROM `beauty_type` WHERE `ml` = '120' AND `gid` = 3 LIMIT 1   [ RunTime:0.0010s ]

[ 2016-11-23T12:55:46+08:00 ] 127.0.0.1 /index.php/Home/Order/saleprice.html
INFO: [ app_begin ] --START--
INFO: Run Behavior\ReadHtmlCacheBehavior [ RunTime:0.000000s ]
INFO: [ app_begin ] --END-- [ RunTime:0.001000s ]
SQL: SHOW COLUMNS FROM `beauty_type` [ RunTime:0.0070s ]
SQL: SELECT `saleprice` FROM `beauty_type` WHERE `ml` = '150' AND `gid` = 3 LIMIT 1   [ RunTime:0.0010s ]

[ 2016-11-23T12:55:46+08:00 ] 127.0.0.1 /index.php/Home/Order/saleprice.html
INFO: [ app_begin ] --START--
INFO: Run Behavior\ReadHtmlCacheBehavior [ RunTime:0.000000s ]
INFO: [ app_begin ] --END-- [ RunTime:0.001001s ]
SQL: SHOW COLUMNS FROM `beauty_type` [ RunTime:0.0070s ]
SQL: SELECT `saleprice` FROM `beauty_type` WHERE `ml` = '120' AND `gid` = 3 LIMIT 1   [ RunTime:0.0010s ]

[ 2016-11-23T12:57:07+08:00 ] 127.0.0.1 /index.php/Home/Order/saleprice.html
INFO: [ app_begin ] --START--
INFO: Run Behavior\ReadHtmlCacheBehavior [ RunTime:0.001000s ]
INFO: [ app_begin ] --END-- [ RunTime:0.001000s ]
SQL: SHOW COLUMNS FROM `beauty_type` [ RunTime:0.0080s ]
SQL: SELECT `saleprice` FROM `beauty_type` WHERE `ml` = '120' AND `gid` = 3 LIMIT 1   [ RunTime:0.0010s ]

[ 2016-11-23T12:57:07+08:00 ] 127.0.0.1 /index.php/Home/Order/saleprice.html
INFO: [ app_begin ] --START--
INFO: Run Behavior\ReadHtmlCacheBehavior [ RunTime:0.000000s ]
INFO: [ app_begin ] --END-- [ RunTime:0.001001s ]
SQL: SHOW COLUMNS FROM `beauty_type` [ RunTime:0.0070s ]
SQL: SELECT `saleprice` FROM `beauty_type` WHERE `ml` = '150' AND `gid` = 3 LIMIT 1   [ RunTime:0.0010s ]

[ 2016-11-23T12:57:08+08:00 ] 127.0.0.1 /index.php/Home/Order/saleprice.html
INFO: [ app_begin ] --START--
INFO: Run Behavior\ReadHtmlCacheBehavior [ RunTime:0.000000s ]
INFO: [ app_begin ] --END-- [ RunTime:0.001000s ]
SQL: SHOW COLUMNS FROM `beauty_type` [ RunTime:0.0070s ]
SQL: SELECT `saleprice` FROM `beauty_type` WHERE `ml` = '120' AND `gid` = 3 LIMIT 1   [ RunTime:0.0010s ]

[ 2016-11-23T12:57:08+08:00 ] 127.0.0.1 /index.php/Home/Order/saleprice.html
INFO: [ app_begin ] --START--
INFO: Run Behavior\ReadHtmlCacheBehavior [ RunTime:0.001000s ]
INFO: [ app_begin ] --END-- [ RunTime:0.001000s ]
SQL: SHOW COLUMNS FROM `beauty_type` [ RunTime:0.0070s ]
SQL: SELECT `saleprice` FROM `beauty_type` WHERE `ml` = '150' AND `gid` = 3 LIMIT 1   [ RunTime:0.0010s ]

[ 2016-11-23T12:57:08+08:00 ] 127.0.0.1 /index.php/Home/Order/saleprice.html
INFO: [ app_begin ] --START--
INFO: Run Behavior\ReadHtmlCacheBehavior [ RunTime:0.001000s ]
INFO: [ app_begin ] --END-- [ RunTime:0.001000s ]
SQL: SHOW COLUMNS FROM `beauty_type` [ RunTime:0.0070s ]
SQL: SELECT `saleprice` FROM `beauty_type` WHERE `ml` = '120' AND `gid` = 3 LIMIT 1   [ RunTime:0.0010s ]

[ 2016-11-23T12:57:09+08:00 ] 127.0.0.1 /index.php/Home/Order/saleprice.html
INFO: [ app_begin ] --START--
INFO: Run Behavior\ReadHtmlCacheBehavior [ RunTime:0.001000s ]
INFO: [ app_begin ] --END-- [ RunTime:0.001000s ]
SQL: SHOW COLUMNS FROM `beauty_type` [ RunTime:0.0070s ]
SQL: SELECT `saleprice` FROM `beauty_type` WHERE `ml` = '150' AND `gid` = 3 LIMIT 1   [ RunTime:0.0010s ]

[ 2016-11-23T12:57:09+08:00 ] 127.0.0.1 /index.php/Home/Order/saleprice.html
INFO: [ app_begin ] --START--
INFO: Run Behavior\ReadHtmlCacheBehavior [ RunTime:0.000000s ]
INFO: [ app_begin ] --END-- [ RunTime:0.001000s ]
SQL: SHOW COLUMNS FROM `beauty_type` [ RunTime:0.0070s ]
SQL: SELECT `saleprice` FROM `beauty_type` WHERE `ml` = '120' AND `gid` = 3 LIMIT 1   [ RunTime:0.0010s ]

[ 2016-11-23T12:57:10+08:00 ] 127.0.0.1 /index.php/Home/Order/saleprice.html
INFO: [ app_begin ] --START--
INFO: Run Behavior\ReadHtmlCacheBehavior [ RunTime:0.001000s ]
INFO: [ app_begin ] --END-- [ RunTime:0.001000s ]
SQL: SHOW COLUMNS FROM `beauty_type` [ RunTime:0.0070s ]
SQL: SELECT `saleprice` FROM `beauty_type` WHERE `ml` = '150' AND `gid` = 3 LIMIT 1   [ RunTime:0.0010s ]

[ 2016-11-23T12:57:10+08:00 ] 127.0.0.1 /index.php/Home/Order/saleprice.html
INFO: [ app_begin ] --START--
INFO: Run Behavior\ReadHtmlCacheBehavior [ RunTime:0.000000s ]
INFO: [ app_begin ] --END-- [ RunTime:0.001000s ]
SQL: SHOW COLUMNS FROM `beauty_type` [ RunTime:0.0030s ]
SQL: SELECT `saleprice` FROM `beauty_type` WHERE `ml` = '120' AND `gid` = 3 LIMIT 1   [ RunTime:0.0010s ]

[ 2016-11-23T12:57:11+08:00 ] 127.0.0.1 /index.php/Home/Order/saleprice.html
INFO: [ app_begin ] --START--
INFO: Run Behavior\ReadHtmlCacheBehavior [ RunTime:0.001000s ]
INFO: [ app_begin ] --END-- [ RunTime:0.001000s ]
SQL: SHOW COLUMNS FROM `beauty_type` [ RunTime:0.0070s ]
SQL: SELECT `saleprice` FROM `beauty_type` WHERE `ml` = '150' AND `gid` = 3 LIMIT 1   [ RunTime:0.0010s ]

[ 2016-11-23T12:57:11+08:00 ] 127.0.0.1 /index.php/Home/Order/saleprice.html
INFO: [ app_begin ] --START--
INFO: Run Behavior\ReadHtmlCacheBehavior [ RunTime:0.001000s ]
INFO: [ app_begin ] --END-- [ RunTime:0.001000s ]
SQL: SHOW COLUMNS FROM `beauty_type` [ RunTime:0.0070s ]
SQL: SELECT `saleprice` FROM `beauty_type` WHERE `ml` = '120' AND `gid` = 3 LIMIT 1   [ RunTime:0.0010s ]

[ 2016-11-23T15:12:03+08:00 ] 127.0.0.1 /index.php/Home/MyCart/getcartlist.html
INFO: [ app_begin ] --START--
INFO: Run Behavior\ReadHtmlCacheBehavior [ RunTime:0.001000s ]
INFO: [ app_begin ] --END-- [ RunTime:0.001000s ]
SQL: SHOW COLUMNS FROM `beauty_cart` [ RunTime:0.0100s ]
SQL: SHOW COLUMNS FROM `beauty_goods` [ RunTime:0.0090s ]
SQL: SELECT g.imageurl,g.imagename,g.saleprice,g.goodsname,c.buynum,c.sumprice,c.id,g.id gid,c.ml FROM beauty_goods g,beauty_cart c WHERE ( g.id=c.gid ) AND c.mid = '8' ORDER BY c.addtime desc  [ RunTime:0.0010s ]

[ 2016-11-23T15:42:03+08:00 ] 127.0.0.1 /index.php/Home/MyCart/getcartlist.html
INFO: [ app_begin ] --START--
INFO: Run Behavior\ReadHtmlCacheBehavior [ RunTime:0.001000s ]
INFO: [ app_begin ] --END-- [ RunTime:0.002000s ]
SQL: SHOW COLUMNS FROM `beauty_cart` [ RunTime:0.0070s ]
SQL: SHOW COLUMNS FROM `beauty_goods` [ RunTime:0.0080s ]
SQL: SELECT g.imageurl,g.imagename,g.saleprice,g.goodsname,c.buynum,c.sumprice,c.id,g.id gid,c.ml FROM beauty_goods g,beauty_cart c WHERE ( g.id=c.gid ) AND c.mid = '8' ORDER BY c.addtime desc  [ RunTime:0.0010s ]

[ 2016-11-23T15:42:03+08:00 ] 127.0.0.1 /index.php/Home/MyCart/getcartlist.html
INFO: [ app_begin ] --START--
INFO: Run Behavior\ReadHtmlCacheBehavior [ RunTime:0.001000s ]
INFO: [ app_begin ] --END-- [ RunTime:0.002001s ]
SQL: SHOW COLUMNS FROM `beauty_cart` [ RunTime:0.0070s ]
SQL: SHOW COLUMNS FROM `beauty_goods` [ RunTime:0.0080s ]
SQL: SELECT g.imageurl,g.imagename,g.saleprice,g.goodsname,c.buynum,c.sumprice,c.id,g.id gid,c.ml FROM beauty_goods g,beauty_cart c WHERE ( g.id=c.gid ) AND c.mid = '8' ORDER BY c.addtime desc  [ RunTime:0.0010s ]

[ 2016-11-23T15:55:14+08:00 ] 127.0.0.1 /index.php/Home/MyCart/alldelete.html
INFO: [ app_begin ] --START--
INFO: Run Behavior\ReadHtmlCacheBehavior [ RunTime:0.001000s ]
INFO: [ app_begin ] --END-- [ RunTime:0.002000s ]
SQL: SHOW COLUMNS FROM `beauty_cart` [ RunTime:0.0070s ]
SQL: DELETE FROM `beauty_cart` WHERE `mid` = 8 [ RunTime:0.0700s ]

[ 2016-11-23T15:56:38+08:00 ] 127.0.0.1 /index.php/Home/MyCart/mycart.html?gid=61&xinghao=100ml&salenum=1
INFO: [ app_begin ] --START--
INFO: Run Behavior\ReadHtmlCacheBehavior [ RunTime:0.001000s ]
INFO: [ app_begin ] --END-- [ RunTime:0.001000s ]
SQL: SHOW COLUMNS FROM `beauty_cart` [ RunTime:0.0070s ]
SQL: SHOW COLUMNS FROM `beauty_goods` [ RunTime:0.0080s ]
SQL: SELECT * FROM `beauty_cart` WHERE `gid` = 61 AND `mid` = 8 AND `ml` = 100 LIMIT 1   [ RunTime:0.0010s ]
SQL: SHOW COLUMNS FROM `beauty_type` [ RunTime:0.0070s ]
SQL: SELECT `saleprice` FROM `beauty_type` WHERE `gid` = '61' AND `ml` = '100' LIMIT 1   [ RunTime:0.0010s ]
SQL: INSERT INTO `beauty_cart` (`sumprice`,`gid`,`buynum`,`addtime`,`mid`,`ml`) VALUES ('199','61','1','1479887798','8','100') [ RunTime:0.0720s ]

[ 2016-11-23T15:56:50+08:00 ] 127.0.0.1 /index.php/Home/Order/saleprice.html
INFO: [ app_begin ] --START--
INFO: Run Behavior\ReadHtmlCacheBehavior [ RunTime:0.001000s ]
INFO: [ app_begin ] --END-- [ RunTime:0.002000s ]
SQL: SHOW COLUMNS FROM `beauty_type` [ RunTime:0.0070s ]
SQL: SELECT `saleprice` FROM `beauty_type` WHERE `ml` = '100' AND `gid` = 44 LIMIT 1   [ RunTime:0.0010s ]

[ 2016-11-23T15:56:51+08:00 ] 127.0.0.1 /index.php/Home/Order/saleprice.html
INFO: [ app_begin ] --START--
INFO: Run Behavior\ReadHtmlCacheBehavior [ RunTime:0.001000s ]
INFO: [ app_begin ] --END-- [ RunTime:0.002000s ]
SQL: SHOW COLUMNS FROM `beauty_type` [ RunTime:0.0060s ]
SQL: SELECT `saleprice` FROM `beauty_type` WHERE `ml` = '60' AND `gid` = 44 LIMIT 1   [ RunTime:0.0010s ]

[ 2016-11-23T15:56:52+08:00 ] 127.0.0.1 /index.php/Home/Order/saleprice.html
INFO: [ app_begin ] --START--
INFO: Run Behavior\ReadHtmlCacheBehavior [ RunTime:0.000000s ]
INFO: [ app_begin ] --END-- [ RunTime:0.001000s ]
SQL: SHOW COLUMNS FROM `beauty_type` [ RunTime:0.0060s ]
SQL: SELECT `saleprice` FROM `beauty_type` WHERE `ml` = '100' AND `gid` = 44 LIMIT 1   [ RunTime:0.0010s ]

[ 2016-11-23T15:56:52+08:00 ] 127.0.0.1 /index.php/Home/Order/saleprice.html
INFO: [ app_begin ] --START--
INFO: Run Behavior\ReadHtmlCacheBehavior [ RunTime:0.001000s ]
INFO: [ app_begin ] --END-- [ RunTime:0.002000s ]
SQL: SHOW COLUMNS FROM `beauty_type` [ RunTime:0.0080s ]
SQL: SELECT `saleprice` FROM `beauty_type` WHERE `ml` = '120' AND `gid` = 44 LIMIT 1   [ RunTime:0.0010s ]

[ 2016-11-23T15:56:54+08:00 ] 127.0.0.1 /index.php/Home/MyCart/mycart.html?gid=44&xinghao=120ml&salenum=1
INFO: [ app_begin ] --START--
INFO: Run Behavior\ReadHtmlCacheBehavior [ RunTime:0.001000s ]
INFO: [ app_begin ] --END-- [ RunTime:0.001000s ]
SQL: SHOW COLUMNS FROM `beauty_cart` [ RunTime:0.0080s ]
SQL: SHOW COLUMNS FROM `beauty_goods` [ RunTime:0.0080s ]
SQL: SELECT * FROM `beauty_cart` WHERE `gid` = 44 AND `mid` = 8 AND `ml` = 120 LIMIT 1   [ RunTime:0.0010s ]
SQL: SHOW COLUMNS FROM `beauty_type` [ RunTime:0.0070s ]
SQL: SELECT `saleprice` FROM `beauty_type` WHERE `gid` = '44' AND `ml` = '120' LIMIT 1   [ RunTime:0.0010s ]
SQL: INSERT INTO `beauty_cart` (`sumprice`,`gid`,`buynum`,`addtime`,`mid`,`ml`) VALUES ('119','44','1','1479887813','8','120') [ RunTime:0.0650s ]

[ 2016-11-23T15:56:56+08:00 ] 127.0.0.1 /index.php/Home/Order/saleprice.html
INFO: [ app_begin ] --START--
INFO: Run Behavior\ReadHtmlCacheBehavior [ RunTime:0.001000s ]
INFO: [ app_begin ] --END-- [ RunTime:0.001000s ]
SQL: SHOW COLUMNS FROM `beauty_type` [ RunTime:0.0060s ]
SQL: SELECT `saleprice` FROM `beauty_type` WHERE `ml` = '100' AND `gid` = 44 LIMIT 1   [ RunTime:0.0010s ]

[ 2016-11-23T15:56:57+08:00 ] 127.0.0.1 /index.php/Home/MyCart/mycart.html?gid=44&xinghao=100ml&salenum=1
INFO: [ app_begin ] --START--
INFO: Run Behavior\ReadHtmlCacheBehavior [ RunTime:0.001000s ]
INFO: [ app_begin ] --END-- [ RunTime:0.002000s ]
SQL: SHOW COLUMNS FROM `beauty_cart` [ RunTime:0.0070s ]
SQL: SHOW COLUMNS FROM `beauty_goods` [ RunTime:0.0080s ]
SQL: SELECT * FROM `beauty_cart` WHERE `gid` = 44 AND `mid` = 8 AND `ml` = 100 LIMIT 1   [ RunTime:0.0010s ]
SQL: SHOW COLUMNS FROM `beauty_type` [ RunTime:0.0100s ]
SQL: SELECT `saleprice` FROM `beauty_type` WHERE `gid` = '44' AND `ml` = '100' LIMIT 1   [ RunTime:0.0010s ]
SQL: INSERT INTO `beauty_cart` (`sumprice`,`gid`,`buynum`,`addtime`,`mid`,`ml`) VALUES ('109','44','1','1479887817','8','100') [ RunTime:0.0710s ]

[ 2016-11-23T15:56:58+08:00 ] 127.0.0.1 /index.php/Home/Order/saleprice.html
INFO: [ app_begin ] --START--
INFO: Run Behavior\ReadHtmlCacheBehavior [ RunTime:0.001000s ]
INFO: [ app_begin ] --END-- [ RunTime:0.002000s ]
SQL: SHOW COLUMNS FROM `beauty_type` [ RunTime:0.0060s ]
SQL: SELECT `saleprice` FROM `beauty_type` WHERE `ml` = '60' AND `gid` = 44 LIMIT 1   [ RunTime:0.0010s ]

[ 2016-11-23T15:56:59+08:00 ] 127.0.0.1 /index.php/Home/MyCart/mycart.html?gid=44&xinghao=60ml&salenum=1
INFO: [ app_begin ] --START--
INFO: Run Behavior\ReadHtmlCacheBehavior [ RunTime:0.001000s ]
INFO: [ app_begin ] --END-- [ RunTime:0.001000s ]
SQL: SHOW COLUMNS FROM `beauty_cart` [ RunTime:0.0070s ]
SQL: SHOW COLUMNS FROM `beauty_goods` [ RunTime:0.0080s ]
SQL: SELECT * FROM `beauty_cart` WHERE `gid` = 44 AND `mid` = 8 AND `ml` = 60 LIMIT 1   [ RunTime:0.0010s ]
SQL: SHOW COLUMNS FROM `beauty_type` [ RunTime:0.0070s ]
SQL: SELECT `saleprice` FROM `beauty_type` WHERE `gid` = '44' AND `ml` = '60' LIMIT 1   [ RunTime:0.0010s ]
SQL: INSERT INTO `beauty_cart` (`sumprice`,`gid`,`buynum`,`addtime`,`mid`,`ml`) VALUES ('89','44','1','1479887819','8','60') [ RunTime:0.0640s ]

[ 2016-11-23T15:57:07+08:00 ] 127.0.0.1 /index.php/Home/MyCart/tocartdelete.html
INFO: [ app_begin ] --START--
INFO: Run Behavior\ReadHtmlCacheBehavior [ RunTime:0.001000s ]
INFO: [ app_begin ] --END-- [ RunTime:0.002000s ]
SQL: SHOW COLUMNS FROM `beauty_cart` [ RunTime:0.0070s ]
SQL: DELETE FROM `beauty_cart` WHERE `id` = 185 [ RunTime:0.0670s ]

[ 2016-11-23T16:02:14+08:00 ] 127.0.0.1 /index.php/Home/Index/goodsImg.html?cid=33
INFO: [ app_begin ] --START--
INFO: Run Behavior\ReadHtmlCacheBehavior [ RunTime:0.001000s ]
INFO: [ app_begin ] --END-- [ RunTime:0.002000s ]
SQL: SHOW COLUMNS FROM `beauty_goods` [ RunTime:0.0080s ]
SQL: SELECT g.imageurl,g.imagename,g.id FROM beauty_goods g
            where g.bid not in (select bid from beauty_activity where astatus=1)
                    and g.cid=33 and g.show=1 ORDER  by addtime desc limit 0,3  [ RunTime:0.0010s ]

[ 2016-11-23T16:02:15+08:00 ] 127.0.0.1 /index.php/Home/Index/goodsImg.html?cid=53
INFO: [ app_begin ] --START--
INFO: Run Behavior\ReadHtmlCacheBehavior [ RunTime:0.001000s ]
INFO: [ app_begin ] --END-- [ RunTime:0.001000s ]
SQL: SHOW COLUMNS FROM `beauty_goods` [ RunTime:0.0080s ]
SQL: SELECT g.imageurl,g.imagename,g.id FROM beauty_goods g
            where g.bid not in (select bid from beauty_activity where astatus=1)
                    and g.cid=53 and g.show=1 ORDER  by addtime desc limit 0,3  [ RunTime:0.0010s ]

[ 2016-11-23T16:02:15+08:00 ] 127.0.0.1 /index.php/Home/Index/goodsImg.html?cid=70
INFO: [ app_begin ] --START--
INFO: Run Behavior\ReadHtmlCacheBehavior [ RunTime:0.002000s ]
INFO: [ app_begin ] --END-- [ RunTime:0.002000s ]
SQL: SHOW COLUMNS FROM `beauty_goods` [ RunTime:0.0080s ]
SQL: SELECT g.imageurl,g.imagename,g.id FROM beauty_goods g
            where g.bid not in (select bid from beauty_activity where astatus=1)
                    and g.cid=70 and g.show=1 ORDER  by addtime desc limit 0,3  [ RunTime:0.0020s ]

[ 2016-11-23T16:02:19+08:00 ] 127.0.0.1 /index.php/Home/Collect/collect.html
INFO: [ app_begin ] --START--
INFO: Run Behavior\ReadHtmlCacheBehavior [ RunTime:0.001000s ]
INFO: [ app_begin ] --END-- [ RunTime:0.001000s ]
SQL: SHOW COLUMNS FROM `beauty_collect` [ RunTime:0.0070s ]
SQL: SELECT * FROM `beauty_collect` WHERE `mid` = 8 LIMIT 0,4   [ RunTime:0.0010s ]
SQL: SELECT COUNT(*) AS tp_count FROM `beauty_collect` WHERE `mid` = 8 LIMIT 1   [ RunTime:0.0010s ]

[ 2016-11-23T16:02:59+08:00 ] 127.0.0.1 /index.php/Home/Collect/collect.html
INFO: [ app_begin ] --START--
INFO: Run Behavior\ReadHtmlCacheBehavior [ RunTime:0.001000s ]
INFO: [ app_begin ] --END-- [ RunTime:0.001000s ]
SQL: SHOW COLUMNS FROM `beauty_collect` [ RunTime:0.0040s ]
SQL: SELECT * FROM `beauty_collect` WHERE `mid` = 8 LIMIT 0,4   [ RunTime:0.0010s ]
SQL: SELECT COUNT(*) AS tp_count FROM `beauty_collect` WHERE `mid` = 8 LIMIT 1   [ RunTime:0.0000s ]

[ 2016-11-23T16:56:49+08:00 ] 127.0.0.1 /index.php/Home/Index/goodsImg.html?cid=1
INFO: [ app_begin ] --START--
INFO: Run Behavior\ReadHtmlCacheBehavior [ RunTime:0.002000s ]
INFO: [ app_begin ] --END-- [ RunTime:0.003000s ]
SQL: SHOW COLUMNS FROM `beauty_goods` [ RunTime:7.7574s ]
SQL: SELECT g.imageurl,g.imagename,g.id FROM beauty_goods g
            where g.bid not in (select bid from beauty_activity where astatus=1)
                    and g.cid=1 and g.show=1 ORDER  by addtime desc limit 0,3  [ RunTime:0.0020s ]

[ 2016-11-23T16:56:59+08:00 ] 127.0.0.1 /index.php/Home/Index/goodsImg.html?cid=33
INFO: [ app_begin ] --START--
INFO: Run Behavior\ReadHtmlCacheBehavior [ RunTime:0.002000s ]
INFO: [ app_begin ] --END-- [ RunTime:0.002000s ]
SQL: SHOW COLUMNS FROM `beauty_goods` [ RunTime:9.6976s ]
SQL: SELECT g.imageurl,g.imagename,g.id FROM beauty_goods g
            where g.bid not in (select bid from beauty_activity where astatus=1)
                    and g.cid=33 and g.show=1 ORDER  by addtime desc limit 0,3  [ RunTime:0.0000s ]

[ 2016-11-23T16:57:13+08:00 ] 127.0.0.1 /index.php/Home/Index/goodsImg.html?cid=83
INFO: [ app_begin ] --START--
INFO: Run Behavior\ReadHtmlCacheBehavior [ RunTime:0.001000s ]
INFO: [ app_begin ] --END-- [ RunTime:0.002000s ]
SQL: SHOW COLUMNS FROM `beauty_goods` [ RunTime:1.9571s ]
SQL: SELECT g.imageurl,g.imagename,g.id FROM beauty_goods g
            where g.bid not in (select bid from beauty_activity where astatus=1)
                    and g.cid=83 and g.show=1 ORDER  by addtime desc limit 0,3  [ RunTime:0.0020s ]

[ 2016-11-23T16:57:18+08:00 ] 127.0.0.1 /index.php/Home/Index/goodsImg.html?cid=1
INFO: [ app_begin ] --START--
INFO: Run Behavior\ReadHtmlCacheBehavior [ RunTime:0.001000s ]
INFO: [ app_begin ] --END-- [ RunTime:0.002000s ]
SQL: SHOW COLUMNS FROM `beauty_goods` [ RunTime:0.3920s ]
SQL: SELECT g.imageurl,g.imagename,g.id FROM beauty_goods g
            where g.bid not in (select bid from beauty_activity where astatus=1)
                    and g.cid=1 and g.show=1 ORDER  by addtime desc limit 0,3  [ RunTime:0.0070s ]

[ 2016-11-23T16:57:19+08:00 ] 127.0.0.1 /index.php/Home/Index/goodsImg.html?cid=33
INFO: [ app_begin ] --START--
INFO: Run Behavior\ReadHtmlCacheBehavior [ RunTime:0.002001s ]
INFO: [ app_begin ] --END-- [ RunTime:0.002001s ]
SQL: SHOW COLUMNS FROM `beauty_goods` [ RunTime:0.5690s ]
SQL: SELECT g.imageurl,g.imagename,g.id FROM beauty_goods g
            where g.bid not in (select bid from beauty_activity where astatus=1)
                    and g.cid=33 and g.show=1 ORDER  by addtime desc limit 0,3  [ RunTime:0.0070s ]

[ 2016-11-23T16:57:19+08:00 ] 127.0.0.1 /index.php/Home/Index/goodsImg.html?cid=22
INFO: [ app_begin ] --START--
INFO: Run Behavior\ReadHtmlCacheBehavior [ RunTime:0.001000s ]
INFO: [ app_begin ] --END-- [ RunTime:0.001000s ]
SQL: SHOW COLUMNS FROM `beauty_goods` [ RunTime:0.2690s ]
SQL: SELECT g.imageurl,g.imagename,g.id FROM beauty_goods g
            where g.bid not in (select bid from beauty_activity where astatus=1)
                    and g.cid=22 and g.show=1 ORDER  by addtime desc limit 0,3  [ RunTime:0.0060s ]

[ 2016-11-23T16:57:19+08:00 ] 127.0.0.1 /index.php/Home/Index/goodsImg.html?cid=33
INFO: [ app_begin ] --START--
INFO: Run Behavior\ReadHtmlCacheBehavior [ RunTime:0.001000s ]
INFO: [ app_begin ] --END-- [ RunTime:0.002000s ]
SQL: SHOW COLUMNS FROM `beauty_goods` [ RunTime:0.1430s ]
SQL: SELECT g.imageurl,g.imagename,g.id FROM beauty_goods g
            where g.bid not in (select bid from beauty_activity where astatus=1)
                    and g.cid=33 and g.show=1 ORDER  by addtime desc limit 0,3  [ RunTime:0.0060s ]

[ 2016-11-23T16:57:19+08:00 ] 127.0.0.1 /index.php/Home/Index/goodsImg.html?cid=22
INFO: [ app_begin ] --START--
INFO: Run Behavior\ReadHtmlCacheBehavior [ RunTime:0.002001s ]
INFO: [ app_begin ] --END-- [ RunTime:0.002001s ]
SQL: SHOW COLUMNS FROM `beauty_goods` [ RunTime:0.1680s ]
SQL: SELECT g.imageurl,g.imagename,g.id FROM beauty_goods g
            where g.bid not in (select bid from beauty_activity where astatus=1)
                    and g.cid=22 and g.show=1 ORDER  by addtime desc limit 0,3  [ RunTime:0.0070s ]

[ 2016-11-23T16:57:24+08:00 ] 127.0.0.1 /index.php/Home/Index/goodsImg.html?cid=70
INFO: [ app_begin ] --START--
INFO: Run Behavior\ReadHtmlCacheBehavior [ RunTime:0.000000s ]
INFO: [ app_begin ] --END-- [ RunTime:0.001000s ]
SQL: SHOW COLUMNS FROM `beauty_goods` [ RunTime:1.5461s ]
SQL: SELECT g.imageurl,g.imagename,g.id FROM beauty_goods g
            where g.bid not in (select bid from beauty_activity where astatus=1)
                    and g.cid=70 and g.show=1 ORDER  by addtime desc limit 0,3  [ RunTime:0.0060s ]

