[ 2016-11-19T11:11:41+08:00 ] 127.0.0.1 /index.php/Admin/Login/chkAdmin.html
INFO: [ app_begin ] --START--
INFO: Run Behavior\ReadHtmlCacheBehavior [ RunTime:0.000000s ]
INFO: [ app_begin ] --END-- [ RunTime:0.001000s ]
SQL: SHOW COLUMNS FROM `beauty_admin` [ RunTime:0.0080s ]
SQL: SELECT * FROM `beauty_admin` WHERE `username` = 'beibei' LIMIT 1   [ RunTime:0.0010s ]
INFO: [ app_end ] --START--
INFO: Run Behavior\ShowPageTraceBehavior [ RunTime:0.001000s ]
INFO: [ app_end ] --END-- [ RunTime:0.002000s ]

[ 2016-11-19T11:11:48+08:00 ] 127.0.0.1 /index.php/Admin/Login/chkVerify.html
INFO: [ app_begin ] --START--
INFO: Run Behavior\ReadHtmlCacheBehavior [ RunTime:0.001000s ]
INFO: [ app_begin ] --END-- [ RunTime:0.001000s ]
INFO: [ app_end ] --START--
INFO: Run Behavior\ShowPageTraceBehavior [ RunTime:0.001000s ]
INFO: [ app_end ] --END-- [ RunTime:0.001000s ]

[ 2016-11-19T11:11:49+08:00 ] 127.0.0.1 /index.php/Admin/Login/login.html
INFO: [ app_begin ] --START--
INFO: Run Behavior\ReadHtmlCacheBehavior [ RunTime:0.000000s ]
INFO: [ app_begin ] --END-- [ RunTime:0.001000s ]
SQL: SHOW COLUMNS FROM `beauty_admin` [ RunTime:0.0080s ]
NOTIC: [8] Undefined index: validate D:\ZBB\PHP\beauty\ThinkPHP\Library\Think\Model.class.php 第 1185 行.
SQL: SELECT * FROM `beauty_admin` WHERE `username` = 'beibei' LIMIT 1   [ RunTime:0.0020s ]
SQL: SELECT * FROM `beauty_admin` WHERE `username` = 'beibei' AND `password` = '46d294deab9987e94ced5c0f7b478f5d' LIMIT 1   [ RunTime:0.0010s ]

[ 2016-11-19T11:11:58+08:00 ] 127.0.0.1 /index.php/Admin/Login/chkAdmin.html
INFO: [ app_begin ] --START--
INFO: Run Behavior\ReadHtmlCacheBehavior [ RunTime:0.001000s ]
INFO: [ app_begin ] --END-- [ RunTime:0.002000s ]
SQL: SHOW COLUMNS FROM `beauty_admin` [ RunTime:0.0080s ]
SQL: SELECT * FROM `beauty_admin` WHERE `username` = 'beibei' LIMIT 1   [ RunTime:0.0010s ]
INFO: [ app_end ] --START--
INFO: Run Behavior\ShowPageTraceBehavior [ RunTime:0.001000s ]
INFO: [ app_end ] --END-- [ RunTime:0.001000s ]

[ 2016-11-19T11:12:03+08:00 ] 127.0.0.1 /index.php/Admin/Login/chkVerify.html
INFO: [ app_begin ] --START--
INFO: Run Behavior\ReadHtmlCacheBehavior [ RunTime:0.001000s ]
INFO: [ app_begin ] --END-- [ RunTime:0.001000s ]
INFO: [ app_end ] --START--
INFO: Run Behavior\ShowPageTraceBehavior [ RunTime:0.001000s ]
INFO: [ app_end ] --END-- [ RunTime:0.001000s ]

[ 2016-11-19T11:12:03+08:00 ] 127.0.0.1 /index.php/Admin/Login/login.html
INFO: [ app_begin ] --START--
INFO: Run Behavior\ReadHtmlCacheBehavior [ RunTime:0.001000s ]
INFO: [ app_begin ] --END-- [ RunTime:0.002000s ]
SQL: SHOW COLUMNS FROM `beauty_admin` [ RunTime:0.0080s ]
NOTIC: [8] Undefined index: validate D:\ZBB\PHP\beauty\ThinkPHP\Library\Think\Model.class.php 第 1185 行.
SQL: SELECT * FROM `beauty_admin` WHERE `username` = 'beibei' LIMIT 1   [ RunTime:0.0010s ]
SQL: SELECT * FROM `beauty_admin` WHERE `username` = 'beibei' AND `password` = '46d294deab9987e94ced5c0f7b478f5d' LIMIT 1   [ RunTime:0.0020s ]

[ 2016-11-19T11:13:37+08:00 ] 127.0.0.1 /index.php/Admin/Login/chkAdmin.html
INFO: [ app_begin ] --START--
INFO: Run Behavior\ReadHtmlCacheBehavior [ RunTime:0.001000s ]
INFO: [ app_begin ] --END-- [ RunTime:0.002000s ]
SQL: SHOW COLUMNS FROM `beauty_admin` [ RunTime:0.0080s ]
SQL: SELECT * FROM `beauty_admin` WHERE `username` = 'beibei' LIMIT 1   [ RunTime:0.0020s ]
INFO: [ app_end ] --START--
INFO: Run Behavior\ShowPageTraceBehavior [ RunTime:0.002000s ]
INFO: [ app_end ] --END-- [ RunTime:0.002000s ]

[ 2016-11-19T11:13:43+08:00 ] 127.0.0.1 /index.php/Admin/Login/chkVerify.html
INFO: [ app_begin ] --START--
INFO: Run Behavior\ReadHtmlCacheBehavior [ RunTime:0.001000s ]
INFO: [ app_begin ] --END-- [ RunTime:0.001000s ]
INFO: [ app_end ] --START--
INFO: Run Behavior\ShowPageTraceBehavior [ RunTime:0.001000s ]
INFO: [ app_end ] --END-- [ RunTime:0.001000s ]

[ 2016-11-19T11:13:43+08:00 ] 127.0.0.1 /index.php/Admin/Login/login.html
INFO: [ app_begin ] --START--
INFO: Run Behavior\ReadHtmlCacheBehavior [ RunTime:0.000000s ]
INFO: [ app_begin ] --END-- [ RunTime:0.001000s ]
SQL: SHOW COLUMNS FROM `beauty_admin` [ RunTime:0.0080s ]
NOTIC: [8] Undefined index: validate D:\ZBB\PHP\beauty\ThinkPHP\Library\Think\Model.class.php 第 1185 行.
SQL: SELECT * FROM `beauty_admin` WHERE `username` = 'beibei' LIMIT 1   [ RunTime:0.0010s ]
SQL: SELECT * FROM `beauty_admin` WHERE `username` = 'beibei' AND `password` = '46d294deab9987e94ced5c0f7b478f5d' LIMIT 1   [ RunTime:0.0010s ]
SQL: UPDATE `beauty_admin` SET `online`='1',`lastlogin`='1479525223',`lastip`='127.0.0.1' WHERE `id` = 6 [ RunTime:0.0440s ]

[ 2016-11-19T13:48:41+08:00 ] 127.0.0.1 /index.php/Admin/Login/chkAdmin.html
INFO: [ app_begin ] --START--
INFO: Run Behavior\ReadHtmlCacheBehavior [ RunTime:0.001000s ]
INFO: [ app_begin ] --END-- [ RunTime:0.002000s ]
SQL: SHOW COLUMNS FROM `beauty_admin` [ RunTime:0.0080s ]
SQL: SELECT * FROM `beauty_admin` WHERE `username` = 'beibei' LIMIT 1   [ RunTime:0.0020s ]
INFO: [ app_end ] --START--
INFO: Run Behavior\ShowPageTraceBehavior [ RunTime:0.001000s ]
INFO: [ app_end ] --END-- [ RunTime:0.001000s ]

[ 2016-11-19T13:48:47+08:00 ] 127.0.0.1 /index.php/Admin/Login/chkVerify.html
INFO: [ app_begin ] --START--
INFO: Run Behavior\ReadHtmlCacheBehavior [ RunTime:0.001000s ]
INFO: [ app_begin ] --END-- [ RunTime:0.002000s ]
INFO: [ app_end ] --START--
INFO: Run Behavior\ShowPageTraceBehavior [ RunTime:0.001000s ]
INFO: [ app_end ] --END-- [ RunTime:0.001000s ]

[ 2016-11-19T13:48:48+08:00 ] 127.0.0.1 /index.php/Admin/Login/login.html
INFO: [ app_begin ] --START--
INFO: Run Behavior\ReadHtmlCacheBehavior [ RunTime:0.000000s ]
INFO: [ app_begin ] --END-- [ RunTime:0.001000s ]
SQL: SHOW COLUMNS FROM `beauty_admin` [ RunTime:0.0080s ]
NOTIC: [8] Undefined index: validate D:\ZBB\PHP\beauty\ThinkPHP\Library\Think\Model.class.php 第 1185 行.
SQL: SELECT * FROM `beauty_admin` WHERE `username` = 'beibei' LIMIT 1   [ RunTime:0.0010s ]
SQL: SELECT * FROM `beauty_admin` WHERE `username` = 'beibei' AND `password` = '46d294deab9987e94ced5c0f7b478f5d' LIMIT 1   [ RunTime:0.0010s ]

[ 2016-11-19T13:49:34+08:00 ] 127.0.0.1 /index.php/Admin/Login/chkAdmin.html
INFO: [ app_begin ] --START--
INFO: Run Behavior\ReadHtmlCacheBehavior [ RunTime:0.001001s ]
INFO: [ app_begin ] --END-- [ RunTime:0.002001s ]
SQL: SHOW COLUMNS FROM `beauty_admin` [ RunTime:0.0080s ]
SQL: SELECT * FROM `beauty_admin` WHERE `username` = 'beibei' LIMIT 1   [ RunTime:0.0010s ]
INFO: [ app_end ] --START--
INFO: Run Behavior\ShowPageTraceBehavior [ RunTime:0.002000s ]
INFO: [ app_end ] --END-- [ RunTime:0.002000s ]

[ 2016-11-19T13:49:39+08:00 ] 127.0.0.1 /index.php/Admin/Login/chkVerify.html
INFO: [ app_begin ] --START--
INFO: Run Behavior\ReadHtmlCacheBehavior [ RunTime:0.001000s ]
INFO: [ app_begin ] --END-- [ RunTime:0.002000s ]
INFO: [ app_end ] --START--
INFO: Run Behavior\ShowPageTraceBehavior [ RunTime:0.002000s ]
INFO: [ app_end ] --END-- [ RunTime:0.002000s ]

[ 2016-11-19T13:49:39+08:00 ] 127.0.0.1 /index.php/Admin/Login/login.html
INFO: [ app_begin ] --START--
INFO: Run Behavior\ReadHtmlCacheBehavior [ RunTime:0.001000s ]
INFO: [ app_begin ] --END-- [ RunTime:0.002000s ]
SQL: SHOW COLUMNS FROM `beauty_admin` [ RunTime:0.0080s ]
NOTIC: [8] Undefined index: validate D:\ZBB\PHP\beauty\ThinkPHP\Library\Think\Model.class.php 第 1185 行.
SQL: SELECT * FROM `beauty_admin` WHERE `username` = 'beibei' LIMIT 1   [ RunTime:0.0010s ]
SQL: SELECT * FROM `beauty_admin` WHERE `username` = 'beibei' AND `password` = '46d294deab9987e94ced5c0f7b478f5d' LIMIT 1   [ RunTime:0.0010s ]
SQL: UPDATE `beauty_admin` SET `online`='1',`lastlogin`='1479534579',`lastip`='127.0.0.1' WHERE `id` = 6 [ RunTime:0.0510s ]

[ 2016-11-19T13:49:47+08:00 ] 127.0.0.1 /index.php/Admin/Goods/getCateByPid.html
INFO: [ app_begin ] --START--
INFO: Run Behavior\ReadHtmlCacheBehavior [ RunTime:0.001000s ]
INFO: [ app_begin ] --END-- [ RunTime:0.001000s ]
SQL: SHOW COLUMNS FROM `beauty_category` [ RunTime:0.0080s ]
SQL: SELECT * FROM `beauty_category` WHERE `pid` = 0  [ RunTime:0.0010s ]

[ 2016-11-19T13:49:47+08:00 ] 127.0.0.1 /index.php/Admin/Goods/brandlist.html
INFO: [ app_begin ] --START--
INFO: Run Behavior\ReadHtmlCacheBehavior [ RunTime:0.000000s ]
INFO: [ app_begin ] --END-- [ RunTime:0.001001s ]
SQL: SHOW COLUMNS FROM `beauty_brands` [ RunTime:0.0080s ]
SQL: SELECT * FROM `beauty_brands`  [ RunTime:0.0020s ]

[ 2016-11-19T15:00:09+08:00 ] 127.0.0.1 /index.php/Admin/Goods/export.html
INFO: [ app_begin ] --START--
INFO: Run Behavior\ReadHtmlCacheBehavior [ RunTime:0.001000s ]
INFO: [ app_begin ] --END-- [ RunTime:0.001000s ]
SQL: SHOW COLUMNS FROM `beauty_goods` [ RunTime:0.0080s ]
SQL: SHOW COLUMNS FROM `beauty_goods` [ RunTime:0.0080s ]
SQL: SELECT * FROM beauty_goods g,beauty_brands b,beauty_category c WHERE ( g.bid=b.id and g.cid=c.id )  [ RunTime:0.0050s ]

[ 2016-11-19T15:00:30+08:00 ] 127.0.0.1 /index.php/Admin/Goods/export.html
INFO: [ app_begin ] --START--
INFO: Run Behavior\ReadHtmlCacheBehavior [ RunTime:0.001000s ]
INFO: [ app_begin ] --END-- [ RunTime:0.001000s ]
SQL: SHOW COLUMNS FROM `beauty_goods` [ RunTime:0.0080s ]
SQL: SHOW COLUMNS FROM `beauty_goods` [ RunTime:0.0080s ]
SQL: SELECT * FROM beauty_goods g,beauty_brands b,beauty_category c WHERE ( g.bid=b.id and g.cid=c.id )  [ RunTime:0.0050s ]

[ 2016-11-19T15:00:49+08:00 ] 127.0.0.1 /index.php/Admin/Goods/export.html
INFO: [ app_begin ] --START--
INFO: Run Behavior\ReadHtmlCacheBehavior [ RunTime:0.000000s ]
INFO: [ app_begin ] --END-- [ RunTime:0.001000s ]
SQL: SHOW COLUMNS FROM `beauty_goods` [ RunTime:0.0090s ]
SQL: SHOW COLUMNS FROM `beauty_goods` [ RunTime:0.0080s ]
SQL: SELECT * FROM beauty_goods g,beauty_brands b,beauty_category c WHERE ( g.bid=b.id and g.cid=c.id )  [ RunTime:0.0050s ]

[ 2016-11-19T15:02:05+08:00 ] 127.0.0.1 /index.php/Admin/Goods/export.html
INFO: [ app_begin ] --START--
INFO: Run Behavior\ReadHtmlCacheBehavior [ RunTime:0.001000s ]
INFO: [ app_begin ] --END-- [ RunTime:0.001000s ]
SQL: SHOW COLUMNS FROM `beauty_goods` [ RunTime:0.0070s ]
SQL: SHOW COLUMNS FROM `beauty_goods` [ RunTime:0.0060s ]
SQL: SELECT * FROM beauty_goods g,beauty_brands b,beauty_category c WHERE ( g.bid=b.id and g.cid=c.id )  [ RunTime:0.0050s ]

[ 2016-11-19T15:04:49+08:00 ] 127.0.0.1 /index.php/Admin/Goods/export.html
INFO: [ app_begin ] --START--
INFO: Run Behavior\ReadHtmlCacheBehavior [ RunTime:0.000000s ]
INFO: [ app_begin ] --END-- [ RunTime:0.000000s ]
SQL: SHOW COLUMNS FROM `beauty_goods` [ RunTime:0.0080s ]
SQL: SHOW COLUMNS FROM `beauty_goods` [ RunTime:0.0080s ]
SQL: SELECT * FROM beauty_goods g,beauty_brands b,beauty_category c WHERE ( g.bid=b.id and g.cid=c.id )  [ RunTime:0.0050s ]

[ 2016-11-19T15:04:56+08:00 ] 127.0.0.1 /index.php/Admin/Goods/export.html
INFO: [ app_begin ] --START--
INFO: Run Behavior\ReadHtmlCacheBehavior [ RunTime:0.000000s ]
INFO: [ app_begin ] --END-- [ RunTime:0.001000s ]
SQL: SHOW COLUMNS FROM `beauty_goods` [ RunTime:0.0080s ]
SQL: SHOW COLUMNS FROM `beauty_goods` [ RunTime:0.0080s ]
SQL: SELECT * FROM beauty_goods g,beauty_brands b,beauty_category c WHERE ( g.bid=b.id and g.cid=c.id )  [ RunTime:0.0050s ]

[ 2016-11-19T15:06:07+08:00 ] 127.0.0.1 /index.php/Admin/Goods/export.html
INFO: [ app_begin ] --START--
INFO: Run Behavior\ReadHtmlCacheBehavior [ RunTime:0.001000s ]
INFO: [ app_begin ] --END-- [ RunTime:0.001000s ]
SQL: SHOW COLUMNS FROM `beauty_goods` [ RunTime:0.0080s ]
SQL: SHOW COLUMNS FROM `beauty_goods` [ RunTime:0.0090s ]
SQL: SELECT * FROM beauty_goods g,beauty_brands b,beauty_category c WHERE ( g.bid=b.id and g.cid=c.id )  [ RunTime:0.0050s ]

[ 2016-11-19T15:06:18+08:00 ] 127.0.0.1 /index.php/Admin/Goods/export.html
INFO: [ app_begin ] --START--
INFO: Run Behavior\ReadHtmlCacheBehavior [ RunTime:0.000000s ]
INFO: [ app_begin ] --END-- [ RunTime:0.001000s ]
SQL: SHOW COLUMNS FROM `beauty_goods` [ RunTime:0.0080s ]
SQL: SHOW COLUMNS FROM `beauty_goods` [ RunTime:0.0080s ]
SQL: SELECT * FROM beauty_goods g,beauty_brands b,beauty_category c WHERE ( g.bid=b.id and g.cid=c.id )  [ RunTime:0.0040s ]

[ 2016-11-19T15:06:58+08:00 ] 127.0.0.1 /index.php/Admin/Goods/export.html
INFO: [ app_begin ] --START--
INFO: Run Behavior\ReadHtmlCacheBehavior [ RunTime:0.001000s ]
INFO: [ app_begin ] --END-- [ RunTime:0.001000s ]
SQL: SHOW COLUMNS FROM `beauty_goods` [ RunTime:0.0110s ]
SQL: SHOW COLUMNS FROM `beauty_goods` [ RunTime:0.0050s ]
SQL: SELECT * FROM beauty_goods g,beauty_brands b,beauty_category c WHERE ( g.bid=b.id and g.cid=c.id )  [ RunTime:0.0040s ]
NOTIC: [2] Cannot modify header information - headers already sent by (output started at D:\ZBB\PHP\beauty\beauty\Admin\Controller\GoodsController.class.php:348) D:\ZBB\PHP\beauty\ThinkPHP\Library\Think\Controller.class.php 第 215 行.

[ 2016-11-19T15:08:28+08:00 ] 127.0.0.1 /index.php/Admin/Goods/export.html
INFO: [ app_begin ] --START--
INFO: Run Behavior\ReadHtmlCacheBehavior [ RunTime:0.001000s ]
INFO: [ app_begin ] --END-- [ RunTime:0.001000s ]
SQL: SHOW COLUMNS FROM `beauty_goods` [ RunTime:0.0090s ]
SQL: SHOW COLUMNS FROM `beauty_goods` [ RunTime:0.0080s ]
SQL: SELECT * FROM beauty_goods g,beauty_brands b,beauty_category c WHERE ( g.bid=b.id and g.cid=c.id )  [ RunTime:0.0040s ]
NOTIC: [2] Cannot modify header information - headers already sent by (output started at D:\ZBB\PHP\beauty\beauty\Admin\Controller\GoodsController.class.php:348) D:\ZBB\PHP\beauty\ThinkPHP\Library\Think\Controller.class.php 第 215 行.

[ 2016-11-19T15:10:05+08:00 ] 127.0.0.1 /index.php/Admin/Goods/export.html
INFO: [ app_begin ] --START--
INFO: Run Behavior\ReadHtmlCacheBehavior [ RunTime:0.000000s ]
INFO: [ app_begin ] --END-- [ RunTime:0.001000s ]
SQL: SHOW COLUMNS FROM `beauty_goods` [ RunTime:0.0080s ]
SQL: SHOW COLUMNS FROM `beauty_goods` [ RunTime:0.0070s ]
SQL: SELECT * FROM beauty_goods g,beauty_brands b,beauty_category c WHERE ( g.bid=b.id and g.cid=c.id )  [ RunTime:0.0060s ]

[ 2016-11-19T15:24:52+08:00 ] 127.0.0.1 /index.php/Admin/Goods/export.html?goodsname=&bname=&cname=&time1=&time2=&price1=&price2=
INFO: [ app_begin ] --START--
INFO: Run Behavior\ReadHtmlCacheBehavior [ RunTime:0.001000s ]
INFO: [ app_begin ] --END-- [ RunTime:0.001000s ]
SQL: SHOW COLUMNS FROM `beauty_goods` [ RunTime:0.0080s ]
SQL: SHOW COLUMNS FROM `beauty_goods` [ RunTime:0.0080s ]
SQL: SELECT * FROM beauty_goods g,beauty_brands b,beauty_category c WHERE ( g.bid=b.id and g.cid=c.id )  [ RunTime:0.0050s ]

[ 2016-11-19T15:24:55+08:00 ] 127.0.0.1 /index.php/Admin/Goods/export.html?goodsname=&bname=&cname=&time1=&time2=&price1=&price2=
INFO: [ app_begin ] --START--
INFO: Run Behavior\ReadHtmlCacheBehavior [ RunTime:0.001000s ]
INFO: [ app_begin ] --END-- [ RunTime:0.001000s ]
SQL: SHOW COLUMNS FROM `beauty_goods` [ RunTime:0.0070s ]
SQL: SHOW COLUMNS FROM `beauty_goods` [ RunTime:0.0080s ]
SQL: SELECT * FROM beauty_goods g,beauty_brands b,beauty_category c WHERE ( g.bid=b.id and g.cid=c.id )  [ RunTime:0.0050s ]

[ 2016-11-19T15:24:56+08:00 ] 127.0.0.1 /index.php/Admin/Goods/export.html?goodsname=&bname=&cname=&time1=&time2=&price1=&price2=
INFO: [ app_begin ] --START--
INFO: Run Behavior\ReadHtmlCacheBehavior [ RunTime:0.001000s ]
INFO: [ app_begin ] --END-- [ RunTime:0.002000s ]
SQL: SHOW COLUMNS FROM `beauty_goods` [ RunTime:0.0080s ]
SQL: SHOW COLUMNS FROM `beauty_goods` [ RunTime:0.0090s ]
SQL: SELECT * FROM beauty_goods g,beauty_brands b,beauty_category c WHERE ( g.bid=b.id and g.cid=c.id )  [ RunTime:0.0050s ]

[ 2016-11-19T15:25:04+08:00 ] 127.0.0.1 /index.php/Admin/Goods/export.html?goodsname=&bname=&cname=&time1=&time2=&price1=&price2=
INFO: [ app_begin ] --START--
INFO: Run Behavior\ReadHtmlCacheBehavior [ RunTime:0.000000s ]
INFO: [ app_begin ] --END-- [ RunTime:0.001000s ]
SQL: SHOW COLUMNS FROM `beauty_goods` [ RunTime:0.0080s ]
SQL: SHOW COLUMNS FROM `beauty_goods` [ RunTime:0.0080s ]
SQL: SELECT * FROM beauty_goods g,beauty_brands b,beauty_category c WHERE ( g.bid=b.id and g.cid=c.id )  [ RunTime:0.0050s ]

[ 2016-11-19T15:25:04+08:00 ] 127.0.0.1 /index.php/Admin/Goods/export.html?goodsname=&bname=&cname=&time1=&time2=&price1=&price2=
ERR: 模板不存在:./beauty/Admin/View/Goods/export.html

[ 2016-11-19T15:25:04+08:00 ] 127.0.0.1 /index.php/Admin/Goods/export.html?goodsname=&bname=&cname=&time1=&time2=&price1=&price2=
ERR: 模板不存在:./beauty/Admin/View/Goods/export.html

[ 2016-11-19T15:25:11+08:00 ] 127.0.0.1 /index.php/Admin/Goods/export.html?goodsname=&bname=&cname=&time1=&time2=&price1=&price2=
INFO: [ app_begin ] --START--
INFO: Run Behavior\ReadHtmlCacheBehavior [ RunTime:0.001000s ]
INFO: [ app_begin ] --END-- [ RunTime:0.001000s ]
SQL: SHOW COLUMNS FROM `beauty_goods` [ RunTime:0.0080s ]
SQL: SHOW COLUMNS FROM `beauty_goods` [ RunTime:0.0080s ]
SQL: SELECT * FROM beauty_goods g,beauty_brands b,beauty_category c WHERE ( g.bid=b.id and g.cid=c.id )  [ RunTime:0.0040s ]

[ 2016-11-19T15:25:11+08:00 ] 127.0.0.1 /index.php/Admin/Goods/export.html?goodsname=&bname=&cname=&time1=&time2=&price1=&price2=
ERR: 模板不存在:./beauty/Admin/View/Goods/export.html

[ 2016-11-19T15:25:11+08:00 ] 127.0.0.1 /index.php/Admin/Goods/export.html?goodsname=&bname=&cname=&time1=&time2=&price1=&price2=
ERR: 模板不存在:./beauty/Admin/View/Goods/export.html

[ 2016-11-19T15:25:14+08:00 ] 127.0.0.1 /index.php/Admin/Goods/export.html?goodsname=&bname=&cname=&time1=&time2=&price1=&price2=
ERR: 模板不存在:./beauty/Admin/View/Goods/export.html

[ 2016-11-19T15:25:15+08:00 ] 127.0.0.1 /index.php/Admin/Goods/export.html?goodsname=&bname=&cname=&time1=&time2=&price1=&price2=
ERR: 模板不存在:./beauty/Admin/View/Goods/export.html

[ 2016-11-19T15:25:16+08:00 ] 127.0.0.1 /index.php/Admin/Goods/export.html?goodsname=&bname=&cname=&time1=&time2=&price1=&price2=
ERR: 模板不存在:./beauty/Admin/View/Goods/export.html

[ 2016-11-19T15:25:16+08:00 ] 127.0.0.1 /index.php/Admin/Goods/export.html?goodsname=&bname=&cname=&time1=&time2=&price1=&price2=
ERR: 模板不存在:./beauty/Admin/View/Goods/export.html

[ 2016-11-19T15:25:17+08:00 ] 127.0.0.1 /index.php/Admin/Goods/export.html?goodsname=&bname=&cname=&time1=&time2=&price1=&price2=
ERR: 模板不存在:./beauty/Admin/View/Goods/export.html

[ 2016-11-19T15:25:17+08:00 ] 127.0.0.1 /index.php/Admin/Goods/export.html?goodsname=&bname=&cname=&time1=&time2=&price1=&price2=
ERR: 模板不存在:./beauty/Admin/View/Goods/export.html

[ 2016-11-19T15:25:17+08:00 ] 127.0.0.1 /index.php/Admin/Goods/export.html?goodsname=&bname=&cname=&time1=&time2=&price1=&price2=
ERR: 模板不存在:./beauty/Admin/View/Goods/export.html

[ 2016-11-19T15:25:17+08:00 ] 127.0.0.1 /index.php/Admin/Goods/export.html?goodsname=&bname=&cname=&time1=&time2=&price1=&price2=
ERR: 模板不存在:./beauty/Admin/View/Goods/export.html

[ 2016-11-19T15:25:17+08:00 ] 127.0.0.1 /index.php/Admin/Goods/export.html?goodsname=&bname=&cname=&time1=&time2=&price1=&price2=
ERR: 模板不存在:./beauty/Admin/View/Goods/export.html

[ 2016-11-19T15:25:18+08:00 ] 127.0.0.1 /index.php/Admin/Goods/export.html?goodsname=&bname=&cname=&time1=&time2=&price1=&price2=
ERR: 模板不存在:./beauty/Admin/View/Goods/export.html

[ 2016-11-19T15:25:18+08:00 ] 127.0.0.1 /index.php/Admin/Goods/export.html?goodsname=&bname=&cname=&time1=&time2=&price1=&price2=
ERR: 模板不存在:./beauty/Admin/View/Goods/export.html

[ 2016-11-19T15:25:19+08:00 ] 127.0.0.1 /index.php/Admin/Goods/export.html?goodsname=&bname=&cname=&time1=&time2=&price1=&price2=
ERR: 模板不存在:./beauty/Admin/View/Goods/export.html

[ 2016-11-19T15:25:19+08:00 ] 127.0.0.1 /index.php/Admin/Goods/export.html?goodsname=&bname=&cname=&time1=&time2=&price1=&price2=
ERR: 模板不存在:./beauty/Admin/View/Goods/export.html

[ 2016-11-19T15:25:19+08:00 ] 127.0.0.1 /index.php/Admin/Goods/export.html?goodsname=&bname=&cname=&time1=&time2=&price1=&price2=
ERR: 模板不存在:./beauty/Admin/View/Goods/export.html

[ 2016-11-19T15:25:19+08:00 ] 127.0.0.1 /index.php/Admin/Goods/export.html?goodsname=&bname=&cname=&time1=&time2=&price1=&price2=
ERR: 模板不存在:./beauty/Admin/View/Goods/export.html

[ 2016-11-19T15:25:19+08:00 ] 127.0.0.1 /index.php/Admin/Goods/export.html?goodsname=&bname=&cname=&time1=&time2=&price1=&price2=
ERR: 模板不存在:./beauty/Admin/View/Goods/export.html

[ 2016-11-19T15:25:20+08:00 ] 127.0.0.1 /index.php/Admin/Goods/export.html?goodsname=&bname=&cname=&time1=&time2=&price1=&price2=
ERR: 模板不存在:./beauty/Admin/View/Goods/export.html

[ 2016-11-19T15:25:20+08:00 ] 127.0.0.1 /index.php/Admin/Goods/export.html?goodsname=&bname=&cname=&time1=&time2=&price1=&price2=
ERR: 模板不存在:./beauty/Admin/View/Goods/export.html

[ 2016-11-19T15:25:31+08:00 ] 127.0.0.1 /index.php/Admin/Goods/export.html?goodsname=&bname=&cname=&time1=&time2=&price1=&price2=
INFO: [ app_begin ] --START--
INFO: Run Behavior\ReadHtmlCacheBehavior [ RunTime:0.000000s ]
INFO: [ app_begin ] --END-- [ RunTime:0.001000s ]
SQL: SHOW COLUMNS FROM `beauty_goods` [ RunTime:0.0080s ]
SQL: SHOW COLUMNS FROM `beauty_goods` [ RunTime:0.0080s ]
SQL: SELECT * FROM beauty_goods g,beauty_brands b,beauty_category c WHERE ( g.bid=b.id and g.cid=c.id )  [ RunTime:0.0040s ]

[ 2016-11-19T15:25:31+08:00 ] 127.0.0.1 /index.php/Admin/Goods/export.html?goodsname=&bname=&cname=&time1=&time2=&price1=&price2=
ERR: 模板不存在:./beauty/Admin/View/Goods/export.html

[ 2016-11-19T15:25:31+08:00 ] 127.0.0.1 /index.php/Admin/Goods/export.html?goodsname=&bname=&cname=&time1=&time2=&price1=&price2=
ERR: 模板不存在:./beauty/Admin/View/Goods/export.html

[ 2016-11-19T15:25:36+08:00 ] 127.0.0.1 /index.php/Admin/Goods/export.html?goodsname=&bname=&cname=&time1=&time2=&price1=&price2=
ERR: 模板不存在:./beauty/Admin/View/Goods/export.html

[ 2016-11-19T15:26:13+08:00 ] 127.0.0.1 /index.php/Admin/Goods/export.html?goodsname=&bname=&cname=&time1=&time2=&price1=&price2=
INFO: [ app_begin ] --START--
INFO: Run Behavior\ReadHtmlCacheBehavior [ RunTime:0.001000s ]
INFO: [ app_begin ] --END-- [ RunTime:0.001000s ]
SQL: SHOW COLUMNS FROM `beauty_goods` [ RunTime:0.0080s ]
SQL: SHOW COLUMNS FROM `beauty_goods` [ RunTime:0.0090s ]
SQL: SELECT * FROM beauty_goods g,beauty_brands b,beauty_category c WHERE ( g.bid=b.id and g.cid=c.id )  [ RunTime:0.0050s ]

[ 2016-11-19T15:27:08+08:00 ] 127.0.0.1 /index.php/Admin/Goods/export.html?goodsname=&bname=&cname=&time1=&time2=&price1=&price2=
INFO: [ app_begin ] --START--
INFO: Run Behavior\ReadHtmlCacheBehavior [ RunTime:0.001000s ]
INFO: [ app_begin ] --END-- [ RunTime:0.001000s ]
SQL: SHOW COLUMNS FROM `beauty_goods` [ RunTime:0.0080s ]
SQL: SHOW COLUMNS FROM `beauty_goods` [ RunTime:0.0090s ]
SQL: SELECT * FROM beauty_goods g,beauty_brands b,beauty_category c WHERE ( g.bid=b.id and g.cid=c.id )  [ RunTime:0.0050s ]

[ 2016-11-19T15:27:28+08:00 ] 127.0.0.1 /index.php/Admin/Goods/export.html?goodsname=&bname=&cname=&time1=&time2=&price1=&price2=
INFO: [ app_begin ] --START--
INFO: Run Behavior\ReadHtmlCacheBehavior [ RunTime:0.001000s ]
INFO: [ app_begin ] --END-- [ RunTime:0.001000s ]
SQL: SHOW COLUMNS FROM `beauty_goods` [ RunTime:0.0080s ]
SQL: SHOW COLUMNS FROM `beauty_goods` [ RunTime:0.0090s ]
SQL: SELECT * FROM beauty_goods g,beauty_brands b,beauty_category c WHERE ( g.bid=b.id and g.cid=c.id )  [ RunTime:0.0050s ]

[ 2016-11-19T17:03:35+08:00 ] 127.0.0.1 /index.php/Admin/Goods/export.html?goodsname=&bname=&cname=&time1=&time2=&price1=&price2=
INFO: [ app_begin ] --START--
INFO: Run Behavior\ReadHtmlCacheBehavior [ RunTime:0.000000s ]
INFO: [ app_begin ] --END-- [ RunTime:0.001000s ]
SQL: SHOW COLUMNS FROM `beauty_goods` [ RunTime:0.0090s ]
SQL: SHOW COLUMNS FROM `beauty_goods` [ RunTime:0.0090s ]
SQL: SELECT * FROM beauty_goods g,beauty_brands b,beauty_category c WHERE ( g.bid=b.id and g.cid=c.id )  [ RunTime:0.0060s ]

