[ 2016-11-20T15:24:13+08:00 ] 127.0.0.1 /index.php/Admin/Login/chkAdmin.html
INFO: [ app_begin ] --START--
INFO: Run Behavior\ReadHtmlCacheBehavior [ RunTime:0.000000s ]
INFO: [ app_begin ] --END-- [ RunTime:0.001000s ]
SQL: SHOW COLUMNS FROM `beauty_admin` [ RunTime:0.0510s ]
SQL: SELECT * FROM `beauty_admin` WHERE `username` = 'beibei' LIMIT 1   [ RunTime:0.0010s ]
INFO: [ app_end ] --START--
INFO: Run Behavior\ShowPageTraceBehavior [ RunTime:0.002000s ]
INFO: [ app_end ] --END-- [ RunTime:0.002000s ]

[ 2016-11-20T15:24:19+08:00 ] 127.0.0.1 /index.php/Admin/Login/chkVerify.html
INFO: [ app_begin ] --START--
INFO: Run Behavior\ReadHtmlCacheBehavior [ RunTime:0.000000s ]
INFO: [ app_begin ] --END-- [ RunTime:0.001000s ]
INFO: [ app_end ] --START--
INFO: Run Behavior\ShowPageTraceBehavior [ RunTime:0.001000s ]
INFO: [ app_end ] --END-- [ RunTime:0.001000s ]

[ 2016-11-20T15:24:20+08:00 ] 127.0.0.1 /index.php/Admin/Login/login.html
INFO: [ app_begin ] --START--
INFO: Run Behavior\ReadHtmlCacheBehavior [ RunTime:0.001000s ]
INFO: [ app_begin ] --END-- [ RunTime:0.001000s ]
SQL: SHOW COLUMNS FROM `beauty_admin` [ RunTime:0.0070s ]
NOTIC: [8] Undefined index: validate D:\ZBB\PHP\beauty\ThinkPHP\Library\Think\Model.class.php 第 1185 行.
SQL: SELECT * FROM `beauty_admin` WHERE `username` = 'beibei' LIMIT 1   [ RunTime:0.0020s ]
SQL: SELECT * FROM `beauty_admin` WHERE `username` = 'beibei' AND `password` = '46d294deab9987e94ced5c0f7b478f5d' LIMIT 1   [ RunTime:0.0020s ]

[ 2016-11-20T15:24:55+08:00 ] 127.0.0.1 /index.php/Admin/Login/chkAdmin.html
INFO: [ app_begin ] --START--
INFO: Run Behavior\ReadHtmlCacheBehavior [ RunTime:0.001000s ]
INFO: [ app_begin ] --END-- [ RunTime:0.002000s ]
SQL: SHOW COLUMNS FROM `beauty_admin` [ RunTime:0.0070s ]
SQL: SELECT * FROM `beauty_admin` WHERE `username` = 'beibei' LIMIT 1   [ RunTime:0.0010s ]
INFO: [ app_end ] --START--
INFO: Run Behavior\ShowPageTraceBehavior [ RunTime:0.001000s ]
INFO: [ app_end ] --END-- [ RunTime:0.001000s ]

[ 2016-11-20T15:25:00+08:00 ] 127.0.0.1 /index.php/Admin/Login/chkVerify.html
INFO: [ app_begin ] --START--
INFO: Run Behavior\ReadHtmlCacheBehavior [ RunTime:0.001000s ]
INFO: [ app_begin ] --END-- [ RunTime:0.002000s ]
INFO: [ app_end ] --START--
INFO: Run Behavior\ShowPageTraceBehavior [ RunTime:0.001000s ]
INFO: [ app_end ] --END-- [ RunTime:0.001000s ]

[ 2016-11-20T15:25:00+08:00 ] 127.0.0.1 /index.php/Admin/Login/login.html
INFO: [ app_begin ] --START--
INFO: Run Behavior\ReadHtmlCacheBehavior [ RunTime:0.001000s ]
INFO: [ app_begin ] --END-- [ RunTime:0.001000s ]
SQL: SHOW COLUMNS FROM `beauty_admin` [ RunTime:0.0080s ]
NOTIC: [8] Undefined index: validate D:\ZBB\PHP\beauty\ThinkPHP\Library\Think\Model.class.php 第 1185 行.
SQL: SELECT * FROM `beauty_admin` WHERE `username` = 'beibei' LIMIT 1   [ RunTime:0.0010s ]
SQL: SELECT * FROM `beauty_admin` WHERE `username` = 'beibei' AND `password` = '46d294deab9987e94ced5c0f7b478f5d' LIMIT 1   [ RunTime:0.0010s ]

[ 2016-11-20T15:25:17+08:00 ] 127.0.0.1 /index.php/Admin/Login/chkAdmin.html
INFO: [ app_begin ] --START--
INFO: Run Behavior\ReadHtmlCacheBehavior [ RunTime:0.001000s ]
INFO: [ app_begin ] --END-- [ RunTime:0.001000s ]
SQL: SHOW COLUMNS FROM `beauty_admin` [ RunTime:0.0070s ]
SQL: SELECT * FROM `beauty_admin` WHERE `username` = 'beibei' LIMIT 1   [ RunTime:0.0010s ]
INFO: [ app_end ] --START--
INFO: Run Behavior\ShowPageTraceBehavior [ RunTime:0.001000s ]
INFO: [ app_end ] --END-- [ RunTime:0.001000s ]

[ 2016-11-20T15:25:23+08:00 ] 127.0.0.1 /index.php/Admin/Login/chkVerify.html
INFO: [ app_begin ] --START--
INFO: Run Behavior\ReadHtmlCacheBehavior [ RunTime:0.001000s ]
INFO: [ app_begin ] --END-- [ RunTime:0.002000s ]
INFO: [ app_end ] --START--
INFO: Run Behavior\ShowPageTraceBehavior [ RunTime:0.001000s ]
INFO: [ app_end ] --END-- [ RunTime:0.001000s ]

[ 2016-11-20T15:25:23+08:00 ] 127.0.0.1 /index.php/Admin/Login/login.html
INFO: [ app_begin ] --START--
INFO: Run Behavior\ReadHtmlCacheBehavior [ RunTime:0.001000s ]
INFO: [ app_begin ] --END-- [ RunTime:0.002000s ]
SQL: SHOW COLUMNS FROM `beauty_admin` [ RunTime:0.0070s ]
NOTIC: [8] Undefined index: validate D:\ZBB\PHP\beauty\ThinkPHP\Library\Think\Model.class.php 第 1185 行.
SQL: SELECT * FROM `beauty_admin` WHERE `username` = 'beibei' LIMIT 1   [ RunTime:0.0010s ]
SQL: SELECT * FROM `beauty_admin` WHERE `username` = 'beibei' AND `password` = '46d294deab9987e94ced5c0f7b478f5d' LIMIT 1   [ RunTime:0.0010s ]
SQL: UPDATE `beauty_admin` SET `online`='1',`lastlogin`='1479626723',`lastip`='127.0.0.1' WHERE `id` = 6 [ RunTime:0.0500s ]

[ 2016-11-20T15:25:30+08:00 ] 127.0.0.1 /index.php/Admin/Goods/brandlist.html
INFO: [ app_begin ] --START--
INFO: Run Behavior\ReadHtmlCacheBehavior [ RunTime:0.001000s ]
INFO: [ app_begin ] --END-- [ RunTime:0.001000s ]
SQL: SHOW COLUMNS FROM `beauty_brands` [ RunTime:0.0070s ]
SQL: SELECT * FROM `beauty_brands`  [ RunTime:0.0010s ]

[ 2016-11-20T15:25:30+08:00 ] 127.0.0.1 /index.php/Admin/Goods/getCateByPid.html
INFO: [ app_begin ] --START--
INFO: Run Behavior\ReadHtmlCacheBehavior [ RunTime:0.001000s ]
INFO: [ app_begin ] --END-- [ RunTime:0.001000s ]
SQL: SHOW COLUMNS FROM `beauty_category` [ RunTime:0.0080s ]
SQL: SELECT * FROM `beauty_category` WHERE `pid` = 0  [ RunTime:0.0010s ]

[ 2016-11-20T15:25:35+08:00 ] 127.0.0.1 /index.php/Admin/Goods/addAct.html
INFO: [ app_begin ] --START--
INFO: Run Behavior\ReadHtmlCacheBehavior [ RunTime:0.001000s ]
INFO: [ app_begin ] --END-- [ RunTime:0.001000s ]
SQL: SHOW COLUMNS FROM `beauty_goods` [ RunTime:0.0070s ]
NOTIC: [8] Undefined index: validate D:\ZBB\PHP\beauty\ThinkPHP\Library\Think\Model.class.php 第 1185 行.

[ 2016-11-20T15:25:55+08:00 ] 127.0.0.1 /index.php/Admin/Goods/addAct.html
INFO: [ app_begin ] --START--
INFO: Run Behavior\ReadHtmlCacheBehavior [ RunTime:0.001000s ]
INFO: [ app_begin ] --END-- [ RunTime:0.001000s ]
SQL: SHOW COLUMNS FROM `beauty_goods` [ RunTime:0.0070s ]
NOTIC: [8] Undefined index: validate D:\ZBB\PHP\beauty\ThinkPHP\Library\Think\Model.class.php 第 1185 行.

[ 2016-11-20T15:26:00+08:00 ] 127.0.0.1 /index.php/Admin/Goods/getCateByPid.html
INFO: [ app_begin ] --START--
INFO: Run Behavior\ReadHtmlCacheBehavior [ RunTime:0.001000s ]
INFO: [ app_begin ] --END-- [ RunTime:0.001000s ]
SQL: SHOW COLUMNS FROM `beauty_category` [ RunTime:0.0070s ]
SQL: SELECT * FROM `beauty_category` WHERE `pid` = 33  [ RunTime:0.0010s ]

[ 2016-11-20T15:26:03+08:00 ] 127.0.0.1 /index.php/Admin/Goods/addAct.html
INFO: [ app_begin ] --START--
INFO: Run Behavior\ReadHtmlCacheBehavior [ RunTime:0.000000s ]
INFO: [ app_begin ] --END-- [ RunTime:0.001000s ]
SQL: SHOW COLUMNS FROM `beauty_goods` [ RunTime:0.0080s ]
NOTIC: [8] Undefined index: validate D:\ZBB\PHP\beauty\ThinkPHP\Library\Think\Model.class.php 第 1185 行.

[ 2016-11-20T15:27:13+08:00 ] 127.0.0.1 /index.php/Admin/Goods/getCateByPid.html
INFO: [ app_begin ] --START--
INFO: Run Behavior\ReadHtmlCacheBehavior [ RunTime:0.000000s ]
INFO: [ app_begin ] --END-- [ RunTime:0.001001s ]
SQL: SHOW COLUMNS FROM `beauty_category` [ RunTime:0.0070s ]
SQL: SELECT * FROM `beauty_category` WHERE `pid` = 0  [ RunTime:0.0020s ]

[ 2016-11-20T15:27:13+08:00 ] 127.0.0.1 /index.php/Admin/Goods/brandlist.html
INFO: [ app_begin ] --START--
INFO: Run Behavior\ReadHtmlCacheBehavior [ RunTime:0.001000s ]
INFO: [ app_begin ] --END-- [ RunTime:0.001000s ]
SQL: SHOW COLUMNS FROM `beauty_brands` [ RunTime:0.0080s ]
SQL: SELECT * FROM `beauty_brands`  [ RunTime:0.0020s ]

[ 2016-11-20T15:27:24+08:00 ] 127.0.0.1 /index.php/Admin/Goods/addAct.html
INFO: [ app_begin ] --START--
INFO: Run Behavior\ReadHtmlCacheBehavior [ RunTime:0.001000s ]
INFO: [ app_begin ] --END-- [ RunTime:0.002000s ]
SQL: SHOW COLUMNS FROM `beauty_goods` [ RunTime:0.0080s ]
NOTIC: [8] Undefined index: validate D:\ZBB\PHP\beauty\ThinkPHP\Library\Think\Model.class.php 第 1185 行.

[ 2016-11-20T15:27:31+08:00 ] 127.0.0.1 /index.php/Admin/Goods/addAct.html
INFO: [ app_begin ] --START--
INFO: Run Behavior\ReadHtmlCacheBehavior [ RunTime:0.000000s ]
INFO: [ app_begin ] --END-- [ RunTime:0.001000s ]
SQL: SHOW COLUMNS FROM `beauty_goods` [ RunTime:0.0070s ]
NOTIC: [8] Undefined index: validate D:\ZBB\PHP\beauty\ThinkPHP\Library\Think\Model.class.php 第 1185 行.

[ 2016-11-20T15:27:56+08:00 ] 127.0.0.1 /index.php/Admin/Goods/addAct.html
INFO: [ app_begin ] --START--
INFO: Run Behavior\ReadHtmlCacheBehavior [ RunTime:0.001000s ]
INFO: [ app_begin ] --END-- [ RunTime:0.002000s ]
SQL: SHOW COLUMNS FROM `beauty_goods` [ RunTime:0.0070s ]
NOTIC: [8] Undefined index: validate D:\ZBB\PHP\beauty\ThinkPHP\Library\Think\Model.class.php 第 1185 行.

[ 2016-11-20T15:29:55+08:00 ] 127.0.0.1 /index.php/Admin/Goods/getCateByPid.html
INFO: [ app_begin ] --START--
INFO: Run Behavior\ReadHtmlCacheBehavior [ RunTime:0.001000s ]
INFO: [ app_begin ] --END-- [ RunTime:0.001000s ]
SQL: SHOW COLUMNS FROM `beauty_category` [ RunTime:0.0070s ]
SQL: SELECT * FROM `beauty_category` WHERE `pid` = 0  [ RunTime:0.0010s ]

[ 2016-11-20T15:29:55+08:00 ] 127.0.0.1 /index.php/Admin/Goods/brandlist.html
INFO: [ app_begin ] --START--
INFO: Run Behavior\ReadHtmlCacheBehavior [ RunTime:0.000000s ]
INFO: [ app_begin ] --END-- [ RunTime:0.001000s ]
SQL: SHOW COLUMNS FROM `beauty_brands` [ RunTime:0.0070s ]
SQL: SELECT * FROM `beauty_brands`  [ RunTime:0.0020s ]

[ 2016-11-20T15:29:58+08:00 ] 127.0.0.1 /index.php/Admin/Goods/addAct.html
INFO: [ app_begin ] --START--
INFO: Run Behavior\ReadHtmlCacheBehavior [ RunTime:0.001000s ]
INFO: [ app_begin ] --END-- [ RunTime:0.001000s ]
SQL: SHOW COLUMNS FROM `beauty_goods` [ RunTime:0.0040s ]
NOTIC: [8] Undefined index: validate D:\ZBB\PHP\beauty\ThinkPHP\Library\Think\Model.class.php 第 1185 行.

[ 2016-11-20T15:30:38+08:00 ] 127.0.0.1 /index.php/Admin/Goods/getCateByPid.html
INFO: [ app_begin ] --START--
INFO: Run Behavior\ReadHtmlCacheBehavior [ RunTime:0.001000s ]
INFO: [ app_begin ] --END-- [ RunTime:0.001000s ]
SQL: SHOW COLUMNS FROM `beauty_category` [ RunTime:0.0060s ]
SQL: SELECT * FROM `beauty_category` WHERE `pid` = 0  [ RunTime:0.0010s ]

[ 2016-11-20T15:30:38+08:00 ] 127.0.0.1 /index.php/Admin/Goods/brandlist.html
INFO: [ app_begin ] --START--
INFO: Run Behavior\ReadHtmlCacheBehavior [ RunTime:0.001000s ]
INFO: [ app_begin ] --END-- [ RunTime:0.001000s ]
SQL: SHOW COLUMNS FROM `beauty_brands` [ RunTime:0.0070s ]
SQL: SELECT * FROM `beauty_brands`  [ RunTime:0.0020s ]

[ 2016-11-20T15:30:41+08:00 ] 127.0.0.1 /index.php/Admin/Goods/addAct.html
INFO: [ app_begin ] --START--
INFO: Run Behavior\ReadHtmlCacheBehavior [ RunTime:0.000000s ]
INFO: [ app_begin ] --END-- [ RunTime:0.001000s ]
SQL: SHOW COLUMNS FROM `beauty_goods` [ RunTime:0.0070s ]
NOTIC: [8] Undefined index: validate D:\ZBB\PHP\beauty\ThinkPHP\Library\Think\Model.class.php 第 1185 行.

[ 2016-11-20T15:31:09+08:00 ] 127.0.0.1 /index.php/Admin/Goods/addAct.html
INFO: [ app_begin ] --START--
INFO: Run Behavior\ReadHtmlCacheBehavior [ RunTime:0.001000s ]
INFO: [ app_begin ] --END-- [ RunTime:0.002000s ]
SQL: SHOW COLUMNS FROM `beauty_goods` [ RunTime:0.0070s ]
NOTIC: [8] Undefined index: validate D:\ZBB\PHP\beauty\ThinkPHP\Library\Think\Model.class.php 第 1185 行.

[ 2016-11-20T15:31:18+08:00 ] 127.0.0.1 /index.php/Admin/Goods/getCateByPid.html
INFO: [ app_begin ] --START--
INFO: Run Behavior\ReadHtmlCacheBehavior [ RunTime:0.000000s ]
INFO: [ app_begin ] --END-- [ RunTime:0.001000s ]
SQL: SHOW COLUMNS FROM `beauty_category` [ RunTime:0.0070s ]
SQL: SELECT * FROM `beauty_category` WHERE `pid` = 22  [ RunTime:0.0010s ]

[ 2016-11-20T15:31:23+08:00 ] 127.0.0.1 /index.php/Admin/Goods/addAct.html
INFO: [ app_begin ] --START--
INFO: Run Behavior\ReadHtmlCacheBehavior [ RunTime:0.001000s ]
INFO: [ app_begin ] --END-- [ RunTime:0.001000s ]
SQL: SHOW COLUMNS FROM `beauty_goods` [ RunTime:0.0070s ]
NOTIC: [8] Undefined index: validate D:\ZBB\PHP\beauty\ThinkPHP\Library\Think\Model.class.php 第 1185 行.
NOTIC: [8] Undefined index: auto D:\ZBB\PHP\beauty\ThinkPHP\Library\Think\Model.class.php 第 1128 行.

[ 2016-11-20T15:49:06+08:00 ] 127.0.0.1 /index.php/Admin/Goods/getCateByPid.html
INFO: [ app_begin ] --START--
INFO: Run Behavior\ReadHtmlCacheBehavior [ RunTime:0.000000s ]
INFO: [ app_begin ] --END-- [ RunTime:0.001000s ]
SQL: SHOW COLUMNS FROM `beauty_category` [ RunTime:0.0080s ]
SQL: SELECT * FROM `beauty_category` WHERE `pid` = 0  [ RunTime:0.0010s ]

[ 2016-11-20T15:49:06+08:00 ] 127.0.0.1 /index.php/Admin/Goods/brandlist.html
INFO: [ app_begin ] --START--
INFO: Run Behavior\ReadHtmlCacheBehavior [ RunTime:0.001000s ]
INFO: [ app_begin ] --END-- [ RunTime:0.002000s ]
SQL: SHOW COLUMNS FROM `beauty_brands` [ RunTime:0.0070s ]
SQL: SELECT * FROM `beauty_brands`  [ RunTime:0.0030s ]

[ 2016-11-20T15:49:11+08:00 ] 127.0.0.1 /index.php/Admin/Goods/getCateByPid.html
INFO: [ app_begin ] --START--
INFO: Run Behavior\ReadHtmlCacheBehavior [ RunTime:0.001000s ]
INFO: [ app_begin ] --END-- [ RunTime:0.001000s ]
SQL: SHOW COLUMNS FROM `beauty_category` [ RunTime:0.0070s ]
SQL: SELECT * FROM `beauty_category` WHERE `pid` = 22  [ RunTime:0.0010s ]

[ 2016-11-20T15:49:29+08:00 ] 127.0.0.1 /index.php/Admin/Goods/addAct.html
INFO: [ app_begin ] --START--
INFO: Run Behavior\ReadHtmlCacheBehavior [ RunTime:0.001000s ]
INFO: [ app_begin ] --END-- [ RunTime:0.001000s ]
SQL: SHOW COLUMNS FROM `beauty_goods` [ RunTime:0.0070s ]
NOTIC: [8] Undefined index: validate D:\ZBB\PHP\beauty\ThinkPHP\Library\Think\Model.class.php 第 1185 行.
NOTIC: [8] Undefined index: auto D:\ZBB\PHP\beauty\ThinkPHP\Library\Think\Model.class.php 第 1128 行.

[ 2016-11-20T15:50:43+08:00 ] 127.0.0.1 /index.php/Admin/Goods/brandlist.html
INFO: [ app_begin ] --START--
INFO: Run Behavior\ReadHtmlCacheBehavior [ RunTime:0.001000s ]
INFO: [ app_begin ] --END-- [ RunTime:0.001000s ]
SQL: SHOW COLUMNS FROM `beauty_brands` [ RunTime:0.0080s ]
SQL: SELECT * FROM `beauty_brands`  [ RunTime:0.0010s ]

[ 2016-11-20T15:50:43+08:00 ] 127.0.0.1 /index.php/Admin/Goods/getCateByPid.html
INFO: [ app_begin ] --START--
INFO: Run Behavior\ReadHtmlCacheBehavior [ RunTime:0.000000s ]
INFO: [ app_begin ] --END-- [ RunTime:0.001000s ]
SQL: SHOW COLUMNS FROM `beauty_category` [ RunTime:0.0070s ]
SQL: SELECT * FROM `beauty_category` WHERE `pid` = 0  [ RunTime:0.0010s ]

[ 2016-11-20T15:50:50+08:00 ] 127.0.0.1 /index.php/Admin/Goods/addAct.html
INFO: [ app_begin ] --START--
INFO: Run Behavior\ReadHtmlCacheBehavior [ RunTime:0.000000s ]
INFO: [ app_begin ] --END-- [ RunTime:0.002000s ]
SQL: SHOW COLUMNS FROM `beauty_goods` [ RunTime:0.0080s ]
NOTIC: [8] Undefined index: validate D:\ZBB\PHP\beauty\ThinkPHP\Library\Think\Model.class.php 第 1185 行.

[ 2016-11-20T15:51:12+08:00 ] 127.0.0.1 /index.php/Admin/Goods/getCateByPid.html
INFO: [ app_begin ] --START--
INFO: Run Behavior\ReadHtmlCacheBehavior [ RunTime:0.000000s ]
INFO: [ app_begin ] --END-- [ RunTime:0.001000s ]
SQL: SHOW COLUMNS FROM `beauty_category` [ RunTime:0.0070s ]
SQL: SELECT * FROM `beauty_category` WHERE `pid` = 0  [ RunTime:0.0020s ]

[ 2016-11-20T15:51:12+08:00 ] 127.0.0.1 /index.php/Admin/Goods/brandlist.html
INFO: [ app_begin ] --START--
INFO: Run Behavior\ReadHtmlCacheBehavior [ RunTime:0.000000s ]
INFO: [ app_begin ] --END-- [ RunTime:0.001001s ]
SQL: SHOW COLUMNS FROM `beauty_brands` [ RunTime:0.0070s ]
SQL: SELECT * FROM `beauty_brands`  [ RunTime:0.0010s ]

[ 2016-11-20T15:51:15+08:00 ] 127.0.0.1 /index.php/Admin/Goods/addAct.html
INFO: [ app_begin ] --START--
INFO: Run Behavior\ReadHtmlCacheBehavior [ RunTime:0.000000s ]
INFO: [ app_begin ] --END-- [ RunTime:0.000000s ]
SQL: SHOW COLUMNS FROM `beauty_goods` [ RunTime:0.0070s ]
NOTIC: [8] Undefined index: validate D:\ZBB\PHP\beauty\ThinkPHP\Library\Think\Model.class.php 第 1185 行.

[ 2016-11-20T15:51:24+08:00 ] 127.0.0.1 /index.php/Admin/Goods/getCateByPid.html
INFO: [ app_begin ] --START--
INFO: Run Behavior\ReadHtmlCacheBehavior [ RunTime:0.001000s ]
INFO: [ app_begin ] --END-- [ RunTime:0.001000s ]
SQL: SHOW COLUMNS FROM `beauty_category` [ RunTime:0.0080s ]
SQL: SELECT * FROM `beauty_category` WHERE `pid` = 22  [ RunTime:0.0010s ]

[ 2016-11-20T15:51:32+08:00 ] 127.0.0.1 /index.php/Admin/Goods/addAct.html
INFO: [ app_begin ] --START--
INFO: Run Behavior\ReadHtmlCacheBehavior [ RunTime:0.001000s ]
INFO: [ app_begin ] --END-- [ RunTime:0.001000s ]
SQL: SHOW COLUMNS FROM `beauty_goods` [ RunTime:0.0080s ]
NOTIC: [8] Undefined index: validate D:\ZBB\PHP\beauty\ThinkPHP\Library\Think\Model.class.php 第 1185 行.
NOTIC: [8] Undefined index: auto D:\ZBB\PHP\beauty\ThinkPHP\Library\Think\Model.class.php 第 1128 行.

[ 2016-11-20T15:52:44+08:00 ] 127.0.0.1 /index.php/Admin/Goods/getCateByPid.html
INFO: [ app_begin ] --START--
INFO: Run Behavior\ReadHtmlCacheBehavior [ RunTime:0.001000s ]
INFO: [ app_begin ] --END-- [ RunTime:0.001000s ]
SQL: SHOW COLUMNS FROM `beauty_category` [ RunTime:0.0070s ]
SQL: SELECT * FROM `beauty_category` WHERE `pid` = 0  [ RunTime:0.0010s ]

[ 2016-11-20T15:52:44+08:00 ] 127.0.0.1 /index.php/Admin/Goods/brandlist.html
INFO: [ app_begin ] --START--
INFO: Run Behavior\ReadHtmlCacheBehavior [ RunTime:0.001000s ]
INFO: [ app_begin ] --END-- [ RunTime:0.002000s ]
SQL: SHOW COLUMNS FROM `beauty_brands` [ RunTime:0.0070s ]
SQL: SELECT * FROM `beauty_brands`  [ RunTime:0.0010s ]

[ 2016-11-20T15:52:47+08:00 ] 127.0.0.1 /index.php/Admin/Goods/getCateByPid.html
INFO: [ app_begin ] --START--
INFO: Run Behavior\ReadHtmlCacheBehavior [ RunTime:0.001000s ]
INFO: [ app_begin ] --END-- [ RunTime:0.001000s ]
SQL: SHOW COLUMNS FROM `beauty_category` [ RunTime:0.0080s ]
SQL: SELECT * FROM `beauty_category` WHERE `pid` = 70  [ RunTime:0.0010s ]

[ 2016-11-20T15:53:06+08:00 ] 127.0.0.1 /index.php/Admin/Goods/addAct.html
INFO: [ app_begin ] --START--
INFO: Run Behavior\ReadHtmlCacheBehavior [ RunTime:0.001000s ]
INFO: [ app_begin ] --END-- [ RunTime:0.001000s ]
SQL: SHOW COLUMNS FROM `beauty_goods` [ RunTime:0.0080s ]
NOTIC: [8] Undefined index: validate D:\ZBB\PHP\beauty\ThinkPHP\Library\Think\Model.class.php 第 1185 行.
NOTIC: [8] Undefined index: auto D:\ZBB\PHP\beauty\ThinkPHP\Library\Think\Model.class.php 第 1128 行.

[ 2016-11-20T15:54:23+08:00 ] 127.0.0.1 /index.php/Admin/Goods/getCateByPid.html
INFO: [ app_begin ] --START--
INFO: Run Behavior\ReadHtmlCacheBehavior [ RunTime:0.001000s ]
INFO: [ app_begin ] --END-- [ RunTime:0.001000s ]
SQL: SHOW COLUMNS FROM `beauty_category` [ RunTime:0.0070s ]
SQL: SELECT * FROM `beauty_category` WHERE `pid` = 0  [ RunTime:0.0010s ]

[ 2016-11-20T15:54:23+08:00 ] 127.0.0.1 /index.php/Admin/Goods/brandlist.html
INFO: [ app_begin ] --START--
INFO: Run Behavior\ReadHtmlCacheBehavior [ RunTime:0.001001s ]
INFO: [ app_begin ] --END-- [ RunTime:0.001001s ]
SQL: SHOW COLUMNS FROM `beauty_brands` [ RunTime:0.0070s ]
SQL: SELECT * FROM `beauty_brands`  [ RunTime:0.0010s ]

[ 2016-11-20T15:54:30+08:00 ] 127.0.0.1 /index.php/Admin/Goods/addAct.html
INFO: [ app_begin ] --START--
INFO: Run Behavior\ReadHtmlCacheBehavior [ RunTime:0.000000s ]
INFO: [ app_begin ] --END-- [ RunTime:0.000000s ]
SQL: SHOW COLUMNS FROM `beauty_goods` [ RunTime:0.0090s ]
NOTIC: [8] Undefined index: validate D:\ZBB\PHP\beauty\ThinkPHP\Library\Think\Model.class.php 第 1185 行.

[ 2016-11-20T15:55:06+08:00 ] 127.0.0.1 /index.php/Admin/Goods/getCateByPid.html
INFO: [ app_begin ] --START--
INFO: Run Behavior\ReadHtmlCacheBehavior [ RunTime:0.000000s ]
INFO: [ app_begin ] --END-- [ RunTime:0.001000s ]
SQL: SHOW COLUMNS FROM `beauty_category` [ RunTime:0.0070s ]
SQL: SELECT * FROM `beauty_category` WHERE `pid` = 0  [ RunTime:0.0020s ]

[ 2016-11-20T15:55:06+08:00 ] 127.0.0.1 /index.php/Admin/Goods/brandlist.html
INFO: [ app_begin ] --START--
INFO: Run Behavior\ReadHtmlCacheBehavior [ RunTime:0.000000s ]
INFO: [ app_begin ] --END-- [ RunTime:0.001000s ]
SQL: SHOW COLUMNS FROM `beauty_brands` [ RunTime:0.0070s ]
SQL: SELECT * FROM `beauty_brands`  [ RunTime:0.0020s ]

[ 2016-11-20T15:55:11+08:00 ] 127.0.0.1 /index.php/Admin/Goods/getCateByPid.html
INFO: [ app_begin ] --START--
INFO: Run Behavior\ReadHtmlCacheBehavior [ RunTime:0.000000s ]
INFO: [ app_begin ] --END-- [ RunTime:0.001000s ]
SQL: SHOW COLUMNS FROM `beauty_category` [ RunTime:0.0070s ]
SQL: SELECT * FROM `beauty_category` WHERE `pid` = 70  [ RunTime:0.0010s ]

[ 2016-11-20T15:55:30+08:00 ] 127.0.0.1 /index.php/Admin/Goods/addAct.html
INFO: [ app_begin ] --START--
INFO: Run Behavior\ReadHtmlCacheBehavior [ RunTime:0.001000s ]
INFO: [ app_begin ] --END-- [ RunTime:0.001000s ]
SQL: SHOW COLUMNS FROM `beauty_goods` [ RunTime:0.0080s ]
NOTIC: [8] Undefined index: validate D:\ZBB\PHP\beauty\ThinkPHP\Library\Think\Model.class.php 第 1185 行.
NOTIC: [8] Undefined index: auto D:\ZBB\PHP\beauty\ThinkPHP\Library\Think\Model.class.php 第 1128 行.
NOTIC: [2] call_user_func() expects parameter 1 to be a valid callback, no array or string given D:\ZBB\PHP\beauty\ThinkPHP\Library\Think\Upload.class.php 第 170 行.

[ 2016-11-20T15:55:48+08:00 ] 127.0.0.1 /index.php/Admin/Goods/brandlist.html
INFO: [ app_begin ] --START--
INFO: Run Behavior\ReadHtmlCacheBehavior [ RunTime:0.001000s ]
INFO: [ app_begin ] --END-- [ RunTime:0.001000s ]
SQL: SHOW COLUMNS FROM `beauty_brands` [ RunTime:0.0080s ]
SQL: SELECT * FROM `beauty_brands`  [ RunTime:0.0020s ]

[ 2016-11-20T15:55:48+08:00 ] 127.0.0.1 /index.php/Admin/Goods/getCateByPid.html
INFO: [ app_begin ] --START--
INFO: Run Behavior\ReadHtmlCacheBehavior [ RunTime:0.001001s ]
INFO: [ app_begin ] --END-- [ RunTime:0.002001s ]
SQL: SHOW COLUMNS FROM `beauty_category` [ RunTime:0.0070s ]
SQL: SELECT * FROM `beauty_category` WHERE `pid` = 0  [ RunTime:0.0010s ]

[ 2016-11-20T15:55:52+08:00 ] 127.0.0.1 /index.php/Admin/Goods/getCateByPid.html
INFO: [ app_begin ] --START--
INFO: Run Behavior\ReadHtmlCacheBehavior [ RunTime:0.001000s ]
INFO: [ app_begin ] --END-- [ RunTime:0.002000s ]
SQL: SHOW COLUMNS FROM `beauty_category` [ RunTime:0.0070s ]
SQL: SELECT * FROM `beauty_category` WHERE `pid` = 1  [ RunTime:0.0010s ]

[ 2016-11-20T15:56:26+08:00 ] 127.0.0.1 /index.php/Admin/Goods/addAct.html
INFO: [ app_begin ] --START--
INFO: Run Behavior\ReadHtmlCacheBehavior [ RunTime:0.001000s ]
INFO: [ app_begin ] --END-- [ RunTime:0.001000s ]
SQL: SHOW COLUMNS FROM `beauty_goods` [ RunTime:0.0070s ]
NOTIC: [8] Undefined index: validate D:\ZBB\PHP\beauty\ThinkPHP\Library\Think\Model.class.php 第 1185 行.
NOTIC: [8] Undefined index: auto D:\ZBB\PHP\beauty\ThinkPHP\Library\Think\Model.class.php 第 1128 行.
NOTIC: [2] call_user_func() expects parameter 1 to be a valid callback, no array or string given D:\ZBB\PHP\beauty\ThinkPHP\Library\Think\Upload.class.php 第 170 行.
SQL: INSERT INTO `beauty_goods` (`goodsname`,`score`,`marketprice`,`discount`,`saleprice`,`num`,`description`,`cid`,`bid`,`addtime`,`imageurl`,`imagename`) VALUES ('2312','10','199','10','189','10000','312312','1','1','1479628586','2016-11-20/','5831572a0433f.jpg') [ RunTime:0.0540s ]
SQL: SHOW COLUMNS FROM `beauty_type` [ RunTime:0.0080s ]
SQL: INSERT INTO `beauty_type` (`ml`,`gid`) VALUES ('100','77') [ RunTime:0.0720s ]

[ 2016-11-20T15:56:33+08:00 ] 127.0.0.1 /index.php/Admin/Goods/getCateByPid.html
INFO: [ app_begin ] --START--
INFO: Run Behavior\ReadHtmlCacheBehavior [ RunTime:0.000000s ]
INFO: [ app_begin ] --END-- [ RunTime:0.002000s ]
SQL: SHOW COLUMNS FROM `beauty_category` [ RunTime:0.0070s ]
SQL: SELECT * FROM `beauty_category` WHERE `pid` = 0  [ RunTime:0.0010s ]

[ 2016-11-20T15:56:33+08:00 ] 127.0.0.1 /index.php/Admin/Goods/brandlist.html
INFO: [ app_begin ] --START--
INFO: Run Behavior\ReadHtmlCacheBehavior [ RunTime:0.002000s ]
INFO: [ app_begin ] --END-- [ RunTime:0.002000s ]
SQL: SHOW COLUMNS FROM `beauty_brands` [ RunTime:0.0080s ]
SQL: SELECT * FROM `beauty_brands`  [ RunTime:0.0010s ]

[ 2016-11-20T15:56:38+08:00 ] 127.0.0.1 /index.php/Admin/Goods/addAct.html
INFO: [ app_begin ] --START--
INFO: Run Behavior\ReadHtmlCacheBehavior [ RunTime:0.001000s ]
INFO: [ app_begin ] --END-- [ RunTime:0.001000s ]
SQL: SHOW COLUMNS FROM `beauty_goods` [ RunTime:0.0070s ]
NOTIC: [8] Undefined index: validate D:\ZBB\PHP\beauty\ThinkPHP\Library\Think\Model.class.php 第 1185 行.

[ 2016-11-20T15:56:50+08:00 ] 127.0.0.1 /index.php/Admin/Goods/addAct.html
INFO: [ app_begin ] --START--
INFO: Run Behavior\ReadHtmlCacheBehavior [ RunTime:0.001000s ]
INFO: [ app_begin ] --END-- [ RunTime:0.001000s ]
SQL: SHOW COLUMNS FROM `beauty_goods` [ RunTime:0.0070s ]
NOTIC: [8] Undefined index: validate D:\ZBB\PHP\beauty\ThinkPHP\Library\Think\Model.class.php 第 1185 行.
NOTIC: [2] call_user_func() expects parameter 1 to be a valid callback, no array or string given D:\ZBB\PHP\beauty\ThinkPHP\Library\Think\Upload.class.php 第 170 行.
ERR: 1364:Field 'goodsname' doesn't have a default value
 [ SQL语句 ] : INSERT INTO `beauty_goods` (`cid`,`addtime`,`imageurl`,`imagename`) VALUES ('1','1479628610','2016-11-20/','58315741bcdc5.jpg')
ERR: 1364:Field 'goodsname' doesn't have a default value
 [ SQL语句 ] : INSERT INTO `beauty_goods` (`cid`,`addtime`,`imageurl`,`imagename`) VALUES ('1','1479628610','2016-11-20/','58315741bcdc5.jpg')

[ 2016-11-20T15:59:32+08:00 ] 127.0.0.1 /index.php/Admin/Goods/getCateByPid.html
INFO: [ app_begin ] --START--
INFO: Run Behavior\ReadHtmlCacheBehavior [ RunTime:0.001000s ]
INFO: [ app_begin ] --END-- [ RunTime:0.002000s ]
SQL: SHOW COLUMNS FROM `beauty_category` [ RunTime:0.0070s ]
SQL: SELECT * FROM `beauty_category` WHERE `pid` = 0  [ RunTime:0.0010s ]

[ 2016-11-20T15:59:32+08:00 ] 127.0.0.1 /index.php/Admin/Goods/brandlist.html
INFO: [ app_begin ] --START--
INFO: Run Behavior\ReadHtmlCacheBehavior [ RunTime:0.001001s ]
INFO: [ app_begin ] --END-- [ RunTime:0.002001s ]
SQL: SHOW COLUMNS FROM `beauty_brands` [ RunTime:0.0080s ]
SQL: SELECT * FROM `beauty_brands`  [ RunTime:0.0020s ]

[ 2016-11-20T15:59:42+08:00 ] 127.0.0.1 /index.php/Admin/Goods/addAct.html
INFO: [ app_begin ] --START--
INFO: Run Behavior\ReadHtmlCacheBehavior [ RunTime:0.001000s ]
INFO: [ app_begin ] --END-- [ RunTime:0.002000s ]
SQL: SHOW COLUMNS FROM `beauty_goods` [ RunTime:0.0070s ]
NOTIC: [8] Undefined index: validate D:\ZBB\PHP\beauty\ThinkPHP\Library\Think\Model.class.php 第 1185 行.
NOTIC: [2] call_user_func() expects parameter 1 to be a valid callback, no array or string given D:\ZBB\PHP\beauty\ThinkPHP\Library\Think\Upload.class.php 第 170 行.
ERR: 1364:Field 'goodsname' doesn't have a default value
 [ SQL语句 ] : INSERT INTO `beauty_goods` (`cid`,`addtime`,`imageurl`,`imagename`) VALUES ('1','1479628782','2016-11-20/','583157eda755e.jpg')
ERR: 1364:Field 'goodsname' doesn't have a default value
 [ SQL语句 ] : INSERT INTO `beauty_goods` (`cid`,`addtime`,`imageurl`,`imagename`) VALUES ('1','1479628782','2016-11-20/','583157eda755e.jpg')

[ 2016-11-20T16:00:39+08:00 ] 127.0.0.1 /index.php/Admin/Goods/getCateByPid.html
INFO: [ app_begin ] --START--
INFO: Run Behavior\ReadHtmlCacheBehavior [ RunTime:0.001000s ]
INFO: [ app_begin ] --END-- [ RunTime:0.002000s ]
SQL: SHOW COLUMNS FROM `beauty_category` [ RunTime:0.0070s ]
SQL: SELECT * FROM `beauty_category` WHERE `pid` = 0  [ RunTime:0.0010s ]

[ 2016-11-20T16:00:39+08:00 ] 127.0.0.1 /index.php/Admin/Goods/brandlist.html
INFO: [ app_begin ] --START--
INFO: Run Behavior\ReadHtmlCacheBehavior [ RunTime:0.001000s ]
INFO: [ app_begin ] --END-- [ RunTime:0.001000s ]
SQL: SHOW COLUMNS FROM `beauty_brands` [ RunTime:0.0070s ]
SQL: SELECT * FROM `beauty_brands`  [ RunTime:0.0020s ]

[ 2016-11-20T16:00:51+08:00 ] 127.0.0.1 /index.php/Admin/Goods/addAct.html
INFO: [ app_begin ] --START--
INFO: Run Behavior\ReadHtmlCacheBehavior [ RunTime:0.001000s ]
INFO: [ app_begin ] --END-- [ RunTime:0.002000s ]
SQL: SHOW COLUMNS FROM `beauty_goods` [ RunTime:0.0070s ]
NOTIC: [8] Undefined index: validate D:\ZBB\PHP\beauty\ThinkPHP\Library\Think\Model.class.php 第 1185 行.
NOTIC: [2] call_user_func() expects parameter 1 to be a valid callback, no array or string given D:\ZBB\PHP\beauty\ThinkPHP\Library\Think\Upload.class.php 第 170 行.
ERR: 1364:Field 'goodsname' doesn't have a default value
 [ SQL语句 ] : INSERT INTO `beauty_goods` (`cid`,`addtime`,`imageurl`,`imagename`) VALUES ('1','1479628851','2016-11-20/','58315832e45c7.jpg')
ERR: 1364:Field 'goodsname' doesn't have a default value
 [ SQL语句 ] : INSERT INTO `beauty_goods` (`cid`,`addtime`,`imageurl`,`imagename`) VALUES ('1','1479628851','2016-11-20/','58315832e45c7.jpg')

[ 2016-11-20T16:01:44+08:00 ] 127.0.0.1 /index.php/Admin/Goods/addAct.html
INFO: [ app_begin ] --START--
INFO: Run Behavior\ReadHtmlCacheBehavior [ RunTime:0.001000s ]
INFO: [ app_begin ] --END-- [ RunTime:0.001000s ]
SQL: SHOW COLUMNS FROM `beauty_goods` [ RunTime:0.0080s ]
NOTIC: [8] Undefined index: validate D:\ZBB\PHP\beauty\ThinkPHP\Library\Think\Model.class.php 第 1185 行.
NOTIC: [2] call_user_func() expects parameter 1 to be a valid callback, no array or string given D:\ZBB\PHP\beauty\ThinkPHP\Library\Think\Upload.class.php 第 170 行.
ERR: 1364:Field 'goodsname' doesn't have a default value
 [ SQL语句 ] : INSERT INTO `beauty_goods` (`cid`,`addtime`,`imageurl`,`imagename`) VALUES ('1','1479628904','2016-11-20/','58315867b677c.jpg')
ERR: 1364:Field 'goodsname' doesn't have a default value
 [ SQL语句 ] : INSERT INTO `beauty_goods` (`cid`,`addtime`,`imageurl`,`imagename`) VALUES ('1','1479628904','2016-11-20/','58315867b677c.jpg')

[ 2016-11-20T16:01:51+08:00 ] 127.0.0.1 /index.php/Admin/Goods/getCateByPid.html
INFO: [ app_begin ] --START--
INFO: Run Behavior\ReadHtmlCacheBehavior [ RunTime:0.001000s ]
INFO: [ app_begin ] --END-- [ RunTime:0.002000s ]
SQL: SHOW COLUMNS FROM `beauty_category` [ RunTime:0.0070s ]
SQL: SELECT * FROM `beauty_category` WHERE `pid` = 0  [ RunTime:0.0010s ]

[ 2016-11-20T16:01:51+08:00 ] 127.0.0.1 /index.php/Admin/Goods/brandlist.html
INFO: [ app_begin ] --START--
INFO: Run Behavior\ReadHtmlCacheBehavior [ RunTime:0.001000s ]
INFO: [ app_begin ] --END-- [ RunTime:0.002000s ]
SQL: SHOW COLUMNS FROM `beauty_brands` [ RunTime:0.0070s ]
SQL: SELECT * FROM `beauty_brands`  [ RunTime:0.0010s ]

[ 2016-11-20T16:02:28+08:00 ] 127.0.0.1 /index.php/Admin/Goods/addAct.html
INFO: [ app_begin ] --START--
INFO: Run Behavior\ReadHtmlCacheBehavior [ RunTime:0.001000s ]
INFO: [ app_begin ] --END-- [ RunTime:0.002000s ]
SQL: SHOW COLUMNS FROM `beauty_goods` [ RunTime:0.0070s ]
NOTIC: [8] Undefined index: validate D:\ZBB\PHP\beauty\ThinkPHP\Library\Think\Model.class.php 第 1185 行.
NOTIC: [2] call_user_func() expects parameter 1 to be a valid callback, no array or string given D:\ZBB\PHP\beauty\ThinkPHP\Library\Think\Upload.class.php 第 170 行.
ERR: 1364:Field 'goodsname' doesn't have a default value
 [ SQL语句 ] : INSERT INTO `beauty_goods` (`cid`,`addtime`,`imageurl`,`imagename`) VALUES ('1','1479628948','2016-11-20/','583158948549e.jpg')
ERR: 1364:Field 'goodsname' doesn't have a default value
 [ SQL语句 ] : INSERT INTO `beauty_goods` (`cid`,`addtime`,`imageurl`,`imagename`) VALUES ('1','1479628948','2016-11-20/','583158948549e.jpg')

[ 2016-11-20T17:25:54+08:00 ] 127.0.0.1 /index.php/Admin/Goods/addAct.html
INFO: [ app_begin ] --START--
INFO: Run Behavior\ReadHtmlCacheBehavior [ RunTime:0.000000s ]
INFO: [ app_begin ] --END-- [ RunTime:0.001000s ]
SQL: SHOW COLUMNS FROM `beauty_goods` [ RunTime:0.0080s ]
NOTIC: [8] Undefined index: validate D:\ZBB\PHP\beauty\ThinkPHP\Library\Think\Model.class.php 第 1185 行.
NOTIC: [2] call_user_func() expects parameter 1 to be a valid callback, no array or string given D:\ZBB\PHP\beauty\ThinkPHP\Library\Think\Upload.class.php 第 170 行.
ERR: 1364:Field 'goodsname' doesn't have a default value
 [ SQL语句 ] : INSERT INTO `beauty_goods` (`cid`,`addtime`,`imageurl`,`imagename`) VALUES ('1','1479633954','2016-11-20/','58316c21c41a2.jpg')
ERR: 1364:Field 'goodsname' doesn't have a default value
 [ SQL语句 ] : INSERT INTO `beauty_goods` (`cid`,`addtime`,`imageurl`,`imagename`) VALUES ('1','1479633954','2016-11-20/','58316c21c41a2.jpg')

[ 2016-11-20T17:26:00+08:00 ] 127.0.0.1 /index.php/Admin/Goods/getCateByPid.html
INFO: [ app_begin ] --START--
INFO: Run Behavior\ReadHtmlCacheBehavior [ RunTime:0.001000s ]
INFO: [ app_begin ] --END-- [ RunTime:0.001000s ]
SQL: SHOW COLUMNS FROM `beauty_category` [ RunTime:0.0070s ]
SQL: SELECT * FROM `beauty_category` WHERE `pid` = 22  [ RunTime:0.0010s ]

[ 2016-11-20T17:26:10+08:00 ] 127.0.0.1 /index.php/Admin/Goods/addAct.html
INFO: [ app_begin ] --START--
INFO: Run Behavior\ReadHtmlCacheBehavior [ RunTime:0.001000s ]
INFO: [ app_begin ] --END-- [ RunTime:0.002000s ]
SQL: SHOW COLUMNS FROM `beauty_goods` [ RunTime:0.0070s ]
NOTIC: [8] Undefined index: validate D:\ZBB\PHP\beauty\ThinkPHP\Library\Think\Model.class.php 第 1185 行.
NOTIC: [8] Undefined index: auto D:\ZBB\PHP\beauty\ThinkPHP\Library\Think\Model.class.php 第 1128 行.
NOTIC: [2] call_user_func() expects parameter 1 to be a valid callback, no array or string given D:\ZBB\PHP\beauty\ThinkPHP\Library\Think\Upload.class.php 第 170 行.
ERR: 1264:Out of range value for column 'discount' at row 1
 [ SQL语句 ] : INSERT INTO `beauty_goods` (`goodsname`,`score`,`marketprice`,`discount`,`saleprice`,`num`,`description`,`cid`,`bid`,`addtime`,`imageurl`,`imagename`) VALUES ('商品','2311','32131','321321','32131','3213','','22','2','1479633970','2016-11-20/','58316c3264e00.jpg')
ERR: 1264:Out of range value for column 'discount' at row 1
 [ SQL语句 ] : INSERT INTO `beauty_goods` (`goodsname`,`score`,`marketprice`,`discount`,`saleprice`,`num`,`description`,`cid`,`bid`,`addtime`,`imageurl`,`imagename`) VALUES ('商品','2311','32131','321321','32131','3213','','22','2','1479633970','2016-11-20/','58316c3264e00.jpg')

[ 2016-11-20T17:26:26+08:00 ] 127.0.0.1 /index.php/Admin/Goods/addAct.html
INFO: [ app_begin ] --START--
INFO: Run Behavior\ReadHtmlCacheBehavior [ RunTime:0.001000s ]
INFO: [ app_begin ] --END-- [ RunTime:0.002000s ]
SQL: SHOW COLUMNS FROM `beauty_goods` [ RunTime:0.0070s ]
NOTIC: [8] Undefined index: validate D:\ZBB\PHP\beauty\ThinkPHP\Library\Think\Model.class.php 第 1185 行.
NOTIC: [8] Undefined index: auto D:\ZBB\PHP\beauty\ThinkPHP\Library\Think\Model.class.php 第 1128 行.
NOTIC: [2] call_user_func() expects parameter 1 to be a valid callback, no array or string given D:\ZBB\PHP\beauty\ThinkPHP\Library\Think\Upload.class.php 第 170 行.
SQL: INSERT INTO `beauty_goods` (`goodsname`,`score`,`marketprice`,`discount`,`saleprice`,`num`,`description`,`cid`,`bid`,`addtime`,`imageurl`,`imagename`) VALUES ('商品','2311','32131','1','32131','3213','','22','2','1479633986','2016-11-20/','58316c41ec972.jpg') [ RunTime:0.0550s ]
SQL: SHOW COLUMNS FROM `beauty_type` [ RunTime:0.0070s ]
SQL: INSERT INTO `beauty_type` (`ml`,`gid`) VALUES ('32131','78') [ RunTime:0.0460s ]

