[ 2016-11-23T14:32:11+08:00 ] 127.0.0.1 /index.php/Admin/Login/chkAdmin.html
INFO: [ app_begin ] --START--
INFO: Run Behavior\ReadHtmlCacheBehavior [ RunTime:0.001000s ]
INFO: [ app_begin ] --END-- [ RunTime:0.002000s ]
SQL: SHOW COLUMNS FROM `beauty_admin` [ RunTime:0.0070s ]
SQL: SELECT * FROM `beauty_admin` WHERE `username` = 'beibei' LIMIT 1   [ RunTime:0.0010s ]
INFO: [ app_end ] --START--
INFO: Run Behavior\ShowPageTraceBehavior [ RunTime:0.001001s ]
INFO: [ app_end ] --END-- [ RunTime:0.001001s ]

[ 2016-11-23T14:32:16+08:00 ] 127.0.0.1 /index.php/Admin/Login/chkVerify.html
INFO: [ app_begin ] --START--
INFO: Run Behavior\ReadHtmlCacheBehavior [ RunTime:0.001000s ]
INFO: [ app_begin ] --END-- [ RunTime:0.001000s ]
INFO: [ app_end ] --START--
INFO: Run Behavior\ShowPageTraceBehavior [ RunTime:0.002000s ]
INFO: [ app_end ] --END-- [ RunTime:0.002000s ]

[ 2016-11-23T14:32:16+08:00 ] 127.0.0.1 /index.php/Admin/Login/login.html
INFO: [ app_begin ] --START--
INFO: Run Behavior\ReadHtmlCacheBehavior [ RunTime:0.002001s ]
INFO: [ app_begin ] --END-- [ RunTime:0.003001s ]
SQL: SHOW COLUMNS FROM `beauty_admin` [ RunTime:0.0070s ]
NOTIC: [8] Undefined index: validate D:\ZBB\PHP\beauty\ThinkPHP\Library\Think\Model.class.php 第 1185 行.
SQL: SELECT * FROM `beauty_admin` WHERE `username` = 'beibei' LIMIT 1   [ RunTime:0.0010s ]
SQL: SELECT * FROM `beauty_admin` WHERE `username` = 'beibei' AND `password` = '46d294deab9987e94ced5c0f7b478f5d' LIMIT 1   [ RunTime:0.0010s ]

[ 2016-11-23T14:37:14+08:00 ] 127.0.0.1 /index.php/Admin/Login/chkAdmin.html
INFO: [ app_begin ] --START--
INFO: Run Behavior\ReadHtmlCacheBehavior [ RunTime:0.002000s ]
INFO: [ app_begin ] --END-- [ RunTime:0.008000s ]
SQL: SHOW COLUMNS FROM `beauty_admin` [ RunTime:0.0080s ]
SQL: SELECT * FROM `beauty_admin` WHERE `username` = 'beibei' LIMIT 1   [ RunTime:0.0010s ]
INFO: [ app_end ] --START--
INFO: Run Behavior\ShowPageTraceBehavior [ RunTime:0.001000s ]
INFO: [ app_end ] --END-- [ RunTime:0.001000s ]

[ 2016-11-23T14:37:19+08:00 ] 127.0.0.1 /index.php/Admin/Login/chkVerify.html
INFO: [ app_begin ] --START--
INFO: Run Behavior\ReadHtmlCacheBehavior [ RunTime:0.001000s ]
INFO: [ app_begin ] --END-- [ RunTime:0.002000s ]
INFO: [ app_end ] --START--
INFO: Run Behavior\ShowPageTraceBehavior [ RunTime:0.001001s ]
INFO: [ app_end ] --END-- [ RunTime:0.001001s ]

[ 2016-11-23T14:37:19+08:00 ] 127.0.0.1 /index.php/Admin/Login/login.html
INFO: [ app_begin ] --START--
INFO: Run Behavior\ReadHtmlCacheBehavior [ RunTime:0.001000s ]
INFO: [ app_begin ] --END-- [ RunTime:0.001000s ]
SQL: SHOW COLUMNS FROM `beauty_admin` [ RunTime:0.0080s ]
NOTIC: [8] Undefined index: validate D:\ZBB\PHP\beauty\ThinkPHP\Library\Think\Model.class.php 第 1185 行.
SQL: SELECT * FROM `beauty_admin` WHERE `username` = 'beibei' LIMIT 1   [ RunTime:0.0010s ]
SQL: SELECT * FROM `beauty_admin` WHERE `username` = 'beibei' AND `password` = '46d294deab9987e94ced5c0f7b478f5d' LIMIT 1   [ RunTime:0.0010s ]
SQL: UPDATE `beauty_admin` SET `online`='1',`lastlogin`='1479883039',`lastip`='127.0.0.1' WHERE `id` = 6 [ RunTime:0.0470s ]

[ 2016-11-23T14:37:22+08:00 ] 127.0.0.1 /index.php/Admin/Index/getGoodsTop.html
INFO: [ app_begin ] --START--
INFO: Run Behavior\ReadHtmlCacheBehavior [ RunTime:0.001000s ]
INFO: [ app_begin ] --END-- [ RunTime:0.001000s ]
SQL: SHOW COLUMNS FROM `beauty_goods` [ RunTime:0.0080s ]
SQL: SELECT `goodsname`,`salenum` FROM `beauty_goods` ORDER BY salenum desc LIMIT 0,10   [ RunTime:0.0010s ]

[ 2016-11-23T14:38:07+08:00 ] 127.0.0.1 /index.php/Admin/Goods/getCateByPid.html
INFO: [ app_begin ] --START--
INFO: Run Behavior\ReadHtmlCacheBehavior [ RunTime:0.001000s ]
INFO: [ app_begin ] --END-- [ RunTime:0.001000s ]
SQL: SHOW COLUMNS FROM `beauty_category` [ RunTime:0.0070s ]
SQL: SELECT * FROM `beauty_category` WHERE `pid` = 0  [ RunTime:0.0020s ]

[ 2016-11-23T14:38:07+08:00 ] 127.0.0.1 /index.php/Admin/Goods/brandlist.html
INFO: [ app_begin ] --START--
INFO: Run Behavior\ReadHtmlCacheBehavior [ RunTime:0.001000s ]
INFO: [ app_begin ] --END-- [ RunTime:0.001000s ]
SQL: SHOW COLUMNS FROM `beauty_brands` [ RunTime:0.0070s ]
SQL: SELECT * FROM `beauty_brands`  [ RunTime:0.0020s ]

[ 2016-11-23T14:38:20+08:00 ] 127.0.0.1 /index.php/Admin/Goods/getCateByPid.html
INFO: [ app_begin ] --START--
INFO: Run Behavior\ReadHtmlCacheBehavior [ RunTime:0.000000s ]
INFO: [ app_begin ] --END-- [ RunTime:0.001000s ]
SQL: SHOW COLUMNS FROM `beauty_category` [ RunTime:0.0070s ]
SQL: SELECT * FROM `beauty_category` WHERE `pid` = 1  [ RunTime:0.0020s ]

[ 2016-11-23T14:38:23+08:00 ] 127.0.0.1 /index.php/Admin/Goods/getCateByPid.html
INFO: [ app_begin ] --START--
INFO: Run Behavior\ReadHtmlCacheBehavior [ RunTime:0.001000s ]
INFO: [ app_begin ] --END-- [ RunTime:0.002000s ]
SQL: SHOW COLUMNS FROM `beauty_category` [ RunTime:0.0070s ]
SQL: SELECT * FROM `beauty_category` WHERE `pid` = 12  [ RunTime:0.0010s ]

[ 2016-11-23T14:40:41+08:00 ] 127.0.0.1 /index.php/Admin/Goods/addAct.html
INFO: [ app_begin ] --START--
INFO: Run Behavior\ReadHtmlCacheBehavior [ RunTime:0.001000s ]
INFO: [ app_begin ] --END-- [ RunTime:0.001000s ]
SQL: SHOW COLUMNS FROM `beauty_goods` [ RunTime:0.0080s ]
NOTIC: [8] Undefined index: validate D:\ZBB\PHP\beauty\ThinkPHP\Library\Think\Model.class.php 第 1185 行.
NOTIC: [8] Undefined index: auto D:\ZBB\PHP\beauty\ThinkPHP\Library\Think\Model.class.php 第 1128 行.
NOTIC: [2] call_user_func() expects parameter 1 to be a valid callback, no array or string given D:\ZBB\PHP\beauty\ThinkPHP\Library\Think\Upload.class.php 第 170 行.
SQL: INSERT INTO `beauty_goods` (`goodsname`,`score`,`marketprice`,`discount`,`saleprice`,`num`,`description`,`cid`,`bid`,`addtime`,`imageurl`,`imagename`) VALUES ('面膜','10','299','10','0','10000','不错哦','12','3','1479883240','2016-11-23/','583539e85eb9b.jpg') [ RunTime:0.0710s ]
NOTIC: [8] Undefined offset: 1 D:\ZBB\PHP\beauty\beauty\Admin\Controller\GoodsController.class.php 第 170 行.
SQL: SHOW COLUMNS FROM `beauty_type` [ RunTime:0.0080s ]
SQL: INSERT INTO `beauty_type` (`gid`) VALUES ('77') [ RunTime:0.0580s ]

[ 2016-11-23T14:41:51+08:00 ] 127.0.0.1 /index.php/Admin/Goods/getCateByPid.html
INFO: [ app_begin ] --START--
INFO: Run Behavior\ReadHtmlCacheBehavior [ RunTime:0.001000s ]
INFO: [ app_begin ] --END-- [ RunTime:0.003000s ]
SQL: SHOW COLUMNS FROM `beauty_category` [ RunTime:0.0070s ]
SQL: SELECT * FROM `beauty_category` WHERE `pid` = 0  [ RunTime:0.0010s ]

[ 2016-11-23T14:41:51+08:00 ] 127.0.0.1 /index.php/Admin/Goods/brandlist.html
INFO: [ app_begin ] --START--
INFO: Run Behavior\ReadHtmlCacheBehavior [ RunTime:0.001000s ]
INFO: [ app_begin ] --END-- [ RunTime:0.002000s ]
SQL: SHOW COLUMNS FROM `beauty_brands` [ RunTime:0.0070s ]
SQL: SELECT * FROM `beauty_brands`  [ RunTime:0.0020s ]

[ 2016-11-23T14:41:57+08:00 ] 127.0.0.1 /index.php/Admin/Goods/getCateByPid.html
INFO: [ app_begin ] --START--
INFO: Run Behavior\ReadHtmlCacheBehavior [ RunTime:0.001000s ]
INFO: [ app_begin ] --END-- [ RunTime:0.001000s ]
SQL: SHOW COLUMNS FROM `beauty_category` [ RunTime:0.0070s ]
SQL: SELECT * FROM `beauty_category` WHERE `pid` = 33  [ RunTime:0.0010s ]

[ 2016-11-23T14:41:59+08:00 ] 127.0.0.1 /index.php/Admin/Goods/getCateByPid.html
INFO: [ app_begin ] --START--
INFO: Run Behavior\ReadHtmlCacheBehavior [ RunTime:0.001000s ]
INFO: [ app_begin ] --END-- [ RunTime:0.001000s ]
SQL: SHOW COLUMNS FROM `beauty_category` [ RunTime:0.0070s ]
SQL: SELECT * FROM `beauty_category` WHERE `pid` = 1  [ RunTime:0.0010s ]

[ 2016-11-23T14:42:00+08:00 ] 127.0.0.1 /index.php/Admin/Goods/getCateByPid.html
INFO: [ app_begin ] --START--
INFO: Run Behavior\ReadHtmlCacheBehavior [ RunTime:0.002000s ]
INFO: [ app_begin ] --END-- [ RunTime:0.002000s ]
SQL: SHOW COLUMNS FROM `beauty_category` [ RunTime:0.0070s ]
SQL: SELECT * FROM `beauty_category` WHERE `pid` = 12  [ RunTime:0.0010s ]

[ 2016-11-23T14:42:38+08:00 ] 127.0.0.1 /index.php/Admin/Goods/addAct.html
INFO: [ app_begin ] --START--
INFO: Run Behavior\ReadHtmlCacheBehavior [ RunTime:0.001000s ]
INFO: [ app_begin ] --END-- [ RunTime:0.001000s ]
SQL: SHOW COLUMNS FROM `beauty_goods` [ RunTime:0.0070s ]
NOTIC: [8] Undefined index: validate D:\ZBB\PHP\beauty\ThinkPHP\Library\Think\Model.class.php 第 1185 行.
NOTIC: [2] preg_match() expects parameter 2 to be string, array given D:\ZBB\PHP\beauty\ThinkPHP\Library\Think\Model.class.php 第 1117 行.
NOTIC: [2] call_user_func() expects parameter 1 to be a valid callback, no array or string given D:\ZBB\PHP\beauty\ThinkPHP\Library\Think\Upload.class.php 第 170 行.
ERR: 1364:Field 'goodsname' doesn't have a default value
 [ SQL语句 ] : INSERT INTO `beauty_goods` (`cid`,`saleprice`,`addtime`,`imageurl`,`imagename`) VALUES ('12','0','1479883358','2016-11-23/','58353a5e7464e.jpg')
ERR: 1364:Field 'goodsname' doesn't have a default value
 [ SQL语句 ] : INSERT INTO `beauty_goods` (`cid`,`saleprice`,`addtime`,`imageurl`,`imagename`) VALUES ('12','0','1479883358','2016-11-23/','58353a5e7464e.jpg')

[ 2016-11-23T14:42:42+08:00 ] 127.0.0.1 /index.php/Admin/Goods/addAct.html
INFO: [ app_begin ] --START--
INFO: Run Behavior\ReadHtmlCacheBehavior [ RunTime:0.001000s ]
INFO: [ app_begin ] --END-- [ RunTime:0.001000s ]
SQL: SHOW COLUMNS FROM `beauty_goods` [ RunTime:0.0080s ]
NOTIC: [8] Undefined index: validate D:\ZBB\PHP\beauty\ThinkPHP\Library\Think\Model.class.php 第 1185 行.
NOTIC: [2] preg_match() expects parameter 2 to be string, array given D:\ZBB\PHP\beauty\ThinkPHP\Library\Think\Model.class.php 第 1117 行.
NOTIC: [2] call_user_func() expects parameter 1 to be a valid callback, no array or string given D:\ZBB\PHP\beauty\ThinkPHP\Library\Think\Upload.class.php 第 170 行.
ERR: 1364:Field 'goodsname' doesn't have a default value
 [ SQL语句 ] : INSERT INTO `beauty_goods` (`cid`,`saleprice`,`addtime`,`imageurl`,`imagename`) VALUES ('12','0','1479883362','2016-11-23/','58353a6229fb9.jpg')
ERR: 1364:Field 'goodsname' doesn't have a default value
 [ SQL语句 ] : INSERT INTO `beauty_goods` (`cid`,`saleprice`,`addtime`,`imageurl`,`imagename`) VALUES ('12','0','1479883362','2016-11-23/','58353a6229fb9.jpg')

[ 2016-11-23T14:43:01+08:00 ] 127.0.0.1 /index.php/Admin/Goods/addAct.html
INFO: [ app_begin ] --START--
INFO: Run Behavior\ReadHtmlCacheBehavior [ RunTime:0.001000s ]
INFO: [ app_begin ] --END-- [ RunTime:0.002000s ]
SQL: SHOW COLUMNS FROM `beauty_goods` [ RunTime:0.0080s ]
NOTIC: [8] Undefined index: validate D:\ZBB\PHP\beauty\ThinkPHP\Library\Think\Model.class.php 第 1185 行.
NOTIC: [2] preg_match() expects parameter 2 to be string, array given D:\ZBB\PHP\beauty\ThinkPHP\Library\Think\Model.class.php 第 1117 行.
NOTIC: [2] call_user_func() expects parameter 1 to be a valid callback, no array or string given D:\ZBB\PHP\beauty\ThinkPHP\Library\Think\Upload.class.php 第 170 行.
ERR: 1364:Field 'goodsname' doesn't have a default value
 [ SQL语句 ] : INSERT INTO `beauty_goods` (`cid`,`saleprice`,`addtime`,`imageurl`,`imagename`) VALUES ('12','0','1479883381','2016-11-23/','58353a74ae13d.jpg')
ERR: 1364:Field 'goodsname' doesn't have a default value
 [ SQL语句 ] : INSERT INTO `beauty_goods` (`cid`,`saleprice`,`addtime`,`imageurl`,`imagename`) VALUES ('12','0','1479883381','2016-11-23/','58353a74ae13d.jpg')

[ 2016-11-23T14:44:24+08:00 ] 127.0.0.1 /index.php/Admin/Goods/addAct.html
INFO: [ app_begin ] --START--
INFO: Run Behavior\ReadHtmlCacheBehavior [ RunTime:0.000000s ]
INFO: [ app_begin ] --END-- [ RunTime:0.001000s ]
SQL: SHOW COLUMNS FROM `beauty_goods` [ RunTime:0.0080s ]
NOTIC: [8] Undefined index: validate D:\ZBB\PHP\beauty\ThinkPHP\Library\Think\Model.class.php 第 1185 行.
NOTIC: [2] preg_match() expects parameter 2 to be string, array given D:\ZBB\PHP\beauty\ThinkPHP\Library\Think\Model.class.php 第 1117 行.

[ 2016-11-23T14:44:36+08:00 ] 127.0.0.1 /index.php/Admin/Goods/addAct.html
INFO: [ app_begin ] --START--
INFO: Run Behavior\ReadHtmlCacheBehavior [ RunTime:0.001000s ]
INFO: [ app_begin ] --END-- [ RunTime:0.001000s ]
SQL: SHOW COLUMNS FROM `beauty_goods` [ RunTime:0.0070s ]
NOTIC: [8] Undefined index: validate D:\ZBB\PHP\beauty\ThinkPHP\Library\Think\Model.class.php 第 1185 行.
NOTIC: [2] preg_match() expects parameter 2 to be string, array given D:\ZBB\PHP\beauty\ThinkPHP\Library\Think\Model.class.php 第 1117 行.

[ 2016-11-23T14:45:08+08:00 ] 127.0.0.1 /index.php/Admin/Goods/getCateByPid.html
INFO: [ app_begin ] --START--
INFO: Run Behavior\ReadHtmlCacheBehavior [ RunTime:0.001000s ]
INFO: [ app_begin ] --END-- [ RunTime:0.001000s ]
SQL: SHOW COLUMNS FROM `beauty_category` [ RunTime:0.0070s ]
SQL: SELECT * FROM `beauty_category` WHERE `pid` = 0  [ RunTime:0.0010s ]

[ 2016-11-23T14:45:08+08:00 ] 127.0.0.1 /index.php/Admin/Goods/brandlist.html
INFO: [ app_begin ] --START--
INFO: Run Behavior\ReadHtmlCacheBehavior [ RunTime:0.001000s ]
INFO: [ app_begin ] --END-- [ RunTime:0.002000s ]
SQL: SHOW COLUMNS FROM `beauty_brands` [ RunTime:0.0070s ]
SQL: SELECT * FROM `beauty_brands`  [ RunTime:0.0010s ]

[ 2016-11-23T14:45:15+08:00 ] 127.0.0.1 /index.php/Admin/Goods/getCateByPid.html
INFO: [ app_begin ] --START--
INFO: Run Behavior\ReadHtmlCacheBehavior [ RunTime:0.002000s ]
INFO: [ app_begin ] --END-- [ RunTime:0.002000s ]
SQL: SHOW COLUMNS FROM `beauty_category` [ RunTime:0.0070s ]
SQL: SELECT * FROM `beauty_category` WHERE `pid` = 22  [ RunTime:0.0020s ]

[ 2016-11-23T14:45:54+08:00 ] 127.0.0.1 /index.php/Admin/Goods/addAct.html
INFO: [ app_begin ] --START--
INFO: Run Behavior\ReadHtmlCacheBehavior [ RunTime:0.001000s ]
INFO: [ app_begin ] --END-- [ RunTime:0.001000s ]
SQL: SHOW COLUMNS FROM `beauty_goods` [ RunTime:0.0080s ]
NOTIC: [8] Undefined index: validate D:\ZBB\PHP\beauty\ThinkPHP\Library\Think\Model.class.php 第 1185 行.
NOTIC: [2] preg_match() expects parameter 2 to be string, array given D:\ZBB\PHP\beauty\ThinkPHP\Library\Think\Model.class.php 第 1117 行.
NOTIC: [2] explode() expects parameter 2 to be string, array given D:\ZBB\PHP\beauty\beauty\Admin\Controller\GoodsController.class.php 第 139 行.

[ 2016-11-23T14:46:08+08:00 ] 127.0.0.1 /index.php/Admin/Goods/addAct.html
INFO: [ app_begin ] --START--
INFO: Run Behavior\ReadHtmlCacheBehavior [ RunTime:0.000000s ]
INFO: [ app_begin ] --END-- [ RunTime:0.001000s ]
SQL: SHOW COLUMNS FROM `beauty_goods` [ RunTime:0.0080s ]
NOTIC: [8] Undefined index: validate D:\ZBB\PHP\beauty\ThinkPHP\Library\Think\Model.class.php 第 1185 行.
NOTIC: [2] preg_match() expects parameter 2 to be string, array given D:\ZBB\PHP\beauty\ThinkPHP\Library\Think\Model.class.php 第 1117 行.
NOTIC: [2] explode() expects parameter 2 to be string, array given D:\ZBB\PHP\beauty\beauty\Admin\Controller\GoodsController.class.php 第 139 行.

[ 2016-11-23T14:46:25+08:00 ] 127.0.0.1 /index.php/Admin/Goods/addAct.html
INFO: [ app_begin ] --START--
INFO: Run Behavior\ReadHtmlCacheBehavior [ RunTime:0.001000s ]
INFO: [ app_begin ] --END-- [ RunTime:0.001000s ]
SQL: SHOW COLUMNS FROM `beauty_goods` [ RunTime:0.0080s ]
NOTIC: [8] Undefined index: validate D:\ZBB\PHP\beauty\ThinkPHP\Library\Think\Model.class.php 第 1185 行.
NOTIC: [2] preg_match() expects parameter 2 to be string, array given D:\ZBB\PHP\beauty\ThinkPHP\Library\Think\Model.class.php 第 1117 行.
NOTIC: [2] explode() expects parameter 2 to be string, array given D:\ZBB\PHP\beauty\beauty\Admin\Controller\GoodsController.class.php 第 139 行.

[ 2016-11-23T14:46:43+08:00 ] 127.0.0.1 /index.php/Admin/Goods/addAct.html
INFO: [ app_begin ] --START--
INFO: Run Behavior\ReadHtmlCacheBehavior [ RunTime:0.000000s ]
INFO: [ app_begin ] --END-- [ RunTime:0.001000s ]
SQL: SHOW COLUMNS FROM `beauty_goods` [ RunTime:0.0080s ]
NOTIC: [8] Undefined index: validate D:\ZBB\PHP\beauty\ThinkPHP\Library\Think\Model.class.php 第 1185 行.
NOTIC: [2] preg_match() expects parameter 2 to be string, array given D:\ZBB\PHP\beauty\ThinkPHP\Library\Think\Model.class.php 第 1117 行.
NOTIC: [2] explode() expects parameter 2 to be string, array given D:\ZBB\PHP\beauty\beauty\Admin\Controller\GoodsController.class.php 第 139 行.

[ 2016-11-23T14:47:11+08:00 ] 127.0.0.1 /index.php/Admin/Goods/addAct.html
INFO: [ app_begin ] --START--
INFO: Run Behavior\ReadHtmlCacheBehavior [ RunTime:0.001000s ]
INFO: [ app_begin ] --END-- [ RunTime:0.002000s ]
SQL: SHOW COLUMNS FROM `beauty_goods` [ RunTime:0.0070s ]
NOTIC: [8] Undefined index: validate D:\ZBB\PHP\beauty\ThinkPHP\Library\Think\Model.class.php 第 1185 行.
NOTIC: [2] preg_match() expects parameter 2 to be string, array given D:\ZBB\PHP\beauty\ThinkPHP\Library\Think\Model.class.php 第 1117 行.

[ 2016-11-23T14:48:05+08:00 ] 127.0.0.1 /index.php/Admin/Goods/addAct.html
INFO: [ app_begin ] --START--
INFO: Run Behavior\ReadHtmlCacheBehavior [ RunTime:0.001000s ]
INFO: [ app_begin ] --END-- [ RunTime:0.002000s ]
SQL: SHOW COLUMNS FROM `beauty_goods` [ RunTime:0.0080s ]
NOTIC: [8] Undefined index: validate D:\ZBB\PHP\beauty\ThinkPHP\Library\Think\Model.class.php 第 1185 行.
NOTIC: [2] preg_match() expects parameter 2 to be string, array given D:\ZBB\PHP\beauty\ThinkPHP\Library\Think\Model.class.php 第 1117 行.
NOTIC: [2] explode() expects parameter 2 to be string, array given D:\ZBB\PHP\beauty\beauty\Admin\Controller\GoodsController.class.php 第 139 行.

[ 2016-11-23T14:48:20+08:00 ] 127.0.0.1 /index.php/Admin/Goods/addAct.html
INFO: [ app_begin ] --START--
INFO: Run Behavior\ReadHtmlCacheBehavior [ RunTime:0.000000s ]
INFO: [ app_begin ] --END-- [ RunTime:0.001000s ]
SQL: SHOW COLUMNS FROM `beauty_goods` [ RunTime:0.0090s ]
NOTIC: [8] Undefined index: validate D:\ZBB\PHP\beauty\ThinkPHP\Library\Think\Model.class.php 第 1185 行.
NOTIC: [2] preg_match() expects parameter 2 to be string, array given D:\ZBB\PHP\beauty\ThinkPHP\Library\Think\Model.class.php 第 1117 行.
NOTIC: [2] explode() expects parameter 2 to be string, array given D:\ZBB\PHP\beauty\beauty\Admin\Controller\GoodsController.class.php 第 139 行.

[ 2016-11-23T14:48:31+08:00 ] 127.0.0.1 /index.php/Admin/Goods/addAct.html
INFO: [ app_begin ] --START--
INFO: Run Behavior\ReadHtmlCacheBehavior [ RunTime:0.001000s ]
INFO: [ app_begin ] --END-- [ RunTime:0.001000s ]
SQL: SHOW COLUMNS FROM `beauty_goods` [ RunTime:0.0080s ]
NOTIC: [8] Undefined index: validate D:\ZBB\PHP\beauty\ThinkPHP\Library\Think\Model.class.php 第 1185 行.
NOTIC: [2] preg_match() expects parameter 2 to be string, array given D:\ZBB\PHP\beauty\ThinkPHP\Library\Think\Model.class.php 第 1117 行.
NOTIC: [2] explode() expects parameter 2 to be string, array given D:\ZBB\PHP\beauty\beauty\Admin\Controller\GoodsController.class.php 第 139 行.

[ 2016-11-23T14:48:45+08:00 ] 127.0.0.1 /index.php/Admin/Goods/addAct.html
INFO: [ app_begin ] --START--
INFO: Run Behavior\ReadHtmlCacheBehavior [ RunTime:0.001000s ]
INFO: [ app_begin ] --END-- [ RunTime:0.001000s ]
SQL: SHOW COLUMNS FROM `beauty_goods` [ RunTime:0.0070s ]
NOTIC: [8] Undefined index: validate D:\ZBB\PHP\beauty\ThinkPHP\Library\Think\Model.class.php 第 1185 行.
NOTIC: [2] preg_match() expects parameter 2 to be string, array given D:\ZBB\PHP\beauty\ThinkPHP\Library\Think\Model.class.php 第 1117 行.
NOTIC: [2] explode() expects parameter 2 to be string, array given D:\ZBB\PHP\beauty\beauty\Admin\Controller\GoodsController.class.php 第 139 行.

[ 2016-11-23T14:48:52+08:00 ] 127.0.0.1 /index.php/Admin/Index/getGoodsTop.html
INFO: [ app_begin ] --START--
INFO: Run Behavior\ReadHtmlCacheBehavior [ RunTime:0.001000s ]
INFO: [ app_begin ] --END-- [ RunTime:0.002000s ]
SQL: SHOW COLUMNS FROM `beauty_goods` [ RunTime:0.0070s ]
SQL: SELECT `goodsname`,`salenum` FROM `beauty_goods` ORDER BY salenum desc LIMIT 0,10   [ RunTime:0.0010s ]

[ 2016-11-23T14:48:55+08:00 ] 127.0.0.1 /index.php/Admin/Goods/getCateByPid.html
INFO: [ app_begin ] --START--
INFO: Run Behavior\ReadHtmlCacheBehavior [ RunTime:0.000000s ]
INFO: [ app_begin ] --END-- [ RunTime:0.001000s ]
SQL: SHOW COLUMNS FROM `beauty_category` [ RunTime:0.0080s ]
SQL: SELECT * FROM `beauty_category` WHERE `pid` = 0  [ RunTime:0.0010s ]

[ 2016-11-23T14:48:55+08:00 ] 127.0.0.1 /index.php/Admin/Goods/brandlist.html
INFO: [ app_begin ] --START--
INFO: Run Behavior\ReadHtmlCacheBehavior [ RunTime:0.000000s ]
INFO: [ app_begin ] --END-- [ RunTime:0.001000s ]
SQL: SHOW COLUMNS FROM `beauty_brands` [ RunTime:0.0070s ]
SQL: SELECT * FROM `beauty_brands`  [ RunTime:0.0010s ]

[ 2016-11-23T14:48:58+08:00 ] 127.0.0.1 /index.php/Admin/Goods/getCateByPid.html
INFO: [ app_begin ] --START--
INFO: Run Behavior\ReadHtmlCacheBehavior [ RunTime:0.001000s ]
INFO: [ app_begin ] --END-- [ RunTime:0.002000s ]
SQL: SHOW COLUMNS FROM `beauty_category` [ RunTime:0.0070s ]
SQL: SELECT * FROM `beauty_category` WHERE `pid` = 22  [ RunTime:0.0010s ]

[ 2016-11-23T14:49:32+08:00 ] 127.0.0.1 /index.php/Admin/Goods/addAct.html
INFO: [ app_begin ] --START--
INFO: Run Behavior\ReadHtmlCacheBehavior [ RunTime:0.000000s ]
INFO: [ app_begin ] --END-- [ RunTime:0.001000s ]
SQL: SHOW COLUMNS FROM `beauty_goods` [ RunTime:0.0080s ]
NOTIC: [8] Undefined index: validate D:\ZBB\PHP\beauty\ThinkPHP\Library\Think\Model.class.php 第 1185 行.
NOTIC: [8] Undefined index: auto D:\ZBB\PHP\beauty\ThinkPHP\Library\Think\Model.class.php 第 1128 行.

[ 2016-11-23T14:49:44+08:00 ] 127.0.0.1 /index.php/Admin/Goods/addAct.html
INFO: [ app_begin ] --START--
INFO: Run Behavior\ReadHtmlCacheBehavior [ RunTime:0.001000s ]
INFO: [ app_begin ] --END-- [ RunTime:0.001000s ]
SQL: SHOW COLUMNS FROM `beauty_goods` [ RunTime:0.0080s ]
NOTIC: [8] Undefined index: validate D:\ZBB\PHP\beauty\ThinkPHP\Library\Think\Model.class.php 第 1185 行.
NOTIC: [8] Undefined index: auto D:\ZBB\PHP\beauty\ThinkPHP\Library\Think\Model.class.php 第 1128 行.

[ 2016-11-23T14:51:36+08:00 ] 127.0.0.1 /index.php/Admin/Goods/addAct.html
INFO: [ app_begin ] --START--
INFO: Run Behavior\ReadHtmlCacheBehavior [ RunTime:0.000000s ]
INFO: [ app_begin ] --END-- [ RunTime:0.001000s ]
SQL: SHOW COLUMNS FROM `beauty_goods` [ RunTime:0.0080s ]
NOTIC: [8] Undefined index: validate D:\ZBB\PHP\beauty\ThinkPHP\Library\Think\Model.class.php 第 1185 行.
NOTIC: [8] Undefined index: auto D:\ZBB\PHP\beauty\ThinkPHP\Library\Think\Model.class.php 第 1128 行.
NOTIC: [2] call_user_func() expects parameter 1 to be a valid callback, no array or string given D:\ZBB\PHP\beauty\ThinkPHP\Library\Think\Upload.class.php 第 170 行.
SQL: INSERT INTO `beauty_goods` (`goodsname`,`score`,`marketprice`,`discount`,`saleprice`,`num`,`description`,`cid`,`bid`,`addtime`,`imageurl`,`imagename`) VALUES ('1221','10','199','0','99','10000','不错哦','22','1','1479883896','2016-11-23/','58353c7817cdc.jpg') [ RunTime:0.0520s ]
SQL: SHOW COLUMNS FROM `beauty_type` [ RunTime:0.0070s ]
SQL: INSERT INTO `beauty_type` (`gid`) VALUES ('78') [ RunTime:0.0680s ]

[ 2016-11-23T14:52:23+08:00 ] 127.0.0.1 /index.php/Admin/Goods/getCateByPid.html
INFO: [ app_begin ] --START--
INFO: Run Behavior\ReadHtmlCacheBehavior [ RunTime:0.002000s ]
INFO: [ app_begin ] --END-- [ RunTime:0.002000s ]
SQL: SHOW COLUMNS FROM `beauty_category` [ RunTime:0.0070s ]
SQL: SELECT * FROM `beauty_category` WHERE `pid` = 0  [ RunTime:0.0010s ]

[ 2016-11-23T14:52:23+08:00 ] 127.0.0.1 /index.php/Admin/Goods/brandlist.html
INFO: [ app_begin ] --START--
INFO: Run Behavior\ReadHtmlCacheBehavior [ RunTime:0.001000s ]
INFO: [ app_begin ] --END-- [ RunTime:0.002000s ]
SQL: SHOW COLUMNS FROM `beauty_brands` [ RunTime:0.0070s ]
SQL: SELECT * FROM `beauty_brands`  [ RunTime:0.0020s ]

[ 2016-11-23T14:52:26+08:00 ] 127.0.0.1 /index.php/Admin/Goods/getCateByPid.html
INFO: [ app_begin ] --START--
INFO: Run Behavior\ReadHtmlCacheBehavior [ RunTime:0.001000s ]
INFO: [ app_begin ] --END-- [ RunTime:0.002000s ]
SQL: SHOW COLUMNS FROM `beauty_category` [ RunTime:0.0070s ]
SQL: SELECT * FROM `beauty_category` WHERE `pid` = 22  [ RunTime:0.0020s ]

[ 2016-11-23T14:53:01+08:00 ] 127.0.0.1 /index.php/Admin/Goods/addAct.html
INFO: [ app_begin ] --START--
INFO: Run Behavior\ReadHtmlCacheBehavior [ RunTime:0.001000s ]
INFO: [ app_begin ] --END-- [ RunTime:0.001000s ]
SQL: SHOW COLUMNS FROM `beauty_goods` [ RunTime:0.0070s ]
NOTIC: [8] Undefined index: validate D:\ZBB\PHP\beauty\ThinkPHP\Library\Think\Model.class.php 第 1185 行.
NOTIC: [8] Undefined index: auto D:\ZBB\PHP\beauty\ThinkPHP\Library\Think\Model.class.php 第 1128 行.
NOTIC: [2] call_user_func() expects parameter 1 to be a valid callback, no array or string given D:\ZBB\PHP\beauty\ThinkPHP\Library\Think\Upload.class.php 第 170 行.
SQL: INSERT INTO `beauty_goods` (`goodsname`,`score`,`marketprice`,`discount`,`saleprice`,`num`,`description`,`cid`,`bid`,`addtime`,`imageurl`,`imagename`) VALUES ('12','10','199','0','109','10000','不错哦','22','2','1479883981','2016-11-23/','58353ccd26e85.jpg') [ RunTime:0.0700s ]
SQL: SHOW COLUMNS FROM `beauty_type` [ RunTime:0.0040s ]
SQL: INSERT INTO `beauty_type` (`gid`) VALUES ('79') [ RunTime:0.0620s ]
SQL: INSERT INTO `beauty_type` (`gid`) VALUES ('79') [ RunTime:0.0410s ]

[ 2016-11-23T14:55:45+08:00 ] 127.0.0.1 /index.php/Admin/Goods/getCateByPid.html
INFO: [ app_begin ] --START--
INFO: Run Behavior\ReadHtmlCacheBehavior [ RunTime:0.000000s ]
INFO: [ app_begin ] --END-- [ RunTime:0.001000s ]
SQL: SHOW COLUMNS FROM `beauty_category` [ RunTime:0.0070s ]
SQL: SELECT * FROM `beauty_category` WHERE `pid` = 0  [ RunTime:0.0010s ]

[ 2016-11-23T14:55:45+08:00 ] 127.0.0.1 /index.php/Admin/Goods/brandlist.html
INFO: [ app_begin ] --START--
INFO: Run Behavior\ReadHtmlCacheBehavior [ RunTime:0.001000s ]
INFO: [ app_begin ] --END-- [ RunTime:0.002000s ]
SQL: SHOW COLUMNS FROM `beauty_brands` [ RunTime:0.0070s ]
SQL: SELECT * FROM `beauty_brands`  [ RunTime:0.0020s ]

[ 2016-11-23T14:55:48+08:00 ] 127.0.0.1 /index.php/Admin/Goods/getCateByPid.html
INFO: [ app_begin ] --START--
INFO: Run Behavior\ReadHtmlCacheBehavior [ RunTime:0.001000s ]
INFO: [ app_begin ] --END-- [ RunTime:0.001000s ]
SQL: SHOW COLUMNS FROM `beauty_category` [ RunTime:0.0070s ]
SQL: SELECT * FROM `beauty_category` WHERE `pid` = 22  [ RunTime:0.0010s ]

[ 2016-11-23T14:56:22+08:00 ] 127.0.0.1 /index.php/Admin/Goods/addAct.html
INFO: [ app_begin ] --START--
INFO: Run Behavior\ReadHtmlCacheBehavior [ RunTime:0.001000s ]
INFO: [ app_begin ] --END-- [ RunTime:0.001000s ]
SQL: SHOW COLUMNS FROM `beauty_goods` [ RunTime:0.0080s ]
NOTIC: [8] Undefined index: validate D:\ZBB\PHP\beauty\ThinkPHP\Library\Think\Model.class.php 第 1185 行.
NOTIC: [8] Undefined index: auto D:\ZBB\PHP\beauty\ThinkPHP\Library\Think\Model.class.php 第 1128 行.
NOTIC: [2] call_user_func() expects parameter 1 to be a valid callback, no array or string given D:\ZBB\PHP\beauty\ThinkPHP\Library\Think\Upload.class.php 第 170 行.
SQL: INSERT INTO `beauty_goods` (`goodsname`,`score`,`marketprice`,`discount`,`saleprice`,`num`,`description`,`cid`,`bid`,`addtime`,`imageurl`,`imagename`) VALUES ('1','10','199','0','109','10000','不错哦','22','3','1479884182','2016-11-23/','58353d9648b8d.jpg') [ RunTime:0.0640s ]
SQL: SHOW COLUMNS FROM `beauty_type` [ RunTime:0.0070s ]
SQL: INSERT INTO `beauty_type` () VALUES () [ RunTime:0.0850s ]

[ 2016-11-23T14:57:05+08:00 ] 127.0.0.1 /index.php/Admin/Goods/addAct.html
INFO: [ app_begin ] --START--
INFO: Run Behavior\ReadHtmlCacheBehavior [ RunTime:0.001000s ]
INFO: [ app_begin ] --END-- [ RunTime:0.001000s ]
SQL: SHOW COLUMNS FROM `beauty_goods` [ RunTime:0.0080s ]
NOTIC: [8] Undefined index: validate D:\ZBB\PHP\beauty\ThinkPHP\Library\Think\Model.class.php 第 1185 行.
NOTIC: [8] Undefined index: auto D:\ZBB\PHP\beauty\ThinkPHP\Library\Think\Model.class.php 第 1128 行.
NOTIC: [2] call_user_func() expects parameter 1 to be a valid callback, no array or string given D:\ZBB\PHP\beauty\ThinkPHP\Library\Think\Upload.class.php 第 170 行.
SQL: INSERT INTO `beauty_goods` (`goodsname`,`score`,`marketprice`,`discount`,`saleprice`,`num`,`description`,`cid`,`bid`,`addtime`,`imageurl`,`imagename`) VALUES ('1','10','199','0','109','10000','不错哦','22','3','1479884225','2016-11-23/','58353dc14cfc2.jpg') [ RunTime:0.0580s ]
SQL: SHOW COLUMNS FROM `beauty_type` [ RunTime:0.0070s ]
SQL: INSERT INTO `beauty_type` (`ml`,`saleprice`,`gid`) VALUES ('25','109','81') [ RunTime:0.0510s ]

[ 2016-11-23T14:57:22+08:00 ] 127.0.0.1 /index.php/Admin/Goods/addAct.html
INFO: [ app_begin ] --START--
INFO: Run Behavior\ReadHtmlCacheBehavior [ RunTime:0.001000s ]
INFO: [ app_begin ] --END-- [ RunTime:0.002000s ]
SQL: SHOW COLUMNS FROM `beauty_goods` [ RunTime:0.0080s ]
NOTIC: [8] Undefined index: validate D:\ZBB\PHP\beauty\ThinkPHP\Library\Think\Model.class.php 第 1185 行.
NOTIC: [8] Undefined index: auto D:\ZBB\PHP\beauty\ThinkPHP\Library\Think\Model.class.php 第 1128 行.
NOTIC: [2] call_user_func() expects parameter 1 to be a valid callback, no array or string given D:\ZBB\PHP\beauty\ThinkPHP\Library\Think\Upload.class.php 第 170 行.
SQL: INSERT INTO `beauty_goods` (`goodsname`,`score`,`marketprice`,`discount`,`saleprice`,`num`,`description`,`cid`,`bid`,`addtime`,`imageurl`,`imagename`) VALUES ('1','10','199','0','109','10000','不错哦','22','3','1479884241','2016-11-23/','58353dd172cee.jpg') [ RunTime:0.0650s ]
SQL: SHOW COLUMNS FROM `beauty_type` [ RunTime:0.0070s ]
SQL: INSERT INTO `beauty_type` (`ml`,`saleprice`,`gid`) VALUES ('25','109','82') [ RunTime:0.0680s ]
SQL: INSERT INTO `beauty_type` (`ml`,`saleprice`,`gid`) VALUES ('25','109','82') [ RunTime:0.0330s ]
SQL: INSERT INTO `beauty_type` (`ml`,`saleprice`,`gid`) VALUES ('30','129','82') [ RunTime:0.0420s ]

[ 2016-11-23T14:57:43+08:00 ] 127.0.0.1 /index.php/Admin/Goods/getCateByPid.html
INFO: [ app_begin ] --START--
INFO: Run Behavior\ReadHtmlCacheBehavior [ RunTime:0.001000s ]
INFO: [ app_begin ] --END-- [ RunTime:0.002001s ]
SQL: SHOW COLUMNS FROM `beauty_category` [ RunTime:0.0070s ]
SQL: SELECT * FROM `beauty_category` WHERE `pid` = 0  [ RunTime:0.0020s ]

[ 2016-11-23T14:57:43+08:00 ] 127.0.0.1 /index.php/Admin/Goods/brandlist.html
INFO: [ app_begin ] --START--
INFO: Run Behavior\ReadHtmlCacheBehavior [ RunTime:0.002000s ]
INFO: [ app_begin ] --END-- [ RunTime:0.002000s ]
SQL: SHOW COLUMNS FROM `beauty_brands` [ RunTime:0.0070s ]
SQL: SELECT * FROM `beauty_brands`  [ RunTime:0.0020s ]

[ 2016-11-23T14:57:46+08:00 ] 127.0.0.1 /index.php/Admin/Goods/getCateByPid.html
INFO: [ app_begin ] --START--
INFO: Run Behavior\ReadHtmlCacheBehavior [ RunTime:0.001000s ]
INFO: [ app_begin ] --END-- [ RunTime:0.001000s ]
SQL: SHOW COLUMNS FROM `beauty_category` [ RunTime:0.0080s ]
SQL: SELECT * FROM `beauty_category` WHERE `pid` = 33  [ RunTime:0.0010s ]

[ 2016-11-23T14:58:21+08:00 ] 127.0.0.1 /index.php/Admin/Goods/addAct.html
INFO: [ app_begin ] --START--
INFO: Run Behavior\ReadHtmlCacheBehavior [ RunTime:0.001000s ]
INFO: [ app_begin ] --END-- [ RunTime:0.001000s ]
SQL: SHOW COLUMNS FROM `beauty_goods` [ RunTime:0.0070s ]
NOTIC: [8] Undefined index: validate D:\ZBB\PHP\beauty\ThinkPHP\Library\Think\Model.class.php 第 1185 行.
NOTIC: [8] Undefined index: auto D:\ZBB\PHP\beauty\ThinkPHP\Library\Think\Model.class.php 第 1128 行.
NOTIC: [2] call_user_func() expects parameter 1 to be a valid callback, no array or string given D:\ZBB\PHP\beauty\ThinkPHP\Library\Think\Upload.class.php 第 170 行.
SQL: INSERT INTO `beauty_goods` (`goodsname`,`score`,`marketprice`,`discount`,`saleprice`,`num`,`description`,`cid`,`bid`,`addtime`,`imageurl`,`imagename`) VALUES ('2','0','299','10','199','10000','不错哦','33','2','1479884300','2016-11-23/','58353e0c64bd1.jpg') [ RunTime:0.0620s ]
SQL: SHOW COLUMNS FROM `beauty_type` [ RunTime:0.0070s ]
SQL: INSERT INTO `beauty_type` (`ml`,`saleprice`,`gid`) VALUES ('100','199','83') [ RunTime:0.0670s ]
SQL: INSERT INTO `beauty_type` (`ml`,`saleprice`,`gid`) VALUES ('100','199','83') [ RunTime:0.0330s ]
SQL: INSERT INTO `beauty_type` (`ml`,`saleprice`,`gid`) VALUES ('200','209','83') [ RunTime:0.0660s ]

[ 2016-11-23T14:59:25+08:00 ] 127.0.0.1 /index.php/Admin/Goods/getCateByPid.html
INFO: [ app_begin ] --START--
INFO: Run Behavior\ReadHtmlCacheBehavior [ RunTime:0.001000s ]
INFO: [ app_begin ] --END-- [ RunTime:0.002000s ]
SQL: SHOW COLUMNS FROM `beauty_category` [ RunTime:0.0080s ]
SQL: SELECT * FROM `beauty_category` WHERE `pid` = 0  [ RunTime:0.0010s ]

[ 2016-11-23T14:59:25+08:00 ] 127.0.0.1 /index.php/Admin/Goods/brandlist.html
INFO: [ app_begin ] --START--
INFO: Run Behavior\ReadHtmlCacheBehavior [ RunTime:0.001000s ]
INFO: [ app_begin ] --END-- [ RunTime:0.001000s ]
SQL: SHOW COLUMNS FROM `beauty_brands` [ RunTime:0.0070s ]
SQL: SELECT * FROM `beauty_brands`  [ RunTime:0.0020s ]

[ 2016-11-23T14:59:28+08:00 ] 127.0.0.1 /index.php/Admin/Goods/getCateByPid.html
INFO: [ app_begin ] --START--
INFO: Run Behavior\ReadHtmlCacheBehavior [ RunTime:0.001000s ]
INFO: [ app_begin ] --END-- [ RunTime:0.002001s ]
SQL: SHOW COLUMNS FROM `beauty_category` [ RunTime:0.0070s ]
SQL: SELECT * FROM `beauty_category` WHERE `pid` = 22  [ RunTime:0.0010s ]

[ 2016-11-23T15:00:03+08:00 ] 127.0.0.1 /index.php/Admin/Goods/addAct.html
INFO: [ app_begin ] --START--
INFO: Run Behavior\ReadHtmlCacheBehavior [ RunTime:0.001001s ]
INFO: [ app_begin ] --END-- [ RunTime:0.002001s ]
SQL: SHOW COLUMNS FROM `beauty_goods` [ RunTime:0.0080s ]
NOTIC: [8] Undefined index: validate D:\ZBB\PHP\beauty\ThinkPHP\Library\Think\Model.class.php 第 1185 行.
NOTIC: [8] Undefined index: auto D:\ZBB\PHP\beauty\ThinkPHP\Library\Think\Model.class.php 第 1128 行.
NOTIC: [2] call_user_func() expects parameter 1 to be a valid callback, no array or string given D:\ZBB\PHP\beauty\ThinkPHP\Library\Think\Upload.class.php 第 170 行.
SQL: INSERT INTO `beauty_goods` (`goodsname`,`score`,`marketprice`,`discount`,`saleprice`,`num`,`description`,`cid`,`bid`,`addtime`,`imageurl`,`imagename`) VALUES ('4','0','199','10','109','10000','不错哦','22','2','1479884403','2016-11-23/','58353e7294cbf.jpg') [ RunTime:0.0590s ]
SQL: SHOW COLUMNS FROM `beauty_type` [ RunTime:0.0080s ]
SQL: INSERT INTO `beauty_type` (`ml`,`saleprice`,`gid`) VALUES ('100','109','84') [ RunTime:0.0500s ]
SQL: INSERT INTO `beauty_type` (`ml`,`saleprice`,`gid`) VALUES ('200','159','84') [ RunTime:0.0420s ]

[ 2016-11-23T15:03:13+08:00 ] 127.0.0.1 /index.php/Admin/Index/getGoodsTop.html
INFO: [ app_begin ] --START--
INFO: Run Behavior\ReadHtmlCacheBehavior [ RunTime:0.000000s ]
INFO: [ app_begin ] --END-- [ RunTime:0.001000s ]
SQL: SHOW COLUMNS FROM `beauty_goods` [ RunTime:0.0080s ]
SQL: SELECT `goodsname`,`salenum` FROM `beauty_goods` ORDER BY salenum desc LIMIT 0,10   [ RunTime:0.0010s ]

[ 2016-11-23T15:03:16+08:00 ] 127.0.0.1 /index.php/Admin/Goods/getCateByPid.html
INFO: [ app_begin ] --START--
INFO: Run Behavior\ReadHtmlCacheBehavior [ RunTime:0.001000s ]
INFO: [ app_begin ] --END-- [ RunTime:0.001000s ]
SQL: SHOW COLUMNS FROM `beauty_category` [ RunTime:0.0070s ]
SQL: SELECT * FROM `beauty_category` WHERE `pid` = 0  [ RunTime:0.0010s ]

[ 2016-11-23T15:03:16+08:00 ] 127.0.0.1 /index.php/Admin/Goods/brandlist.html
INFO: [ app_begin ] --START--
INFO: Run Behavior\ReadHtmlCacheBehavior [ RunTime:0.001000s ]
INFO: [ app_begin ] --END-- [ RunTime:0.001000s ]
SQL: SHOW COLUMNS FROM `beauty_brands` [ RunTime:0.0070s ]
SQL: SELECT * FROM `beauty_brands`  [ RunTime:0.0010s ]

[ 2016-11-23T15:03:20+08:00 ] 127.0.0.1 /index.php/Admin/Goods/getCateByPid.html
INFO: [ app_begin ] --START--
INFO: Run Behavior\ReadHtmlCacheBehavior [ RunTime:0.001000s ]
INFO: [ app_begin ] --END-- [ RunTime:0.002000s ]
SQL: SHOW COLUMNS FROM `beauty_category` [ RunTime:0.0070s ]
SQL: SELECT * FROM `beauty_category` WHERE `pid` = 0  [ RunTime:0.0020s ]

[ 2016-11-23T15:03:20+08:00 ] 127.0.0.1 /index.php/Admin/Goods/brandlist.html
INFO: [ app_begin ] --START--
INFO: Run Behavior\ReadHtmlCacheBehavior [ RunTime:0.001000s ]
INFO: [ app_begin ] --END-- [ RunTime:0.001000s ]
SQL: SHOW COLUMNS FROM `beauty_brands` [ RunTime:0.0070s ]
SQL: SELECT * FROM `beauty_brands`  [ RunTime:0.0020s ]

[ 2016-11-23T15:03:20+08:00 ] 127.0.0.1 /index.php/Admin/Goods/getCateByPid.html
INFO: [ app_begin ] --START--
INFO: Run Behavior\ReadHtmlCacheBehavior [ RunTime:0.001000s ]
INFO: [ app_begin ] --END-- [ RunTime:0.002000s ]
SQL: SHOW COLUMNS FROM `beauty_category` [ RunTime:0.0070s ]
SQL: SELECT * FROM `beauty_category` WHERE `pid` = 1  [ RunTime:0.0010s ]

[ 2016-11-23T15:12:09+08:00 ] 127.0.0.1 /index.php/Admin/Index/getGoodsTop.html
INFO: [ app_begin ] --START--
INFO: Run Behavior\ReadHtmlCacheBehavior [ RunTime:0.001000s ]
INFO: [ app_begin ] --END-- [ RunTime:0.001000s ]
SQL: SHOW COLUMNS FROM `beauty_goods` [ RunTime:0.0070s ]
SQL: SELECT `goodsname`,`salenum` FROM `beauty_goods` ORDER BY salenum desc LIMIT 0,10   [ RunTime:0.0010s ]

[ 2016-11-23T15:12:13+08:00 ] 127.0.0.1 /index.php/Admin/Goods/getCateByPid.html
INFO: [ app_begin ] --START--
INFO: Run Behavior\ReadHtmlCacheBehavior [ RunTime:0.001000s ]
INFO: [ app_begin ] --END-- [ RunTime:0.001000s ]
SQL: SHOW COLUMNS FROM `beauty_category` [ RunTime:0.0070s ]
SQL: SELECT * FROM `beauty_category` WHERE `pid` = 0  [ RunTime:0.0020s ]

[ 2016-11-23T15:12:13+08:00 ] 127.0.0.1 /index.php/Admin/Goods/getCateByPid.html
INFO: [ app_begin ] --START--
INFO: Run Behavior\ReadHtmlCacheBehavior [ RunTime:0.001000s ]
INFO: [ app_begin ] --END-- [ RunTime:0.001000s ]
SQL: SHOW COLUMNS FROM `beauty_category` [ RunTime:0.0070s ]
SQL: SELECT * FROM `beauty_category` WHERE `pid` = 1  [ RunTime:0.0010s ]

[ 2016-11-23T15:12:13+08:00 ] 127.0.0.1 /index.php/Admin/Goods/brandlist.html
INFO: [ app_begin ] --START--
INFO: Run Behavior\ReadHtmlCacheBehavior [ RunTime:0.001000s ]
INFO: [ app_begin ] --END-- [ RunTime:0.001000s ]
SQL: SHOW COLUMNS FROM `beauty_brands` [ RunTime:0.0080s ]
SQL: SELECT * FROM `beauty_brands`  [ RunTime:0.0020s ]

[ 2016-11-23T15:15:17+08:00 ] 127.0.0.1 /index.php/Admin/Goods/getCateByPid.html
INFO: [ app_begin ] --START--
INFO: Run Behavior\ReadHtmlCacheBehavior [ RunTime:0.001000s ]
INFO: [ app_begin ] --END-- [ RunTime:0.002000s ]
SQL: SHOW COLUMNS FROM `beauty_category` [ RunTime:0.0060s ]
SQL: SELECT * FROM `beauty_category` WHERE `pid` = 0  [ RunTime:0.0010s ]

[ 2016-11-23T15:15:17+08:00 ] 127.0.0.1 /index.php/Admin/Goods/getCateByPid.html
INFO: [ app_begin ] --START--
INFO: Run Behavior\ReadHtmlCacheBehavior [ RunTime:0.001000s ]
INFO: [ app_begin ] --END-- [ RunTime:0.001000s ]
SQL: SHOW COLUMNS FROM `beauty_category` [ RunTime:0.0030s ]
SQL: SELECT * FROM `beauty_category` WHERE `pid` = 1  [ RunTime:0.0010s ]

[ 2016-11-23T15:15:17+08:00 ] 127.0.0.1 /index.php/Admin/Goods/brandlist.html
INFO: [ app_begin ] --START--
INFO: Run Behavior\ReadHtmlCacheBehavior [ RunTime:0.001000s ]
INFO: [ app_begin ] --END-- [ RunTime:0.001000s ]
SQL: SHOW COLUMNS FROM `beauty_brands` [ RunTime:0.0030s ]
SQL: SELECT * FROM `beauty_brands`  [ RunTime:0.0010s ]

[ 2016-11-23T15:15:23+08:00 ] 127.0.0.1 /index.php/Admin/Goods/editor.html
INFO: [ app_begin ] --START--
INFO: Run Behavior\ReadHtmlCacheBehavior [ RunTime:0.002000s ]
INFO: [ app_begin ] --END-- [ RunTime:0.002000s ]
SQL: SHOW COLUMNS FROM `beauty_goods` [ RunTime:0.0080s ]
NOTIC: [8] Undefined index: validate D:\ZBB\PHP\beauty\ThinkPHP\Library\Think\Model.class.php 第 1185 行.

[ 2016-11-23T15:15:34+08:00 ] 127.0.0.1 /index.php/Admin/Goods/editor.html
INFO: [ app_begin ] --START--
INFO: Run Behavior\ReadHtmlCacheBehavior [ RunTime:0.001000s ]
INFO: [ app_begin ] --END-- [ RunTime:0.002000s ]
SQL: SHOW COLUMNS FROM `beauty_goods` [ RunTime:0.0080s ]
NOTIC: [8] Undefined index: validate D:\ZBB\PHP\beauty\ThinkPHP\Library\Think\Model.class.php 第 1185 行.

[ 2016-11-23T15:15:42+08:00 ] 127.0.0.1 /index.php/Admin/Goods/editor.html
INFO: [ app_begin ] --START--
INFO: Run Behavior\ReadHtmlCacheBehavior [ RunTime:0.001000s ]
INFO: [ app_begin ] --END-- [ RunTime:0.001000s ]
SQL: SHOW COLUMNS FROM `beauty_goods` [ RunTime:0.0070s ]
NOTIC: [8] Undefined index: validate D:\ZBB\PHP\beauty\ThinkPHP\Library\Think\Model.class.php 第 1185 行.

[ 2016-11-23T15:16:53+08:00 ] 127.0.0.1 /index.php/Admin/Goods/editor.html
INFO: [ app_begin ] --START--
INFO: Run Behavior\ReadHtmlCacheBehavior [ RunTime:0.001000s ]
INFO: [ app_begin ] --END-- [ RunTime:0.002001s ]
SQL: SHOW COLUMNS FROM `beauty_goods` [ RunTime:0.0080s ]
NOTIC: [8] Undefined index: validate D:\ZBB\PHP\beauty\ThinkPHP\Library\Think\Model.class.php 第 1185 行.
NOTIC: [8] Undefined index: auto D:\ZBB\PHP\beauty\ThinkPHP\Library\Think\Model.class.php 第 1128 行.

[ 2016-11-23T15:17:58+08:00 ] 127.0.0.1 /index.php/Admin/Goods/editor.html
INFO: [ app_begin ] --START--
INFO: Run Behavior\ReadHtmlCacheBehavior [ RunTime:0.001000s ]
INFO: [ app_begin ] --END-- [ RunTime:0.002000s ]
SQL: SHOW COLUMNS FROM `beauty_goods` [ RunTime:0.0100s ]
NOTIC: [8] Undefined index: validate D:\ZBB\PHP\beauty\ThinkPHP\Library\Think\Model.class.php 第 1185 行.
NOTIC: [8] Undefined index: auto D:\ZBB\PHP\beauty\ThinkPHP\Library\Think\Model.class.php 第 1128 行.

[ 2016-11-23T15:18:58+08:00 ] 127.0.0.1 /index.php/Admin/Goods/editor.html
INFO: [ app_begin ] --START--
INFO: Run Behavior\ReadHtmlCacheBehavior [ RunTime:0.001000s ]
INFO: [ app_begin ] --END-- [ RunTime:0.002000s ]
SQL: SHOW COLUMNS FROM `beauty_goods` [ RunTime:0.0080s ]
NOTIC: [8] Undefined index: validate D:\ZBB\PHP\beauty\ThinkPHP\Library\Think\Model.class.php 第 1185 行.
NOTIC: [8] Undefined index: auto D:\ZBB\PHP\beauty\ThinkPHP\Library\Think\Model.class.php 第 1128 行.
SQL: UPDATE `beauty_goods` SET `cid`='1',`bid`='3',`goodsname`='韩束红BB六件套装红石榴套装专柜正品补水美白保湿去黄淡斑化妆品',`score`='10',`marketprice`='299',`discount`='30',`num`='10000',`description`='',`addtime`='1479885537' WHERE `id` = 1 [ RunTime:0.0610s ]
SQL: SHOW COLUMNS FROM `beauty_type` [ RunTime:0.0070s ]
NOTIC: [8] Undefined variable: typeml D:\ZBB\PHP\beauty\beauty\Admin\Controller\GoodsController.class.php 第 245 行.

[ 2016-11-23T15:19:11+08:00 ] 127.0.0.1 /index.php/Admin/Goods/getCateByPid.html
INFO: [ app_begin ] --START--
INFO: Run Behavior\ReadHtmlCacheBehavior [ RunTime:0.001000s ]
INFO: [ app_begin ] --END-- [ RunTime:0.001000s ]
SQL: SHOW COLUMNS FROM `beauty_category` [ RunTime:0.0060s ]
SQL: SELECT * FROM `beauty_category` WHERE `pid` = 0  [ RunTime:0.0010s ]

[ 2016-11-23T15:19:11+08:00 ] 127.0.0.1 /index.php/Admin/Goods/getCateByPid.html
INFO: [ app_begin ] --START--
INFO: Run Behavior\ReadHtmlCacheBehavior [ RunTime:0.001000s ]
INFO: [ app_begin ] --END-- [ RunTime:0.002000s ]
SQL: SHOW COLUMNS FROM `beauty_category` [ RunTime:0.0100s ]
SQL: SELECT * FROM `beauty_category` WHERE `pid` = 1  [ RunTime:0.0020s ]

[ 2016-11-23T15:19:11+08:00 ] 127.0.0.1 /index.php/Admin/Goods/brandlist.html
INFO: [ app_begin ] --START--
INFO: Run Behavior\ReadHtmlCacheBehavior [ RunTime:0.001000s ]
INFO: [ app_begin ] --END-- [ RunTime:0.001000s ]
SQL: SHOW COLUMNS FROM `beauty_brands` [ RunTime:0.0070s ]
SQL: SELECT * FROM `beauty_brands`  [ RunTime:0.0020s ]

[ 2016-11-23T15:26:30+08:00 ] 127.0.0.1 /index.php/Admin/Goods/getCateByPid.html
INFO: [ app_begin ] --START--
INFO: Run Behavior\ReadHtmlCacheBehavior [ RunTime:0.001000s ]
INFO: [ app_begin ] --END-- [ RunTime:0.002000s ]
SQL: SHOW COLUMNS FROM `beauty_category` [ RunTime:0.0070s ]
SQL: SELECT * FROM `beauty_category` WHERE `pid` = 0  [ RunTime:0.0020s ]

[ 2016-11-23T15:26:30+08:00 ] 127.0.0.1 /index.php/Admin/Goods/brandlist.html
INFO: [ app_begin ] --START--
INFO: Run Behavior\ReadHtmlCacheBehavior [ RunTime:0.001000s ]
INFO: [ app_begin ] --END-- [ RunTime:0.002000s ]
SQL: SHOW COLUMNS FROM `beauty_brands` [ RunTime:0.0070s ]
SQL: SELECT * FROM `beauty_brands`  [ RunTime:0.0010s ]

[ 2016-11-23T15:26:30+08:00 ] 127.0.0.1 /index.php/Admin/Goods/getCateByPid.html
INFO: [ app_begin ] --START--
INFO: Run Behavior\ReadHtmlCacheBehavior [ RunTime:0.001000s ]
INFO: [ app_begin ] --END-- [ RunTime:0.001000s ]
SQL: SHOW COLUMNS FROM `beauty_category` [ RunTime:0.0080s ]
SQL: SELECT * FROM `beauty_category` WHERE `pid` = 1  [ RunTime:0.0020s ]

[ 2016-11-23T15:27:19+08:00 ] 127.0.0.1 /index.php/Admin/Goods/getCateByPid.html
INFO: [ app_begin ] --START--
INFO: Run Behavior\ReadHtmlCacheBehavior [ RunTime:0.000000s ]
INFO: [ app_begin ] --END-- [ RunTime:0.001000s ]
SQL: SHOW COLUMNS FROM `beauty_category` [ RunTime:0.0070s ]
SQL: SELECT * FROM `beauty_category` WHERE `pid` = 53  [ RunTime:0.0010s ]

[ 2016-11-23T15:27:21+08:00 ] 127.0.0.1 /index.php/Admin/Goods/getCateByPid.html
INFO: [ app_begin ] --START--
INFO: Run Behavior\ReadHtmlCacheBehavior [ RunTime:0.001000s ]
INFO: [ app_begin ] --END-- [ RunTime:0.002000s ]
SQL: SHOW COLUMNS FROM `beauty_category` [ RunTime:0.0070s ]
SQL: SELECT * FROM `beauty_category` WHERE `pid` = 22  [ RunTime:0.0010s ]

[ 2016-11-23T15:27:22+08:00 ] 127.0.0.1 /index.php/Admin/Goods/getCateByPid.html
INFO: [ app_begin ] --START--
INFO: Run Behavior\ReadHtmlCacheBehavior [ RunTime:0.001000s ]
INFO: [ app_begin ] --END-- [ RunTime:0.001000s ]
SQL: SHOW COLUMNS FROM `beauty_category` [ RunTime:0.0070s ]
SQL: SELECT * FROM `beauty_category` WHERE `pid` = 1  [ RunTime:0.0020s ]

[ 2016-11-23T15:27:24+08:00 ] 127.0.0.1 /index.php/Admin/Goods/getCateByPid.html
INFO: [ app_begin ] --START--
INFO: Run Behavior\ReadHtmlCacheBehavior [ RunTime:0.001000s ]
INFO: [ app_begin ] --END-- [ RunTime:0.002000s ]
SQL: SHOW COLUMNS FROM `beauty_category` [ RunTime:0.0070s ]
SQL: SELECT * FROM `beauty_category` WHERE `pid` = 17  [ RunTime:0.0020s ]

[ 2016-11-23T15:28:35+08:00 ] 127.0.0.1 /index.php/Admin/Goods/editor.html
INFO: [ app_begin ] --START--
INFO: Run Behavior\ReadHtmlCacheBehavior [ RunTime:0.001000s ]
INFO: [ app_begin ] --END-- [ RunTime:0.002000s ]
SQL: SHOW COLUMNS FROM `beauty_goods` [ RunTime:0.0070s ]
NOTIC: [8] Undefined index: validate D:\ZBB\PHP\beauty\ThinkPHP\Library\Think\Model.class.php 第 1185 行.
NOTIC: [2] preg_match() expects parameter 2 to be string, array given D:\ZBB\PHP\beauty\ThinkPHP\Library\Think\Model.class.php 第 1117 行.
NOTIC: [2] Illegal string offset 'saleprice' D:\ZBB\PHP\beauty\beauty\Admin\Controller\GoodsController.class.php 第 223 行.
SQL: UPDATE `beauty_goods` SET `description`='160ml,膏状,盒装,任何人群',`saleprice`='1',`addtime`='1479886115' WHERE `id` = 1 [ RunTime:0.0590s ]
NOTIC: [2] Illegal string offset 'ml' D:\ZBB\PHP\beauty\beauty\Admin\Controller\GoodsController.class.php 第 232 行.
NOTIC: [2] Illegal string offset 'saleprice' D:\ZBB\PHP\beauty\beauty\Admin\Controller\GoodsController.class.php 第 233 行.
NOTIC: [2] Illegal string offset 'ml' D:\ZBB\PHP\beauty\beauty\Admin\Controller\GoodsController.class.php 第 232 行.
NOTIC: [2] Illegal string offset 'saleprice' D:\ZBB\PHP\beauty\beauty\Admin\Controller\GoodsController.class.php 第 233 行.
SQL: SHOW COLUMNS FROM `beauty_type` [ RunTime:0.0070s ]
SQL: DELETE FROM `beauty_type` WHERE `gid` = 1 [ RunTime:0.0590s ]
SQL: INSERT INTO `beauty_type` (`ml`,`saleprice`) VALUES ('1','1') [ RunTime:0.0580s ]
NOTIC: [2] Invalid argument supplied for foreach() D:\ZBB\PHP\beauty\ThinkPHP\Library\Think\Model.class.php 第 267 行.
NOTIC: [2] Invalid argument supplied for foreach() D:\ZBB\PHP\beauty\ThinkPHP\Library\Think\Db\Driver.class.php 第 802 行.
SQL: INSERT INTO `beauty_type` () VALUES () [ RunTime:0.0410s ]
NOTIC: [2] Illegal string offset 'id' D:\ZBB\PHP\beauty\ThinkPHP\Library\Think\Model.class.php 第 328 行.
SQL: INSERT INTO `beauty_type` (`ml`,`saleprice`) VALUES ('1','2') [ RunTime:0.0330s ]

[ 2016-11-23T15:30:39+08:00 ] 127.0.0.1 /index.php/Admin/Goods/getCateByPid.html
INFO: [ app_begin ] --START--
INFO: Run Behavior\ReadHtmlCacheBehavior [ RunTime:0.001000s ]
INFO: [ app_begin ] --END-- [ RunTime:0.001000s ]
SQL: SHOW COLUMNS FROM `beauty_category` [ RunTime:0.0070s ]
SQL: SELECT * FROM `beauty_category` WHERE `pid` = 0  [ RunTime:0.0010s ]

[ 2016-11-23T15:30:39+08:00 ] 127.0.0.1 /index.php/Admin/Goods/getCateByPid.html
INFO: [ app_begin ] --START--
INFO: Run Behavior\ReadHtmlCacheBehavior [ RunTime:0.001000s ]
INFO: [ app_begin ] --END-- [ RunTime:0.001000s ]
SQL: SHOW COLUMNS FROM `beauty_category` [ RunTime:0.0070s ]
SQL: SELECT * FROM `beauty_category` WHERE `pid` = 1  [ RunTime:0.0010s ]

[ 2016-11-23T15:30:39+08:00 ] 127.0.0.1 /index.php/Admin/Goods/brandlist.html
INFO: [ app_begin ] --START--
INFO: Run Behavior\ReadHtmlCacheBehavior [ RunTime:0.001000s ]
INFO: [ app_begin ] --END-- [ RunTime:0.002000s ]
SQL: SHOW COLUMNS FROM `beauty_brands` [ RunTime:0.0070s ]
SQL: SELECT * FROM `beauty_brands`  [ RunTime:0.0010s ]

[ 2016-11-23T15:31:10+08:00 ] 127.0.0.1 /index.php/Admin/Goods/getCateByPid.html
INFO: [ app_begin ] --START--
INFO: Run Behavior\ReadHtmlCacheBehavior [ RunTime:0.001000s ]
INFO: [ app_begin ] --END-- [ RunTime:0.001000s ]
SQL: SHOW COLUMNS FROM `beauty_category` [ RunTime:0.0080s ]
SQL: SELECT * FROM `beauty_category` WHERE `pid` = 22  [ RunTime:0.0010s ]

[ 2016-11-23T15:31:11+08:00 ] 127.0.0.1 /index.php/Admin/Goods/getCateByPid.html
INFO: [ app_begin ] --START--
INFO: Run Behavior\ReadHtmlCacheBehavior [ RunTime:0.001000s ]
INFO: [ app_begin ] --END-- [ RunTime:0.001000s ]
SQL: SHOW COLUMNS FROM `beauty_category` [ RunTime:0.0060s ]
SQL: SELECT * FROM `beauty_category` WHERE `pid` = 1  [ RunTime:0.0010s ]

[ 2016-11-23T15:31:12+08:00 ] 127.0.0.1 /index.php/Admin/Goods/getCateByPid.html
INFO: [ app_begin ] --START--
INFO: Run Behavior\ReadHtmlCacheBehavior [ RunTime:0.001000s ]
INFO: [ app_begin ] --END-- [ RunTime:0.002000s ]
SQL: SHOW COLUMNS FROM `beauty_category` [ RunTime:0.0070s ]
SQL: SELECT * FROM `beauty_category` WHERE `pid` = 17  [ RunTime:0.0020s ]

[ 2016-11-23T15:32:11+08:00 ] 127.0.0.1 /index.php/Admin/Index/getGoodsTop.html
INFO: [ app_begin ] --START--
INFO: Run Behavior\ReadHtmlCacheBehavior [ RunTime:0.001000s ]
INFO: [ app_begin ] --END-- [ RunTime:0.001000s ]
SQL: SHOW COLUMNS FROM `beauty_goods` [ RunTime:0.0080s ]
SQL: SELECT `goodsname`,`salenum` FROM `beauty_goods` ORDER BY salenum desc LIMIT 0,10   [ RunTime:0.0020s ]

[ 2016-11-23T15:32:15+08:00 ] 127.0.0.1 /index.php/Admin/Goods/getCateByPid.html
INFO: [ app_begin ] --START--
INFO: Run Behavior\ReadHtmlCacheBehavior [ RunTime:0.002000s ]
INFO: [ app_begin ] --END-- [ RunTime:0.003000s ]
SQL: SHOW COLUMNS FROM `beauty_category` [ RunTime:0.0070s ]
SQL: SELECT * FROM `beauty_category` WHERE `pid` = 0  [ RunTime:0.0010s ]

[ 2016-11-23T15:32:15+08:00 ] 127.0.0.1 /index.php/Admin/Goods/brandlist.html
INFO: [ app_begin ] --START--
INFO: Run Behavior\ReadHtmlCacheBehavior [ RunTime:0.002000s ]
INFO: [ app_begin ] --END-- [ RunTime:0.003000s ]
SQL: SHOW COLUMNS FROM `beauty_brands` [ RunTime:0.0080s ]
SQL: SELECT * FROM `beauty_brands`  [ RunTime:0.0020s ]

[ 2016-11-23T15:32:15+08:00 ] 127.0.0.1 /index.php/Admin/Goods/getCateByPid.html
INFO: [ app_begin ] --START--
INFO: Run Behavior\ReadHtmlCacheBehavior [ RunTime:0.002000s ]
INFO: [ app_begin ] --END-- [ RunTime:0.003001s ]
SQL: SHOW COLUMNS FROM `beauty_category` [ RunTime:0.0070s ]
SQL: SELECT * FROM `beauty_category` WHERE `pid` = 1  [ RunTime:0.0010s ]

[ 2016-11-23T15:32:45+08:00 ] 127.0.0.1 /index.php/Admin/Goods/editor.html
INFO: [ app_begin ] --START--
INFO: Run Behavior\ReadHtmlCacheBehavior [ RunTime:0.001000s ]
INFO: [ app_begin ] --END-- [ RunTime:0.002000s ]
SQL: SHOW COLUMNS FROM `beauty_goods` [ RunTime:0.0080s ]
NOTIC: [8] Undefined index: validate D:\ZBB\PHP\beauty\ThinkPHP\Library\Think\Model.class.php 第 1185 行.
NOTIC: [2] Illegal string offset 'saleprice' D:\ZBB\PHP\beauty\beauty\Admin\Controller\GoodsController.class.php 第 223 行.
SQL: UPDATE `beauty_goods` SET `description`='160ml,膏状,盒装,任何人群',`saleprice`='1',`addtime`='1479886365' WHERE `id` = 1 [ RunTime:0.0590s ]
NOTIC: [2] Illegal string offset 'ml' D:\ZBB\PHP\beauty\beauty\Admin\Controller\GoodsController.class.php 第 232 行.
NOTIC: [2] Illegal string offset 'saleprice' D:\ZBB\PHP\beauty\beauty\Admin\Controller\GoodsController.class.php 第 233 行.
NOTIC: [2] Illegal string offset 'ml' D:\ZBB\PHP\beauty\beauty\Admin\Controller\GoodsController.class.php 第 232 行.
NOTIC: [2] Illegal string offset 'saleprice' D:\ZBB\PHP\beauty\beauty\Admin\Controller\GoodsController.class.php 第 233 行.
SQL: SHOW COLUMNS FROM `beauty_type` [ RunTime:0.0070s ]
SQL: SELECT * FROM `beauty_type` WHERE `gid` = 1 LIMIT 1   [ RunTime:0.0000s ]
SQL: DELETE FROM `beauty_type` WHERE `gid` = 1 [ RunTime:0.0730s ]
SQL: INSERT INTO `beauty_type` (`ml`,`saleprice`,`gid`) VALUES ('1','1','1') [ RunTime:0.0340s ]
SQL: INSERT INTO `beauty_type` (`ml`,`saleprice`,`gid`) VALUES ('2','2','1') [ RunTime:0.0410s ]

[ 2016-11-23T15:33:22+08:00 ] 127.0.0.1 /index.php/Admin/Goods/getCateByPid.html
INFO: [ app_begin ] --START--
INFO: Run Behavior\ReadHtmlCacheBehavior [ RunTime:0.001000s ]
INFO: [ app_begin ] --END-- [ RunTime:0.002000s ]
SQL: SHOW COLUMNS FROM `beauty_category` [ RunTime:0.0070s ]
SQL: SELECT * FROM `beauty_category` WHERE `pid` = 0  [ RunTime:0.0010s ]

[ 2016-11-23T15:33:22+08:00 ] 127.0.0.1 /index.php/Admin/Goods/getCateByPid.html
INFO: [ app_begin ] --START--
INFO: Run Behavior\ReadHtmlCacheBehavior [ RunTime:0.001000s ]
INFO: [ app_begin ] --END-- [ RunTime:0.002000s ]
SQL: SHOW COLUMNS FROM `beauty_category` [ RunTime:0.0060s ]
SQL: SELECT * FROM `beauty_category` WHERE `pid` = 1  [ RunTime:0.0010s ]

[ 2016-11-23T15:33:22+08:00 ] 127.0.0.1 /index.php/Admin/Goods/brandlist.html
INFO: [ app_begin ] --START--
INFO: Run Behavior\ReadHtmlCacheBehavior [ RunTime:0.002001s ]
INFO: [ app_begin ] --END-- [ RunTime:0.002001s ]
SQL: SHOW COLUMNS FROM `beauty_brands` [ RunTime:0.0070s ]
SQL: SELECT * FROM `beauty_brands`  [ RunTime:0.0020s ]

[ 2016-11-23T15:33:25+08:00 ] 127.0.0.1 /index.php/Admin/Goods/editor.html
INFO: [ app_begin ] --START--
INFO: Run Behavior\ReadHtmlCacheBehavior [ RunTime:0.001000s ]
INFO: [ app_begin ] --END-- [ RunTime:0.001000s ]
SQL: SHOW COLUMNS FROM `beauty_goods` [ RunTime:0.0080s ]
NOTIC: [8] Undefined index: validate D:\ZBB\PHP\beauty\ThinkPHP\Library\Think\Model.class.php 第 1185 行.
NOTIC: [2] Illegal string offset 'saleprice' D:\ZBB\PHP\beauty\beauty\Admin\Controller\GoodsController.class.php 第 223 行.
SQL: UPDATE `beauty_goods` SET `description`='',`saleprice`='1',`addtime`='1479886405' WHERE `id` = 1 [ RunTime:0.0720s ]
NOTIC: [2] Illegal string offset 'ml' D:\ZBB\PHP\beauty\beauty\Admin\Controller\GoodsController.class.php 第 232 行.
NOTIC: [2] Illegal string offset 'saleprice' D:\ZBB\PHP\beauty\beauty\Admin\Controller\GoodsController.class.php 第 233 行.
NOTIC: [2] Illegal string offset 'ml' D:\ZBB\PHP\beauty\beauty\Admin\Controller\GoodsController.class.php 第 232 行.
NOTIC: [2] Illegal string offset 'saleprice' D:\ZBB\PHP\beauty\beauty\Admin\Controller\GoodsController.class.php 第 233 行.

[ 2016-11-23T15:34:08+08:00 ] 127.0.0.1 /index.php/Admin/Goods/editor.html
INFO: [ app_begin ] --START--
INFO: Run Behavior\ReadHtmlCacheBehavior [ RunTime:0.000000s ]
INFO: [ app_begin ] --END-- [ RunTime:0.001001s ]
SQL: SHOW COLUMNS FROM `beauty_goods` [ RunTime:0.0070s ]
NOTIC: [8] Undefined index: validate D:\ZBB\PHP\beauty\ThinkPHP\Library\Think\Model.class.php 第 1185 行.
NOTIC: [2] Illegal string offset 'saleprice' D:\ZBB\PHP\beauty\beauty\Admin\Controller\GoodsController.class.php 第 223 行.
SQL: UPDATE `beauty_goods` SET `description`='',`saleprice`='1',`addtime`='1479886448' WHERE `id` = 1 [ RunTime:0.0700s ]
NOTIC: [2] Illegal string offset 'ml' D:\ZBB\PHP\beauty\beauty\Admin\Controller\GoodsController.class.php 第 232 行.
NOTIC: [2] Illegal string offset 'saleprice' D:\ZBB\PHP\beauty\beauty\Admin\Controller\GoodsController.class.php 第 233 行.
NOTIC: [2] Illegal string offset 'ml' D:\ZBB\PHP\beauty\beauty\Admin\Controller\GoodsController.class.php 第 232 行.
NOTIC: [2] Illegal string offset 'saleprice' D:\ZBB\PHP\beauty\beauty\Admin\Controller\GoodsController.class.php 第 233 行.
SQL: SHOW COLUMNS FROM `beauty_type` [ RunTime:0.0070s ]
SQL: SELECT * FROM `beauty_type` WHERE `gid` = 1 LIMIT 1   [ RunTime:0.0010s ]
SQL: DELETE FROM `beauty_type` WHERE `gid` = 1 [ RunTime:0.0580s ]

[ 2016-11-23T15:35:13+08:00 ] 127.0.0.1 /index.php/Admin/Goods/getCateByPid.html
INFO: [ app_begin ] --START--
INFO: Run Behavior\ReadHtmlCacheBehavior [ RunTime:0.002000s ]
INFO: [ app_begin ] --END-- [ RunTime:0.003000s ]
SQL: SHOW COLUMNS FROM `beauty_category` [ RunTime:0.0070s ]
SQL: SELECT * FROM `beauty_category` WHERE `pid` = 0  [ RunTime:0.0010s ]

[ 2016-11-23T15:35:13+08:00 ] 127.0.0.1 /index.php/Admin/Goods/getCateByPid.html
INFO: [ app_begin ] --START--
INFO: Run Behavior\ReadHtmlCacheBehavior [ RunTime:0.001000s ]
INFO: [ app_begin ] --END-- [ RunTime:0.002000s ]
SQL: SHOW COLUMNS FROM `beauty_category` [ RunTime:0.0070s ]
SQL: SELECT * FROM `beauty_category` WHERE `pid` = 1  [ RunTime:0.0010s ]

[ 2016-11-23T15:35:13+08:00 ] 127.0.0.1 /index.php/Admin/Goods/brandlist.html
INFO: [ app_begin ] --START--
INFO: Run Behavior\ReadHtmlCacheBehavior [ RunTime:0.000000s ]
INFO: [ app_begin ] --END-- [ RunTime:0.001000s ]
SQL: SHOW COLUMNS FROM `beauty_brands` [ RunTime:0.0070s ]
SQL: SELECT * FROM `beauty_brands`  [ RunTime:0.0010s ]

[ 2016-11-23T15:35:19+08:00 ] 127.0.0.1 /index.php/Admin/Goods/getCateByPid.html
INFO: [ app_begin ] --START--
INFO: Run Behavior\ReadHtmlCacheBehavior [ RunTime:0.001000s ]
INFO: [ app_begin ] --END-- [ RunTime:0.001000s ]
SQL: SHOW COLUMNS FROM `beauty_category` [ RunTime:0.0080s ]
SQL: SELECT * FROM `beauty_category` WHERE `pid` = 22  [ RunTime:0.0010s ]

[ 2016-11-23T15:35:21+08:00 ] 127.0.0.1 /index.php/Admin/Goods/getCateByPid.html
INFO: [ app_begin ] --START--
INFO: Run Behavior\ReadHtmlCacheBehavior [ RunTime:0.001000s ]
INFO: [ app_begin ] --END-- [ RunTime:0.002000s ]
SQL: SHOW COLUMNS FROM `beauty_category` [ RunTime:0.0070s ]
SQL: SELECT * FROM `beauty_category` WHERE `pid` = 1  [ RunTime:0.0010s ]

[ 2016-11-23T15:35:22+08:00 ] 127.0.0.1 /index.php/Admin/Goods/getCateByPid.html
INFO: [ app_begin ] --START--
INFO: Run Behavior\ReadHtmlCacheBehavior [ RunTime:0.001000s ]
INFO: [ app_begin ] --END-- [ RunTime:0.002000s ]
SQL: SHOW COLUMNS FROM `beauty_category` [ RunTime:0.0070s ]
SQL: SELECT * FROM `beauty_category` WHERE `pid` = 17  [ RunTime:0.0010s ]

[ 2016-11-23T15:35:34+08:00 ] 127.0.0.1 /index.php/Admin/Goods/editor.html
INFO: [ app_begin ] --START--
INFO: Run Behavior\ReadHtmlCacheBehavior [ RunTime:0.001000s ]
INFO: [ app_begin ] --END-- [ RunTime:0.001000s ]
SQL: SHOW COLUMNS FROM `beauty_goods` [ RunTime:0.0080s ]
NOTIC: [8] Undefined index: validate D:\ZBB\PHP\beauty\ThinkPHP\Library\Think\Model.class.php 第 1185 行.
NOTIC: [2] Illegal string offset 'saleprice' D:\ZBB\PHP\beauty\beauty\Admin\Controller\GoodsController.class.php 第 223 行.
SQL: UPDATE `beauty_goods` SET `description`='',`saleprice`='1',`addtime`='1479886534' WHERE `id` = 1 [ RunTime:0.0620s ]
NOTIC: [2] Illegal string offset 'ml' D:\ZBB\PHP\beauty\beauty\Admin\Controller\GoodsController.class.php 第 232 行.
NOTIC: [2] Illegal string offset 'saleprice' D:\ZBB\PHP\beauty\beauty\Admin\Controller\GoodsController.class.php 第 233 行.
NOTIC: [2] Illegal string offset 'ml' D:\ZBB\PHP\beauty\beauty\Admin\Controller\GoodsController.class.php 第 232 行.
NOTIC: [2] Illegal string offset 'saleprice' D:\ZBB\PHP\beauty\beauty\Admin\Controller\GoodsController.class.php 第 233 行.
SQL: SHOW COLUMNS FROM `beauty_type` [ RunTime:0.0070s ]
SQL: SELECT * FROM `beauty_type` WHERE `gid` = 1 LIMIT 1   [ RunTime:0.0010s ]

[ 2016-11-23T15:36:05+08:00 ] 127.0.0.1 /index.php/Admin/Goods/editor.html
INFO: [ app_begin ] --START--
INFO: Run Behavior\ReadHtmlCacheBehavior [ RunTime:0.001000s ]
INFO: [ app_begin ] --END-- [ RunTime:0.001000s ]
SQL: SHOW COLUMNS FROM `beauty_goods` [ RunTime:0.0080s ]
NOTIC: [8] Undefined index: validate D:\ZBB\PHP\beauty\ThinkPHP\Library\Think\Model.class.php 第 1185 行.
NOTIC: [2] Illegal string offset 'saleprice' D:\ZBB\PHP\beauty\beauty\Admin\Controller\GoodsController.class.php 第 223 行.
SQL: UPDATE `beauty_goods` SET `description`='',`saleprice`='1',`addtime`='1479886565' WHERE `id` = 1 [ RunTime:0.0630s ]
NOTIC: [2] Illegal string offset 'ml' D:\ZBB\PHP\beauty\beauty\Admin\Controller\GoodsController.class.php 第 232 行.
NOTIC: [2] Illegal string offset 'saleprice' D:\ZBB\PHP\beauty\beauty\Admin\Controller\GoodsController.class.php 第 233 行.
NOTIC: [2] Illegal string offset 'ml' D:\ZBB\PHP\beauty\beauty\Admin\Controller\GoodsController.class.php 第 232 行.
NOTIC: [2] Illegal string offset 'saleprice' D:\ZBB\PHP\beauty\beauty\Admin\Controller\GoodsController.class.php 第 233 行.

[ 2016-11-23T15:36:29+08:00 ] 127.0.0.1 /index.php/Admin/Goods/editor.html
INFO: [ app_begin ] --START--
INFO: Run Behavior\ReadHtmlCacheBehavior [ RunTime:0.001000s ]
INFO: [ app_begin ] --END-- [ RunTime:0.002000s ]
SQL: SHOW COLUMNS FROM `beauty_goods` [ RunTime:0.0070s ]
NOTIC: [8] Undefined index: validate D:\ZBB\PHP\beauty\ThinkPHP\Library\Think\Model.class.php 第 1185 行.
NOTIC: [2] Illegal string offset 'saleprice' D:\ZBB\PHP\beauty\beauty\Admin\Controller\GoodsController.class.php 第 223 行.
SQL: UPDATE `beauty_goods` SET `description`='',`saleprice`='1',`addtime`='1479886589' WHERE `id` = 1 [ RunTime:0.0540s ]
NOTIC: [2] Illegal string offset 'ml' D:\ZBB\PHP\beauty\beauty\Admin\Controller\GoodsController.class.php 第 232 行.
NOTIC: [2] Illegal string offset 'saleprice' D:\ZBB\PHP\beauty\beauty\Admin\Controller\GoodsController.class.php 第 233 行.
NOTIC: [2] Illegal string offset 'ml' D:\ZBB\PHP\beauty\beauty\Admin\Controller\GoodsController.class.php 第 232 行.
NOTIC: [2] Illegal string offset 'saleprice' D:\ZBB\PHP\beauty\beauty\Admin\Controller\GoodsController.class.php 第 233 行.

[ 2016-11-23T15:36:53+08:00 ] 127.0.0.1 /index.php/Admin/Goods/editor.html
INFO: [ app_begin ] --START--
INFO: Run Behavior\ReadHtmlCacheBehavior [ RunTime:0.001000s ]
INFO: [ app_begin ] --END-- [ RunTime:0.002000s ]
SQL: SHOW COLUMNS FROM `beauty_goods` [ RunTime:0.0080s ]
NOTIC: [8] Undefined index: validate D:\ZBB\PHP\beauty\ThinkPHP\Library\Think\Model.class.php 第 1185 行.
SQL: UPDATE `beauty_goods` SET `description`='',`saleprice`='199',`addtime`='1479886613' WHERE `id` = 1 [ RunTime:0.0590s ]
NOTIC: [2] Illegal string offset 'ml' D:\ZBB\PHP\beauty\beauty\Admin\Controller\GoodsController.class.php 第 232 行.
NOTIC: [2] Illegal string offset 'saleprice' D:\ZBB\PHP\beauty\beauty\Admin\Controller\GoodsController.class.php 第 233 行.
NOTIC: [2] Illegal string offset 'ml' D:\ZBB\PHP\beauty\beauty\Admin\Controller\GoodsController.class.php 第 232 行.
NOTIC: [2] Illegal string offset 'saleprice' D:\ZBB\PHP\beauty\beauty\Admin\Controller\GoodsController.class.php 第 233 行.

[ 2016-11-23T15:37:15+08:00 ] 127.0.0.1 /index.php/Admin/Goods/editor.html
INFO: [ app_begin ] --START--
INFO: Run Behavior\ReadHtmlCacheBehavior [ RunTime:0.001001s ]
INFO: [ app_begin ] --END-- [ RunTime:0.001001s ]
SQL: SHOW COLUMNS FROM `beauty_goods` [ RunTime:0.0070s ]
NOTIC: [8] Undefined index: validate D:\ZBB\PHP\beauty\ThinkPHP\Library\Think\Model.class.php 第 1185 行.
SQL: UPDATE `beauty_goods` SET `description`='',`saleprice`='199',`addtime`='1479886635' WHERE `id` = 1 [ RunTime:0.0560s ]

[ 2016-11-23T15:37:36+08:00 ] 127.0.0.1 /index.php/Admin/Goods/editor.html
INFO: [ app_begin ] --START--
INFO: Run Behavior\ReadHtmlCacheBehavior [ RunTime:0.000000s ]
INFO: [ app_begin ] --END-- [ RunTime:0.001000s ]
SQL: SHOW COLUMNS FROM `beauty_goods` [ RunTime:0.0080s ]
NOTIC: [8] Undefined index: validate D:\ZBB\PHP\beauty\ThinkPHP\Library\Think\Model.class.php 第 1185 行.
SQL: UPDATE `beauty_goods` SET `description`='',`saleprice`='199',`addtime`='1479886656' WHERE `id` = 1 [ RunTime:0.0510s ]
SQL: SHOW COLUMNS FROM `beauty_type` [ RunTime:0.0070s ]
SQL: SELECT * FROM `beauty_type` WHERE `gid` = 1 LIMIT 1   [ RunTime:0.0010s ]

[ 2016-11-23T15:38:28+08:00 ] 127.0.0.1 /index.php/Admin/Goods/editor.html
INFO: [ app_begin ] --START--
INFO: Run Behavior\ReadHtmlCacheBehavior [ RunTime:0.000000s ]
INFO: [ app_begin ] --END-- [ RunTime:0.002000s ]
SQL: SHOW COLUMNS FROM `beauty_goods` [ RunTime:0.0070s ]
NOTIC: [8] Undefined index: validate D:\ZBB\PHP\beauty\ThinkPHP\Library\Think\Model.class.php 第 1185 行.
SQL: UPDATE `beauty_goods` SET `description`='150ml,膏状,盒装,任何人群',`saleprice`='199',`addtime`='1479886708' WHERE `id` = 1 [ RunTime:0.0530s ]
SQL: SHOW COLUMNS FROM `beauty_type` [ RunTime:0.0070s ]
SQL: SELECT * FROM `beauty_type` WHERE `gid` = 1 LIMIT 1   [ RunTime:0.0010s ]
SQL: DELETE FROM `beauty_type` WHERE `gid` = 1 [ RunTime:0.0640s ]
SQL: INSERT INTO `beauty_type` (`ml`,`saleprice`,`gid`) VALUES ('150','199','1') [ RunTime:0.0330s ]
SQL: INSERT INTO `beauty_type` (`ml`,`saleprice`,`gid`) VALUES ('200','229','1') [ RunTime:0.0580s ]

[ 2016-11-23T16:45:50+08:00 ] 127.0.0.1 /index.php/Admin/Index/getGoodsTop.html
INFO: [ app_begin ] --START--
INFO: Run Behavior\ReadHtmlCacheBehavior [ RunTime:0.001000s ]
INFO: [ app_begin ] --END-- [ RunTime:0.002001s ]
SQL: SHOW COLUMNS FROM `beauty_goods` [ RunTime:0.0080s ]
SQL: SELECT `goodsname`,`salenum` FROM `beauty_goods` ORDER BY salenum desc LIMIT 0,10   [ RunTime:0.0010s ]

[ 2016-11-23T16:45:53+08:00 ] 127.0.0.1 /index.php/Admin/Goods/brandlist.html
INFO: [ app_begin ] --START--
INFO: Run Behavior\ReadHtmlCacheBehavior [ RunTime:0.001000s ]
INFO: [ app_begin ] --END-- [ RunTime:0.001000s ]
SQL: SHOW COLUMNS FROM `beauty_brands` [ RunTime:0.0050s ]
SQL: SELECT * FROM `beauty_brands`  [ RunTime:0.0050s ]

[ 2016-11-23T16:45:53+08:00 ] 127.0.0.1 /index.php/Admin/Goods/getCateByPid.html
INFO: [ app_begin ] --START--
INFO: Run Behavior\ReadHtmlCacheBehavior [ RunTime:0.001000s ]
INFO: [ app_begin ] --END-- [ RunTime:0.002001s ]
SQL: SHOW COLUMNS FROM `beauty_category` [ RunTime:0.0040s ]
SQL: SELECT * FROM `beauty_category` WHERE `pid` = 0  [ RunTime:0.0010s ]

[ 2016-11-23T16:45:56+08:00 ] 127.0.0.1 /index.php/Admin/Goods/addAct.html
INFO: [ app_begin ] --START--
INFO: Run Behavior\ReadHtmlCacheBehavior [ RunTime:0.001000s ]
INFO: [ app_begin ] --END-- [ RunTime:0.001000s ]
SQL: SHOW COLUMNS FROM `beauty_goods` [ RunTime:0.0050s ]
NOTIC: [8] Undefined index: validate D:\ZBB\PHP\beauty\ThinkPHP\Library\Think\Model.class.php 第 1185 行.

[ 2016-11-23T16:46:08+08:00 ] 127.0.0.1 /index.php/Admin/Goods/addAct.html
INFO: [ app_begin ] --START--
INFO: Run Behavior\ReadHtmlCacheBehavior [ RunTime:0.001000s ]
INFO: [ app_begin ] --END-- [ RunTime:0.001000s ]
SQL: SHOW COLUMNS FROM `beauty_goods` [ RunTime:0.0090s ]
NOTIC: [8] Undefined index: validate D:\ZBB\PHP\beauty\ThinkPHP\Library\Think\Model.class.php 第 1185 行.
NOTIC: [2] call_user_func() expects parameter 1 to be a valid callback, no array or string given D:\ZBB\PHP\beauty\ThinkPHP\Library\Think\Upload.class.php 第 170 行.
ERR: 1364:Field 'goodsname' doesn't have a default value
 [ SQL语句 ] : INSERT INTO `beauty_goods` (`cid`,`saleprice`,`addtime`,`imageurl`,`imagename`) VALUES ('1','0','1479890768','2016-11-23/','583557506248d.jpg')
ERR: 1364:Field 'goodsname' doesn't have a default value
 [ SQL语句 ] : INSERT INTO `beauty_goods` (`cid`,`saleprice`,`addtime`,`imageurl`,`imagename`) VALUES ('1','0','1479890768','2016-11-23/','583557506248d.jpg')

[ 2016-11-23T17:39:48+08:00 ] 127.0.0.1 /index.php/Admin/Goods/export.html?goodsname=Array&bname=&cname=&time1=&time2=&price1=&price2=
INFO: [ app_begin ] --START--
INFO: Run Behavior\ReadHtmlCacheBehavior [ RunTime:0.001000s ]
INFO: [ app_begin ] --END-- [ RunTime:0.001000s ]
SQL: SHOW COLUMNS FROM `beauty_goods` [ RunTime:0.1330s ]
SQL: SHOW COLUMNS FROM `beauty_goods` [ RunTime:0.0550s ]
SQL: SELECT * FROM beauty_goods g,beauty_brands b,beauty_category c WHERE ( g.bid=b.id and g.cid=c.id )  [ RunTime:0.0290s ]

[ 2016-11-23T17:40:54+08:00 ] 127.0.0.1 /index.php/Admin/Goods/export.html?goodsname=Array&bname=&cname=&time1=&time2=&price1=&price2=
INFO: [ app_begin ] --START--
INFO: Run Behavior\ReadHtmlCacheBehavior [ RunTime:0.000000s ]
INFO: [ app_begin ] --END-- [ RunTime:0.001000s ]
SQL: SHOW COLUMNS FROM `beauty_goods` [ RunTime:0.0910s ]
SQL: SHOW COLUMNS FROM `beauty_goods` [ RunTime:0.0050s ]
SQL: SELECT * FROM beauty_goods g,beauty_brands b,beauty_category c WHERE ( g.bid=b.id and g.cid=c.id )  [ RunTime:0.0040s ]

[ 2016-11-23T17:43:19+08:00 ] 127.0.0.1 /index.php/Admin/Index/getGoodsTop.html
INFO: [ app_begin ] --START--
INFO: Run Behavior\ReadHtmlCacheBehavior [ RunTime:0.001000s ]
INFO: [ app_begin ] --END-- [ RunTime:0.002000s ]
SQL: SHOW COLUMNS FROM `beauty_goods` [ RunTime:0.0110s ]
SQL: SELECT `goodsname`,`salenum` FROM `beauty_goods` ORDER BY salenum desc LIMIT 0,10   [ RunTime:0.0010s ]

[ 2016-11-23T17:43:28+08:00 ] 127.0.0.1 /index.php/Admin/Goods/export.html?goodsname=&bname=&cname=&time1=&time2=&price1=&price2=
INFO: [ app_begin ] --START--
INFO: Run Behavior\ReadHtmlCacheBehavior [ RunTime:0.001000s ]
INFO: [ app_begin ] --END-- [ RunTime:0.001000s ]
SQL: SHOW COLUMNS FROM `beauty_goods` [ RunTime:0.1390s ]
SQL: SHOW COLUMNS FROM `beauty_goods` [ RunTime:0.0040s ]
SQL: SELECT * FROM beauty_goods g,beauty_brands b,beauty_category c WHERE ( g.bid=b.id and g.cid=c.id )  [ RunTime:0.0040s ]

[ 2016-11-23T17:47:48+08:00 ] 127.0.0.1 /index.php/Admin/Index/getGoodsTop.html
INFO: [ app_begin ] --START--
INFO: Run Behavior\ReadHtmlCacheBehavior [ RunTime:0.001000s ]
INFO: [ app_begin ] --END-- [ RunTime:0.001000s ]
SQL: SHOW COLUMNS FROM `beauty_goods` [ RunTime:0.0060s ]
SQL: SELECT `goodsname`,`salenum` FROM `beauty_goods` ORDER BY salenum desc LIMIT 0,10   [ RunTime:0.0010s ]

[ 2016-11-23T17:49:40+08:00 ] 127.0.0.1 /index.php/Admin/Goods/export.html?goodsname=Array&bname=&cname=&time1=&time2=&price1=&price2=
INFO: [ app_begin ] --START--
INFO: Run Behavior\ReadHtmlCacheBehavior [ RunTime:0.000000s ]
INFO: [ app_begin ] --END-- [ RunTime:0.002000s ]
SQL: SHOW COLUMNS FROM `beauty_goods` [ RunTime:0.0070s ]
SQL: SHOW COLUMNS FROM `beauty_goods` [ RunTime:0.0080s ]
SQL: SELECT * FROM beauty_goods g,beauty_brands b,beauty_category c WHERE ( g.bid=b.id and g.cid=c.id ) AND g.goodsname LIKE '%Array%'  [ RunTime:0.0020s ]

[ 2016-11-23T17:53:19+08:00 ] 127.0.0.1 /index.php/Admin/Index/getGoodsTop.html
INFO: [ app_begin ] --START--
INFO: Run Behavior\ReadHtmlCacheBehavior [ RunTime:0.001000s ]
INFO: [ app_begin ] --END-- [ RunTime:0.002000s ]
SQL: SHOW COLUMNS FROM `beauty_goods` [ RunTime:0.1320s ]
SQL: SELECT `goodsname`,`salenum` FROM `beauty_goods` ORDER BY salenum desc LIMIT 0,10   [ RunTime:0.0010s ]

[ 2016-11-23T18:00:36+08:00 ] 127.0.0.1 /index.php/Admin/Index/getGoodsTop.html
INFO: [ app_begin ] --START--
INFO: Run Behavior\ReadHtmlCacheBehavior [ RunTime:0.001000s ]
INFO: [ app_begin ] --END-- [ RunTime:0.002000s ]
SQL: SHOW COLUMNS FROM `beauty_goods` [ RunTime:0.0090s ]
SQL: SELECT `goodsname`,`salenum` FROM `beauty_goods` ORDER BY salenum desc LIMIT 0,10   [ RunTime:0.0010s ]

[ 2016-11-23T18:00:43+08:00 ] 127.0.0.1 /index.php/Admin/Goods/export.html?goodsname=Array&bname=&cname=&time1=&time2=&price1=&price2=
INFO: [ app_begin ] --START--
INFO: Run Behavior\ReadHtmlCacheBehavior [ RunTime:0.001000s ]
INFO: [ app_begin ] --END-- [ RunTime:0.001000s ]
SQL: SHOW COLUMNS FROM `beauty_goods` [ RunTime:0.0050s ]
SQL: SHOW COLUMNS FROM `beauty_goods` [ RunTime:0.0040s ]
SQL: SELECT * FROM beauty_goods g,beauty_brands b,beauty_category c WHERE ( g.bid=b.id and g.cid=c.id ) AND g.goodsname LIKE '%Array%'  [ RunTime:0.0010s ]

