[ 2016-11-28T10:23:06+08:00 ] 127.0.0.1 /index.php/Admin/Login/chkAdmin.html
INFO: [ app_begin ] --START--
INFO: Run Behavior\ReadHtmlCacheBehavior [ RunTime:0.001000s ]
INFO: [ app_begin ] --END-- [ RunTime:0.002000s ]
SQL: SHOW COLUMNS FROM `beauty_admin` [ RunTime:0.0050s ]
SQL: SELECT * FROM `beauty_admin` WHERE `username` = 'beibei' LIMIT 1   [ RunTime:0.0020s ]
INFO: [ app_end ] --START--
INFO: Run Behavior\ShowPageTraceBehavior [ RunTime:0.001000s ]
INFO: [ app_end ] --END-- [ RunTime:0.002000s ]

[ 2016-11-28T10:23:18+08:00 ] 127.0.0.1 /index.php/Admin/Login/chkVerify.html
INFO: [ app_begin ] --START--
INFO: Run Behavior\ReadHtmlCacheBehavior [ RunTime:0.001000s ]
INFO: [ app_begin ] --END-- [ RunTime:0.002000s ]
INFO: [ app_end ] --START--
INFO: Run Behavior\ShowPageTraceBehavior [ RunTime:0.001000s ]
INFO: [ app_end ] --END-- [ RunTime:0.001000s ]

[ 2016-11-28T10:23:18+08:00 ] 127.0.0.1 /index.php/Admin/Login/login.html
INFO: [ app_begin ] --START--
INFO: Run Behavior\ReadHtmlCacheBehavior [ RunTime:0.001000s ]
INFO: [ app_begin ] --END-- [ RunTime:0.002000s ]
SQL: SHOW COLUMNS FROM `beauty_admin` [ RunTime:0.0060s ]
NOTIC: [8] Undefined index: validate D:\ZBB\PHP\beauty\ThinkPHP\Library\Think\Model.class.php 第 1185 行.
SQL: SELECT * FROM `beauty_admin` WHERE `username` = 'beibei' LIMIT 1   [ RunTime:0.0020s ]
SQL: SELECT * FROM `beauty_admin` WHERE `username` = 'beibei' AND `password` = '46d294deab9987e94ced5c0f7b478f5d' LIMIT 1   [ RunTime:0.0030s ]
SQL: UPDATE `beauty_admin` SET `online`='1',`lastlogin`='1480299798',`lastip`='127.0.0.1' WHERE `id` = 6 [ RunTime:0.1540s ]

[ 2016-11-28T10:23:21+08:00 ] 127.0.0.1 /index.php/Admin/Index/getGoodsTop.html
INFO: [ app_begin ] --START--
INFO: Run Behavior\ReadHtmlCacheBehavior [ RunTime:0.001000s ]
INFO: [ app_begin ] --END-- [ RunTime:0.001000s ]
SQL: SHOW COLUMNS FROM `beauty_goods` [ RunTime:0.0070s ]
SQL: SELECT `goodsname`,`salenum` FROM `beauty_goods` ORDER BY salenum desc LIMIT 0,10   [ RunTime:0.0020s ]

[ 2016-11-28T10:23:31+08:00 ] 127.0.0.1 /index.php/Admin/Goods/brandlist.html
INFO: [ app_begin ] --START--
INFO: Run Behavior\ReadHtmlCacheBehavior [ RunTime:0.002000s ]
INFO: [ app_begin ] --END-- [ RunTime:0.002000s ]
SQL: SHOW COLUMNS FROM `beauty_brands` [ RunTime:0.0050s ]
SQL: SELECT * FROM `beauty_brands`  [ RunTime:0.0020s ]

[ 2016-11-28T10:23:31+08:00 ] 127.0.0.1 /index.php/Admin/Goods/getCateByPid.html
INFO: [ app_begin ] --START--
INFO: Run Behavior\ReadHtmlCacheBehavior [ RunTime:0.002000s ]
INFO: [ app_begin ] --END-- [ RunTime:0.003000s ]
SQL: SHOW COLUMNS FROM `beauty_category` [ RunTime:0.0030s ]
SQL: SELECT * FROM `beauty_category` WHERE `pid` = 0  [ RunTime:0.0010s ]

[ 2016-11-28T10:25:02+08:00 ] 127.0.0.1 /index.php/Admin/Goods/getCateByPid.html
INFO: [ app_begin ] --START--
INFO: Run Behavior\ReadHtmlCacheBehavior [ RunTime:0.001000s ]
INFO: [ app_begin ] --END-- [ RunTime:0.001000s ]
SQL: SHOW COLUMNS FROM `beauty_category` [ RunTime:0.0050s ]
SQL: SELECT * FROM `beauty_category` WHERE `pid` = 0  [ RunTime:0.0010s ]

[ 2016-11-28T10:25:02+08:00 ] 127.0.0.1 /index.php/Admin/Goods/brandlist.html
INFO: [ app_begin ] --START--
INFO: Run Behavior\ReadHtmlCacheBehavior [ RunTime:0.002000s ]
INFO: [ app_begin ] --END-- [ RunTime:0.003000s ]
SQL: SHOW COLUMNS FROM `beauty_brands` [ RunTime:0.0040s ]
SQL: SELECT * FROM `beauty_brands`  [ RunTime:0.0020s ]

[ 2016-11-28T10:25:16+08:00 ] 127.0.0.1 /index.php/Admin/Goods/getCateByPid.html
INFO: [ app_begin ] --START--
INFO: Run Behavior\ReadHtmlCacheBehavior [ RunTime:0.000000s ]
INFO: [ app_begin ] --END-- [ RunTime:0.001000s ]
SQL: SHOW COLUMNS FROM `beauty_category` [ RunTime:0.0050s ]
SQL: SELECT * FROM `beauty_category` WHERE `pid` = 0  [ RunTime:0.0020s ]

[ 2016-11-28T10:25:16+08:00 ] 127.0.0.1 /index.php/Admin/Goods/brandlist.html
INFO: [ app_begin ] --START--
INFO: Run Behavior\ReadHtmlCacheBehavior [ RunTime:0.001000s ]
INFO: [ app_begin ] --END-- [ RunTime:0.001000s ]
SQL: SHOW COLUMNS FROM `beauty_brands` [ RunTime:0.0040s ]
SQL: SELECT * FROM `beauty_brands`  [ RunTime:0.0020s ]

[ 2016-11-28T10:28:36+08:00 ] 127.0.0.1 /index.php/Admin/Goods/getCateByPid.html
INFO: [ app_begin ] --START--
INFO: Run Behavior\ReadHtmlCacheBehavior [ RunTime:0.001000s ]
INFO: [ app_begin ] --END-- [ RunTime:0.001000s ]
SQL: SHOW COLUMNS FROM `beauty_category` [ RunTime:0.0260s ]
SQL: SELECT * FROM `beauty_category` WHERE `pid` = 1  [ RunTime:0.0220s ]

[ 2016-11-28T10:28:36+08:00 ] 127.0.0.1 /index.php/Admin/Goods/brandlist.html
INFO: [ app_begin ] --START--
INFO: Run Behavior\ReadHtmlCacheBehavior [ RunTime:0.001000s ]
INFO: [ app_begin ] --END-- [ RunTime:0.001000s ]
SQL: SHOW COLUMNS FROM `beauty_brands` [ RunTime:0.0250s ]
SQL: SELECT * FROM `beauty_brands`  [ RunTime:0.0230s ]

[ 2016-11-28T10:28:37+08:00 ] 127.0.0.1 /index.php/Admin/Goods/getCateByPid.html
INFO: [ app_begin ] --START--
INFO: Run Behavior\ReadHtmlCacheBehavior [ RunTime:0.001000s ]
INFO: [ app_begin ] --END-- [ RunTime:0.002000s ]
SQL: SHOW COLUMNS FROM `beauty_category` [ RunTime:0.0250s ]
SQL: SELECT * FROM `beauty_category` WHERE `pid` = 0  [ RunTime:0.0220s ]

[ 2016-11-28T10:29:24+08:00 ] 127.0.0.1 /index.php/Admin/Goods/brandlist.html
INFO: [ app_begin ] --START--
INFO: Run Behavior\ReadHtmlCacheBehavior [ RunTime:0.001000s ]
INFO: [ app_begin ] --END-- [ RunTime:0.001000s ]
SQL: SHOW COLUMNS FROM `beauty_brands` [ RunTime:0.0260s ]
SQL: SELECT * FROM `beauty_brands`  [ RunTime:0.0230s ]

[ 2016-11-28T10:29:24+08:00 ] 127.0.0.1 /index.php/Admin/Goods/getCateByPid.html
INFO: [ app_begin ] --START--
INFO: Run Behavior\ReadHtmlCacheBehavior [ RunTime:0.001000s ]
INFO: [ app_begin ] --END-- [ RunTime:0.001000s ]
SQL: SHOW COLUMNS FROM `beauty_category` [ RunTime:0.0040s ]
SQL: SELECT * FROM `beauty_category` WHERE `pid` = 0  [ RunTime:0.0020s ]

[ 2016-11-28T10:29:26+08:00 ] 127.0.0.1 /index.php/Admin/Goods/getCateByPid.html
INFO: [ app_begin ] --START--
INFO: Run Behavior\ReadHtmlCacheBehavior [ RunTime:0.001000s ]
INFO: [ app_begin ] --END-- [ RunTime:0.001000s ]
SQL: SHOW COLUMNS FROM `beauty_category` [ RunTime:0.0270s ]
SQL: SELECT * FROM `beauty_category` WHERE `pid` = 1  [ RunTime:0.0230s ]

[ 2016-11-28T10:29:26+08:00 ] 127.0.0.1 /index.php/Admin/Goods/brandlist.html
INFO: [ app_begin ] --START--
INFO: Run Behavior\ReadHtmlCacheBehavior [ RunTime:0.001000s ]
INFO: [ app_begin ] --END-- [ RunTime:0.002000s ]
SQL: SHOW COLUMNS FROM `beauty_brands` [ RunTime:0.0260s ]
SQL: SELECT * FROM `beauty_brands`  [ RunTime:0.0230s ]

[ 2016-11-28T10:29:26+08:00 ] 127.0.0.1 /index.php/Admin/Goods/getCateByPid.html
INFO: [ app_begin ] --START--
INFO: Run Behavior\ReadHtmlCacheBehavior [ RunTime:0.001000s ]
INFO: [ app_begin ] --END-- [ RunTime:0.004000s ]
SQL: SHOW COLUMNS FROM `beauty_category` [ RunTime:0.0180s ]
SQL: SELECT * FROM `beauty_category` WHERE `pid` = 0  [ RunTime:0.0230s ]

[ 2016-11-28T10:59:39+08:00 ] 127.0.0.1 /index.php/Admin/Goods/brandlist.html
INFO: [ app_begin ] --START--
INFO: Run Behavior\ReadHtmlCacheBehavior [ RunTime:0.000000s ]
INFO: [ app_begin ] --END-- [ RunTime:0.001000s ]
SQL: SHOW COLUMNS FROM `beauty_brands` [ RunTime:0.2890s ]
SQL: SELECT * FROM `beauty_brands`  [ RunTime:0.2930s ]

[ 2016-11-28T10:59:41+08:00 ] 127.0.0.1 /index.php/Admin/Goods/getCateByPid.html
INFO: [ app_begin ] --START--
INFO: Run Behavior\ReadHtmlCacheBehavior [ RunTime:0.001001s ]
INFO: [ app_begin ] --END-- [ RunTime:0.001001s ]
SQL: SHOW COLUMNS FROM `beauty_category` [ RunTime:0.2990s ]
SQL: SELECT * FROM `beauty_category` WHERE `pid` = 0  [ RunTime:0.3010s ]

[ 2016-11-28T10:59:42+08:00 ] 127.0.0.1 /index.php/Admin/Goods/getCateByPid.html
INFO: [ app_begin ] --START--
INFO: Run Behavior\ReadHtmlCacheBehavior [ RunTime:0.001000s ]
INFO: [ app_begin ] --END-- [ RunTime:0.002000s ]
SQL: SHOW COLUMNS FROM `beauty_category` [ RunTime:0.2800s ]
SQL: SELECT * FROM `beauty_category` WHERE `pid` = 1  [ RunTime:0.2770s ]

[ 2016-11-28T11:01:17+08:00 ] 127.0.0.1 /index.php/Admin/Goods/getCateByPid.html
INFO: [ app_begin ] --START--
INFO: Run Behavior\ReadHtmlCacheBehavior [ RunTime:0.001000s ]
INFO: [ app_begin ] --END-- [ RunTime:0.001000s ]
SQL: SHOW COLUMNS FROM `beauty_category` [ RunTime:0.2590s ]
SQL: SELECT * FROM `beauty_category` WHERE `pid` = 0  [ RunTime:0.2490s ]

[ 2016-11-28T11:01:18+08:00 ] 127.0.0.1 /index.php/Admin/Goods/getCateByPid.html
INFO: [ app_begin ] --START--
INFO: Run Behavior\ReadHtmlCacheBehavior [ RunTime:0.002000s ]
INFO: [ app_begin ] --END-- [ RunTime:0.002000s ]
SQL: SHOW COLUMNS FROM `beauty_category` [ RunTime:0.2560s ]
SQL: SELECT * FROM `beauty_category` WHERE `pid` = 70  [ RunTime:0.2470s ]

[ 2016-11-28T11:01:19+08:00 ] 127.0.0.1 /index.php/Admin/Goods/brandlist.html
INFO: [ app_begin ] --START--
INFO: Run Behavior\ReadHtmlCacheBehavior [ RunTime:0.001000s ]
INFO: [ app_begin ] --END-- [ RunTime:0.002000s ]
SQL: SHOW COLUMNS FROM `beauty_brands` [ RunTime:0.2620s ]
SQL: SELECT * FROM `beauty_brands`  [ RunTime:0.2430s ]

[ 2016-11-28T11:02:11+08:00 ] 127.0.0.1 /index.php/Admin/Goods/getCateByPid.html
INFO: [ app_begin ] --START--
INFO: Run Behavior\ReadHtmlCacheBehavior [ RunTime:0.001000s ]
INFO: [ app_begin ] --END-- [ RunTime:0.002000s ]
SQL: SHOW COLUMNS FROM `beauty_category` [ RunTime:0.2540s ]
SQL: SELECT * FROM `beauty_category` WHERE `pid` = 0  [ RunTime:0.2750s ]

[ 2016-11-28T11:02:12+08:00 ] 127.0.0.1 /index.php/Admin/Goods/getCateByPid.html
INFO: [ app_begin ] --START--
INFO: Run Behavior\ReadHtmlCacheBehavior [ RunTime:0.001000s ]
INFO: [ app_begin ] --END-- [ RunTime:0.002000s ]
SQL: SHOW COLUMNS FROM `beauty_category` [ RunTime:0.2710s ]
SQL: SELECT * FROM `beauty_category` WHERE `pid` = 70  [ RunTime:0.2470s ]

[ 2016-11-28T11:02:14+08:00 ] 127.0.0.1 /index.php/Admin/Goods/brandlist.html
INFO: [ app_begin ] --START--
INFO: Run Behavior\ReadHtmlCacheBehavior [ RunTime:0.001000s ]
INFO: [ app_begin ] --END-- [ RunTime:0.002000s ]
SQL: SHOW COLUMNS FROM `beauty_brands` [ RunTime:0.2670s ]
SQL: SELECT * FROM `beauty_brands`  [ RunTime:0.2620s ]

[ 2016-11-28T11:02:21+08:00 ] 127.0.0.1 /index.php/Admin/Goods/getCateByPid.html
INFO: [ app_begin ] --START--
INFO: Run Behavior\ReadHtmlCacheBehavior [ RunTime:0.001000s ]
INFO: [ app_begin ] --END-- [ RunTime:0.001000s ]
SQL: SHOW COLUMNS FROM `beauty_category` [ RunTime:0.2590s ]
SQL: SELECT * FROM `beauty_category` WHERE `pid` = 53  [ RunTime:0.2590s ]

[ 2016-11-28T11:02:23+08:00 ] 127.0.0.1 /index.php/Admin/Goods/getCateByPid.html
INFO: [ app_begin ] --START--
INFO: Run Behavior\ReadHtmlCacheBehavior [ RunTime:0.000000s ]
INFO: [ app_begin ] --END-- [ RunTime:0.001000s ]
SQL: SHOW COLUMNS FROM `beauty_category` [ RunTime:0.2590s ]
SQL: SELECT * FROM `beauty_category` WHERE `pid` = 70  [ RunTime:0.2510s ]

[ 2016-11-28T11:02:35+08:00 ] 127.0.0.1 /index.php/Admin/Goods/getCateByPid.html
INFO: [ app_begin ] --START--
INFO: Run Behavior\ReadHtmlCacheBehavior [ RunTime:0.001000s ]
INFO: [ app_begin ] --END-- [ RunTime:0.002000s ]
SQL: SHOW COLUMNS FROM `beauty_category` [ RunTime:0.2350s ]
SQL: SELECT * FROM `beauty_category` WHERE `pid` = 70  [ RunTime:0.2450s ]

[ 2016-11-28T11:02:37+08:00 ] 127.0.0.1 /index.php/Admin/Goods/brandlist.html
INFO: [ app_begin ] --START--
INFO: Run Behavior\ReadHtmlCacheBehavior [ RunTime:0.001000s ]
INFO: [ app_begin ] --END-- [ RunTime:0.002000s ]
SQL: SHOW COLUMNS FROM `beauty_brands` [ RunTime:0.2170s ]
SQL: SELECT * FROM `beauty_brands`  [ RunTime:0.2390s ]

[ 2016-11-28T11:02:38+08:00 ] 127.0.0.1 /index.php/Admin/Goods/getCateByPid.html
INFO: [ app_begin ] --START--
INFO: Run Behavior\ReadHtmlCacheBehavior [ RunTime:0.001000s ]
INFO: [ app_begin ] --END-- [ RunTime:0.002000s ]
SQL: SHOW COLUMNS FROM `beauty_category` [ RunTime:0.2260s ]
SQL: SELECT * FROM `beauty_category` WHERE `pid` = 0  [ RunTime:0.2440s ]

[ 2016-11-28T11:04:27+08:00 ] 127.0.0.1 /index.php/Admin/Goods/editor.html
INFO: [ app_begin ] --START--
INFO: Run Behavior\ReadHtmlCacheBehavior [ RunTime:0.001000s ]
INFO: [ app_begin ] --END-- [ RunTime:0.002000s ]
SQL: SHOW COLUMNS FROM `beauty_goods` [ RunTime:0.2700s ]
NOTIC: [8] Undefined index: validate D:\ZBB\PHP\beauty\ThinkPHP\Library\Think\Model.class.php 第 1185 行.
NOTIC: [2] preg_match() expects parameter 2 to be string, array given D:\ZBB\PHP\beauty\ThinkPHP\Library\Think\Model.class.php 第 1117 行.
SQL: UPDATE `beauty_goods` SET `description`='25ml,片状,盒装,任何人群',`saleprice`='79',`addtime`='1480302265' WHERE `id` = 55 [ RunTime:0.3150s ]
SQL: SHOW COLUMNS FROM `beauty_type` [ RunTime:0.2330s ]
SQL: SELECT * FROM `beauty_type` WHERE `gid` = 55 LIMIT 1   [ RunTime:0.2490s ]
SQL: DELETE FROM `beauty_type` WHERE `gid` = 55 [ RunTime:0.3280s ]
SQL: INSERT INTO `beauty_type` (`ml`,`saleprice`,`gid`) VALUES ('25','79','55') [ RunTime:0.3190s ]

[ 2016-11-28T11:06:06+08:00 ] 127.0.0.1 /index.php/Admin/Goods/getCateByPid.html
INFO: [ app_begin ] --START--
INFO: Run Behavior\ReadHtmlCacheBehavior [ RunTime:0.001000s ]
INFO: [ app_begin ] --END-- [ RunTime:0.002000s ]
SQL: SHOW COLUMNS FROM `beauty_category` [ RunTime:0.3010s ]
SQL: SELECT * FROM `beauty_category` WHERE `pid` = 0  [ RunTime:0.3160s ]

[ 2016-11-28T11:06:08+08:00 ] 127.0.0.1 /index.php/Admin/Goods/brandlist.html
INFO: [ app_begin ] --START--
INFO: Run Behavior\ReadHtmlCacheBehavior [ RunTime:0.001000s ]
INFO: [ app_begin ] --END-- [ RunTime:0.001000s ]
SQL: SHOW COLUMNS FROM `beauty_brands` [ RunTime:0.3220s ]
SQL: SELECT * FROM `beauty_brands`  [ RunTime:0.2820s ]

[ 2016-11-28T11:06:09+08:00 ] 127.0.0.1 /index.php/Admin/Goods/getCateByPid.html
INFO: [ app_begin ] --START--
INFO: Run Behavior\ReadHtmlCacheBehavior [ RunTime:0.002000s ]
INFO: [ app_begin ] --END-- [ RunTime:0.002000s ]
SQL: SHOW COLUMNS FROM `beauty_category` [ RunTime:0.3080s ]
SQL: SELECT * FROM `beauty_category` WHERE `pid` = 70  [ RunTime:0.3060s ]

[ 2016-11-28T11:06:35+08:00 ] 127.0.0.1 /index.php/Admin/Goods/getCateByPid.html
INFO: [ app_begin ] --START--
INFO: Run Behavior\ReadHtmlCacheBehavior [ RunTime:0.001000s ]
INFO: [ app_begin ] --END-- [ RunTime:0.002000s ]
SQL: SHOW COLUMNS FROM `beauty_category` [ RunTime:0.2980s ]
SQL: SELECT * FROM `beauty_category` WHERE `pid` = 0  [ RunTime:0.2900s ]

[ 2016-11-28T11:06:36+08:00 ] 127.0.0.1 /index.php/Admin/Goods/getCateByPid.html
INFO: [ app_begin ] --START--
INFO: Run Behavior\ReadHtmlCacheBehavior [ RunTime:0.001000s ]
INFO: [ app_begin ] --END-- [ RunTime:0.001000s ]
SQL: SHOW COLUMNS FROM `beauty_category` [ RunTime:0.2850s ]
SQL: SELECT * FROM `beauty_category` WHERE `pid` = 70  [ RunTime:0.2800s ]

[ 2016-11-28T11:06:38+08:00 ] 127.0.0.1 /index.php/Admin/Goods/brandlist.html
INFO: [ app_begin ] --START--
INFO: Run Behavior\ReadHtmlCacheBehavior [ RunTime:0.018001s ]
INFO: [ app_begin ] --END-- [ RunTime:0.019001s ]
SQL: SHOW COLUMNS FROM `beauty_brands` [ RunTime:0.3080s ]
SQL: SELECT * FROM `beauty_brands`  [ RunTime:0.2950s ]

[ 2016-11-28T11:06:54+08:00 ] 127.0.0.1 /index.php/Admin/Goods/editor.html
INFO: [ app_begin ] --START--
INFO: Run Behavior\ReadHtmlCacheBehavior [ RunTime:0.002000s ]
INFO: [ app_begin ] --END-- [ RunTime:0.002000s ]
SQL: SHOW COLUMNS FROM `beauty_goods` [ RunTime:0.2750s ]
NOTIC: [8] Undefined index: validate D:\ZBB\PHP\beauty\ThinkPHP\Library\Think\Model.class.php 第 1185 行.
NOTIC: [2] preg_match() expects parameter 2 to be string, array given D:\ZBB\PHP\beauty\ThinkPHP\Library\Think\Model.class.php 第 1117 行.

[ 2016-11-28T11:07:01+08:00 ] 127.0.0.1 /index.php/Admin/Goods/editor.html
INFO: [ app_begin ] --START--
INFO: Run Behavior\ReadHtmlCacheBehavior [ RunTime:0.001000s ]
INFO: [ app_begin ] --END-- [ RunTime:0.001000s ]
SQL: SHOW COLUMNS FROM `beauty_goods` [ RunTime:0.2650s ]
NOTIC: [8] Undefined index: validate D:\ZBB\PHP\beauty\ThinkPHP\Library\Think\Model.class.php 第 1185 行.
NOTIC: [2] preg_match() expects parameter 2 to be string, array given D:\ZBB\PHP\beauty\ThinkPHP\Library\Think\Model.class.php 第 1117 行.

[ 2016-11-28T11:07:15+08:00 ] 127.0.0.1 /index.php/Admin/Goods/editor.html
INFO: [ app_begin ] --START--
INFO: Run Behavior\ReadHtmlCacheBehavior [ RunTime:0.000000s ]
INFO: [ app_begin ] --END-- [ RunTime:0.001000s ]
SQL: SHOW COLUMNS FROM `beauty_goods` [ RunTime:0.2920s ]
NOTIC: [8] Undefined index: validate D:\ZBB\PHP\beauty\ThinkPHP\Library\Think\Model.class.php 第 1185 行.
NOTIC: [2] preg_match() expects parameter 2 to be string, array given D:\ZBB\PHP\beauty\ThinkPHP\Library\Think\Model.class.php 第 1117 行.

[ 2016-11-28T11:08:28+08:00 ] 127.0.0.1 /index.php/Admin/Goods/editor.html
INFO: [ app_begin ] --START--
INFO: Run Behavior\ReadHtmlCacheBehavior [ RunTime:0.001000s ]
INFO: [ app_begin ] --END-- [ RunTime:0.001000s ]
SQL: SHOW COLUMNS FROM `beauty_goods` [ RunTime:0.2950s ]
NOTIC: [8] Undefined index: validate D:\ZBB\PHP\beauty\ThinkPHP\Library\Think\Model.class.php 第 1185 行.
NOTIC: [2] preg_match() expects parameter 2 to be string, array given D:\ZBB\PHP\beauty\ThinkPHP\Library\Think\Model.class.php 第 1117 行.
SQL: UPDATE `beauty_goods` SET `addtime`='1480302506',`description`='25ml,片状,盒装,任何人群',`saleprice`='79' WHERE `id` = 55 [ RunTime:0.3310s ]
SQL: SHOW COLUMNS FROM `beauty_type` [ RunTime:0.2760s ]
SQL: SELECT * FROM `beauty_type` WHERE `gid` = 55 LIMIT 1   [ RunTime:0.2780s ]
SQL: DELETE FROM `beauty_type` WHERE `gid` = 55 [ RunTime:0.3100s ]
SQL: INSERT INTO `beauty_type` (`ml`,`saleprice`,`gid`) VALUES ('25','79','55') [ RunTime:0.3070s ]

[ 2016-11-28T11:09:43+08:00 ] 127.0.0.1 /index.php/Admin/Goods/getCateByPid.html
INFO: [ app_begin ] --START--
INFO: Run Behavior\ReadHtmlCacheBehavior [ RunTime:0.001000s ]
INFO: [ app_begin ] --END-- [ RunTime:0.001000s ]
SQL: SHOW COLUMNS FROM `beauty_category` [ RunTime:0.2820s ]
SQL: SELECT * FROM `beauty_category` WHERE `pid` = 0  [ RunTime:0.2600s ]

[ 2016-11-28T11:09:45+08:00 ] 127.0.0.1 /index.php/Admin/Goods/brandlist.html
INFO: [ app_begin ] --START--
INFO: Run Behavior\ReadHtmlCacheBehavior [ RunTime:0.001000s ]
INFO: [ app_begin ] --END-- [ RunTime:0.001000s ]
SQL: SHOW COLUMNS FROM `beauty_brands` [ RunTime:0.2750s ]
SQL: SELECT * FROM `beauty_brands`  [ RunTime:0.2620s ]

[ 2016-11-28T11:09:46+08:00 ] 127.0.0.1 /index.php/Admin/Goods/getCateByPid.html
INFO: [ app_begin ] --START--
INFO: Run Behavior\ReadHtmlCacheBehavior [ RunTime:0.001000s ]
INFO: [ app_begin ] --END-- [ RunTime:0.002000s ]
SQL: SHOW COLUMNS FROM `beauty_category` [ RunTime:0.2630s ]
SQL: SELECT * FROM `beauty_category` WHERE `pid` = 70  [ RunTime:0.2420s ]

[ 2016-11-28T11:09:58+08:00 ] 127.0.0.1 /index.php/Admin/Goods/editor.html
INFO: [ app_begin ] --START--
INFO: Run Behavior\ReadHtmlCacheBehavior [ RunTime:0.001000s ]
INFO: [ app_begin ] --END-- [ RunTime:0.001000s ]
SQL: SHOW COLUMNS FROM `beauty_goods` [ RunTime:0.2800s ]
NOTIC: [8] Undefined index: validate D:\ZBB\PHP\beauty\ThinkPHP\Library\Think\Model.class.php 第 1185 行.

[ 2016-11-28T11:11:39+08:00 ] 127.0.0.1 /index.php/Admin/Goods/editor.html
INFO: [ app_begin ] --START--
INFO: Run Behavior\ReadHtmlCacheBehavior [ RunTime:0.001000s ]
INFO: [ app_begin ] --END-- [ RunTime:0.001000s ]
SQL: SHOW COLUMNS FROM `beauty_goods` [ RunTime:0.2270s ]
NOTIC: [8] Undefined index: validate D:\ZBB\PHP\beauty\ThinkPHP\Library\Think\Model.class.php 第 1185 行.
NOTIC: [2] preg_match() expects parameter 2 to be string, array given D:\ZBB\PHP\beauty\ThinkPHP\Library\Think\Model.class.php 第 1117 行.
SQL: UPDATE `beauty_goods` SET `addtime`='1480302698',`description`='&lt;pre&gt;25ml,液体,盒装，任何人群&lt;/pre&gt;',`saleprice`='79',`ismember`='1' WHERE `id` = 55 [ RunTime:0.2670s ]
SQL: SHOW COLUMNS FROM `beauty_type` [ RunTime:0.2250s ]
SQL: SELECT * FROM `beauty_type` WHERE `gid` = 55 LIMIT 1   [ RunTime:0.2240s ]
SQL: DELETE FROM `beauty_type` WHERE `gid` = 55 [ RunTime:0.2860s ]
SQL: INSERT INTO `beauty_type` (`ml`,`saleprice`,`gid`) VALUES ('25','79','55') [ RunTime:0.2590s ]

[ 2016-11-28T14:43:04+08:00 ] 127.0.0.1 /index.php/Admin/Index/getGoodsTop.html
INFO: [ app_begin ] --START--
INFO: Run Behavior\ReadHtmlCacheBehavior [ RunTime:0.000000s ]
INFO: [ app_begin ] --END-- [ RunTime:0.002000s ]
SQL: SHOW COLUMNS FROM `beauty_goods` [ RunTime:0.0220s ]
SQL: SELECT `goodsname`,`salenum` FROM `beauty_goods` ORDER BY salenum desc LIMIT 0,10   [ RunTime:0.0210s ]

[ 2016-11-28T14:45:08+08:00 ] 127.0.0.1 /index.php/Admin/Index/getGoodsTop.html
INFO: [ app_begin ] --START--
INFO: Run Behavior\ReadHtmlCacheBehavior [ RunTime:0.001000s ]
INFO: [ app_begin ] --END-- [ RunTime:0.003001s ]
SQL: SHOW COLUMNS FROM `beauty_goods` [ RunTime:0.0090s ]
SQL: SELECT `goodsname`,`salenum` FROM `beauty_goods` ORDER BY salenum desc LIMIT 0,10   [ RunTime:0.0020s ]

[ 2016-11-28T14:46:53+08:00 ] 127.0.0.1 /index.php/Admin/Index/getGoodsTop.html
INFO: [ app_begin ] --START--
INFO: Run Behavior\ReadHtmlCacheBehavior [ RunTime:0.003000s ]
INFO: [ app_begin ] --END-- [ RunTime:0.003500s ]
SQL: SHOW COLUMNS FROM `beauty_goods` [ RunTime:0.0090s ]
SQL: SELECT `goodsname`,`salenum` FROM `beauty_goods` ORDER BY salenum desc LIMIT 0,10   [ RunTime:0.0020s ]

[ 2016-11-28T14:47:28+08:00 ] 127.0.0.1 /index.php/Admin/Index/getGoodsTop.html
INFO: [ app_begin ] --START--
INFO: Run Behavior\ReadHtmlCacheBehavior [ RunTime:0.001000s ]
INFO: [ app_begin ] --END-- [ RunTime:0.002000s ]
SQL: SHOW COLUMNS FROM `beauty_goods` [ RunTime:0.0130s ]
SQL: SELECT `goodsname`,`salenum` FROM `beauty_goods` ORDER BY salenum desc LIMIT 0,10   [ RunTime:0.0025s ]

[ 2016-11-28T14:47:58+08:00 ] 127.0.0.1 /index.php/Admin/Index/getGoodsTop.html
INFO: [ app_begin ] --START--
INFO: Run Behavior\ReadHtmlCacheBehavior [ RunTime:0.001000s ]
INFO: [ app_begin ] --END-- [ RunTime:0.002000s ]
SQL: SHOW COLUMNS FROM `beauty_goods` [ RunTime:0.0070s ]
SQL: SELECT `goodsname`,`salenum` FROM `beauty_goods` ORDER BY salenum desc LIMIT 0,10   [ RunTime:0.0020s ]

[ 2016-11-28T14:55:32+08:00 ] 127.0.0.1 /index.php/Admin/Comment/pilresponse.html
INFO: [ app_begin ] --START--
INFO: Run Behavior\ReadHtmlCacheBehavior [ RunTime:0.001000s ]
INFO: [ app_begin ] --END-- [ RunTime:0.001000s ]
SQL: SHOW COLUMNS FROM `beauty_comment` [ RunTime:0.0080s ]
SQL: UPDATE `beauty_comment` SET `response`='谢谢卖家的回复哦，我么会更加的努力和改进' WHERE `respid` = 1 [ RunTime:0.0660s ]

[ 2016-11-28T14:56:22+08:00 ] 127.0.0.1 /index.php/Admin/Comment/pilresponse.html
INFO: [ app_begin ] --START--
INFO: Run Behavior\ReadHtmlCacheBehavior [ RunTime:0.001000s ]
INFO: [ app_begin ] --END-- [ RunTime:0.002000s ]
SQL: SHOW COLUMNS FROM `beauty_comment` [ RunTime:0.0080s ]
SQL: UPDATE `beauty_comment` SET `response`='31243124132421' WHERE `respid` = 1 [ RunTime:0.0760s ]

[ 2016-11-28T14:57:43+08:00 ] 127.0.0.1 /index.php/Admin/Index/getGoodsTop.html
INFO: [ app_begin ] --START--
INFO: Run Behavior\ReadHtmlCacheBehavior [ RunTime:0.001000s ]
INFO: [ app_begin ] --END-- [ RunTime:0.002000s ]
SQL: SHOW COLUMNS FROM `beauty_goods` [ RunTime:0.0090s ]
SQL: SELECT `goodsname`,`salenum` FROM `beauty_goods` ORDER BY salenum desc LIMIT 0,10   [ RunTime:0.0010s ]

[ 2016-11-28T14:57:50+08:00 ] 127.0.0.1 /index.php/Admin/Comment/pilresponse.html
INFO: [ app_begin ] --START--
INFO: Run Behavior\ReadHtmlCacheBehavior [ RunTime:0.000000s ]
INFO: [ app_begin ] --END-- [ RunTime:0.001000s ]
SQL: SHOW COLUMNS FROM `beauty_comment` [ RunTime:0.0070s ]
SQL: UPDATE `beauty_comment` SET `response`='12321341242134' WHERE `respid` = 1 [ RunTime:0.0830s ]
SQL: UPDATE `beauty_comment` SET `respid`='2' WHERE `respid` = 1 [ RunTime:0.0290s ]

[ 2016-11-28T14:59:56+08:00 ] 127.0.0.1 /index.php/Admin/Comment/search.html?time1=&time2=&status=2
INFO: [ app_begin ] --START--
INFO: Run Behavior\ReadHtmlCacheBehavior [ RunTime:0.001000s ]
INFO: [ app_begin ] --END-- [ RunTime:0.001000s ]
SQL: SHOW COLUMNS FROM `beauty_comment` [ RunTime:0.0100s ]
SQL: SHOW COLUMNS FROM `beauty_comment` [ RunTime:0.0090s ]
SQL: SELECT COUNT(*) AS tp_count FROM `beauty_comment` `c`,`beauty_order` `o`,`beauty_order_status` `os` WHERE `respid` = 2 AND ( c.oid=o.id and c.cstatus=os.id ) AND c.cstatus = 5 LIMIT 1   [ RunTime:0.0020s ]
SQL: SHOW COLUMNS FROM `beauty_comment` [ RunTime:0.0080s ]
SQL: SELECT c.mid,c.oid,os.statusname,c.coaddtime,c.gid,c.respid FROM `beauty_comment` `c`,`beauty_order` `o`,`beauty_order_status` `os` WHERE `respid` = 2 AND ( c.oid=o.id and c.cstatus=os.id ) AND c.cstatus = 5 ORDER BY `coaddtime` desc LIMIT 0,8   [ RunTime:0.0020s ]
INFO: [ view_parse ] --START--
INFO: [ template_filter ] --START--
INFO: Run Behavior\ContentReplaceBehavior [ RunTime:0.001000s ]
INFO: [ template_filter ] --END-- [ RunTime:0.001000s ]
NOTIC: [8] Undefined variable: time1 D:\ZBB\PHP\beauty\beauty\Runtime\Cache\Admin\88c6a8f43d75a97a6a27667af761a74d.php 第 64 行.
NOTIC: [8] Undefined variable: time2 D:\ZBB\PHP\beauty\beauty\Runtime\Cache\Admin\88c6a8f43d75a97a6a27667af761a74d.php 第 66 行.
NOTIC: [8] Undefined index: username D:\ZBB\PHP\beauty\beauty\Runtime\Cache\Admin\88c6a8f43d75a97a6a27667af761a74d.php 第 99 行.
NOTIC: [8] Undefined index: goodsname D:\ZBB\PHP\beauty\beauty\Runtime\Cache\Admin\88c6a8f43d75a97a6a27667af761a74d.php 第 101 行.
NOTIC: [8] Undefined index: username D:\ZBB\PHP\beauty\beauty\Runtime\Cache\Admin\88c6a8f43d75a97a6a27667af761a74d.php 第 99 行.
NOTIC: [8] Undefined index: goodsname D:\ZBB\PHP\beauty\beauty\Runtime\Cache\Admin\88c6a8f43d75a97a6a27667af761a74d.php 第 101 行.
NOTIC: [8] Undefined index: username D:\ZBB\PHP\beauty\beauty\Runtime\Cache\Admin\88c6a8f43d75a97a6a27667af761a74d.php 第 99 行.
NOTIC: [8] Undefined index: goodsname D:\ZBB\PHP\beauty\beauty\Runtime\Cache\Admin\88c6a8f43d75a97a6a27667af761a74d.php 第 101 行.
INFO: Run Behavior\ParseTemplateBehavior [ RunTime:0.013001s ]
INFO: [ view_parse ] --END-- [ RunTime:0.013001s ]
INFO: [ view_filter ] --START--
INFO: Run Behavior\WriteHtmlCacheBehavior [ RunTime:0.001000s ]
INFO: [ view_filter ] --END-- [ RunTime:0.001000s ]
INFO: [ app_end ] --START--
INFO: Run Behavior\ShowPageTraceBehavior [ RunTime:0.001000s ]
INFO: [ app_end ] --END-- [ RunTime:0.001000s ]

[ 2016-11-28T15:00:03+08:00 ] 127.0.0.1 /index.php/Admin/Comment/search.html?time1=&time2=&status=2
INFO: [ app_begin ] --START--
INFO: Run Behavior\ReadHtmlCacheBehavior [ RunTime:0.001000s ]
INFO: [ app_begin ] --END-- [ RunTime:0.002000s ]
SQL: SHOW COLUMNS FROM `beauty_comment` [ RunTime:0.0090s ]
SQL: SHOW COLUMNS FROM `beauty_comment` [ RunTime:0.0080s ]
SQL: SELECT COUNT(*) AS tp_count FROM `beauty_comment` `c`,`beauty_order` `o`,`beauty_order_status` `os` WHERE `respid` = 2 AND ( c.oid=o.id and c.cstatus=os.id ) AND c.cstatus = 5 LIMIT 1   [ RunTime:0.0020s ]
SQL: SHOW COLUMNS FROM `beauty_comment` [ RunTime:0.0080s ]
SQL: SELECT c.mid,c.oid,os.statusname,c.coaddtime,c.gid,c.respid FROM `beauty_comment` `c`,`beauty_order` `o`,`beauty_order_status` `os` WHERE `respid` = 2 AND ( c.oid=o.id and c.cstatus=os.id ) AND c.cstatus = 5 ORDER BY `coaddtime` desc LIMIT 0,8   [ RunTime:0.0020s ]
INFO: [ view_parse ] --START--
INFO: [ template_filter ] --START--
INFO: Run Behavior\ContentReplaceBehavior [ RunTime:0.000000s ]
INFO: [ template_filter ] --END-- [ RunTime:0.001000s ]
NOTIC: [8] Undefined variable: time1 D:\ZBB\PHP\beauty\beauty\Runtime\Cache\Admin\88c6a8f43d75a97a6a27667af761a74d.php 第 64 行.
NOTIC: [8] Undefined variable: time2 D:\ZBB\PHP\beauty\beauty\Runtime\Cache\Admin\88c6a8f43d75a97a6a27667af761a74d.php 第 66 行.
NOTIC: [8] Undefined index: username D:\ZBB\PHP\beauty\beauty\Runtime\Cache\Admin\88c6a8f43d75a97a6a27667af761a74d.php 第 99 行.
NOTIC: [8] Undefined index: goodsname D:\ZBB\PHP\beauty\beauty\Runtime\Cache\Admin\88c6a8f43d75a97a6a27667af761a74d.php 第 101 行.
NOTIC: [8] Undefined index: username D:\ZBB\PHP\beauty\beauty\Runtime\Cache\Admin\88c6a8f43d75a97a6a27667af761a74d.php 第 99 行.
NOTIC: [8] Undefined index: goodsname D:\ZBB\PHP\beauty\beauty\Runtime\Cache\Admin\88c6a8f43d75a97a6a27667af761a74d.php 第 101 行.
NOTIC: [8] Undefined index: username D:\ZBB\PHP\beauty\beauty\Runtime\Cache\Admin\88c6a8f43d75a97a6a27667af761a74d.php 第 99 行.
NOTIC: [8] Undefined index: goodsname D:\ZBB\PHP\beauty\beauty\Runtime\Cache\Admin\88c6a8f43d75a97a6a27667af761a74d.php 第 101 行.
INFO: Run Behavior\ParseTemplateBehavior [ RunTime:0.015001s ]
INFO: [ view_parse ] --END-- [ RunTime:0.015001s ]
INFO: [ view_filter ] --START--
INFO: Run Behavior\WriteHtmlCacheBehavior [ RunTime:0.001000s ]
INFO: [ view_filter ] --END-- [ RunTime:0.001000s ]
INFO: [ app_end ] --START--
INFO: Run Behavior\ShowPageTraceBehavior [ RunTime:0.001000s ]
INFO: [ app_end ] --END-- [ RunTime:0.001000s ]

[ 2016-11-28T15:00:10+08:00 ] 127.0.0.1 /index.php/Admin/Comment/search.html?time1=&time2=&status=0
INFO: [ app_begin ] --START--
INFO: Run Behavior\ReadHtmlCacheBehavior [ RunTime:0.001000s ]
INFO: [ app_begin ] --END-- [ RunTime:0.001000s ]
SQL: SHOW COLUMNS FROM `beauty_comment` [ RunTime:0.0100s ]
SQL: SHOW COLUMNS FROM `beauty_comment` [ RunTime:0.0080s ]
SQL: SELECT COUNT(*) AS tp_count FROM `beauty_comment` `c`,`beauty_order` `o`,`beauty_order_status` `os` WHERE `respid` IN ('1','2') AND ( c.oid=o.id and c.cstatus=os.id ) AND c.cstatus = 5 LIMIT 1   [ RunTime:0.0010s ]
SQL: SHOW COLUMNS FROM `beauty_comment` [ RunTime:0.0080s ]
SQL: SELECT c.mid,c.oid,os.statusname,c.coaddtime,c.gid,c.respid FROM `beauty_comment` `c`,`beauty_order` `o`,`beauty_order_status` `os` WHERE `respid` IN ('1','2') AND ( c.oid=o.id and c.cstatus=os.id ) AND c.cstatus = 5 ORDER BY `coaddtime` desc LIMIT 0,8   [ RunTime:0.0020s ]
INFO: [ view_parse ] --START--
INFO: [ template_filter ] --START--
INFO: Run Behavior\ContentReplaceBehavior [ RunTime:0.000000s ]
INFO: [ template_filter ] --END-- [ RunTime:0.000000s ]
NOTIC: [8] Undefined variable: time1 D:\ZBB\PHP\beauty\beauty\Runtime\Cache\Admin\88c6a8f43d75a97a6a27667af761a74d.php 第 64 行.
NOTIC: [8] Undefined variable: time2 D:\ZBB\PHP\beauty\beauty\Runtime\Cache\Admin\88c6a8f43d75a97a6a27667af761a74d.php 第 66 行.
NOTIC: [8] Undefined index: username D:\ZBB\PHP\beauty\beauty\Runtime\Cache\Admin\88c6a8f43d75a97a6a27667af761a74d.php 第 99 行.
NOTIC: [8] Undefined index: goodsname D:\ZBB\PHP\beauty\beauty\Runtime\Cache\Admin\88c6a8f43d75a97a6a27667af761a74d.php 第 101 行.
NOTIC: [8] Undefined index: username D:\ZBB\PHP\beauty\beauty\Runtime\Cache\Admin\88c6a8f43d75a97a6a27667af761a74d.php 第 99 行.
NOTIC: [8] Undefined index: goodsname D:\ZBB\PHP\beauty\beauty\Runtime\Cache\Admin\88c6a8f43d75a97a6a27667af761a74d.php 第 101 行.
NOTIC: [8] Undefined index: username D:\ZBB\PHP\beauty\beauty\Runtime\Cache\Admin\88c6a8f43d75a97a6a27667af761a74d.php 第 99 行.
NOTIC: [8] Undefined index: goodsname D:\ZBB\PHP\beauty\beauty\Runtime\Cache\Admin\88c6a8f43d75a97a6a27667af761a74d.php 第 101 行.
INFO: Run Behavior\ParseTemplateBehavior [ RunTime:0.015001s ]
INFO: [ view_parse ] --END-- [ RunTime:0.015001s ]
INFO: [ view_filter ] --START--
INFO: Run Behavior\WriteHtmlCacheBehavior [ RunTime:0.001000s ]
INFO: [ view_filter ] --END-- [ RunTime:0.001000s ]
INFO: [ app_end ] --START--
INFO: Run Behavior\ShowPageTraceBehavior [ RunTime:0.001000s ]
INFO: [ app_end ] --END-- [ RunTime:0.001000s ]

[ 2016-11-28T15:01:10+08:00 ] 127.0.0.1 /index.php/Admin/Comment/search.html?time1=&time2=&status=2
INFO: [ app_begin ] --START--
INFO: Run Behavior\ReadHtmlCacheBehavior [ RunTime:0.000000s ]
INFO: [ app_begin ] --END-- [ RunTime:0.001001s ]
SQL: SHOW COLUMNS FROM `beauty_comment` [ RunTime:0.0080s ]
SQL: SHOW COLUMNS FROM `beauty_comment` [ RunTime:0.0090s ]
SQL: SELECT COUNT(*) AS tp_count FROM `beauty_comment` `c`,`beauty_order` `o`,`beauty_order_status` `os` WHERE `respid` = 2 AND ( c.oid=o.id and c.cstatus=os.id ) AND c.cstatus = 5 LIMIT 1   [ RunTime:0.0020s ]
SQL: SHOW COLUMNS FROM `beauty_comment` [ RunTime:0.0110s ]
ERR: 1054:Unknown column 'g.goodsname' in 'field list'
 [ SQL语句 ] : SELECT c.mid,c.oid,os.statusname,c.coaddtime,c.gid,c.respid,g.goodsname,u.username FROM `beauty_comment` `c`,`beauty_order` `o`,`beauty_order_status` `os` WHERE `respid` = 2 AND ( c.oid=o.id and c.cstatus=os.id ) AND c.cstatus = 5 ORDER BY `coaddtime` desc LIMIT 0,8  
ERR: 1054:Unknown column 'g.goodsname' in 'field list'
 [ SQL语句 ] : SELECT c.mid,c.oid,os.statusname,c.coaddtime,c.gid,c.respid,g.goodsname,u.username FROM `beauty_comment` `c`,`beauty_order` `o`,`beauty_order_status` `os` WHERE `respid` = 2 AND ( c.oid=o.id and c.cstatus=os.id ) AND c.cstatus = 5 ORDER BY `coaddtime` desc LIMIT 0,8  

[ 2016-11-28T15:01:11+08:00 ] 127.0.0.1 /index.php/Admin/Comment/search.html?time1=&time2=&status=2
ERR: 1054:Unknown column 'g.goodsname' in 'field list'
 [ SQL语句 ] : SELECT c.mid,c.oid,os.statusname,c.coaddtime,c.gid,c.respid,g.goodsname,u.username FROM `beauty_comment` `c`,`beauty_order` `o`,`beauty_order_status` `os` WHERE `respid` = 2 AND ( c.oid=o.id and c.cstatus=os.id ) AND c.cstatus = 5 ORDER BY `coaddtime` desc LIMIT 0,8  

[ 2016-11-28T15:02:54+08:00 ] 127.0.0.1 /index.php/Admin/Comment/search.html?time1=&time2=&status=2
INFO: [ app_begin ] --START--
INFO: Run Behavior\ReadHtmlCacheBehavior [ RunTime:0.000000s ]
INFO: [ app_begin ] --END-- [ RunTime:0.001000s ]
SQL: SHOW COLUMNS FROM `beauty_comment` [ RunTime:0.0040s ]
SQL: SHOW COLUMNS FROM `beauty_comment` [ RunTime:0.0050s ]
SQL: SELECT COUNT(*) AS tp_count FROM `beauty_comment` `c`,`beauty_order_status` `os`,`beauty_goods` `g`,`beauty_user` `u` WHERE `respid` = 2 AND ( c.cstatus=os.id and c.mid=u.id and c.gid=g.id ) AND c.cstatus = 5 LIMIT 1   [ RunTime:0.0010s ]
SQL: SHOW COLUMNS FROM `beauty_comment` [ RunTime:0.0050s ]
SQL: SELECT g.goodsname,c.oid,os.statusname,c.coaddtime,u.username,c.respid,c.mid,c.gid FROM `beauty_comment` `c`,`beauty_order_status` `os`,`beauty_goods` `g`,`beauty_user` `u` WHERE `respid` = 2 AND ( c.cstatus=os.id and c.mid=u.id and c.gid=g.id ) AND c.cstatus = 5 ORDER BY `coaddtime` desc LIMIT 0,8   [ RunTime:0.0020s ]
INFO: [ view_parse ] --START--
INFO: [ template_filter ] --START--
INFO: Run Behavior\ContentReplaceBehavior [ RunTime:0.000000s ]
INFO: [ template_filter ] --END-- [ RunTime:0.000000s ]
NOTIC: [8] Undefined variable: time1 D:\ZBB\PHP\beauty\beauty\Runtime\Cache\Admin\88c6a8f43d75a97a6a27667af761a74d.php 第 64 行.
NOTIC: [8] Undefined variable: time2 D:\ZBB\PHP\beauty\beauty\Runtime\Cache\Admin\88c6a8f43d75a97a6a27667af761a74d.php 第 66 行.
INFO: Run Behavior\ParseTemplateBehavior [ RunTime:0.016001s ]
INFO: [ view_parse ] --END-- [ RunTime:0.016001s ]
INFO: [ view_filter ] --START--
INFO: Run Behavior\WriteHtmlCacheBehavior [ RunTime:0.000000s ]
INFO: [ view_filter ] --END-- [ RunTime:0.001000s ]
INFO: [ app_end ] --START--
INFO: Run Behavior\ShowPageTraceBehavior [ RunTime:0.000000s ]
INFO: [ app_end ] --END-- [ RunTime:0.000000s ]

[ 2016-11-28T15:02:56+08:00 ] 127.0.0.1 /index.php/Admin/Comment/search.html?time1=&time2=&status=1
INFO: [ app_begin ] --START--
INFO: Run Behavior\ReadHtmlCacheBehavior [ RunTime:0.001000s ]
INFO: [ app_begin ] --END-- [ RunTime:0.001000s ]
SQL: SHOW COLUMNS FROM `beauty_comment` [ RunTime:0.0175s ]
SQL: SHOW COLUMNS FROM `beauty_comment` [ RunTime:0.0080s ]
SQL: SELECT COUNT(*) AS tp_count FROM `beauty_comment` `c`,`beauty_order_status` `os`,`beauty_goods` `g`,`beauty_user` `u` WHERE `respid` = 1 AND ( c.cstatus=os.id and c.mid=u.id and c.gid=g.id ) AND c.cstatus = 5 LIMIT 1   [ RunTime:0.0020s ]
SQL: SHOW COLUMNS FROM `beauty_comment` [ RunTime:0.0060s ]
SQL: SELECT g.goodsname,c.oid,os.statusname,c.coaddtime,u.username,c.respid,c.mid,c.gid FROM `beauty_comment` `c`,`beauty_order_status` `os`,`beauty_goods` `g`,`beauty_user` `u` WHERE `respid` = 1 AND ( c.cstatus=os.id and c.mid=u.id and c.gid=g.id ) AND c.cstatus = 5 ORDER BY `coaddtime` desc LIMIT 0,8   [ RunTime:0.0020s ]
INFO: [ view_parse ] --START--
INFO: [ template_filter ] --START--
INFO: Run Behavior\ContentReplaceBehavior [ RunTime:0.000000s ]
INFO: [ template_filter ] --END-- [ RunTime:0.000000s ]
NOTIC: [8] Undefined variable: time1 D:\ZBB\PHP\beauty\beauty\Runtime\Cache\Admin\88c6a8f43d75a97a6a27667af761a74d.php 第 64 行.
NOTIC: [8] Undefined variable: time2 D:\ZBB\PHP\beauty\beauty\Runtime\Cache\Admin\88c6a8f43d75a97a6a27667af761a74d.php 第 66 行.
INFO: Run Behavior\ParseTemplateBehavior [ RunTime:0.012001s ]
INFO: [ view_parse ] --END-- [ RunTime:0.012001s ]
INFO: [ view_filter ] --START--
INFO: Run Behavior\WriteHtmlCacheBehavior [ RunTime:0.000000s ]
INFO: [ view_filter ] --END-- [ RunTime:0.000000s ]
INFO: [ app_end ] --START--
INFO: Run Behavior\ShowPageTraceBehavior [ RunTime:0.001000s ]
INFO: [ app_end ] --END-- [ RunTime:0.002000s ]

[ 2016-11-28T18:44:27+08:00 ] 127.0.0.1 /index.php/Admin/Index/getGoodsTop.html
INFO: [ app_begin ] --START--
INFO: Run Behavior\ReadHtmlCacheBehavior [ RunTime:0.001000s ]
INFO: [ app_begin ] --END-- [ RunTime:0.002000s ]
SQL: SHOW COLUMNS FROM `beauty_goods` [ RunTime:0.0080s ]
SQL: SELECT `goodsname`,`salenum` FROM `beauty_goods` ORDER BY salenum desc LIMIT 0,10   [ RunTime:0.0010s ]

[ 2016-11-28T18:48:18+08:00 ] 127.0.0.1 /index.php/Admin/Index/getGoodsTop.html
INFO: [ app_begin ] --START--
INFO: Run Behavior\ReadHtmlCacheBehavior [ RunTime:0.002000s ]
INFO: [ app_begin ] --END-- [ RunTime:0.005501s ]
SQL: SHOW COLUMNS FROM `beauty_goods` [ RunTime:0.0105s ]
SQL: SELECT `goodsname`,`salenum` FROM `beauty_goods` ORDER BY salenum desc LIMIT 0,10   [ RunTime:0.0015s ]

[ 2016-11-28T18:48:39+08:00 ] 127.0.0.1 /index.php/Admin/Comment/pilresponse.html
INFO: [ app_begin ] --START--
INFO: Run Behavior\ReadHtmlCacheBehavior [ RunTime:0.001000s ]
INFO: [ app_begin ] --END-- [ RunTime:0.002000s ]
SQL: SHOW COLUMNS FROM `beauty_comment` [ RunTime:0.0080s ]
SQL: UPDATE `beauty_comment` SET `response`='谢谢买家的评价' WHERE `respid` = 1 [ RunTime:0.0780s ]
SQL: UPDATE `beauty_comment` SET `respid`='2' WHERE `respid` = 1 [ RunTime:0.0420s ]

[ 2016-11-28T18:52:55+08:00 ] 127.0.0.1 /index.php/Admin/Goods/brandlist.html
INFO: [ app_begin ] --START--
INFO: Run Behavior\ReadHtmlCacheBehavior [ RunTime:0.001000s ]
INFO: [ app_begin ] --END-- [ RunTime:0.001000s ]
SQL: SHOW COLUMNS FROM `beauty_brands` [ RunTime:0.0100s ]
SQL: SELECT * FROM `beauty_brands`  [ RunTime:0.0015s ]

[ 2016-11-28T18:52:55+08:00 ] 127.0.0.1 /index.php/Admin/Goods/getCateByPid.html
INFO: [ app_begin ] --START--
INFO: Run Behavior\ReadHtmlCacheBehavior [ RunTime:0.001000s ]
INFO: [ app_begin ] --END-- [ RunTime:0.001500s ]
SQL: SHOW COLUMNS FROM `beauty_category` [ RunTime:0.0085s ]
SQL: SELECT * FROM `beauty_category` WHERE `pid` = 0  [ RunTime:0.0020s ]

[ 2016-11-28T18:53:03+08:00 ] 127.0.0.1 /index.php/Admin/Goods/getCateByPid.html
INFO: [ app_begin ] --START--
INFO: Run Behavior\ReadHtmlCacheBehavior [ RunTime:0.001501s ]
INFO: [ app_begin ] --END-- [ RunTime:0.002001s ]
SQL: SHOW COLUMNS FROM `beauty_category` [ RunTime:0.0070s ]
SQL: SELECT * FROM `beauty_category` WHERE `pid` = 0  [ RunTime:0.0015s ]

[ 2016-11-28T18:53:03+08:00 ] 127.0.0.1 /index.php/Admin/Goods/brandlist.html
INFO: [ app_begin ] --START--
INFO: Run Behavior\ReadHtmlCacheBehavior [ RunTime:0.002001s ]
INFO: [ app_begin ] --END-- [ RunTime:0.002501s ]
SQL: SHOW COLUMNS FROM `beauty_brands` [ RunTime:0.0080s ]
SQL: SELECT * FROM `beauty_brands`  [ RunTime:0.0020s ]

[ 2016-11-28T18:53:03+08:00 ] 127.0.0.1 /index.php/Admin/Goods/getCateByPid.html
INFO: [ app_begin ] --START--
INFO: Run Behavior\ReadHtmlCacheBehavior [ RunTime:0.001000s ]
INFO: [ app_begin ] --END-- [ RunTime:0.001500s ]
SQL: SHOW COLUMNS FROM `beauty_category` [ RunTime:0.0085s ]
SQL: SELECT * FROM `beauty_category` WHERE `pid` = 70  [ RunTime:0.0015s ]

[ 2016-11-28T18:53:59+08:00 ] 127.0.0.1 /index.php/Admin/Goods/brandlist.html
INFO: [ app_begin ] --START--
INFO: Run Behavior\ReadHtmlCacheBehavior [ RunTime:0.002001s ]
INFO: [ app_begin ] --END-- [ RunTime:0.003001s ]
SQL: SHOW COLUMNS FROM `beauty_brands` [ RunTime:0.0080s ]
SQL: SELECT * FROM `beauty_brands`  [ RunTime:0.0015s ]

[ 2016-11-28T18:53:59+08:00 ] 127.0.0.1 /index.php/Admin/Goods/getCateByPid.html
INFO: [ app_begin ] --START--
INFO: Run Behavior\ReadHtmlCacheBehavior [ RunTime:0.002000s ]
INFO: [ app_begin ] --END-- [ RunTime:0.007001s ]
SQL: SHOW COLUMNS FROM `beauty_category` [ RunTime:0.0075s ]
SQL: SELECT * FROM `beauty_category` WHERE `pid` = 0  [ RunTime:0.0015s ]

[ 2016-11-28T18:53:59+08:00 ] 127.0.0.1 /index.php/Admin/Goods/getCateByPid.html
INFO: [ app_begin ] --START--
INFO: Run Behavior\ReadHtmlCacheBehavior [ RunTime:0.001000s ]
INFO: [ app_begin ] --END-- [ RunTime:0.002000s ]
SQL: SHOW COLUMNS FROM `beauty_category` [ RunTime:0.0070s ]
SQL: SELECT * FROM `beauty_category` WHERE `pid` = 70  [ RunTime:0.0010s ]

[ 2016-11-28T19:21:04+08:00 ] 127.0.0.1 /index.php/Admin/Goods/getCateByPid.html
INFO: [ app_begin ] --START--
INFO: Run Behavior\ReadHtmlCacheBehavior [ RunTime:0.000501s ]
INFO: [ app_begin ] --END-- [ RunTime:0.001501s ]
SQL: SHOW COLUMNS FROM `beauty_category` [ RunTime:0.0080s ]
SQL: SELECT * FROM `beauty_category` WHERE `pid` = 1  [ RunTime:0.0015s ]

[ 2016-11-28T19:21:04+08:00 ] 127.0.0.1 /index.php/Admin/Goods/getCateByPid.html
INFO: [ app_begin ] --START--
INFO: Run Behavior\ReadHtmlCacheBehavior [ RunTime:0.016502s ]
INFO: [ app_begin ] --END-- [ RunTime:0.017502s ]
SQL: SHOW COLUMNS FROM `beauty_category` [ RunTime:0.0075s ]
SQL: SELECT * FROM `beauty_category` WHERE `pid` = 0  [ RunTime:0.0010s ]

[ 2016-11-28T19:21:04+08:00 ] 127.0.0.1 /index.php/Admin/Goods/brandlist.html
INFO: [ app_begin ] --START--
INFO: Run Behavior\ReadHtmlCacheBehavior [ RunTime:0.001000s ]
INFO: [ app_begin ] --END-- [ RunTime:0.002001s ]
SQL: SHOW COLUMNS FROM `beauty_brands` [ RunTime:0.0080s ]
SQL: SELECT * FROM `beauty_brands`  [ RunTime:0.0020s ]

[ 2016-11-28T19:21:49+08:00 ] 127.0.0.1 /index.php/Admin/Goods/editor.html
INFO: [ app_begin ] --START--
INFO: Run Behavior\ReadHtmlCacheBehavior [ RunTime:0.001000s ]
INFO: [ app_begin ] --END-- [ RunTime:0.002000s ]
SQL: SHOW COLUMNS FROM `beauty_goods` [ RunTime:0.0080s ]
NOTIC: [8] Undefined index: validate D:\ZBB\PHP\beauty\ThinkPHP\Library\Think\Model.class.php 第 1185 行.
SQL: UPDATE `beauty_goods` SET `addtime`='1480332109',`description`='80ml,液体,瓶装,任何人群',`saleprice`='99',`ismember`='1' WHERE `id` = 44 [ RunTime:0.0630s ]
SQL: SHOW COLUMNS FROM `beauty_type` [ RunTime:0.0080s ]
SQL: SELECT * FROM `beauty_type` WHERE `gid` = 44 LIMIT 1   [ RunTime:0.0020s ]
SQL: DELETE FROM `beauty_type` WHERE `gid` = 44 [ RunTime:0.0640s ]
SQL: INSERT INTO `beauty_type` (`ml`,`saleprice`,`gid`) VALUES ('120','99','44') [ RunTime:0.0330s ]
SQL: INSERT INTO `beauty_type` (`ml`,`saleprice`,`gid`) VALUES ('100','89','44') [ RunTime:0.0660s ]
SQL: INSERT INTO `beauty_type` (`ml`,`saleprice`,`gid`) VALUES ('80','59','44') [ RunTime:0.0330s ]

[ 2016-11-28T19:29:23+08:00 ] 127.0.0.1 /index.php/Admin/Goods/getCateByPid.html
INFO: [ app_begin ] --START--
INFO: Run Behavior\ReadHtmlCacheBehavior [ RunTime:0.001000s ]
INFO: [ app_begin ] --END-- [ RunTime:0.001500s ]
SQL: SHOW COLUMNS FROM `beauty_category` [ RunTime:0.0110s ]
SQL: SELECT * FROM `beauty_category` WHERE `pid` = 83  [ RunTime:0.0040s ]

[ 2016-11-28T19:29:23+08:00 ] 127.0.0.1 /index.php/Admin/Goods/getCateByPid.html
INFO: [ app_begin ] --START--
INFO: Run Behavior\ReadHtmlCacheBehavior [ RunTime:0.002000s ]
INFO: [ app_begin ] --END-- [ RunTime:0.003001s ]
SQL: SHOW COLUMNS FROM `beauty_category` [ RunTime:0.0080s ]
SQL: SELECT * FROM `beauty_category` WHERE `pid` = 0  [ RunTime:0.0015s ]

[ 2016-11-28T19:29:23+08:00 ] 127.0.0.1 /index.php/Admin/Goods/brandlist.html
INFO: [ app_begin ] --START--
INFO: Run Behavior\ReadHtmlCacheBehavior [ RunTime:0.002500s ]
INFO: [ app_begin ] --END-- [ RunTime:0.003500s ]
SQL: SHOW COLUMNS FROM `beauty_brands` [ RunTime:0.0080s ]
SQL: SELECT * FROM `beauty_brands`  [ RunTime:0.0020s ]

[ 2016-11-28T19:29:31+08:00 ] 127.0.0.1 /index.php/Admin/Goods/getCateByPid.html
INFO: [ app_begin ] --START--
INFO: Run Behavior\ReadHtmlCacheBehavior [ RunTime:0.001000s ]
INFO: [ app_begin ] --END-- [ RunTime:0.001500s ]
SQL: SHOW COLUMNS FROM `beauty_category` [ RunTime:0.0080s ]
SQL: SELECT * FROM `beauty_category` WHERE `pid` = 1  [ RunTime:0.0015s ]

[ 2016-11-28T19:29:31+08:00 ] 127.0.0.1 /index.php/Admin/Goods/getCateByPid.html
INFO: [ app_begin ] --START--
INFO: Run Behavior\ReadHtmlCacheBehavior [ RunTime:0.001000s ]
INFO: [ app_begin ] --END-- [ RunTime:0.002000s ]
SQL: SHOW COLUMNS FROM `beauty_category` [ RunTime:0.0075s ]
SQL: SELECT * FROM `beauty_category` WHERE `pid` = 0  [ RunTime:0.0040s ]

[ 2016-11-28T19:29:31+08:00 ] 127.0.0.1 /index.php/Admin/Goods/brandlist.html
INFO: [ app_begin ] --START--
INFO: Run Behavior\ReadHtmlCacheBehavior [ RunTime:0.001000s ]
INFO: [ app_begin ] --END-- [ RunTime:0.002500s ]
SQL: SHOW COLUMNS FROM `beauty_brands` [ RunTime:0.0085s ]
SQL: SELECT * FROM `beauty_brands`  [ RunTime:0.0020s ]

[ 2016-11-28T19:29:43+08:00 ] 127.0.0.1 /index.php/Admin/Goods/getCateByPid.html
INFO: [ app_begin ] --START--
INFO: Run Behavior\ReadHtmlCacheBehavior [ RunTime:0.001500s ]
INFO: [ app_begin ] --END-- [ RunTime:0.002000s ]
SQL: SHOW COLUMNS FROM `beauty_category` [ RunTime:0.0070s ]
SQL: SELECT * FROM `beauty_category` WHERE `pid` = 0  [ RunTime:0.0015s ]

[ 2016-11-28T19:29:43+08:00 ] 127.0.0.1 /index.php/Admin/Goods/getCateByPid.html
INFO: [ app_begin ] --START--
INFO: Run Behavior\ReadHtmlCacheBehavior [ RunTime:0.001000s ]
INFO: [ app_begin ] --END-- [ RunTime:0.002000s ]
SQL: SHOW COLUMNS FROM `beauty_category` [ RunTime:0.0070s ]
SQL: SELECT * FROM `beauty_category` WHERE `pid` = 1  [ RunTime:0.0030s ]

[ 2016-11-28T19:29:43+08:00 ] 127.0.0.1 /index.php/Admin/Goods/brandlist.html
INFO: [ app_begin ] --START--
INFO: Run Behavior\ReadHtmlCacheBehavior [ RunTime:0.001000s ]
INFO: [ app_begin ] --END-- [ RunTime:0.001500s ]
SQL: SHOW COLUMNS FROM `beauty_brands` [ RunTime:0.0075s ]
SQL: SELECT * FROM `beauty_brands`  [ RunTime:0.0020s ]

[ 2016-11-28T19:29:55+08:00 ] 127.0.0.1 /index.php/Admin/Goods/editor.html
INFO: [ app_begin ] --START--
INFO: Run Behavior\ReadHtmlCacheBehavior [ RunTime:0.001000s ]
INFO: [ app_begin ] --END-- [ RunTime:0.002000s ]
SQL: SHOW COLUMNS FROM `beauty_goods` [ RunTime:0.0100s ]
NOTIC: [8] Undefined index: validate D:\ZBB\PHP\beauty\ThinkPHP\Library\Think\Model.class.php 第 1185 行.
SQL: UPDATE `beauty_goods` SET `addtime`='1480332595',`description`='200ml,膏状,盒装,任何人群',`saleprice`='189',`ismember`='1' WHERE `id` = 48 [ RunTime:0.0560s ]
SQL: SHOW COLUMNS FROM `beauty_type` [ RunTime:0.0070s ]
SQL: SELECT * FROM `beauty_type` WHERE `gid` = 48 LIMIT 1   [ RunTime:0.0010s ]
SQL: DELETE FROM `beauty_type` WHERE `gid` = 48 [ RunTime:0.0420s ]
SQL: INSERT INTO `beauty_type` (`ml`,`saleprice`,`gid`) VALUES ('150','189','48') [ RunTime:0.0340s ]
SQL: INSERT INTO `beauty_type` (`ml`,`saleprice`,`gid`) VALUES ('100','120','48') [ RunTime:0.0320s ]
SQL: INSERT INTO `beauty_type` (`ml`,`saleprice`,`gid`) VALUES ('60','80','48') [ RunTime:0.0340s ]

[ 2016-11-28T19:30:03+08:00 ] 127.0.0.1 /index.php/Admin/Goods/brandlist.html
INFO: [ app_begin ] --START--
INFO: Run Behavior\ReadHtmlCacheBehavior [ RunTime:0.001000s ]
INFO: [ app_begin ] --END-- [ RunTime:0.001500s ]
SQL: SHOW COLUMNS FROM `beauty_brands` [ RunTime:0.0080s ]
SQL: SELECT * FROM `beauty_brands`  [ RunTime:0.0015s ]

[ 2016-11-28T19:30:03+08:00 ] 127.0.0.1 /index.php/Admin/Goods/getCateByPid.html
INFO: [ app_begin ] --START--
INFO: Run Behavior\ReadHtmlCacheBehavior [ RunTime:0.002001s ]
INFO: [ app_begin ] --END-- [ RunTime:0.002501s ]
SQL: SHOW COLUMNS FROM `beauty_category` [ RunTime:0.0070s ]
SQL: SELECT * FROM `beauty_category` WHERE `pid` = 0  [ RunTime:0.0010s ]

[ 2016-11-28T19:30:03+08:00 ] 127.0.0.1 /index.php/Admin/Goods/getCateByPid.html
INFO: [ app_begin ] --START--
INFO: Run Behavior\ReadHtmlCacheBehavior [ RunTime:0.001000s ]
INFO: [ app_begin ] --END-- [ RunTime:0.001500s ]
SQL: SHOW COLUMNS FROM `beauty_category` [ RunTime:0.0070s ]
SQL: SELECT * FROM `beauty_category` WHERE `pid` = 53  [ RunTime:0.0020s ]

[ 2016-11-28T19:30:20+08:00 ] 127.0.0.1 /index.php/Admin/Goods/brandlist.html
INFO: [ app_begin ] --START--
INFO: Run Behavior\ReadHtmlCacheBehavior [ RunTime:0.001000s ]
INFO: [ app_begin ] --END-- [ RunTime:0.002001s ]
SQL: SHOW COLUMNS FROM `beauty_brands` [ RunTime:0.0080s ]
SQL: SELECT * FROM `beauty_brands`  [ RunTime:0.0015s ]

[ 2016-11-28T19:30:20+08:00 ] 127.0.0.1 /index.php/Admin/Goods/getCateByPid.html
INFO: [ app_begin ] --START--
INFO: Run Behavior\ReadHtmlCacheBehavior [ RunTime:0.001500s ]
INFO: [ app_begin ] --END-- [ RunTime:0.002000s ]
SQL: SHOW COLUMNS FROM `beauty_category` [ RunTime:0.0085s ]
SQL: SELECT * FROM `beauty_category` WHERE `pid` = 0  [ RunTime:0.0020s ]

[ 2016-11-28T19:30:20+08:00 ] 127.0.0.1 /index.php/Admin/Goods/getCateByPid.html
INFO: [ app_begin ] --START--
INFO: Run Behavior\ReadHtmlCacheBehavior [ RunTime:0.002500s ]
INFO: [ app_begin ] --END-- [ RunTime:0.003001s ]
SQL: SHOW COLUMNS FROM `beauty_category` [ RunTime:0.0075s ]
SQL: SELECT * FROM `beauty_category` WHERE `pid` = 53  [ RunTime:0.0010s ]

[ 2016-11-28T19:30:34+08:00 ] 127.0.0.1 /index.php/Admin/Goods/editor.html
INFO: [ app_begin ] --START--
INFO: Run Behavior\ReadHtmlCacheBehavior [ RunTime:0.000000s ]
INFO: [ app_begin ] --END-- [ RunTime:0.002000s ]
SQL: SHOW COLUMNS FROM `beauty_goods` [ RunTime:0.0080s ]
NOTIC: [8] Undefined index: validate D:\ZBB\PHP\beauty\ThinkPHP\Library\Think\Model.class.php 第 1185 行.
NOTIC: [2] preg_match() expects parameter 2 to be string, array given D:\ZBB\PHP\beauty\ThinkPHP\Library\Think\Model.class.php 第 1117 行.
SQL: UPDATE `beauty_goods` SET `addtime`='1480332634',`description`='750ml,膏状,盒装,任何人群',`saleprice`='49',`ismember`='1' WHERE `id` = 24 [ RunTime:0.0500s ]
SQL: SHOW COLUMNS FROM `beauty_type` [ RunTime:0.0080s ]
SQL: SELECT * FROM `beauty_type` WHERE `gid` = 24 LIMIT 1   [ RunTime:0.0010s ]
SQL: DELETE FROM `beauty_type` WHERE `gid` = 24 [ RunTime:0.0590s ]
SQL: INSERT INTO `beauty_type` (`ml`,`saleprice`,`gid`) VALUES ('750','49','24') [ RunTime:0.0650s ]

