[ 2016-07-29T18:36:38+08:00 ] 172.16.11.198 /index.php/Admin/Login/checkVerify.html
INFO: [ app_begin ] --START--
INFO: Run Behavior\ReadHtmlCacheBehavior [ RunTime:0.000000s ]
INFO: [ app_begin ] --END-- [ RunTime:0.000000s ]
INFO: [ app_end ] --START--
INFO: Run Behavior\ShowPageTraceBehavior [ RunTime:0.000000s ]
INFO: [ app_end ] --END-- [ RunTime:0.000000s ]

[ 2016-07-29T18:36:39+08:00 ] 172.16.11.198 /index.php/Admin/Login/login.html
INFO: [ app_begin ] --START--
INFO: Run Behavior\ReadHtmlCacheBehavior [ RunTime:0.000000s ]
INFO: [ app_begin ] --END-- [ RunTime:0.000000s ]
SQL: SHOW COLUMNS FROM `shang_admin` [ RunTime:0.0156s ]
NOTIC: [8] Undefined index: validate D:\five\shang\ThinkPHP\Library\Think\Model.class.php 第 1185 行.
NOTIC: [8] Undefined index: auto D:\five\shang\ThinkPHP\Library\Think\Model.class.php 第 1128 行.
SQL: SELECT * FROM `shang_admin` WHERE `adminname` = 'zcx' AND `pwd` = 'ac0881ac3355c807bfb2a197d9c77535' LIMIT 1   [ RunTime:0.0000s ]

[ 2016-07-29T18:36:52+08:00 ] 172.16.11.198 /index.php/Admin/Login/checkVerify.html
INFO: [ app_begin ] --START--
INFO: Run Behavior\ReadHtmlCacheBehavior [ RunTime:0.000000s ]
INFO: [ app_begin ] --END-- [ RunTime:0.000000s ]
INFO: [ app_end ] --START--
INFO: Run Behavior\ShowPageTraceBehavior [ RunTime:0.000000s ]
INFO: [ app_end ] --END-- [ RunTime:0.000000s ]

[ 2016-07-29T18:36:53+08:00 ] 172.16.11.198 /index.php/Admin/Login/login.html
INFO: [ app_begin ] --START--
INFO: Run Behavior\ReadHtmlCacheBehavior [ RunTime:0.015600s ]
INFO: [ app_begin ] --END-- [ RunTime:0.015600s ]
SQL: SHOW COLUMNS FROM `shang_admin` [ RunTime:0.0000s ]
NOTIC: [8] Undefined index: validate D:\five\shang\ThinkPHP\Library\Think\Model.class.php 第 1185 行.
NOTIC: [8] Undefined index: auto D:\five\shang\ThinkPHP\Library\Think\Model.class.php 第 1128 行.
SQL: SELECT * FROM `shang_admin` WHERE `adminname` = 'admin' AND `pwd` = 'e10adc3949ba59abbe56e057f20f883e' LIMIT 1   [ RunTime:0.0000s ]
SQL: UPDATE `shang_admin` SET `last_time`='1469666865',`last_ip`='172.16.11.198' WHERE `aid` = 25 [ RunTime:0.0468s ]
SQL: UPDATE `shang_admin` SET `time`='1469788613',`ip`='172.16.11.198' WHERE `aid` = 25 [ RunTime:0.0312s ]

[ 2016-07-29T18:39:38+08:00 ] 172.16.11.198 /index.php/Admin/Order/editor/kindeditor.js
ERR: 非法操作:editor

[ 2016-07-29T18:39:38+08:00 ] 172.16.11.198 /index.php/Admin/Order/editor/kindeditor.js
ERR: 非法操作:editor

[ 2016-07-29T18:39:47+08:00 ] 172.16.11.198 /index.php/Admin/Order/editor/kindeditor.js
ERR: 非法操作:editor

[ 2016-07-29T18:42:02+08:00 ] 172.16.11.198 /index.php/Admin/Goods/index.css
ERR: 非法操作:index.css

[ 2016-07-29T18:42:11+08:00 ] 172.16.11.198 /index.php/Admin/Admin/add.html
INFO: [ app_begin ] --START--
INFO: Run Behavior\ReadHtmlCacheBehavior [ RunTime:0.000000s ]
INFO: [ app_begin ] --END-- [ RunTime:0.000000s ]
SQL: SHOW COLUMNS FROM `shang_admin` [ RunTime:0.0000s ]
NOTIC: [8] Undefined index: validate D:\five\shang\ThinkPHP\Library\Think\Model.class.php 第 1185 行.

[ 2016-07-29T18:42:14+08:00 ] 172.16.11.198 /index.php/Admin/Admin/add.html
INFO: [ app_begin ] --START--
INFO: Run Behavior\ReadHtmlCacheBehavior [ RunTime:0.000000s ]
INFO: [ app_begin ] --END-- [ RunTime:0.000000s ]
SQL: SHOW COLUMNS FROM `shang_admin` [ RunTime:0.0156s ]
NOTIC: [8] Undefined index: validate D:\five\shang\ThinkPHP\Library\Think\Model.class.php 第 1185 行.

[ 2016-07-29T18:55:08+08:00 ] 172.16.11.198 /index.php/Admin/Login/checkVerify.html
INFO: [ app_begin ] --START--
INFO: Run Behavior\ReadHtmlCacheBehavior [ RunTime:0.000000s ]
INFO: [ app_begin ] --END-- [ RunTime:0.015600s ]
INFO: [ app_end ] --START--
INFO: Run Behavior\ShowPageTraceBehavior [ RunTime:0.000000s ]
INFO: [ app_end ] --END-- [ RunTime:0.000000s ]

[ 2016-07-29T18:55:12+08:00 ] 172.16.11.198 /index.php/Admin/Login/checkVerify.html
INFO: [ app_begin ] --START--
INFO: Run Behavior\ReadHtmlCacheBehavior [ RunTime:0.001000s ]
INFO: [ app_begin ] --END-- [ RunTime:0.002000s ]
INFO: [ app_end ] --START--
INFO: Run Behavior\ShowPageTraceBehavior [ RunTime:0.000000s ]
INFO: [ app_end ] --END-- [ RunTime:0.000000s ]

[ 2016-07-29T18:55:13+08:00 ] 172.16.11.198 /index.php/Admin/Login/login.html
INFO: [ app_begin ] --START--
INFO: Run Behavior\ReadHtmlCacheBehavior [ RunTime:0.001000s ]
INFO: [ app_begin ] --END-- [ RunTime:0.001000s ]
SQL: SHOW COLUMNS FROM `shang_admin` [ RunTime:0.0070s ]
NOTIC: [8] Undefined index: validate D:\five\shang\ThinkPHP\Library\Think\Model.class.php 第 1185 行.
NOTIC: [8] Undefined index: auto D:\five\shang\ThinkPHP\Library\Think\Model.class.php 第 1128 行.
SQL: SELECT * FROM `shang_admin` WHERE `adminname` = 'zcx' AND `pwd` = 'ac0881ac3355c807bfb2a197d9c77535' LIMIT 1   [ RunTime:0.0010s ]

[ 2016-07-29T18:56:06+08:00 ] 172.16.11.198 /index.php/Admin/Login/checkVerify.html
INFO: [ app_begin ] --START--
INFO: Run Behavior\ReadHtmlCacheBehavior [ RunTime:0.001000s ]
INFO: [ app_begin ] --END-- [ RunTime:0.001000s ]
INFO: [ app_end ] --START--
INFO: Run Behavior\ShowPageTraceBehavior [ RunTime:0.001000s ]
INFO: [ app_end ] --END-- [ RunTime:0.001000s ]

[ 2016-07-29T18:56:06+08:00 ] 172.16.11.198 /index.php/Admin/Login/login.html
INFO: [ app_begin ] --START--
INFO: Run Behavior\ReadHtmlCacheBehavior [ RunTime:0.001000s ]
INFO: [ app_begin ] --END-- [ RunTime:0.001000s ]
SQL: SHOW COLUMNS FROM `shang_admin` [ RunTime:0.0070s ]
NOTIC: [8] Undefined index: validate D:\five\shang\ThinkPHP\Library\Think\Model.class.php 第 1185 行.
NOTIC: [8] Undefined index: auto D:\five\shang\ThinkPHP\Library\Think\Model.class.php 第 1128 行.
SQL: SELECT * FROM `shang_admin` WHERE `adminname` = 'admin' AND `pwd` = 'e10adc3949ba59abbe56e057f20f883e' LIMIT 1   [ RunTime:0.0010s ]
SQL: UPDATE `shang_admin` SET `last_time`='1469788613',`last_ip`='172.16.11.198' WHERE `aid` = 25 [ RunTime:0.0410s ]
SQL: UPDATE `shang_admin` SET `time`='1469789766',`ip`='172.16.11.198' WHERE `aid` = 25 [ RunTime:0.0220s ]

[ 2016-07-29T18:56:38+08:00 ] 172.16.11.198 /index.php/Admin/Login/checkVerify.html
INFO: [ app_begin ] --START--
INFO: Run Behavior\ReadHtmlCacheBehavior [ RunTime:0.000000s ]
INFO: [ app_begin ] --END-- [ RunTime:0.001000s ]
INFO: [ app_end ] --START--
INFO: Run Behavior\ShowPageTraceBehavior [ RunTime:0.000000s ]
INFO: [ app_end ] --END-- [ RunTime:0.000000s ]

[ 2016-07-29T18:56:38+08:00 ] 172.16.11.198 /index.php/Admin/Login/login.html
INFO: [ app_begin ] --START--
INFO: Run Behavior\ReadHtmlCacheBehavior [ RunTime:0.001000s ]
INFO: [ app_begin ] --END-- [ RunTime:0.002000s ]
SQL: SHOW COLUMNS FROM `shang_admin` [ RunTime:0.0060s ]
NOTIC: [8] Undefined index: validate D:\five\shang\ThinkPHP\Library\Think\Model.class.php 第 1185 行.
NOTIC: [8] Undefined index: auto D:\five\shang\ThinkPHP\Library\Think\Model.class.php 第 1128 行.
SQL: SELECT * FROM `shang_admin` WHERE `adminname` = 'admin' AND `pwd` = 'e10adc3949ba59abbe56e057f20f883e' LIMIT 1   [ RunTime:0.0020s ]
SQL: UPDATE `shang_admin` SET `last_time`='1469789766',`last_ip`='172.16.11.198' WHERE `aid` = 25 [ RunTime:0.0440s ]
SQL: UPDATE `shang_admin` SET `time`='1469789798',`ip`='172.16.11.198' WHERE `aid` = 25 [ RunTime:0.0320s ]

[ 2016-07-29T18:57:58+08:00 ] 172.16.11.198 /index.php/Admin/Login/checkVerify.html
INFO: [ app_begin ] --START--
INFO: Run Behavior\ReadHtmlCacheBehavior [ RunTime:0.000000s ]
INFO: [ app_begin ] --END-- [ RunTime:0.002000s ]
INFO: [ app_end ] --START--
INFO: Run Behavior\ShowPageTraceBehavior [ RunTime:0.001000s ]
INFO: [ app_end ] --END-- [ RunTime:0.001000s ]

[ 2016-07-29T18:57:59+08:00 ] 172.16.11.198 /index.php/Admin/Login/login.html
INFO: [ app_begin ] --START--
INFO: Run Behavior\ReadHtmlCacheBehavior [ RunTime:0.001000s ]
INFO: [ app_begin ] --END-- [ RunTime:0.001000s ]
SQL: SHOW COLUMNS FROM `shang_admin` [ RunTime:0.0060s ]
NOTIC: [8] Undefined index: validate D:\five\shang\ThinkPHP\Library\Think\Model.class.php 第 1185 行.
NOTIC: [8] Undefined index: auto D:\five\shang\ThinkPHP\Library\Think\Model.class.php 第 1128 行.
SQL: SELECT * FROM `shang_admin` WHERE `adminname` = 'admin' AND `pwd` = 'e10adc3949ba59abbe56e057f20f883e' LIMIT 1   [ RunTime:0.0010s ]
SQL: UPDATE `shang_admin` SET `last_time`='1469789798',`last_ip`='172.16.11.198' WHERE `aid` = 25 [ RunTime:0.0460s ]
SQL: UPDATE `shang_admin` SET `time`='1469789879',`ip`='172.16.11.198' WHERE `aid` = 25 [ RunTime:0.0210s ]

[ 2016-07-29T18:58:23+08:00 ] 172.16.11.198 /index.php/Admin/Admin/logout.html
INFO: [ app_begin ] --START--
INFO: Run Behavior\ReadHtmlCacheBehavior [ RunTime:0.000000s ]
INFO: [ app_begin ] --END-- [ RunTime:0.001000s ]

[ 2016-07-29T18:58:59+08:00 ] 172.16.11.198 /index.php/Admin/Login/checkVerify.html
INFO: [ app_begin ] --START--
INFO: Run Behavior\ReadHtmlCacheBehavior [ RunTime:0.000000s ]
INFO: [ app_begin ] --END-- [ RunTime:0.000000s ]
INFO: [ app_end ] --START--
INFO: Run Behavior\ShowPageTraceBehavior [ RunTime:0.000000s ]
INFO: [ app_end ] --END-- [ RunTime:0.000000s ]

[ 2016-07-29T18:58:59+08:00 ] 172.16.11.198 /index.php/Admin/Login/login.html
INFO: [ app_begin ] --START--
INFO: Run Behavior\ReadHtmlCacheBehavior [ RunTime:0.001000s ]
INFO: [ app_begin ] --END-- [ RunTime:0.001000s ]
SQL: SHOW COLUMNS FROM `shang_admin` [ RunTime:0.0070s ]
NOTIC: [8] Undefined index: validate D:\five\shang\ThinkPHP\Library\Think\Model.class.php 第 1185 行.
NOTIC: [8] Undefined index: auto D:\five\shang\ThinkPHP\Library\Think\Model.class.php 第 1128 行.
SQL: SELECT * FROM `shang_admin` WHERE `adminname` = 'admin' AND `pwd` = 'e10adc3949ba59abbe56e057f20f883e' LIMIT 1   [ RunTime:0.0010s ]
SQL: UPDATE `shang_admin` SET `last_time`='1469789879',`last_ip`='172.16.11.198' WHERE `aid` = 25 [ RunTime:0.0430s ]
SQL: UPDATE `shang_admin` SET `time`='1469789939',`ip`='172.16.11.198' WHERE `aid` = 25 [ RunTime:0.0270s ]

[ 2016-07-29T18:59:13+08:00 ] 172.16.11.198 /index.php/Admin/User/editor/kindeditor.js
ERR: 非法操作:editor

[ 2016-07-29T18:59:15+08:00 ] 172.16.11.198 /index.php/Admin/User/editor/kindeditor.js
ERR: 非法操作:editor

[ 2016-07-29T19:04:21+08:00 ] 172.16.11.198 /index.php/Admin/Login/checkVerify.html
INFO: [ app_begin ] --START--
INFO: Run Behavior\ReadHtmlCacheBehavior [ RunTime:0.001000s ]
INFO: [ app_begin ] --END-- [ RunTime:0.002000s ]
INFO: [ app_end ] --START--
INFO: Run Behavior\ShowPageTraceBehavior [ RunTime:0.000000s ]
INFO: [ app_end ] --END-- [ RunTime:0.002000s ]

[ 2016-07-29T19:04:24+08:00 ] 172.16.11.198 /index.php/Admin/Login/checkVerify.html
INFO: [ app_begin ] --START--
INFO: Run Behavior\ReadHtmlCacheBehavior [ RunTime:0.001001s ]
INFO: [ app_begin ] --END-- [ RunTime:0.001001s ]
INFO: [ app_end ] --START--
INFO: Run Behavior\ShowPageTraceBehavior [ RunTime:0.001000s ]
INFO: [ app_end ] --END-- [ RunTime:0.001000s ]

[ 2016-07-29T19:04:26+08:00 ] 172.16.11.198 /index.php/Admin/Login/checkVerify.html
INFO: [ app_begin ] --START--
INFO: Run Behavior\ReadHtmlCacheBehavior [ RunTime:0.002000s ]
INFO: [ app_begin ] --END-- [ RunTime:0.003000s ]
INFO: [ app_end ] --START--
INFO: Run Behavior\ShowPageTraceBehavior [ RunTime:0.001000s ]
INFO: [ app_end ] --END-- [ RunTime:0.001000s ]

[ 2016-07-29T19:04:27+08:00 ] 172.16.11.198 /index.php/Admin/Login/login.html
INFO: [ app_begin ] --START--
INFO: Run Behavior\ReadHtmlCacheBehavior [ RunTime:0.001000s ]
INFO: [ app_begin ] --END-- [ RunTime:0.001000s ]
SQL: SHOW COLUMNS FROM `shang_admin` [ RunTime:0.0070s ]
NOTIC: [8] Undefined index: validate D:\five\shang\ThinkPHP\Library\Think\Model.class.php 第 1185 行.
NOTIC: [8] Undefined index: auto D:\five\shang\ThinkPHP\Library\Think\Model.class.php 第 1128 行.
SQL: SELECT * FROM `shang_admin` WHERE `adminname` = 'admin' AND `pwd` = 'e10adc3949ba59abbe56e057f20f883e' LIMIT 1   [ RunTime:0.0010s ]
SQL: UPDATE `shang_admin` SET `last_time`='1469789939',`last_ip`='172.16.11.198' WHERE `aid` = 25 [ RunTime:0.0480s ]
SQL: UPDATE `shang_admin` SET `time`='1469790267',`ip`='172.16.11.198' WHERE `aid` = 25 [ RunTime:0.0260s ]

[ 2016-07-29T19:14:30+08:00 ] 172.16.11.198 /index.php/Admin/Login/checkVerify.html
INFO: [ app_begin ] --START--
INFO: Run Behavior\ReadHtmlCacheBehavior [ RunTime:0.002000s ]
INFO: [ app_begin ] --END-- [ RunTime:0.002000s ]
INFO: [ app_end ] --START--
INFO: Run Behavior\ShowPageTraceBehavior [ RunTime:0.001000s ]
INFO: [ app_end ] --END-- [ RunTime:0.001000s ]

[ 2016-07-29T19:14:31+08:00 ] 172.16.11.198 /index.php/Admin/Login/login.html
INFO: [ app_begin ] --START--
INFO: Run Behavior\ReadHtmlCacheBehavior [ RunTime:0.000000s ]
INFO: [ app_begin ] --END-- [ RunTime:0.000000s ]
SQL: SHOW COLUMNS FROM `shang_admin` [ RunTime:0.0060s ]
NOTIC: [8] Undefined index: validate D:\five\shang\ThinkPHP\Library\Think\Model.class.php 第 1185 行.
NOTIC: [8] Undefined index: auto D:\five\shang\ThinkPHP\Library\Think\Model.class.php 第 1128 行.
SQL: SELECT * FROM `shang_admin` WHERE `adminname` = 'admin' AND `pwd` = '21232f297a57a5a743894a0e4a801fc3' LIMIT 1   [ RunTime:0.0010s ]

[ 2016-07-29T19:14:37+08:00 ] 172.16.11.198 /index.php/Admin/Login/login.html
INFO: [ app_begin ] --START--
INFO: Run Behavior\ReadHtmlCacheBehavior [ RunTime:0.001000s ]
INFO: [ app_begin ] --END-- [ RunTime:0.001000s ]
SQL: SHOW COLUMNS FROM `shang_admin` [ RunTime:0.0070s ]
NOTIC: [8] Undefined index: validate D:\five\shang\ThinkPHP\Library\Think\Model.class.php 第 1185 行.
NOTIC: [8] Undefined index: auto D:\five\shang\ThinkPHP\Library\Think\Model.class.php 第 1128 行.
SQL: SELECT * FROM `shang_admin` WHERE `adminname` = 'admin' AND `pwd` = 'e10adc3949ba59abbe56e057f20f883e' LIMIT 1   [ RunTime:0.0010s ]
SQL: UPDATE `shang_admin` SET `last_time`='1469790267',`last_ip`='172.16.11.198' WHERE `aid` = 25 [ RunTime:0.0370s ]
SQL: UPDATE `shang_admin` SET `time`='1469790877',`ip`='172.16.11.198' WHERE `aid` = 25 [ RunTime:0.0156s ]

[ 2016-07-29T19:14:49+08:00 ] 172.16.11.198 /index.php/Admin/Admin/logout.html
INFO: [ app_begin ] --START--
INFO: Run Behavior\ReadHtmlCacheBehavior [ RunTime:0.001000s ]
INFO: [ app_begin ] --END-- [ RunTime:0.001000s ]

[ 2016-07-29T20:07:11+08:00 ] 172.16.11.198 /index.php/Admin/Login/checkVerify.html
INFO: [ app_begin ] --START--
INFO: Run Behavior\ReadHtmlCacheBehavior [ RunTime:0.001000s ]
INFO: [ app_begin ] --END-- [ RunTime:0.001000s ]
INFO: [ app_end ] --START--
INFO: Run Behavior\ShowPageTraceBehavior [ RunTime:0.001000s ]
INFO: [ app_end ] --END-- [ RunTime:0.001000s ]

[ 2016-07-29T20:07:12+08:00 ] 172.16.11.198 /index.php/Admin/Login/login.html
INFO: [ app_begin ] --START--
INFO: Run Behavior\ReadHtmlCacheBehavior [ RunTime:0.000000s ]
INFO: [ app_begin ] --END-- [ RunTime:0.000000s ]
SQL: SHOW COLUMNS FROM `shang_admin` [ RunTime:0.0080s ]
NOTIC: [8] Undefined index: validate D:\five\shang\ThinkPHP\Library\Think\Model.class.php 第 1185 行.
NOTIC: [8] Undefined index: auto D:\five\shang\ThinkPHP\Library\Think\Model.class.php 第 1128 行.
SQL: SELECT * FROM `shang_admin` WHERE `adminname` = 'zcx' AND `pwd` = 'ac0881ac3355c807bfb2a197d9c77535' LIMIT 1   [ RunTime:0.0020s ]

[ 2016-07-29T20:07:21+08:00 ] 172.16.11.198 /index.php/Admin/Login/login.html
INFO: [ app_begin ] --START--
INFO: Run Behavior\ReadHtmlCacheBehavior [ RunTime:0.001000s ]
INFO: [ app_begin ] --END-- [ RunTime:0.001000s ]
SQL: SHOW COLUMNS FROM `shang_admin` [ RunTime:0.0070s ]
NOTIC: [8] Undefined index: validate D:\five\shang\ThinkPHP\Library\Think\Model.class.php 第 1185 行.
NOTIC: [8] Undefined index: auto D:\five\shang\ThinkPHP\Library\Think\Model.class.php 第 1128 行.
SQL: SELECT * FROM `shang_admin` WHERE `adminname` = 'admin' AND `pwd` = '21232f297a57a5a743894a0e4a801fc3' LIMIT 1   [ RunTime:0.0010s ]

[ 2016-07-29T20:07:27+08:00 ] 172.16.11.198 /index.php/Admin/Login/checkVerify.html
INFO: [ app_begin ] --START--
INFO: Run Behavior\ReadHtmlCacheBehavior [ RunTime:0.001000s ]
INFO: [ app_begin ] --END-- [ RunTime:0.001000s ]
INFO: [ app_end ] --START--
INFO: Run Behavior\ShowPageTraceBehavior [ RunTime:0.001000s ]
INFO: [ app_end ] --END-- [ RunTime:0.001000s ]

[ 2016-07-29T20:07:28+08:00 ] 172.16.11.198 /index.php/Admin/Login/login.html
INFO: [ app_begin ] --START--
INFO: Run Behavior\ReadHtmlCacheBehavior [ RunTime:0.000000s ]
INFO: [ app_begin ] --END-- [ RunTime:0.001000s ]
SQL: SHOW COLUMNS FROM `shang_admin` [ RunTime:0.0070s ]
NOTIC: [8] Undefined index: validate D:\five\shang\ThinkPHP\Library\Think\Model.class.php 第 1185 行.
NOTIC: [8] Undefined index: auto D:\five\shang\ThinkPHP\Library\Think\Model.class.php 第 1128 行.
SQL: SELECT * FROM `shang_admin` WHERE `adminname` = 'admin' AND `pwd` = 'e10adc3949ba59abbe56e057f20f883e' LIMIT 1   [ RunTime:0.0010s ]
SQL: UPDATE `shang_admin` SET `last_time`='1469790877',`last_ip`='172.16.11.198' WHERE `aid` = 25 [ RunTime:0.0490s ]
SQL: UPDATE `shang_admin` SET `time`='1469794048',`ip`='172.16.11.198' WHERE `aid` = 25 [ RunTime:0.0230s ]

[ 2016-07-29T20:17:28+08:00 ] 172.16.11.198 /index.php/Admin/Admin/del.html?aid=25
INFO: [ app_begin ] --START--
INFO: Run Behavior\ReadHtmlCacheBehavior [ RunTime:0.000000s ]
INFO: [ app_begin ] --END-- [ RunTime:0.001000s ]
SQL: SHOW COLUMNS FROM `shang_admin` [ RunTime:0.0050s ]
SQL: DELETE FROM `shang_admin` WHERE `aid` = 25 [ RunTime:0.0468s ]

[ 2016-07-29T20:17:52+08:00 ] 172.16.11.198 /index.php/Admin/Admin/add.html
INFO: [ app_begin ] --START--
INFO: Run Behavior\ReadHtmlCacheBehavior [ RunTime:0.001000s ]
INFO: [ app_begin ] --END-- [ RunTime:0.001000s ]
SQL: SHOW COLUMNS FROM `shang_admin` [ RunTime:0.0040s ]
NOTIC: [8] Undefined index: validate D:\five\shang\ThinkPHP\Library\Think\Model.class.php 第 1185 行.
NOTIC: [8] Undefined index: auto D:\five\shang\ThinkPHP\Library\Think\Model.class.php 第 1128 行.
SQL: SELECT * FROM `shang_admin` WHERE `adminname` = 'ddd' LIMIT 1   [ RunTime:0.0000s ]
SQL: INSERT INTO `shang_admin` (`adminname`,`pwd`,`status`) VALUES ('ddd','77963b7a931377ad4ab5ad6a9cd718aa','1') [ RunTime:0.0624s ]

[ 2016-07-29T20:18:04+08:00 ] 172.16.11.198 /index.php/Admin/Admin/logout.html
INFO: [ app_begin ] --START--
INFO: Run Behavior\ReadHtmlCacheBehavior [ RunTime:0.000000s ]
INFO: [ app_begin ] --END-- [ RunTime:0.000000s ]

[ 2016-07-29T20:18:14+08:00 ] 172.16.11.198 /index.php/Admin/Login/checkVerify.html
INFO: [ app_begin ] --START--
INFO: Run Behavior\ReadHtmlCacheBehavior [ RunTime:0.001000s ]
INFO: [ app_begin ] --END-- [ RunTime:0.002001s ]
INFO: [ app_end ] --START--
INFO: Run Behavior\ShowPageTraceBehavior [ RunTime:0.001000s ]
INFO: [ app_end ] --END-- [ RunTime:0.001000s ]

[ 2016-07-29T20:18:15+08:00 ] 172.16.11.198 /index.php/Admin/Login/login.html
INFO: [ app_begin ] --START--
INFO: Run Behavior\ReadHtmlCacheBehavior [ RunTime:0.000000s ]
INFO: [ app_begin ] --END-- [ RunTime:0.001000s ]
SQL: SHOW COLUMNS FROM `shang_admin` [ RunTime:0.0070s ]
NOTIC: [8] Undefined index: validate D:\five\shang\ThinkPHP\Library\Think\Model.class.php 第 1185 行.
NOTIC: [8] Undefined index: auto D:\five\shang\ThinkPHP\Library\Think\Model.class.php 第 1128 行.
SQL: SELECT * FROM `shang_admin` WHERE `adminname` = 'ddd' AND `pwd` = '77963b7a931377ad4ab5ad6a9cd718aa' LIMIT 1   [ RunTime:0.0010s ]
SQL: UPDATE `shang_admin` SET `last_time`='0',`last_ip`='' WHERE `aid` = 30 [ RunTime:0.0450s ]
SQL: UPDATE `shang_admin` SET `time`='1469794695',`ip`='172.16.11.198' WHERE `aid` = 30 [ RunTime:0.0176s ]

[ 2016-07-29T20:18:39+08:00 ] 172.16.11.198 /index.php/Admin/Admin/logout.html
INFO: [ app_begin ] --START--
INFO: Run Behavior\ReadHtmlCacheBehavior [ RunTime:0.001000s ]
INFO: [ app_begin ] --END-- [ RunTime:0.001000s ]

[ 2016-07-29T20:18:46+08:00 ] 172.16.11.198 /index.php/Admin/Login/checkVerify.html
INFO: [ app_begin ] --START--
INFO: Run Behavior\ReadHtmlCacheBehavior [ RunTime:0.002000s ]
INFO: [ app_begin ] --END-- [ RunTime:0.003000s ]
INFO: [ app_end ] --START--
INFO: Run Behavior\ShowPageTraceBehavior [ RunTime:0.001000s ]
INFO: [ app_end ] --END-- [ RunTime:0.001000s ]

[ 2016-07-29T20:18:47+08:00 ] 172.16.11.198 /index.php/Admin/Login/login.html
INFO: [ app_begin ] --START--
INFO: Run Behavior\ReadHtmlCacheBehavior [ RunTime:0.000000s ]
INFO: [ app_begin ] --END-- [ RunTime:0.001000s ]
SQL: SHOW COLUMNS FROM `shang_admin` [ RunTime:0.0070s ]
NOTIC: [8] Undefined index: validate D:\five\shang\ThinkPHP\Library\Think\Model.class.php 第 1185 行.
NOTIC: [8] Undefined index: auto D:\five\shang\ThinkPHP\Library\Think\Model.class.php 第 1128 行.
SQL: SELECT * FROM `shang_admin` WHERE `adminname` = 'ddd' AND `pwd` = '77963b7a931377ad4ab5ad6a9cd718aa' LIMIT 1   [ RunTime:0.0010s ]
SQL: UPDATE `shang_admin` SET `last_time`='1469794695',`last_ip`='172.16.11.198' WHERE `aid` = 30 [ RunTime:0.0230s ]
SQL: UPDATE `shang_admin` SET `time`='1469794727',`ip`='172.16.11.198' WHERE `aid` = 30 [ RunTime:0.0260s ]

[ 2016-07-29T20:19:27+08:00 ] 172.16.11.198 /index.php/Admin/Admin/logout.html
INFO: [ app_begin ] --START--
INFO: Run Behavior\ReadHtmlCacheBehavior [ RunTime:0.000000s ]
INFO: [ app_begin ] --END-- [ RunTime:0.000000s ]

[ 2016-07-29T20:19:37+08:00 ] 172.16.11.198 /index.php/Admin/Login/checkVerify.html
INFO: [ app_begin ] --START--
INFO: Run Behavior\ReadHtmlCacheBehavior [ RunTime:0.001000s ]
INFO: [ app_begin ] --END-- [ RunTime:0.002000s ]
INFO: [ app_end ] --START--
INFO: Run Behavior\ShowPageTraceBehavior [ RunTime:0.000000s ]
INFO: [ app_end ] --END-- [ RunTime:0.000000s ]

[ 2016-07-29T20:19:40+08:00 ] 172.16.11.198 /index.php/Admin/Login/checkVerify.html
INFO: [ app_begin ] --START--
INFO: Run Behavior\ReadHtmlCacheBehavior [ RunTime:0.001000s ]
INFO: [ app_begin ] --END-- [ RunTime:0.002000s ]
INFO: [ app_end ] --START--
INFO: Run Behavior\ShowPageTraceBehavior [ RunTime:0.001000s ]
INFO: [ app_end ] --END-- [ RunTime:0.001000s ]

[ 2016-07-29T20:19:42+08:00 ] 172.16.11.198 /index.php/Admin/Login/login.html
INFO: [ app_begin ] --START--
INFO: Run Behavior\ReadHtmlCacheBehavior [ RunTime:0.000000s ]
INFO: [ app_begin ] --END-- [ RunTime:0.001000s ]
SQL: SHOW COLUMNS FROM `shang_admin` [ RunTime:0.0070s ]
NOTIC: [8] Undefined index: validate D:\five\shang\ThinkPHP\Library\Think\Model.class.php 第 1185 行.
NOTIC: [8] Undefined index: auto D:\five\shang\ThinkPHP\Library\Think\Model.class.php 第 1128 行.
SQL: SELECT * FROM `shang_admin` WHERE `adminname` = 'jhh' AND `pwd` = '34581b76f0d54626fc3d0b8404c0c2e9' LIMIT 1   [ RunTime:0.0010s ]
SQL: UPDATE `shang_admin` SET `last_time`='1469667469',`last_ip`='127.0.0.1' WHERE `aid` = 23 [ RunTime:0.0460s ]
SQL: UPDATE `shang_admin` SET `time`='1469794782',`ip`='172.16.11.198' WHERE `aid` = 23 [ RunTime:0.0260s ]

[ 2016-07-29T20:19:55+08:00 ] 172.16.11.198 /index.php/Admin/Admin/add.html
INFO: [ app_begin ] --START--
INFO: Run Behavior\ReadHtmlCacheBehavior [ RunTime:0.000000s ]
INFO: [ app_begin ] --END-- [ RunTime:0.000000s ]
SQL: SHOW COLUMNS FROM `shang_admin` [ RunTime:0.0070s ]
NOTIC: [8] Undefined index: validate D:\five\shang\ThinkPHP\Library\Think\Model.class.php 第 1185 行.
NOTIC: [8] Undefined index: auto D:\five\shang\ThinkPHP\Library\Think\Model.class.php 第 1128 行.
SQL: SELECT * FROM `shang_admin` WHERE `adminname` = 'fff' LIMIT 1   [ RunTime:0.0010s ]
SQL: INSERT INTO `shang_admin` (`adminname`,`pwd`,`status`) VALUES ('fff','343d9040a671c45832ee5381860e2996','1') [ RunTime:0.0432s ]

[ 2016-07-29T20:20:19+08:00 ] 172.16.11.198 /index.php/Admin/Admin/logout.html
INFO: [ app_begin ] --START--
INFO: Run Behavior\ReadHtmlCacheBehavior [ RunTime:0.001000s ]
INFO: [ app_begin ] --END-- [ RunTime:0.002000s ]

[ 2016-07-29T20:20:27+08:00 ] 172.16.11.198 /index.php/Admin/Login/checkVerify.html
INFO: [ app_begin ] --START--
INFO: Run Behavior\ReadHtmlCacheBehavior [ RunTime:0.001000s ]
INFO: [ app_begin ] --END-- [ RunTime:0.002000s ]
INFO: [ app_end ] --START--
INFO: Run Behavior\ShowPageTraceBehavior [ RunTime:0.002000s ]
INFO: [ app_end ] --END-- [ RunTime:0.002000s ]

[ 2016-07-29T20:20:28+08:00 ] 172.16.11.198 /index.php/Admin/Login/login.html
INFO: [ app_begin ] --START--
INFO: Run Behavior\ReadHtmlCacheBehavior [ RunTime:0.001000s ]
INFO: [ app_begin ] --END-- [ RunTime:0.001000s ]
SQL: SHOW COLUMNS FROM `shang_admin` [ RunTime:0.0070s ]
NOTIC: [8] Undefined index: validate D:\five\shang\ThinkPHP\Library\Think\Model.class.php 第 1185 行.
NOTIC: [8] Undefined index: auto D:\five\shang\ThinkPHP\Library\Think\Model.class.php 第 1128 行.
SQL: SELECT * FROM `shang_admin` WHERE `adminname` = 'fff' AND `pwd` = '343d9040a671c45832ee5381860e2996' LIMIT 1   [ RunTime:0.0010s ]
SQL: UPDATE `shang_admin` SET `last_time`='0',`last_ip`='' WHERE `aid` = 31 [ RunTime:0.0350s ]
SQL: UPDATE `shang_admin` SET `time`='1469794828',`ip`='172.16.11.198' WHERE `aid` = 31 [ RunTime:0.0270s ]

[ 2016-07-29T20:29:22+08:00 ] 172.16.11.198 /index.php/Admin/Brand/del_brand.html?bid=50
INFO: [ app_begin ] --START--
INFO: Run Behavior\ReadHtmlCacheBehavior [ RunTime:0.000000s ]
INFO: [ app_begin ] --END-- [ RunTime:0.000000s ]
SQL: SHOW COLUMNS FROM `shang_brand` [ RunTime:0.0060s ]
SQL: DELETE FROM `shang_brand` WHERE ( bid=50 ) [ RunTime:0.0478s ]

[ 2016-07-29T20:31:51+08:00 ] 172.16.11.198 /index.php/Admin/Goods/index.css
ERR: 非法操作:index.css

[ 2016-07-29T20:32:19+08:00 ] 172.16.11.198 /index.php/Admin/Goods/index.css
ERR: 非法操作:index.css

[ 2016-07-29T20:32:23+08:00 ] 172.16.11.198 /index.php/Admin/User/editor/kindeditor.js
ERR: 非法操作:editor

[ 2016-07-29T20:33:00+08:00 ] 172.16.11.198 /index.php/Admin/User/editor/kindeditor.js
ERR: 非法操作:editor

[ 2016-07-29T20:33:11+08:00 ] 172.16.11.198 /index.php/Admin/User/editor/kindeditor.js
ERR: 非法操作:editor

[ 2016-07-29T20:33:18+08:00 ] 172.16.11.198 /index.php/Admin/User/editor/kindeditor.js
ERR: 非法操作:editor

[ 2016-07-29T20:33:43+08:00 ] 172.16.11.198 /index.php/Admin/User/del.html%20?id=15
INFO: [ app_begin ] --START--
INFO: Run Behavior\ReadHtmlCacheBehavior [ RunTime:0.001000s ]
INFO: [ app_begin ] --END-- [ RunTime:0.002000s ]
SQL: SHOW COLUMNS FROM `shang_user` [ RunTime:0.0000s ]
SQL: DELETE FROM `shang_user` WHERE ( id='15' ) [ RunTime:0.0468s ]

[ 2016-07-29T20:33:43+08:00 ] 172.16.11.198 /index.php/Admin/User/editor/kindeditor.js
ERR: 非法操作:editor

[ 2016-07-29T20:34:01+08:00 ] 172.16.11.198 /index.php/Admin/User/editor/kindeditor.js
ERR: 非法操作:editor

[ 2016-07-29T20:34:11+08:00 ] 172.16.11.198 /index.php/Admin/User/editor/kindeditor.js
ERR: 非法操作:editor

[ 2016-07-29T20:34:16+08:00 ] 172.16.11.198 /index.php/Admin/Ad/editor/kindeditor.js
ERR: 非法操作:editor

[ 2016-07-29T20:34:41+08:00 ] 172.16.11.198 /index.php/Admin/Admin/logout.html
INFO: [ app_begin ] --START--
INFO: Run Behavior\ReadHtmlCacheBehavior [ RunTime:0.001000s ]
INFO: [ app_begin ] --END-- [ RunTime:0.001000s ]

[ 2016-07-29T20:34:54+08:00 ] 172.16.11.198 /index.php/Admin/Login/checkVerify.html
INFO: [ app_begin ] --START--
INFO: Run Behavior\ReadHtmlCacheBehavior [ RunTime:0.000000s ]
INFO: [ app_begin ] --END-- [ RunTime:0.001000s ]
INFO: [ app_end ] --START--
INFO: Run Behavior\ShowPageTraceBehavior [ RunTime:0.002001s ]
INFO: [ app_end ] --END-- [ RunTime:0.002001s ]

[ 2016-07-29T20:34:55+08:00 ] 172.16.11.198 /index.php/Admin/Login/login.html
INFO: [ app_begin ] --START--
INFO: Run Behavior\ReadHtmlCacheBehavior [ RunTime:0.000000s ]
INFO: [ app_begin ] --END-- [ RunTime:0.001000s ]
SQL: SHOW COLUMNS FROM `shang_admin` [ RunTime:0.0080s ]
NOTIC: [8] Undefined index: validate D:\five\shang\ThinkPHP\Library\Think\Model.class.php 第 1185 行.
NOTIC: [8] Undefined index: auto D:\five\shang\ThinkPHP\Library\Think\Model.class.php 第 1128 行.
SQL: SELECT * FROM `shang_admin` WHERE `adminname` = 'zcx' AND `pwd` = 'ac0881ac3355c807bfb2a197d9c77535' LIMIT 1   [ RunTime:0.0020s ]

[ 2016-07-29T20:35:12+08:00 ] 172.16.11.198 /index.php/Admin/Login/checkVerify.html
INFO: [ app_begin ] --START--
INFO: Run Behavior\ReadHtmlCacheBehavior [ RunTime:0.000000s ]
INFO: [ app_begin ] --END-- [ RunTime:0.001000s ]
INFO: [ app_end ] --START--
INFO: Run Behavior\ShowPageTraceBehavior [ RunTime:0.000000s ]
INFO: [ app_end ] --END-- [ RunTime:0.000000s ]

[ 2016-07-29T20:35:13+08:00 ] 172.16.11.198 /index.php/Admin/Login/login.html
INFO: [ app_begin ] --START--
INFO: Run Behavior\ReadHtmlCacheBehavior [ RunTime:0.001000s ]
INFO: [ app_begin ] --END-- [ RunTime:0.001000s ]
SQL: SHOW COLUMNS FROM `shang_admin` [ RunTime:0.0070s ]
NOTIC: [8] Undefined index: validate D:\five\shang\ThinkPHP\Library\Think\Model.class.php 第 1185 行.
NOTIC: [8] Undefined index: auto D:\five\shang\ThinkPHP\Library\Think\Model.class.php 第 1128 行.
SQL: SELECT * FROM `shang_admin` WHERE `adminname` = 'zjj' AND `pwd` = '9ed1d718cf330795214ccd8e1fcdde09' LIMIT 1   [ RunTime:0.0010s ]
SQL: UPDATE `shang_admin` SET `last_time`='1469764830',`last_ip`='172.16.11.182' WHERE `aid` = 24 [ RunTime:0.0260s ]
SQL: UPDATE `shang_admin` SET `time`='1469795713',`ip`='172.16.11.198' WHERE `aid` = 24 [ RunTime:0.0260s ]

[ 2016-07-29T20:35:17+08:00 ] 172.16.11.198 /index.php/Admin/Order/editor/kindeditor.js
ERR: 非法操作:editor

[ 2016-07-29T20:35:33+08:00 ] 172.16.11.198 /index.php/Admin/Order/editor/kindeditor.js
ERR: 非法操作:editor

[ 2016-07-29T20:36:24+08:00 ] 172.16.11.198 /index.php/Admin/Admin/logout.html
INFO: [ app_begin ] --START--
INFO: Run Behavior\ReadHtmlCacheBehavior [ RunTime:0.001000s ]
INFO: [ app_begin ] --END-- [ RunTime:0.001000s ]

[ 2016-07-29T20:43:31+08:00 ] 172.16.11.198 /index.php/Admin/Login/checkVerify.html
INFO: [ app_begin ] --START--
INFO: Run Behavior\ReadHtmlCacheBehavior [ RunTime:0.001000s ]
INFO: [ app_begin ] --END-- [ RunTime:0.001000s ]
INFO: [ app_end ] --START--
INFO: Run Behavior\ShowPageTraceBehavior [ RunTime:0.002000s ]
INFO: [ app_end ] --END-- [ RunTime:0.002000s ]

[ 2016-07-29T20:43:32+08:00 ] 172.16.11.198 /index.php/Admin/Login/login.html
INFO: [ app_begin ] --START--
INFO: Run Behavior\ReadHtmlCacheBehavior [ RunTime:0.001000s ]
INFO: [ app_begin ] --END-- [ RunTime:0.001000s ]
SQL: SHOW COLUMNS FROM `shang_admin` [ RunTime:0.0070s ]
NOTIC: [8] Undefined index: validate D:\five\shang\ThinkPHP\Library\Think\Model.class.php 第 1185 行.
NOTIC: [8] Undefined index: auto D:\five\shang\ThinkPHP\Library\Think\Model.class.php 第 1128 行.
SQL: SELECT * FROM `shang_admin` WHERE `adminname` = 'zjj' AND `pwd` = '9ed1d718cf330795214ccd8e1fcdde09' LIMIT 1   [ RunTime:0.0010s ]
SQL: UPDATE `shang_admin` SET `last_time`='1469795713',`last_ip`='172.16.11.198' WHERE `aid` = 24 [ RunTime:0.0260s ]
SQL: UPDATE `shang_admin` SET `time`='1469796212',`ip`='172.16.11.198' WHERE `aid` = 24 [ RunTime:0.0270s ]

[ 2016-07-29T20:43:37+08:00 ] 172.16.11.198 /index.php/Admin/User/editor/kindeditor.js
ERR: 非法操作:editor

[ 2016-07-29T20:43:40+08:00 ] 172.16.11.198 /index.php/Admin/User/editor/kindeditor.js
ERR: 非法操作:editor

[ 2016-07-29T20:43:46+08:00 ] 172.16.11.198 /index.php/Admin/User/editor/kindeditor.js
ERR: 非法操作:editor

[ 2016-07-29T20:46:10+08:00 ] 172.16.11.198 /index.php/Admin/User/editor/kindeditor.js
ERR: 非法操作:editor

[ 2016-07-29T20:46:38+08:00 ] 172.16.11.198 /index.php/Admin/User/editor/kindeditor.js
ERR: 非法操作:editor

[ 2016-07-29T20:46:40+08:00 ] 172.16.11.198 /index.php/Admin/User/on.html%20?id=1
INFO: [ app_begin ] --START--
INFO: Run Behavior\ReadHtmlCacheBehavior [ RunTime:0.001000s ]
INFO: [ app_begin ] --END-- [ RunTime:0.001000s ]
SQL: SHOW COLUMNS FROM `shang_user` [ RunTime:0.0080s ]
SQL: UPDATE `shang_user` SET `level`='1',`expense`='0' WHERE `id` = 1 [ RunTime:0.0250s ]

[ 2016-07-29T20:46:40+08:00 ] 172.16.11.198 /index.php/Admin/User/editor/kindeditor.js
ERR: 非法操作:editor

[ 2016-07-29T20:46:54+08:00 ] 172.16.11.198 /index.php/Admin/Admin/off.html?aid=31&status=1
INFO: [ app_begin ] --START--
INFO: Run Behavior\ReadHtmlCacheBehavior [ RunTime:0.001000s ]
INFO: [ app_begin ] --END-- [ RunTime:0.001000s ]
SQL: SHOW COLUMNS FROM `shang_admin` [ RunTime:0.0000s ]
SQL: UPDATE `shang_admin` SET `status`='0' WHERE `aid` = 31 [ RunTime:0.0468s ]

[ 2016-07-29T20:46:57+08:00 ] 172.16.11.198 /index.php/Admin/Admin/on.html?aid=31
INFO: [ app_begin ] --START--
INFO: Run Behavior\ReadHtmlCacheBehavior [ RunTime:0.000000s ]
INFO: [ app_begin ] --END-- [ RunTime:0.000000s ]
SQL: SHOW COLUMNS FROM `shang_admin` [ RunTime:0.0060s ]
SQL: UPDATE `shang_admin` SET `status`='1' WHERE `aid` = 31 [ RunTime:0.0380s ]

[ 2016-07-29T20:51:22+08:00 ] 172.16.11.198 /index.php/Admin/Admin/off.html?aid=31&status=1
INFO: [ app_begin ] --START--
INFO: Run Behavior\ReadHtmlCacheBehavior [ RunTime:0.015600s ]
INFO: [ app_begin ] --END-- [ RunTime:0.015600s ]
SQL: SHOW COLUMNS FROM `shang_admin` [ RunTime:0.0060s ]
SQL: UPDATE `shang_admin` SET `status`='0' WHERE `aid` = 31 [ RunTime:0.1570s ]

[ 2016-07-29T20:51:26+08:00 ] 172.16.11.198 /index.php/Admin/Admin/on.html?aid=31
INFO: [ app_begin ] --START--
INFO: Run Behavior\ReadHtmlCacheBehavior [ RunTime:0.001000s ]
INFO: [ app_begin ] --END-- [ RunTime:0.001000s ]
SQL: SHOW COLUMNS FROM `shang_admin` [ RunTime:0.0070s ]
SQL: UPDATE `shang_admin` SET `status`='1' WHERE `aid` = 31 [ RunTime:0.0310s ]

[ 2016-07-29T20:51:47+08:00 ] 172.16.11.198 /index.php/Admin/User/editor/kindeditor.js
ERR: 非法操作:editor

[ 2016-07-29T20:51:51+08:00 ] 172.16.11.198 /index.php/Admin/User/editor/kindeditor.js
ERR: 非法操作:editor

[ 2016-07-29T20:51:52+08:00 ] 172.16.11.198 /index.php/Admin/User/on.html%20?id=1
INFO: [ app_begin ] --START--
INFO: Run Behavior\ReadHtmlCacheBehavior [ RunTime:0.000000s ]
INFO: [ app_begin ] --END-- [ RunTime:0.001000s ]
SQL: SHOW COLUMNS FROM `shang_user` [ RunTime:0.0070s ]
SQL: UPDATE `shang_user` SET `level`='1',`expense`='0' WHERE `id` = 1 [ RunTime:0.0360s ]

[ 2016-07-29T20:51:52+08:00 ] 172.16.11.198 /index.php/Admin/User/editor/kindeditor.js
ERR: 非法操作:editor

[ 2016-07-29T20:54:35+08:00 ] 172.16.11.198 /index.php/Admin/User/editor/kindeditor.js
ERR: 非法操作:editor

[ 2016-07-29T20:54:39+08:00 ] 172.16.11.198 /index.php/Admin/User/editor/kindeditor.js
ERR: 非法操作:editor

[ 2016-07-29T20:54:40+08:00 ] 172.16.11.198 /index.php/Admin/User/editor/kindeditor.js
ERR: 非法操作:editor

[ 2016-07-29T20:54:49+08:00 ] 172.16.11.198 /index.php/Admin/User/editor/kindeditor.js
ERR: 非法操作:editor

[ 2016-07-29T20:54:54+08:00 ] 172.16.11.198 /index.php/Admin/User/editor/kindeditor.js
ERR: 非法操作:editor

[ 2016-07-29T20:54:55+08:00 ] 172.16.11.198 /index.php/Admin/User/on.html%20?id=1
INFO: [ app_begin ] --START--
INFO: Run Behavior\ReadHtmlCacheBehavior [ RunTime:0.001000s ]
INFO: [ app_begin ] --END-- [ RunTime:0.001000s ]
SQL: SHOW COLUMNS FROM `shang_user` [ RunTime:0.0000s ]
SQL: UPDATE `shang_user` SET `level`='1',`expense`='0' WHERE `id` = 1 [ RunTime:0.0568s ]

[ 2016-07-29T20:54:57+08:00 ] 172.16.11.198 /index.php/Admin/User/editor/kindeditor.js
ERR: 非法操作:editor

