[ 2016-07-26T11:17:39+08:00 ] 127.0.0.1 /index.php/Home/Custom/chkVerify.html
INFO: [ app_begin ] --START--
INFO: Run Behavior\ReadHtmlCacheBehavior [ RunTime:0.000000s ]
INFO: [ app_begin ] --END-- [ RunTime:0.001001s ]
INFO: [ app_end ] --START--
INFO: Run Behavior\ShowPageTraceBehavior [ RunTime:0.001000s ]
INFO: [ app_end ] --END-- [ RunTime:0.001000s ]

[ 2016-07-26T11:17:39+08:00 ] 127.0.0.1 /index.php/Home/Custom/login.html
INFO: [ app_begin ] --START--
INFO: Run Behavior\ReadHtmlCacheBehavior [ RunTime:0.000000s ]
INFO: [ app_begin ] --END-- [ RunTime:0.001000s ]
SQL: SHOW COLUMNS FROM `fl_custom` [ RunTime:0.0050s ]
SQL: SELECT `custom_id`,`custom_go` FROM `fl_custom` WHERE `custom_username` = 'admin' AND `custom_pwd` = '21232f297a57a5a743894a0e4a801fc3' LIMIT 1   [ RunTime:0.0020s ]

[ 2016-07-26T11:17:44+08:00 ] 127.0.0.1 /index.php/Home/Custom/login.html
INFO: [ app_begin ] --START--
INFO: Run Behavior\ReadHtmlCacheBehavior [ RunTime:0.001000s ]
INFO: [ app_begin ] --END-- [ RunTime:0.001000s ]
SQL: SHOW COLUMNS FROM `fl_custom` [ RunTime:0.0010s ]
SQL: SELECT `custom_id`,`custom_go` FROM `fl_custom` WHERE `custom_username` = 'admin' AND `custom_pwd` = 'e10adc3949ba59abbe56e057f20f883e' LIMIT 1   [ RunTime:0.0000s ]
NOTIC: [8] Undefined index: cart D:\wamp\www\one\FL\Home\Controller\CustomController.class.php 第 59 行.

[ 2016-07-26T11:18:24+08:00 ] 127.0.0.1 /index.php/Home/Custom/chkVerify.html
INFO: [ app_begin ] --START--
INFO: Run Behavior\ReadHtmlCacheBehavior [ RunTime:0.000000s ]
INFO: [ app_begin ] --END-- [ RunTime:0.001000s ]
INFO: [ app_end ] --START--
INFO: Run Behavior\ShowPageTraceBehavior [ RunTime:0.001000s ]
INFO: [ app_end ] --END-- [ RunTime:0.001000s ]

[ 2016-07-26T11:18:24+08:00 ] 127.0.0.1 /index.php/Home/Custom/login.html
INFO: [ app_begin ] --START--
INFO: Run Behavior\ReadHtmlCacheBehavior [ RunTime:0.001000s ]
INFO: [ app_begin ] --END-- [ RunTime:0.001000s ]
SQL: SHOW COLUMNS FROM `fl_custom` [ RunTime:0.0040s ]
SQL: SELECT `custom_id`,`custom_go` FROM `fl_custom` WHERE `custom_username` = 'admin' AND `custom_pwd` = '21232f297a57a5a743894a0e4a801fc3' LIMIT 1   [ RunTime:0.0010s ]

[ 2016-07-26T11:18:28+08:00 ] 127.0.0.1 /index.php/Home/Custom/login.html
INFO: [ app_begin ] --START--
INFO: Run Behavior\ReadHtmlCacheBehavior [ RunTime:0.000000s ]
INFO: [ app_begin ] --END-- [ RunTime:0.001000s ]
SQL: SHOW COLUMNS FROM `fl_custom` [ RunTime:0.0040s ]
SQL: SELECT `custom_id`,`custom_go` FROM `fl_custom` WHERE `custom_username` = 'admin' AND `custom_pwd` = '21232f297a57a5a743894a0e4a801fc3' LIMIT 1   [ RunTime:0.0000s ]

[ 2016-07-26T11:18:35+08:00 ] 127.0.0.1 /index.php/Home/Custom/login.html
INFO: [ app_begin ] --START--
INFO: Run Behavior\ReadHtmlCacheBehavior [ RunTime:0.001000s ]
INFO: [ app_begin ] --END-- [ RunTime:0.001000s ]
SQL: SHOW COLUMNS FROM `fl_custom` [ RunTime:0.0040s ]
SQL: SELECT `custom_id`,`custom_go` FROM `fl_custom` WHERE `custom_username` = 'admin' AND `custom_pwd` = 'e10adc3949ba59abbe56e057f20f883e' LIMIT 1   [ RunTime:0.0010s ]
NOTIC: [8] Undefined index: cart D:\wamp\www\one\FL\Home\Controller\CustomController.class.php 第 59 行.

[ 2016-07-26T11:19:00+08:00 ] 127.0.0.1 /index.php/Home/Custom/isLogin.html
INFO: [ app_begin ] --START--
INFO: Run Behavior\ReadHtmlCacheBehavior [ RunTime:0.000000s ]
INFO: [ app_begin ] --END-- [ RunTime:0.001000s ]
ERR: 非法操作:isLogin

[ 2016-07-26T11:19:03+08:00 ] 127.0.0.1 /index.php/Home/Detail/index.html
INFO: [ app_begin ] --START--
INFO: Run Behavior\ReadHtmlCacheBehavior [ RunTime:0.001000s ]
INFO: [ app_begin ] --END-- [ RunTime:0.001000s ]
SQL: SHOW COLUMNS FROM `fl_prod` [ RunTime:0.0040s ]
SQL: SELECT * FROM `fl_prod` WHERE ( prod_id=12 )  [ RunTime:0.0010s ]

[ 2016-07-26T11:19:05+08:00 ] 127.0.0.1 /index.php/Home/Custom/isLogin.html
INFO: [ app_begin ] --START--
INFO: Run Behavior\ReadHtmlCacheBehavior [ RunTime:0.001000s ]
INFO: [ app_begin ] --END-- [ RunTime:0.001000s ]
ERR: 非法操作:isLogin

[ 2016-07-26T11:20:22+08:00 ] 127.0.0.1 /index.php/Home/Custom/isLogin.html
INFO: [ app_begin ] --START--
INFO: Run Behavior\ReadHtmlCacheBehavior [ RunTime:0.000000s ]
INFO: [ app_begin ] --END-- [ RunTime:0.001000s ]
ERR: 非法操作:isLogin

[ 2016-07-26T11:20:27+08:00 ] 127.0.0.1 /index.php/Home/Custom/isLogin.html
INFO: [ app_begin ] --START--
INFO: Run Behavior\ReadHtmlCacheBehavior [ RunTime:0.000000s ]
INFO: [ app_begin ] --END-- [ RunTime:0.001000s ]
ERR: 非法操作:isLogin

[ 2016-07-26T11:20:29+08:00 ] 127.0.0.1 /index.php/Home/Custom/isLogin.html
INFO: [ app_begin ] --START--
INFO: Run Behavior\ReadHtmlCacheBehavior [ RunTime:0.001000s ]
INFO: [ app_begin ] --END-- [ RunTime:0.001000s ]
ERR: 非法操作:isLogin

[ 2016-07-26T11:20:30+08:00 ] 127.0.0.1 /index.php/Home/Custom/isLogin.html
INFO: [ app_begin ] --START--
INFO: Run Behavior\ReadHtmlCacheBehavior [ RunTime:0.000000s ]
INFO: [ app_begin ] --END-- [ RunTime:0.001000s ]
ERR: 非法操作:isLogin

[ 2016-07-26T11:20:37+08:00 ] 127.0.0.1 /index.php/Home/Custom/isLogin.html
INFO: [ app_begin ] --START--
INFO: Run Behavior\ReadHtmlCacheBehavior [ RunTime:0.000000s ]
INFO: [ app_begin ] --END-- [ RunTime:0.001000s ]
ERR: 非法操作:isLogin

[ 2016-07-26T11:20:37+08:00 ] 127.0.0.1 /index.php/Home/Custom/isLogin.html
INFO: [ app_begin ] --START--
INFO: Run Behavior\ReadHtmlCacheBehavior [ RunTime:0.001000s ]
INFO: [ app_begin ] --END-- [ RunTime:0.002000s ]
ERR: 非法操作:isLogin

[ 2016-07-26T11:20:37+08:00 ] 127.0.0.1 /index.php/Home/Custom/isLogin.html
INFO: [ app_begin ] --START--
INFO: Run Behavior\ReadHtmlCacheBehavior [ RunTime:0.001000s ]
INFO: [ app_begin ] --END-- [ RunTime:0.001000s ]
ERR: 非法操作:isLogin

[ 2016-07-26T11:20:38+08:00 ] 127.0.0.1 /index.php/Home/Custom/isLogin.html
INFO: [ app_begin ] --START--
INFO: Run Behavior\ReadHtmlCacheBehavior [ RunTime:0.000000s ]
INFO: [ app_begin ] --END-- [ RunTime:0.002001s ]
ERR: 非法操作:isLogin

[ 2016-07-26T11:20:41+08:00 ] 127.0.0.1 /index.php/Home/Detail/index.html
INFO: [ app_begin ] --START--
INFO: Run Behavior\ReadHtmlCacheBehavior [ RunTime:0.001000s ]
INFO: [ app_begin ] --END-- [ RunTime:0.001000s ]
SQL: SHOW COLUMNS FROM `fl_prod` [ RunTime:0.0080s ]
NOTIC: [8] Undefined offset: 11 D:\wamp\www\one\FL\Home\Controller\DetailController.class.php 第 14 行.
SQL: SELECT * FROM `fl_prod` WHERE ( prod_id=11 )  [ RunTime:0.0020s ]

[ 2016-07-26T11:23:21+08:00 ] 127.0.0.1 /index.php/Home/Custom/chkVerify.html
INFO: [ app_begin ] --START--
INFO: Run Behavior\ReadHtmlCacheBehavior [ RunTime:0.001000s ]
INFO: [ app_begin ] --END-- [ RunTime:0.001000s ]
INFO: [ app_end ] --START--
INFO: Run Behavior\ShowPageTraceBehavior [ RunTime:0.001000s ]
INFO: [ app_end ] --END-- [ RunTime:0.001000s ]

[ 2016-07-26T11:23:21+08:00 ] 127.0.0.1 /index.php/Home/Custom/login.html
INFO: [ app_begin ] --START--
INFO: Run Behavior\ReadHtmlCacheBehavior [ RunTime:0.000000s ]
INFO: [ app_begin ] --END-- [ RunTime:0.001001s ]
SQL: SHOW COLUMNS FROM `fl_custom` [ RunTime:0.0070s ]
SQL: SELECT `custom_id`,`custom_go` FROM `fl_custom` WHERE `custom_username` = 'admin' AND `custom_pwd` = 'e10adc3949ba59abbe56e057f20f883e' LIMIT 1   [ RunTime:0.0010s ]
NOTIC: [8] Undefined index: cart D:\wamp\www\one\FL\Home\Controller\CustomController.class.php 第 59 行.

[ 2016-07-26T11:23:40+08:00 ] 127.0.0.1 /index.php/Home/Custom/chkVerify.html
INFO: [ app_begin ] --START--
INFO: Run Behavior\ReadHtmlCacheBehavior [ RunTime:0.001000s ]
INFO: [ app_begin ] --END-- [ RunTime:0.002000s ]
INFO: [ app_end ] --START--
INFO: Run Behavior\ShowPageTraceBehavior [ RunTime:0.002000s ]
INFO: [ app_end ] --END-- [ RunTime:0.002000s ]

[ 2016-07-26T11:23:40+08:00 ] 127.0.0.1 /index.php/Home/Custom/login.html
INFO: [ app_begin ] --START--
INFO: Run Behavior\ReadHtmlCacheBehavior [ RunTime:0.000000s ]
INFO: [ app_begin ] --END-- [ RunTime:0.001000s ]
SQL: SHOW COLUMNS FROM `fl_custom` [ RunTime:0.0040s ]
SQL: SELECT `custom_id`,`custom_go` FROM `fl_custom` WHERE `custom_username` = 'admin' AND `custom_pwd` = '21232f297a57a5a743894a0e4a801fc3' LIMIT 1   [ RunTime:0.0010s ]

[ 2016-07-26T11:23:45+08:00 ] 127.0.0.1 /index.php/Home/Custom/login.html
INFO: [ app_begin ] --START--
INFO: Run Behavior\ReadHtmlCacheBehavior [ RunTime:0.000000s ]
INFO: [ app_begin ] --END-- [ RunTime:0.001000s ]
SQL: SHOW COLUMNS FROM `fl_custom` [ RunTime:0.0010s ]
SQL: SELECT `custom_id`,`custom_go` FROM `fl_custom` WHERE `custom_username` = 'admin' AND `custom_pwd` = 'e10adc3949ba59abbe56e057f20f883e' LIMIT 1   [ RunTime:0.0000s ]
NOTIC: [8] Undefined index: cart D:\wamp\www\one\FL\Home\Controller\CustomController.class.php 第 59 行.

[ 2016-07-26T11:24:15+08:00 ] 127.0.0.1 /index.php/Home/Custom/chkVerify.html
INFO: [ app_begin ] --START--
INFO: Run Behavior\ReadHtmlCacheBehavior [ RunTime:0.001000s ]
INFO: [ app_begin ] --END-- [ RunTime:0.001000s ]
INFO: [ app_end ] --START--
INFO: Run Behavior\ShowPageTraceBehavior [ RunTime:0.000000s ]
INFO: [ app_end ] --END-- [ RunTime:0.000000s ]

[ 2016-07-26T11:24:15+08:00 ] 127.0.0.1 /index.php/Home/Custom/login.html
INFO: [ app_begin ] --START--
INFO: Run Behavior\ReadHtmlCacheBehavior [ RunTime:0.000000s ]
INFO: [ app_begin ] --END-- [ RunTime:0.000000s ]
SQL: SHOW COLUMNS FROM `fl_custom` [ RunTime:0.0070s ]
SQL: SELECT `custom_id`,`custom_go` FROM `fl_custom` WHERE `custom_username` = 'admin' AND `custom_pwd` = 'e10adc3949ba59abbe56e057f20f883e' LIMIT 1   [ RunTime:0.0000s ]
NOTIC: [8] Undefined index: cart D:\wamp\www\one\FL\Home\Controller\CustomController.class.php 第 59 行.

[ 2016-07-26T11:24:20+08:00 ] 127.0.0.1 /index.php/Home/Custom/logout.html
INFO: [ app_begin ] --START--
INFO: Run Behavior\ReadHtmlCacheBehavior [ RunTime:0.000000s ]
INFO: [ app_begin ] --END-- [ RunTime:0.001000s ]

[ 2016-07-26T11:24:22+08:00 ] 127.0.0.1 /index.php/Home/Custom/logout.html
INFO: [ app_begin ] --START--
INFO: Run Behavior\ReadHtmlCacheBehavior [ RunTime:0.000000s ]
INFO: [ app_begin ] --END-- [ RunTime:0.000000s ]

[ 2016-07-26T11:24:23+08:00 ] 127.0.0.1 /index.php/Home/Custom/logout.html
INFO: [ app_begin ] --START--
INFO: Run Behavior\ReadHtmlCacheBehavior [ RunTime:0.001000s ]
INFO: [ app_begin ] --END-- [ RunTime:0.001000s ]

[ 2016-07-26T11:24:24+08:00 ] 127.0.0.1 /index.php/Home/Custom/logout.html
INFO: [ app_begin ] --START--
INFO: Run Behavior\ReadHtmlCacheBehavior [ RunTime:0.001000s ]
INFO: [ app_begin ] --END-- [ RunTime:0.002000s ]

[ 2016-07-26T11:24:24+08:00 ] 127.0.0.1 /index.php/Home/Custom/logout.html
INFO: [ app_begin ] --START--
INFO: Run Behavior\ReadHtmlCacheBehavior [ RunTime:0.001000s ]
INFO: [ app_begin ] --END-- [ RunTime:0.002000s ]

[ 2016-07-26T11:24:28+08:00 ] 127.0.0.1 /index.php/Home/Custom/logout.html
INFO: [ app_begin ] --START--
INFO: Run Behavior\ReadHtmlCacheBehavior [ RunTime:0.000000s ]
INFO: [ app_begin ] --END-- [ RunTime:0.001000s ]

[ 2016-07-26T11:24:29+08:00 ] 127.0.0.1 /index.php/Home/Custom/logout.html
INFO: [ app_begin ] --START--
INFO: Run Behavior\ReadHtmlCacheBehavior [ RunTime:0.001000s ]
INFO: [ app_begin ] --END-- [ RunTime:0.002000s ]

[ 2016-07-26T11:24:32+08:00 ] 127.0.0.1 /index.php/Home/Custom/logout.html
INFO: [ app_begin ] --START--
INFO: Run Behavior\ReadHtmlCacheBehavior [ RunTime:0.001000s ]
INFO: [ app_begin ] --END-- [ RunTime:0.001000s ]

[ 2016-07-26T11:25:14+08:00 ] 127.0.0.1 /index.php/Home/Custom/logout.html
INFO: [ app_begin ] --START--
INFO: Run Behavior\ReadHtmlCacheBehavior [ RunTime:0.001000s ]
INFO: [ app_begin ] --END-- [ RunTime:0.001000s ]

[ 2016-07-26T11:25:15+08:00 ] 127.0.0.1 /index.php/Home/Custom/logout.html
INFO: [ app_begin ] --START--
INFO: Run Behavior\ReadHtmlCacheBehavior [ RunTime:0.001000s ]
INFO: [ app_begin ] --END-- [ RunTime:0.001000s ]

[ 2016-07-26T11:25:24+08:00 ] 127.0.0.1 /index.php/Home/Custom/isLogin.html
INFO: [ app_begin ] --START--
INFO: Run Behavior\ReadHtmlCacheBehavior [ RunTime:0.001000s ]
INFO: [ app_begin ] --END-- [ RunTime:0.001000s ]
ERR: 非法操作:isLogin

[ 2016-07-26T11:25:27+08:00 ] 127.0.0.1 /index.php/Home/Detail/index.html
INFO: [ app_begin ] --START--
INFO: Run Behavior\ReadHtmlCacheBehavior [ RunTime:0.001000s ]
INFO: [ app_begin ] --END-- [ RunTime:0.001000s ]
NOTIC: [8] Undefined index: mid D:\wamp\www\one\FL\Home\Controller\DetailController.class.php 第 8 行.
SQL: SHOW COLUMNS FROM `fl_prod` [ RunTime:0.0080s ]
NOTIC: [8] Undefined index: cart D:\wamp\www\one\FL\Home\Controller\DetailController.class.php 第 31 行.
SQL: SELECT * FROM `fl_prod` WHERE ( prod_id=11 )  [ RunTime:0.0010s ]
NOTIC: [8] Undefined index: mid D:\wamp\www\one\FL\Home\Controller\DetailController.class.php 第 80 行.

[ 2016-07-26T11:25:42+08:00 ] 127.0.0.1 /index.php/Home/Custom/chkVerify.html
INFO: [ app_begin ] --START--
INFO: Run Behavior\ReadHtmlCacheBehavior [ RunTime:0.001000s ]
INFO: [ app_begin ] --END-- [ RunTime:0.001000s ]
INFO: [ app_end ] --START--
INFO: Run Behavior\ShowPageTraceBehavior [ RunTime:0.001000s ]
INFO: [ app_end ] --END-- [ RunTime:0.001000s ]

[ 2016-07-26T11:25:43+08:00 ] 127.0.0.1 /index.php/Home/Custom/login.html
INFO: [ app_begin ] --START--
INFO: Run Behavior\ReadHtmlCacheBehavior [ RunTime:0.000000s ]
INFO: [ app_begin ] --END-- [ RunTime:0.001000s ]
SQL: SHOW COLUMNS FROM `fl_custom` [ RunTime:0.0080s ]
SQL: SELECT `custom_id`,`custom_go` FROM `fl_custom` WHERE `custom_username` = 'admin' AND `custom_pwd` = 'e10adc3949ba59abbe56e057f20f883e' LIMIT 1   [ RunTime:0.0010s ]

[ 2016-07-26T11:28:06+08:00 ] 127.0.0.1 /index.php/Home/Detail/index.html
INFO: [ app_begin ] --START--
INFO: Run Behavior\ReadHtmlCacheBehavior [ RunTime:0.001000s ]
INFO: [ app_begin ] --END-- [ RunTime:0.001000s ]
SQL: SHOW COLUMNS FROM `fl_prod` [ RunTime:0.0080s ]
NOTIC: [8] Undefined offset: 12 D:\wamp\www\one\FL\Home\Controller\DetailController.class.php 第 14 行.
SQL: SELECT * FROM `fl_prod` WHERE ( prod_id=12 )  [ RunTime:0.0020s ]

[ 2016-07-26T11:32:31+08:00 ] 127.0.0.1 /index.php/Home/Custom/logout.html
INFO: [ app_begin ] --START--
INFO: Run Behavior\ReadHtmlCacheBehavior [ RunTime:0.001000s ]
INFO: [ app_begin ] --END-- [ RunTime:0.002000s ]

[ 2016-07-26T11:32:33+08:00 ] 127.0.0.1 /index.php/Home/Custom/logout.html
INFO: [ app_begin ] --START--
INFO: Run Behavior\ReadHtmlCacheBehavior [ RunTime:0.000000s ]
INFO: [ app_begin ] --END-- [ RunTime:0.001000s ]

[ 2016-07-26T11:35:47+08:00 ] 127.0.0.1 /index.php/Home/Custom/logout.html
INFO: [ app_begin ] --START--
INFO: Run Behavior\ReadHtmlCacheBehavior [ RunTime:0.001000s ]
INFO: [ app_begin ] --END-- [ RunTime:0.001000s ]

[ 2016-07-26T11:36:03+08:00 ] 127.0.0.1 /index.php/Home/Custom/chkVerify.html
INFO: [ app_begin ] --START--
INFO: Run Behavior\ReadHtmlCacheBehavior [ RunTime:0.000000s ]
INFO: [ app_begin ] --END-- [ RunTime:0.001000s ]
INFO: [ app_end ] --START--
INFO: Run Behavior\ShowPageTraceBehavior [ RunTime:0.000000s ]
INFO: [ app_end ] --END-- [ RunTime:0.000000s ]

[ 2016-07-26T11:36:09+08:00 ] 127.0.0.1 /index.php/Home/Custom/chkVerify.html
INFO: [ app_begin ] --START--
INFO: Run Behavior\ReadHtmlCacheBehavior [ RunTime:0.000000s ]
INFO: [ app_begin ] --END-- [ RunTime:0.000000s ]
INFO: [ app_end ] --START--
INFO: Run Behavior\ShowPageTraceBehavior [ RunTime:0.001000s ]
INFO: [ app_end ] --END-- [ RunTime:0.001000s ]

[ 2016-07-26T11:36:09+08:00 ] 127.0.0.1 /index.php/Home/Custom/login.html
INFO: [ app_begin ] --START--
INFO: Run Behavior\ReadHtmlCacheBehavior [ RunTime:0.000000s ]
INFO: [ app_begin ] --END-- [ RunTime:0.001000s ]
SQL: SHOW COLUMNS FROM `fl_custom` [ RunTime:0.0040s ]
SQL: SELECT `custom_id`,`custom_go` FROM `fl_custom` WHERE `custom_username` = 'admin' AND `custom_pwd` = 'e10adc3949ba59abbe56e057f20f883e' LIMIT 1   [ RunTime:0.0010s ]

[ 2016-07-26T11:36:29+08:00 ] 127.0.0.1 /index.php/Home/Custom/chkVerify.html
INFO: [ app_begin ] --START--
INFO: Run Behavior\ReadHtmlCacheBehavior [ RunTime:0.001000s ]
INFO: [ app_begin ] --END-- [ RunTime:0.001000s ]
INFO: [ app_end ] --START--
INFO: Run Behavior\ShowPageTraceBehavior [ RunTime:0.000000s ]
INFO: [ app_end ] --END-- [ RunTime:0.000000s ]

[ 2016-07-26T11:36:29+08:00 ] 127.0.0.1 /index.php/Home/Custom/login.html
INFO: [ app_begin ] --START--
INFO: Run Behavior\ReadHtmlCacheBehavior [ RunTime:0.000000s ]
INFO: [ app_begin ] --END-- [ RunTime:0.001000s ]
SQL: SHOW COLUMNS FROM `fl_custom` [ RunTime:0.0000s ]
SQL: SELECT `custom_id`,`custom_go` FROM `fl_custom` WHERE `custom_username` = 'admin' AND `custom_pwd` = 'e10adc3949ba59abbe56e057f20f883e' LIMIT 1   [ RunTime:0.0000s ]

[ 2016-07-26T11:38:19+08:00 ] 127.0.0.1 /index.php/Home/Custom/chkVerify.html
INFO: [ app_begin ] --START--
INFO: Run Behavior\ReadHtmlCacheBehavior [ RunTime:0.001000s ]
INFO: [ app_begin ] --END-- [ RunTime:0.001000s ]
INFO: [ app_end ] --START--
INFO: Run Behavior\ShowPageTraceBehavior [ RunTime:0.000000s ]
INFO: [ app_end ] --END-- [ RunTime:0.001000s ]

[ 2016-07-26T11:38:19+08:00 ] 127.0.0.1 /index.php/Home/Custom/login.html
INFO: [ app_begin ] --START--
INFO: Run Behavior\ReadHtmlCacheBehavior [ RunTime:0.000000s ]
INFO: [ app_begin ] --END-- [ RunTime:0.001000s ]
SQL: SHOW COLUMNS FROM `fl_custom` [ RunTime:0.0040s ]
SQL: SELECT `custom_id`,`custom_go` FROM `fl_custom` WHERE `custom_username` = 'admin' AND `custom_pwd` = 'e10adc3949ba59abbe56e057f20f883e' LIMIT 1   [ RunTime:0.0010s ]

[ 2016-07-26T11:40:26+08:00 ] 127.0.0.1 /index.php/Home/Detail/index.html
INFO: [ app_begin ] --START--
INFO: Run Behavior\ReadHtmlCacheBehavior [ RunTime:0.001000s ]
INFO: [ app_begin ] --END-- [ RunTime:0.001000s ]
SQL: SHOW COLUMNS FROM `fl_prod` [ RunTime:0.0060s ]
NOTIC: [8] Undefined offset: 13 D:\wamp\www\one\FL\Home\Controller\DetailController.class.php 第 14 行.
SQL: SELECT * FROM `fl_prod` WHERE ( prod_id=13 )  [ RunTime:0.0010s ]

[ 2016-07-26T11:40:37+08:00 ] 127.0.0.1 /index.php/Home/Detail/index.html
INFO: [ app_begin ] --START--
INFO: Run Behavior\ReadHtmlCacheBehavior [ RunTime:0.000000s ]
INFO: [ app_begin ] --END-- [ RunTime:0.001000s ]
SQL: SHOW COLUMNS FROM `fl_prod` [ RunTime:0.0080s ]

[ 2016-07-26T11:40:39+08:00 ] 127.0.0.1 /index.php/Home/Detail/index.html
INFO: [ app_begin ] --START--
INFO: Run Behavior\ReadHtmlCacheBehavior [ RunTime:0.000000s ]
INFO: [ app_begin ] --END-- [ RunTime:0.000000s ]
SQL: SHOW COLUMNS FROM `fl_prod` [ RunTime:0.0070s ]

[ 2016-07-26T11:40:53+08:00 ] 127.0.0.1 /index.php/Home/Detail/index.html
INFO: [ app_begin ] --START--
INFO: Run Behavior\ReadHtmlCacheBehavior [ RunTime:0.000000s ]
INFO: [ app_begin ] --END-- [ RunTime:0.001000s ]
SQL: SHOW COLUMNS FROM `fl_prod` [ RunTime:0.0090s ]

[ 2016-07-26T11:40:54+08:00 ] 127.0.0.1 /index.php/Home/Custom/isLogin.html
INFO: [ app_begin ] --START--
INFO: Run Behavior\ReadHtmlCacheBehavior [ RunTime:0.001000s ]
INFO: [ app_begin ] --END-- [ RunTime:0.001000s ]
ERR: 非法操作:isLogin

[ 2016-07-26T11:40:55+08:00 ] 127.0.0.1 /index.php/Home/Custom/isLogin.html
INFO: [ app_begin ] --START--
INFO: Run Behavior\ReadHtmlCacheBehavior [ RunTime:0.001000s ]
INFO: [ app_begin ] --END-- [ RunTime:0.002000s ]
ERR: 非法操作:isLogin

[ 2016-07-26T11:41:07+08:00 ] 127.0.0.1 /index.php/Home/Detail/index.html
INFO: [ app_begin ] --START--
INFO: Run Behavior\ReadHtmlCacheBehavior [ RunTime:0.001000s ]
INFO: [ app_begin ] --END-- [ RunTime:0.001000s ]
SQL: SHOW COLUMNS FROM `fl_prod` [ RunTime:0.0080s ]
NOTIC: [8] Undefined offset: 18 D:\wamp\www\one\FL\Home\Controller\DetailController.class.php 第 14 行.
SQL: SELECT * FROM `fl_prod` WHERE ( prod_id=18 )  [ RunTime:0.0020s ]

[ 2016-07-26T16:44:42+08:00 ] 127.0.0.1 /index.php/Home/Detail/index.html
INFO: [ app_begin ] --START--
INFO: Run Behavior\ReadHtmlCacheBehavior [ RunTime:0.001000s ]
INFO: [ app_begin ] --END-- [ RunTime:0.001000s ]
NOTIC: [8] Undefined index: item D:\wamp\www\one\FL\Home\Controller\DetailController.class.php 第 80 行.
NOTIC: [8] Undefined index: mid D:\wamp\www\one\FL\Home\Controller\DetailController.class.php 第 8 行.
SQL: SHOW COLUMNS FROM `fl_prod` [ RunTime:0.0050s ]
NOTIC: [8] Undefined index: cart D:\wamp\www\one\FL\Home\Controller\DetailController.class.php 第 31 行.
SQL: SELECT * FROM `fl_prod` WHERE ( prod_id=3 )  [ RunTime:0.0010s ]
NOTIC: [8] Undefined index: mid D:\wamp\www\one\FL\Home\Controller\DetailController.class.php 第 84 行.
NOTIC: [8] Undefined variable: totalPrice D:\wamp\www\one\FL\Home\Controller\DetailController.class.php 第 99 行.
NOTIC: [8] Undefined index: item D:\wamp\www\one\FL\Home\Controller\DetailController.class.php 第 102 行.

[ 2016-07-26T16:44:47+08:00 ] 127.0.0.1 /index.php/Home/Detail/index.html
INFO: [ app_begin ] --START--
INFO: Run Behavior\ReadHtmlCacheBehavior [ RunTime:0.000000s ]
INFO: [ app_begin ] --END-- [ RunTime:0.002000s ]
NOTIC: [8] Undefined index: mid D:\wamp\www\one\FL\Home\Controller\DetailController.class.php 第 84 行.
NOTIC: [8] Undefined variable: totalPrice D:\wamp\www\one\FL\Home\Controller\DetailController.class.php 第 99 行.
INFO: [ view_parse ] --START--
INFO: [ template_filter ] --START--
INFO: Run Behavior\ContentReplaceBehavior [ RunTime:0.000000s ]
INFO: [ template_filter ] --END-- [ RunTime:0.000000s ]
NOTIC: [8] Use of undefined constant prod_price - assumed 'prod_price' D:\wamp\www\one\FL\Runtime\Cache\Home\24464032d991a3b6fd5e8ee5d94f3aec.php 第 14 行.
NOTIC: [8] Use of undefined constant num - assumed 'num' D:\wamp\www\one\FL\Runtime\Cache\Home\24464032d991a3b6fd5e8ee5d94f3aec.php 第 14 行.
INFO: Run Behavior\ParseTemplateBehavior [ RunTime:0.013001s ]
INFO: [ view_parse ] --END-- [ RunTime:0.013001s ]
INFO: [ view_filter ] --START--
INFO: Run Behavior\WriteHtmlCacheBehavior [ RunTime:0.001000s ]
INFO: [ view_filter ] --END-- [ RunTime:0.001000s ]
NOTIC: [8] Undefined variable: data D:\wamp\www\one\FL\Home\Controller\DetailController.class.php 第 110 行.

[ 2016-07-26T16:46:07+08:00 ] 127.0.0.1 /index.php/Home/Detail/index.html
INFO: [ app_begin ] --START--
INFO: Run Behavior\ReadHtmlCacheBehavior [ RunTime:0.001000s ]
INFO: [ app_begin ] --END-- [ RunTime:0.002000s ]
NOTIC: [8] Undefined index: mid D:\wamp\www\one\FL\Home\Controller\DetailController.class.php 第 84 行.
NOTIC: [8] Undefined variable: totalPrice D:\wamp\www\one\FL\Home\Controller\DetailController.class.php 第 99 行.
INFO: [ view_parse ] --START--
INFO: [ template_filter ] --START--
INFO: Run Behavior\ContentReplaceBehavior [ RunTime:0.000000s ]
INFO: [ template_filter ] --END-- [ RunTime:0.001000s ]
NOTIC: [8] Use of undefined constant prod_price - assumed 'prod_price' D:\wamp\www\one\FL\Runtime\Cache\Home\24464032d991a3b6fd5e8ee5d94f3aec.php 第 14 行.
NOTIC: [8] Use of undefined constant num - assumed 'num' D:\wamp\www\one\FL\Runtime\Cache\Home\24464032d991a3b6fd5e8ee5d94f3aec.php 第 14 行.
INFO: Run Behavior\ParseTemplateBehavior [ RunTime:0.014001s ]
INFO: [ view_parse ] --END-- [ RunTime:0.015001s ]
INFO: [ view_filter ] --START--
INFO: Run Behavior\WriteHtmlCacheBehavior [ RunTime:0.000000s ]
INFO: [ view_filter ] --END-- [ RunTime:0.000000s ]
NOTIC: [8] Undefined variable: data D:\wamp\www\one\FL\Home\Controller\DetailController.class.php 第 110 行.

[ 2016-07-26T16:46:12+08:00 ] 127.0.0.1 /index.php/Home/Detail/index.html
INFO: [ app_begin ] --START--
INFO: Run Behavior\ReadHtmlCacheBehavior [ RunTime:0.001000s ]
INFO: [ app_begin ] --END-- [ RunTime:0.001000s ]
NOTIC: [8] Undefined index: item D:\wamp\www\one\FL\Home\Controller\DetailController.class.php 第 80 行.
NOTIC: [8] Undefined index: mid D:\wamp\www\one\FL\Home\Controller\DetailController.class.php 第 8 行.
SQL: SHOW COLUMNS FROM `fl_prod` [ RunTime:0.0050s ]
NOTIC: [8] Undefined index: mid D:\wamp\www\one\FL\Home\Controller\DetailController.class.php 第 84 行.
NOTIC: [8] Undefined variable: totalPrice D:\wamp\www\one\FL\Home\Controller\DetailController.class.php 第 99 行.
NOTIC: [8] Undefined index: item D:\wamp\www\one\FL\Home\Controller\DetailController.class.php 第 102 行.

[ 2016-07-26T16:46:15+08:00 ] 127.0.0.1 /index.php/Home/Detail/index.html
INFO: [ app_begin ] --START--
INFO: Run Behavior\ReadHtmlCacheBehavior [ RunTime:0.000000s ]
INFO: [ app_begin ] --END-- [ RunTime:0.000000s ]
NOTIC: [8] Undefined index: mid D:\wamp\www\one\FL\Home\Controller\DetailController.class.php 第 84 行.
NOTIC: [8] Undefined variable: totalPrice D:\wamp\www\one\FL\Home\Controller\DetailController.class.php 第 99 行.
INFO: [ view_parse ] --START--
INFO: [ template_filter ] --START--
INFO: Run Behavior\ContentReplaceBehavior [ RunTime:0.000000s ]
INFO: [ template_filter ] --END-- [ RunTime:0.000000s ]
NOTIC: [8] Use of undefined constant prod_price - assumed 'prod_price' D:\wamp\www\one\FL\Runtime\Cache\Home\24464032d991a3b6fd5e8ee5d94f3aec.php 第 14 行.
NOTIC: [8] Use of undefined constant num - assumed 'num' D:\wamp\www\one\FL\Runtime\Cache\Home\24464032d991a3b6fd5e8ee5d94f3aec.php 第 14 行.
INFO: Run Behavior\ParseTemplateBehavior [ RunTime:0.030601s ]
INFO: [ view_parse ] --END-- [ RunTime:0.031601s ]
INFO: [ view_filter ] --START--
INFO: Run Behavior\WriteHtmlCacheBehavior [ RunTime:0.000000s ]
INFO: [ view_filter ] --END-- [ RunTime:0.000000s ]
NOTIC: [8] Undefined variable: data D:\wamp\www\one\FL\Home\Controller\DetailController.class.php 第 110 行.

[ 2016-07-26T16:46:17+08:00 ] 127.0.0.1 /index.php/Home/Detail/index.html
INFO: [ app_begin ] --START--
INFO: Run Behavior\ReadHtmlCacheBehavior [ RunTime:0.000000s ]
INFO: [ app_begin ] --END-- [ RunTime:0.000000s ]
NOTIC: [8] Undefined index: mid D:\wamp\www\one\FL\Home\Controller\DetailController.class.php 第 84 行.
NOTIC: [8] Undefined variable: totalPrice D:\wamp\www\one\FL\Home\Controller\DetailController.class.php 第 99 行.
INFO: [ view_parse ] --START--
INFO: [ template_filter ] --START--
INFO: Run Behavior\ContentReplaceBehavior [ RunTime:0.000000s ]
INFO: [ template_filter ] --END-- [ RunTime:0.000000s ]
NOTIC: [8] Use of undefined constant prod_price - assumed 'prod_price' D:\wamp\www\one\FL\Runtime\Cache\Home\24464032d991a3b6fd5e8ee5d94f3aec.php 第 14 行.
NOTIC: [8] Use of undefined constant num - assumed 'num' D:\wamp\www\one\FL\Runtime\Cache\Home\24464032d991a3b6fd5e8ee5d94f3aec.php 第 14 行.
INFO: Run Behavior\ParseTemplateBehavior [ RunTime:0.027601s ]
INFO: [ view_parse ] --END-- [ RunTime:0.027601s ]
INFO: [ view_filter ] --START--
INFO: Run Behavior\WriteHtmlCacheBehavior [ RunTime:0.000000s ]
INFO: [ view_filter ] --END-- [ RunTime:0.001000s ]
NOTIC: [8] Undefined variable: data D:\wamp\www\one\FL\Home\Controller\DetailController.class.php 第 110 行.

[ 2016-07-26T16:46:18+08:00 ] 127.0.0.1 /index.php/Home/Detail/index.html
INFO: [ app_begin ] --START--
INFO: Run Behavior\ReadHtmlCacheBehavior [ RunTime:0.000000s ]
INFO: [ app_begin ] --END-- [ RunTime:0.000000s ]
NOTIC: [8] Undefined index: mid D:\wamp\www\one\FL\Home\Controller\DetailController.class.php 第 84 行.
NOTIC: [8] Undefined variable: totalPrice D:\wamp\www\one\FL\Home\Controller\DetailController.class.php 第 99 行.
INFO: [ view_parse ] --START--
INFO: [ template_filter ] --START--
INFO: Run Behavior\ContentReplaceBehavior [ RunTime:0.000000s ]
INFO: [ template_filter ] --END-- [ RunTime:0.001000s ]
NOTIC: [8] Use of undefined constant prod_price - assumed 'prod_price' D:\wamp\www\one\FL\Runtime\Cache\Home\24464032d991a3b6fd5e8ee5d94f3aec.php 第 14 行.
NOTIC: [8] Use of undefined constant num - assumed 'num' D:\wamp\www\one\FL\Runtime\Cache\Home\24464032d991a3b6fd5e8ee5d94f3aec.php 第 14 行.
INFO: Run Behavior\ParseTemplateBehavior [ RunTime:0.035601s ]
INFO: [ view_parse ] --END-- [ RunTime:0.036602s ]
INFO: [ view_filter ] --START--
INFO: Run Behavior\WriteHtmlCacheBehavior [ RunTime:0.000000s ]
INFO: [ view_filter ] --END-- [ RunTime:0.000000s ]
NOTIC: [8] Undefined variable: data D:\wamp\www\one\FL\Home\Controller\DetailController.class.php 第 110 行.

[ 2016-07-26T16:49:27+08:00 ] 127.0.0.1 /index.php/Home/Detail/index.html
INFO: [ app_begin ] --START--
INFO: Run Behavior\ReadHtmlCacheBehavior [ RunTime:0.000000s ]
INFO: [ app_begin ] --END-- [ RunTime:0.001000s ]
NOTIC: [8] Undefined index: item D:\wamp\www\one\FL\Home\Controller\DetailController.class.php 第 80 行.
NOTIC: [8] Undefined index: mid D:\wamp\www\one\FL\Home\Controller\DetailController.class.php 第 8 行.
SQL: SHOW COLUMNS FROM `fl_prod` [ RunTime:0.0080s ]
NOTIC: [8] Undefined index: mid D:\wamp\www\one\FL\Home\Controller\DetailController.class.php 第 84 行.
NOTIC: [8] Undefined variable: totalPrice D:\wamp\www\one\FL\Home\Controller\DetailController.class.php 第 99 行.
NOTIC: [8] Undefined index: item D:\wamp\www\one\FL\Home\Controller\DetailController.class.php 第 102 行.

[ 2016-07-26T16:49:29+08:00 ] 127.0.0.1 /index.php/Home/Detail/index.html
INFO: [ app_begin ] --START--
INFO: Run Behavior\ReadHtmlCacheBehavior [ RunTime:0.000000s ]
INFO: [ app_begin ] --END-- [ RunTime:0.001000s ]
NOTIC: [8] Undefined index: mid D:\wamp\www\one\FL\Home\Controller\DetailController.class.php 第 84 行.
NOTIC: [8] Undefined variable: totalPrice D:\wamp\www\one\FL\Home\Controller\DetailController.class.php 第 99 行.
INFO: [ view_parse ] --START--
INFO: [ template_filter ] --START--
INFO: Run Behavior\ContentReplaceBehavior [ RunTime:0.000000s ]
INFO: [ template_filter ] --END-- [ RunTime:0.001000s ]
NOTIC: [8] Use of undefined constant prod_price - assumed 'prod_price' D:\wamp\www\one\FL\Runtime\Cache\Home\24464032d991a3b6fd5e8ee5d94f3aec.php 第 14 行.
NOTIC: [8] Use of undefined constant num - assumed 'num' D:\wamp\www\one\FL\Runtime\Cache\Home\24464032d991a3b6fd5e8ee5d94f3aec.php 第 14 行.
INFO: Run Behavior\ParseTemplateBehavior [ RunTime:0.013000s ]
INFO: [ view_parse ] --END-- [ RunTime:0.013000s ]
INFO: [ view_filter ] --START--
INFO: Run Behavior\WriteHtmlCacheBehavior [ RunTime:0.000000s ]
INFO: [ view_filter ] --END-- [ RunTime:0.001000s ]
NOTIC: [8] Undefined variable: data D:\wamp\www\one\FL\Home\Controller\DetailController.class.php 第 110 行.

[ 2016-07-26T16:49:50+08:00 ] 127.0.0.1 /index.php/Home/Detail/index.html
INFO: [ app_begin ] --START--
INFO: Run Behavior\ReadHtmlCacheBehavior [ RunTime:0.000000s ]
INFO: [ app_begin ] --END-- [ RunTime:0.000000s ]
NOTIC: [8] Undefined index: mid D:\wamp\www\one\FL\Home\Controller\DetailController.class.php 第 84 行.
NOTIC: [8] Undefined variable: totalPrice D:\wamp\www\one\FL\Home\Controller\DetailController.class.php 第 99 行.
INFO: [ view_parse ] --START--
INFO: [ template_filter ] --START--
INFO: Run Behavior\ContentReplaceBehavior [ RunTime:0.000000s ]
INFO: [ template_filter ] --END-- [ RunTime:0.001000s ]
NOTIC: [8] Use of undefined constant prod_price - assumed 'prod_price' D:\wamp\www\one\FL\Runtime\Cache\Home\24464032d991a3b6fd5e8ee5d94f3aec.php 第 14 行.
NOTIC: [8] Use of undefined constant num - assumed 'num' D:\wamp\www\one\FL\Runtime\Cache\Home\24464032d991a3b6fd5e8ee5d94f3aec.php 第 14 行.
INFO: Run Behavior\ParseTemplateBehavior [ RunTime:0.013000s ]
INFO: [ view_parse ] --END-- [ RunTime:0.013000s ]
INFO: [ view_filter ] --START--
INFO: Run Behavior\WriteHtmlCacheBehavior [ RunTime:0.001000s ]
INFO: [ view_filter ] --END-- [ RunTime:0.001000s ]
NOTIC: [8] Undefined variable: data D:\wamp\www\one\FL\Home\Controller\DetailController.class.php 第 110 行.

[ 2016-07-26T16:50:21+08:00 ] 127.0.0.1 /index.php/Home/Detail/index.html
INFO: [ app_begin ] --START--
INFO: Run Behavior\ReadHtmlCacheBehavior [ RunTime:0.000000s ]
INFO: [ app_begin ] --END-- [ RunTime:0.001000s ]
NOTIC: [8] Undefined index: mid D:\wamp\www\one\FL\Home\Controller\DetailController.class.php 第 84 行.
NOTIC: [8] Undefined variable: totalPrice D:\wamp\www\one\FL\Home\Controller\DetailController.class.php 第 99 行.
INFO: [ view_parse ] --START--
INFO: [ template_filter ] --START--
INFO: Run Behavior\ContentReplaceBehavior [ RunTime:0.000000s ]
INFO: [ template_filter ] --END-- [ RunTime:0.000000s ]
NOTIC: [8] Use of undefined constant prod_price - assumed 'prod_price' D:\wamp\www\one\FL\Runtime\Cache\Home\24464032d991a3b6fd5e8ee5d94f3aec.php 第 14 行.
NOTIC: [8] Use of undefined constant num - assumed 'num' D:\wamp\www\one\FL\Runtime\Cache\Home\24464032d991a3b6fd5e8ee5d94f3aec.php 第 14 行.
INFO: Run Behavior\ParseTemplateBehavior [ RunTime:0.008000s ]
INFO: [ view_parse ] --END-- [ RunTime:0.008000s ]
INFO: [ view_filter ] --START--
INFO: Run Behavior\WriteHtmlCacheBehavior [ RunTime:0.000000s ]
INFO: [ view_filter ] --END-- [ RunTime:0.000000s ]
NOTIC: [8] Undefined variable: data D:\wamp\www\one\FL\Home\Controller\DetailController.class.php 第 110 行.

[ 2016-07-26T16:51:26+08:00 ] 127.0.0.1 /index.php/Home/Detail/index.html
INFO: [ app_begin ] --START--
INFO: Run Behavior\ReadHtmlCacheBehavior [ RunTime:0.000000s ]
INFO: [ app_begin ] --END-- [ RunTime:0.001000s ]
NOTIC: [8] Undefined index: mid D:\wamp\www\one\FL\Home\Controller\DetailController.class.php 第 84 行.
NOTIC: [8] Undefined variable: totalPrice D:\wamp\www\one\FL\Home\Controller\DetailController.class.php 第 99 行.
INFO: [ view_parse ] --START--
INFO: [ template_filter ] --START--
INFO: Run Behavior\ContentReplaceBehavior [ RunTime:0.000000s ]
INFO: [ template_filter ] --END-- [ RunTime:0.000000s ]
NOTIC: [8] Use of undefined constant prod_price - assumed 'prod_price' D:\wamp\www\one\FL\Runtime\Cache\Home\24464032d991a3b6fd5e8ee5d94f3aec.php 第 14 行.
NOTIC: [8] Use of undefined constant num - assumed 'num' D:\wamp\www\one\FL\Runtime\Cache\Home\24464032d991a3b6fd5e8ee5d94f3aec.php 第 14 行.
INFO: Run Behavior\ParseTemplateBehavior [ RunTime:0.006000s ]
INFO: [ view_parse ] --END-- [ RunTime:0.006000s ]
INFO: [ view_filter ] --START--
INFO: Run Behavior\WriteHtmlCacheBehavior [ RunTime:0.000000s ]
INFO: [ view_filter ] --END-- [ RunTime:0.000000s ]
NOTIC: [8] Undefined variable: data D:\wamp\www\one\FL\Home\Controller\DetailController.class.php 第 110 行.

[ 2016-07-26T16:52:41+08:00 ] 127.0.0.1 /index.php/Home/Detail/index.html
INFO: [ app_begin ] --START--
INFO: Run Behavior\ReadHtmlCacheBehavior [ RunTime:0.001000s ]
INFO: [ app_begin ] --END-- [ RunTime:0.001000s ]
NOTIC: [8] Undefined index: item D:\wamp\www\one\FL\Home\Controller\DetailController.class.php 第 79 行.
NOTIC: [8] Undefined index: mid D:\wamp\www\one\FL\Home\Controller\DetailController.class.php 第 8 行.
SQL: SHOW COLUMNS FROM `fl_prod` [ RunTime:0.0080s ]
NOTIC: [8] Undefined offset: 10 D:\wamp\www\one\FL\Home\Controller\DetailController.class.php 第 31 行.
SQL: SELECT * FROM `fl_prod` WHERE ( prod_id=10 )  [ RunTime:0.0010s ]
NOTIC: [8] Undefined index: mid D:\wamp\www\one\FL\Home\Controller\DetailController.class.php 第 82 行.
NOTIC: [8] Undefined variable: totalPrice D:\wamp\www\one\FL\Home\Controller\DetailController.class.php 第 96 行.
NOTIC: [8] Undefined index: item D:\wamp\www\one\FL\Home\Controller\DetailController.class.php 第 99 行.

[ 2016-07-26T16:52:42+08:00 ] 127.0.0.1 /index.php/Home/Detail/index.html
INFO: [ app_begin ] --START--
INFO: Run Behavior\ReadHtmlCacheBehavior [ RunTime:0.000000s ]
INFO: [ app_begin ] --END-- [ RunTime:0.002000s ]
NOTIC: [8] Undefined index: mid D:\wamp\www\one\FL\Home\Controller\DetailController.class.php 第 82 行.
NOTIC: [8] Undefined variable: totalPrice D:\wamp\www\one\FL\Home\Controller\DetailController.class.php 第 96 行.
INFO: [ view_parse ] --START--
INFO: [ template_filter ] --START--
INFO: Run Behavior\ContentReplaceBehavior [ RunTime:0.000000s ]
INFO: [ template_filter ] --END-- [ RunTime:0.001000s ]
NOTIC: [8] Use of undefined constant prod_price - assumed 'prod_price' D:\wamp\www\one\FL\Runtime\Cache\Home\24464032d991a3b6fd5e8ee5d94f3aec.php 第 14 行.
NOTIC: [8] Use of undefined constant num - assumed 'num' D:\wamp\www\one\FL\Runtime\Cache\Home\24464032d991a3b6fd5e8ee5d94f3aec.php 第 14 行.
NOTIC: [8] Use of undefined constant prod_price - assumed 'prod_price' D:\wamp\www\one\FL\Runtime\Cache\Home\24464032d991a3b6fd5e8ee5d94f3aec.php 第 14 行.
NOTIC: [8] Use of undefined constant num - assumed 'num' D:\wamp\www\one\FL\Runtime\Cache\Home\24464032d991a3b6fd5e8ee5d94f3aec.php 第 14 行.
INFO: Run Behavior\ParseTemplateBehavior [ RunTime:0.016001s ]
INFO: [ view_parse ] --END-- [ RunTime:0.016001s ]
INFO: [ view_filter ] --START--
INFO: Run Behavior\WriteHtmlCacheBehavior [ RunTime:0.001000s ]
INFO: [ view_filter ] --END-- [ RunTime:0.001000s ]
INFO: [ app_end ] --START--
INFO: Run Behavior\ShowPageTraceBehavior [ RunTime:0.001000s ]
INFO: [ app_end ] --END-- [ RunTime:0.001000s ]

[ 2016-07-26T21:03:47+08:00 ] 127.0.0.1 /index.php/Home/Custom/isLogin.html
INFO: [ app_begin ] --START--
INFO: Run Behavior\ReadHtmlCacheBehavior [ RunTime:0.001000s ]
INFO: [ app_begin ] --END-- [ RunTime:0.002000s ]
NOTIC: [8] Undefined index: mid D:\wamp\www\one\FL\Home\Controller\CustomController.class.php 第 168 行.
INFO: [ app_end ] --START--
INFO: Run Behavior\ShowPageTraceBehavior [ RunTime:0.001000s ]
INFO: [ app_end ] --END-- [ RunTime:0.001000s ]

[ 2016-07-26T21:04:03+08:00 ] 127.0.0.1 /index.php/Home/Custom/isLogin.html
INFO: [ app_begin ] --START--
INFO: Run Behavior\ReadHtmlCacheBehavior [ RunTime:0.000000s ]
INFO: [ app_begin ] --END-- [ RunTime:0.001000s ]
NOTIC: [8] Undefined index: mid D:\wamp\www\one\FL\Home\Controller\CustomController.class.php 第 168 行.
INFO: [ app_end ] --START--
INFO: Run Behavior\ShowPageTraceBehavior [ RunTime:0.000000s ]
INFO: [ app_end ] --END-- [ RunTime:0.000000s ]

[ 2016-07-26T21:04:18+08:00 ] 127.0.0.1 /index.php/Home/Custom/isLogin.html
INFO: [ app_begin ] --START--
INFO: Run Behavior\ReadHtmlCacheBehavior [ RunTime:0.001000s ]
INFO: [ app_begin ] --END-- [ RunTime:0.002000s ]
NOTIC: [8] Undefined index: mid D:\wamp\www\one\FL\Home\Controller\CustomController.class.php 第 168 行.
INFO: [ app_end ] --START--
INFO: Run Behavior\ShowPageTraceBehavior [ RunTime:0.001000s ]
INFO: [ app_end ] --END-- [ RunTime:0.001000s ]

[ 2016-07-26T21:05:26+08:00 ] 127.0.0.1 /index.php/Home/Custom/isLogin.html
INFO: [ app_begin ] --START--
INFO: Run Behavior\ReadHtmlCacheBehavior [ RunTime:0.001000s ]
INFO: [ app_begin ] --END-- [ RunTime:0.002000s ]
NOTIC: [8] Undefined index: mid D:\wamp\www\one\FL\Home\Controller\CustomController.class.php 第 168 行.
INFO: [ app_end ] --START--
INFO: Run Behavior\ShowPageTraceBehavior [ RunTime:0.001000s ]
INFO: [ app_end ] --END-- [ RunTime:0.001000s ]

[ 2016-07-26T21:05:45+08:00 ] 127.0.0.1 /index.php/Home/Custom/isLogin.html
INFO: [ app_begin ] --START--
INFO: Run Behavior\ReadHtmlCacheBehavior [ RunTime:0.001000s ]
INFO: [ app_begin ] --END-- [ RunTime:0.001000s ]
NOTIC: [8] Undefined index: mid D:\wamp\www\one\FL\Home\Controller\CustomController.class.php 第 168 行.
INFO: [ app_end ] --START--
INFO: Run Behavior\ShowPageTraceBehavior [ RunTime:0.000000s ]
INFO: [ app_end ] --END-- [ RunTime:0.000000s ]

[ 2016-07-26T21:08:55+08:00 ] 127.0.0.1 /index.php/Home/Custom/isLogin.html
INFO: [ app_begin ] --START--
INFO: Run Behavior\ReadHtmlCacheBehavior [ RunTime:0.000000s ]
INFO: [ app_begin ] --END-- [ RunTime:0.000000s ]
NOTIC: [8] Undefined index: mid D:\wamp\www\one\FL\Home\Controller\CustomController.class.php 第 168 行.
INFO: [ app_end ] --START--
INFO: Run Behavior\ShowPageTraceBehavior [ RunTime:0.000000s ]
INFO: [ app_end ] --END-- [ RunTime:0.000000s ]

