[ 2016-07-27T09:52:20+08:00 ] 127.0.0.1 /index.php/Home/Custom/chkVerify.html
INFO: [ app_begin ] --START--
INFO: Run Behavior\ReadHtmlCacheBehavior [ RunTime:0.000000s ]
INFO: [ app_begin ] --END-- [ RunTime:0.000000s ]
INFO: [ app_end ] --START--
INFO: Run Behavior\ShowPageTraceBehavior [ RunTime:0.000000s ]
INFO: [ app_end ] --END-- [ RunTime:0.000000s ]

[ 2016-07-27T09:52:20+08:00 ] 127.0.0.1 /index.php/Home/Custom/login.html
INFO: [ app_begin ] --START--
INFO: Run Behavior\ReadHtmlCacheBehavior [ RunTime:0.001000s ]
INFO: [ app_begin ] --END-- [ RunTime:0.001000s ]
SQL: SHOW COLUMNS FROM `fl_custom` [ RunTime:0.0070s ]
SQL: SELECT `custom_id`,`custom_go` FROM `fl_custom` WHERE `custom_username` = 'admin' AND `custom_pwd` = 'e10adc3949ba59abbe56e057f20f883e' LIMIT 1   [ RunTime:0.0010s ]
NOTIC: [8] Undefined index: cart D:\wamp\www\one\FL\Home\Controller\CustomController.class.php 第 62 行.

[ 2016-07-27T09:59:42+08:00 ] 127.0.0.1 /index.php/Home/Detail/index.html
INFO: [ app_begin ] --START--
INFO: Run Behavior\ReadHtmlCacheBehavior [ RunTime:0.000000s ]
INFO: [ app_begin ] --END-- [ RunTime:0.001001s ]
NOTIC: [8] Undefined index: item D:\wamp\www\one\FL\Home\Controller\DetailController.class.php 第 78 行.
SQL: SHOW COLUMNS FROM `fl_prod` [ RunTime:0.0080s ]
SQL: SELECT * FROM `fl_prod` WHERE ( prod_id=3 )  [ RunTime:0.0010s ]
NOTIC: [8] Undefined variable: totalPrice D:\wamp\www\one\FL\Home\Controller\DetailController.class.php 第 95 行.
NOTIC: [8] Undefined index: item D:\wamp\www\one\FL\Home\Controller\DetailController.class.php 第 98 行.

[ 2016-07-27T09:59:43+08:00 ] 127.0.0.1 /index.php/Home/Detail/index.html
INFO: [ app_begin ] --START--
INFO: Run Behavior\ReadHtmlCacheBehavior [ RunTime:0.001000s ]
INFO: [ app_begin ] --END-- [ RunTime:0.001000s ]
NOTIC: [8] Undefined variable: totalPrice D:\wamp\www\one\FL\Home\Controller\DetailController.class.php 第 95 行.
NOTIC: [8] Use of undefined constant REQUEST_URI - assumed 'REQUEST_URI' D:\wamp\www\one\FL\Home\Controller\DetailController.class.php 第 99 行.
INFO: [ view_parse ] --START--
INFO: [ template_filter ] --START--
INFO: Run Behavior\ContentReplaceBehavior [ RunTime:0.001000s ]
INFO: [ template_filter ] --END-- [ RunTime:0.001000s ]
NOTIC: [8] Use of undefined constant prod_price - assumed 'prod_price' D:\wamp\www\one\FL\Runtime\Cache\Home\24464032d991a3b6fd5e8ee5d94f3aec.php 第 14 行.
NOTIC: [8] Use of undefined constant num - assumed 'num' D:\wamp\www\one\FL\Runtime\Cache\Home\24464032d991a3b6fd5e8ee5d94f3aec.php 第 14 行.
INFO: Run Behavior\ParseTemplateBehavior [ RunTime:0.030002s ]
INFO: [ view_parse ] --END-- [ RunTime:0.030002s ]
INFO: [ view_filter ] --START--
INFO: Run Behavior\WriteHtmlCacheBehavior [ RunTime:0.001000s ]
INFO: [ view_filter ] --END-- [ RunTime:0.001000s ]
INFO: [ app_end ] --START--
INFO: Run Behavior\ShowPageTraceBehavior [ RunTime:0.001000s ]
INFO: [ app_end ] --END-- [ RunTime:0.001000s ]

[ 2016-07-27T10:01:06+08:00 ] 127.0.0.1 /index.php/Home/Custom/isLogin.html
INFO: [ app_begin ] --START--
INFO: Run Behavior\ReadHtmlCacheBehavior [ RunTime:0.000000s ]
INFO: [ app_begin ] --END-- [ RunTime:0.001000s ]
INFO: [ app_end ] --START--
INFO: Run Behavior\ShowPageTraceBehavior [ RunTime:0.001000s ]
INFO: [ app_end ] --END-- [ RunTime:0.001000s ]

[ 2016-07-27T10:08:52+08:00 ] 127.0.0.1 /index.php/Home/Detail/index.html
INFO: [ app_begin ] --START--
INFO: Run Behavior\ReadHtmlCacheBehavior [ RunTime:0.001000s ]
INFO: [ app_begin ] --END-- [ RunTime:0.002000s ]
NOTIC: [8] Undefined index: item D:\wamp\www\one\FL\Home\Controller\DetailController.class.php 第 78 行.
SQL: SHOW COLUMNS FROM `fl_prod` [ RunTime:0.0080s ]
NOTIC: [8] Undefined offset: 43 D:\wamp\www\one\FL\Home\Controller\DetailController.class.php 第 14 行.
SQL: SELECT * FROM `fl_prod` WHERE ( prod_id=43 )  [ RunTime:0.0020s ]
NOTIC: [8] Undefined variable: totalPrice D:\wamp\www\one\FL\Home\Controller\DetailController.class.php 第 95 行.
NOTIC: [8] Undefined index: item D:\wamp\www\one\FL\Home\Controller\DetailController.class.php 第 98 行.

[ 2016-07-27T10:08:52+08:00 ] 127.0.0.1 /index.php/Home/Detail/index.html
INFO: [ app_begin ] --START--
INFO: Run Behavior\ReadHtmlCacheBehavior [ RunTime:0.001000s ]
INFO: [ app_begin ] --END-- [ RunTime:0.003000s ]
NOTIC: [8] Undefined variable: totalPrice D:\wamp\www\one\FL\Home\Controller\DetailController.class.php 第 95 行.
NOTIC: [8] Use of undefined constant REQUEST_URI - assumed 'REQUEST_URI' D:\wamp\www\one\FL\Home\Controller\DetailController.class.php 第 99 行.
INFO: [ view_parse ] --START--
INFO: [ template_filter ] --START--
INFO: Run Behavior\ContentReplaceBehavior [ RunTime:0.000000s ]
INFO: [ template_filter ] --END-- [ RunTime:0.001000s ]
NOTIC: [8] Use of undefined constant prod_price - assumed 'prod_price' D:\wamp\www\one\FL\Runtime\Cache\Home\24464032d991a3b6fd5e8ee5d94f3aec.php 第 14 行.
NOTIC: [8] Use of undefined constant num - assumed 'num' D:\wamp\www\one\FL\Runtime\Cache\Home\24464032d991a3b6fd5e8ee5d94f3aec.php 第 14 行.
NOTIC: [8] Use of undefined constant prod_price - assumed 'prod_price' D:\wamp\www\one\FL\Runtime\Cache\Home\24464032d991a3b6fd5e8ee5d94f3aec.php 第 14 行.
NOTIC: [8] Use of undefined constant num - assumed 'num' D:\wamp\www\one\FL\Runtime\Cache\Home\24464032d991a3b6fd5e8ee5d94f3aec.php 第 14 行.
INFO: Run Behavior\ParseTemplateBehavior [ RunTime:0.013000s ]
INFO: [ view_parse ] --END-- [ RunTime:0.013000s ]
INFO: [ view_filter ] --START--
INFO: Run Behavior\WriteHtmlCacheBehavior [ RunTime:0.001001s ]
INFO: [ view_filter ] --END-- [ RunTime:0.001001s ]
INFO: [ app_end ] --START--
INFO: Run Behavior\ShowPageTraceBehavior [ RunTime:0.001000s ]
INFO: [ app_end ] --END-- [ RunTime:0.001000s ]

[ 2016-07-27T11:17:19+08:00 ] 127.0.0.1 /index.php/Home/Custom/logout.html
INFO: [ app_begin ] --START--
INFO: Run Behavior\ReadHtmlCacheBehavior [ RunTime:0.001000s ]
INFO: [ app_begin ] --END-- [ RunTime:0.001000s ]

[ 2016-07-27T11:17:33+08:00 ] 127.0.0.1 /index.php/Home/Custom/chkVerify.html
INFO: [ app_begin ] --START--
INFO: Run Behavior\ReadHtmlCacheBehavior [ RunTime:0.001000s ]
INFO: [ app_begin ] --END-- [ RunTime:0.001000s ]
INFO: [ app_end ] --START--
INFO: Run Behavior\ShowPageTraceBehavior [ RunTime:0.000000s ]
INFO: [ app_end ] --END-- [ RunTime:0.001000s ]

[ 2016-07-27T11:17:33+08:00 ] 127.0.0.1 /index.php/Home/Custom/login.html
INFO: [ app_begin ] --START--
INFO: Run Behavior\ReadHtmlCacheBehavior [ RunTime:0.000000s ]
INFO: [ app_begin ] --END-- [ RunTime:0.000000s ]
SQL: SHOW COLUMNS FROM `fl_custom` [ RunTime:0.0050s ]
SQL: SELECT `custom_id`,`custom_go` FROM `fl_custom` WHERE `custom_username` = 'admin' AND `custom_pwd` = 'e10adc3949ba59abbe56e057f20f883e' LIMIT 1   [ RunTime:0.0010s ]
NOTIC: [8] Undefined index: cart D:\wamp\www\one\FL\Home\Controller\CustomController.class.php 第 62 行.

[ 2016-07-27T11:17:56+08:00 ] 127.0.0.1 /index.php/Home/Custom/chkVerify.html
INFO: [ app_begin ] --START--
INFO: Run Behavior\ReadHtmlCacheBehavior [ RunTime:0.001000s ]
INFO: [ app_begin ] --END-- [ RunTime:0.002000s ]
INFO: [ app_end ] --START--
INFO: Run Behavior\ShowPageTraceBehavior [ RunTime:0.000000s ]
INFO: [ app_end ] --END-- [ RunTime:0.001000s ]

[ 2016-07-27T11:17:56+08:00 ] 127.0.0.1 /index.php/Home/Custom/login.html
INFO: [ app_begin ] --START--
INFO: Run Behavior\ReadHtmlCacheBehavior [ RunTime:0.001000s ]
INFO: [ app_begin ] --END-- [ RunTime:0.002000s ]

[ 2016-07-27T11:19:04+08:00 ] 127.0.0.1 /index.php/Home/Custom/chkUsername.html
INFO: [ app_begin ] --START--
INFO: Run Behavior\ReadHtmlCacheBehavior [ RunTime:0.001000s ]
INFO: [ app_begin ] --END-- [ RunTime:0.001000s ]
SQL: SHOW COLUMNS FROM `fl_custom` [ RunTime:0.0040s ]
SQL: SELECT COUNT(*) AS tp_count FROM `fl_custom` WHERE `custom_username` = '123' LIMIT 1   [ RunTime:0.0010s ]
INFO: [ app_end ] --START--
INFO: Run Behavior\ShowPageTraceBehavior [ RunTime:0.001000s ]
INFO: [ app_end ] --END-- [ RunTime:0.002000s ]

[ 2016-07-27T11:19:06+08:00 ] 127.0.0.1 /index.php/Home/Custom/chkUsername.html
INFO: [ app_begin ] --START--
INFO: Run Behavior\ReadHtmlCacheBehavior [ RunTime:0.000000s ]
INFO: [ app_begin ] --END-- [ RunTime:0.001001s ]
SQL: SHOW COLUMNS FROM `fl_custom` [ RunTime:0.0000s ]
SQL: SELECT COUNT(*) AS tp_count FROM `fl_custom` WHERE `custom_username` = '123123' LIMIT 1   [ RunTime:0.0000s ]
INFO: [ app_end ] --START--
INFO: Run Behavior\ShowPageTraceBehavior [ RunTime:0.000000s ]
INFO: [ app_end ] --END-- [ RunTime:0.000000s ]

[ 2016-07-27T11:19:13+08:00 ] 127.0.0.1 /index.php/Home/Custom/chkUsername.html
INFO: [ app_begin ] --START--
INFO: Run Behavior\ReadHtmlCacheBehavior [ RunTime:0.001000s ]
INFO: [ app_begin ] --END-- [ RunTime:0.001000s ]
SQL: SHOW COLUMNS FROM `fl_custom` [ RunTime:0.0070s ]
SQL: SELECT COUNT(*) AS tp_count FROM `fl_custom` WHERE `custom_username` = '123' LIMIT 1   [ RunTime:0.0010s ]
INFO: [ app_end ] --START--
INFO: Run Behavior\ShowPageTraceBehavior [ RunTime:0.001000s ]
INFO: [ app_end ] --END-- [ RunTime:0.001000s ]

[ 2016-07-27T11:19:13+08:00 ] 127.0.0.1 /index.php/Home/Custom/chkUsername.html
INFO: [ app_begin ] --START--
INFO: Run Behavior\ReadHtmlCacheBehavior [ RunTime:0.000000s ]
INFO: [ app_begin ] --END-- [ RunTime:0.000000s ]
SQL: SHOW COLUMNS FROM `fl_custom` [ RunTime:0.0030s ]
SQL: SELECT COUNT(*) AS tp_count FROM `fl_custom` WHERE `custom_username` = '1231' LIMIT 1   [ RunTime:0.0000s ]
INFO: [ app_end ] --START--
INFO: Run Behavior\ShowPageTraceBehavior [ RunTime:0.000000s ]
INFO: [ app_end ] --END-- [ RunTime:0.000000s ]

[ 2016-07-27T11:19:13+08:00 ] 127.0.0.1 /index.php/Home/Custom/chkUsername.html
INFO: [ app_begin ] --START--
INFO: Run Behavior\ReadHtmlCacheBehavior [ RunTime:0.001000s ]
INFO: [ app_begin ] --END-- [ RunTime:0.001000s ]
SQL: SHOW COLUMNS FROM `fl_custom` [ RunTime:0.0040s ]
SQL: SELECT COUNT(*) AS tp_count FROM `fl_custom` WHERE `custom_username` = '12313' LIMIT 1   [ RunTime:0.0010s ]
INFO: [ app_end ] --START--
INFO: Run Behavior\ShowPageTraceBehavior [ RunTime:0.001000s ]
INFO: [ app_end ] --END-- [ RunTime:0.001000s ]

[ 2016-07-27T11:19:15+08:00 ] 127.0.0.1 /index.php/Home/Custom/chkUsername.html
INFO: [ app_begin ] --START--
INFO: Run Behavior\ReadHtmlCacheBehavior [ RunTime:0.000000s ]
INFO: [ app_begin ] --END-- [ RunTime:0.000000s ]
SQL: SHOW COLUMNS FROM `fl_custom` [ RunTime:0.0000s ]
SQL: SELECT COUNT(*) AS tp_count FROM `fl_custom` WHERE `custom_username` = '1231' LIMIT 1   [ RunTime:0.0000s ]
INFO: [ app_end ] --START--
INFO: Run Behavior\ShowPageTraceBehavior [ RunTime:0.000000s ]
INFO: [ app_end ] --END-- [ RunTime:0.000000s ]

[ 2016-07-27T11:19:16+08:00 ] 127.0.0.1 /index.php/Home/Custom/chkUsername.html
INFO: [ app_begin ] --START--
INFO: Run Behavior\ReadHtmlCacheBehavior [ RunTime:0.000000s ]
INFO: [ app_begin ] --END-- [ RunTime:0.000000s ]
SQL: SHOW COLUMNS FROM `fl_custom` [ RunTime:0.0080s ]
SQL: SELECT COUNT(*) AS tp_count FROM `fl_custom` WHERE `custom_username` = '123112' LIMIT 1   [ RunTime:0.0010s ]
INFO: [ app_end ] --START--
INFO: Run Behavior\ShowPageTraceBehavior [ RunTime:0.001000s ]
INFO: [ app_end ] --END-- [ RunTime:0.001000s ]

[ 2016-07-27T11:19:16+08:00 ] 127.0.0.1 /index.php/Home/Custom/chkUsername.html
INFO: [ app_begin ] --START--
INFO: Run Behavior\ReadHtmlCacheBehavior [ RunTime:0.000000s ]
INFO: [ app_begin ] --END-- [ RunTime:0.000000s ]
SQL: SHOW COLUMNS FROM `fl_custom` [ RunTime:0.0000s ]
SQL: SELECT COUNT(*) AS tp_count FROM `fl_custom` WHERE `custom_username` = '1231123' LIMIT 1   [ RunTime:0.0000s ]
INFO: [ app_end ] --START--
INFO: Run Behavior\ShowPageTraceBehavior [ RunTime:0.000000s ]
INFO: [ app_end ] --END-- [ RunTime:0.000000s ]

[ 2016-07-27T11:19:18+08:00 ] 127.0.0.1 /index.php/Home/Custom/chkUsername.html
INFO: [ app_begin ] --START--
INFO: Run Behavior\ReadHtmlCacheBehavior [ RunTime:0.001000s ]
INFO: [ app_begin ] --END-- [ RunTime:0.002000s ]
SQL: SHOW COLUMNS FROM `fl_custom` [ RunTime:0.0000s ]
SQL: SELECT COUNT(*) AS tp_count FROM `fl_custom` WHERE `custom_username` = '123' LIMIT 1   [ RunTime:0.0000s ]
INFO: [ app_end ] --START--
INFO: Run Behavior\ShowPageTraceBehavior [ RunTime:0.000000s ]
INFO: [ app_end ] --END-- [ RunTime:0.000000s ]

[ 2016-07-27T11:19:19+08:00 ] 127.0.0.1 /index.php/Home/Custom/chkUsername.html
INFO: [ app_begin ] --START--
INFO: Run Behavior\ReadHtmlCacheBehavior [ RunTime:0.001000s ]
INFO: [ app_begin ] --END-- [ RunTime:0.002000s ]
SQL: SHOW COLUMNS FROM `fl_custom` [ RunTime:0.0156s ]
SQL: SELECT COUNT(*) AS tp_count FROM `fl_custom` WHERE `custom_username` = '123123' LIMIT 1   [ RunTime:0.0000s ]
INFO: [ app_end ] --START--
INFO: Run Behavior\ShowPageTraceBehavior [ RunTime:0.000000s ]
INFO: [ app_end ] --END-- [ RunTime:0.000000s ]

[ 2016-07-27T11:19:29+08:00 ] 127.0.0.1 /index.php/Home/Custom/chkUsername.html
INFO: [ app_begin ] --START--
INFO: Run Behavior\ReadHtmlCacheBehavior [ RunTime:0.001000s ]
INFO: [ app_begin ] --END-- [ RunTime:0.001000s ]
SQL: SHOW COLUMNS FROM `fl_custom` [ RunTime:0.0070s ]
SQL: SELECT COUNT(*) AS tp_count FROM `fl_custom` WHERE `custom_username` = '1231231' LIMIT 1   [ RunTime:0.0010s ]
INFO: [ app_end ] --START--
INFO: Run Behavior\ShowPageTraceBehavior [ RunTime:0.001000s ]
INFO: [ app_end ] --END-- [ RunTime:0.001000s ]

[ 2016-07-27T15:32:23+08:00 ] 127.0.0.1 /index.php/Home/Search/index/brand_bid/53.html?hb=&hb=&hb=&hobby%5B%5D=4&hb=&hobby%5B%5D=5&hb=&hb=&hb=&hb=&hb=&hb=&hb=&hb=&hb=&hb=&hb=&hb=&hobby%5B%5D=17&hb=&hb=&hb=&hb=&hb=&hb=&hb=&hb=&hb=&hb=&hb=&hb=&hb=&hb=&hb=&hb=&hb=&hb=&hb=&hb=&hb=&hb=&hb=&hb=&hb=&hb=&hb=&hb=&hb=&hb=&hb=&hb=&hb=&hb=
ERR: Think\Controller:retHobby方法不存在！

[ 2016-07-27T15:32:44+08:00 ] 127.0.0.1 /index.php/Home/Search/index/brand_bid/53.html?hb=&hb=&hb=&hobby%5B%5D=4&hb=&hobby%5B%5D=5&hb=&hb=&hb=&hb=&hb=&hb=&hb=&hb=&hb=&hb=&hb=&hb=&hobby%5B%5D=17&hb=&hobby%5B%5D=18&hb=&hb=&hb=&hb=&hb=&hb=&hobby%5B%5D=24&hb=&hb=&hb=&hb=&hb=&hb=&hb=&hb=&hb=&hb=&hb=&hb=&hb=&hb=&hb=&hb=&hb=&hb=&hb=&hb=&hb=&hb=&hb=&hb=&hb=&hb=&hb=
ERR: Think\Controller:retHobby方法不存在！

[ 2016-07-27T16:28:21+08:00 ] 127.0.0.1 /index.php/Home/Custom/isLogin.html
INFO: [ app_begin ] --START--
INFO: Run Behavior\ReadHtmlCacheBehavior [ RunTime:0.001000s ]
INFO: [ app_begin ] --END-- [ RunTime:0.003000s ]
INFO: [ app_end ] --START--
INFO: Run Behavior\ShowPageTraceBehavior [ RunTime:0.002000s ]
INFO: [ app_end ] --END-- [ RunTime:0.002000s ]

[ 2016-07-27T16:29:31+08:00 ] 127.0.0.1 /index.php/Home/Custom/logout.html
INFO: [ app_begin ] --START--
INFO: Run Behavior\ReadHtmlCacheBehavior [ RunTime:0.000000s ]
INFO: [ app_begin ] --END-- [ RunTime:0.001001s ]

[ 2016-07-27T16:29:49+08:00 ] 127.0.0.1 /index.php/Home/Custom/isLogin.html
INFO: [ app_begin ] --START--
INFO: Run Behavior\ReadHtmlCacheBehavior [ RunTime:0.002001s ]
INFO: [ app_begin ] --END-- [ RunTime:0.002001s ]
NOTIC: [8] Undefined index: mid D:\wamp\www\one\FL\Home\Controller\CustomController.class.php 第 168 行.
INFO: [ app_end ] --START--
INFO: Run Behavior\ShowPageTraceBehavior [ RunTime:0.000000s ]
INFO: [ app_end ] --END-- [ RunTime:0.001000s ]

[ 2016-07-27T16:30:53+08:00 ] 127.0.0.1 /index.php/Home/Custom/chkVerify.html
INFO: [ app_begin ] --START--
INFO: Run Behavior\ReadHtmlCacheBehavior [ RunTime:0.000000s ]
INFO: [ app_begin ] --END-- [ RunTime:0.001000s ]
INFO: [ app_end ] --START--
INFO: Run Behavior\ShowPageTraceBehavior [ RunTime:0.001000s ]
INFO: [ app_end ] --END-- [ RunTime:0.001000s ]

[ 2016-07-27T16:30:53+08:00 ] 127.0.0.1 /index.php/Home/Custom/login.html
INFO: [ app_begin ] --START--
INFO: Run Behavior\ReadHtmlCacheBehavior [ RunTime:0.001000s ]
INFO: [ app_begin ] --END-- [ RunTime:0.001000s ]
SQL: SHOW COLUMNS FROM `fl_custom` [ RunTime:0.0080s ]
SQL: SELECT `custom_id`,`custom_go` FROM `fl_custom` WHERE `custom_username` = 'allen' AND `custom_pwd` = 'e10adc3949ba59abbe56e057f20f883e' LIMIT 1   [ RunTime:0.0010s ]
NOTIC: [8] Undefined index: cart D:\wamp\www\one\FL\Home\Controller\CustomController.class.php 第 62 行.

[ 2016-07-27T16:30:59+08:00 ] 127.0.0.1 /index.php/Home/Custom/isLogin.html
INFO: [ app_begin ] --START--
INFO: Run Behavior\ReadHtmlCacheBehavior [ RunTime:0.001000s ]
INFO: [ app_begin ] --END-- [ RunTime:0.001000s ]
INFO: [ app_end ] --START--
INFO: Run Behavior\ShowPageTraceBehavior [ RunTime:0.000000s ]
INFO: [ app_end ] --END-- [ RunTime:0.001000s ]

[ 2016-07-27T16:31:54+08:00 ] 127.0.0.1 /index.php/Home/User/site.html
INFO: [ app_begin ] --START--
INFO: Run Behavior\ReadHtmlCacheBehavior [ RunTime:0.001000s ]
INFO: [ app_begin ] --END-- [ RunTime:0.002000s ]
SQL: SHOW COLUMNS FROM `fl_site` [ RunTime:0.0000s ]
NOTIC: [8] Undefined index: validate D:\wamp\www\one\ThinkPHP\Library\Think\Model.class.php 第 1185 行.
NOTIC: [8] Undefined index: auto D:\wamp\www\one\ThinkPHP\Library\Think\Model.class.php 第 1128 行.
SQL: SELECT COUNT(*) AS tp_count FROM `fl_site` WHERE ( site_custom_id=3 ) LIMIT 1   [ RunTime:0.0000s ]
SQL: INSERT INTO `fl_site` (`site_content`,`site_zip`,`site_name`,`site_tel`,`site_custom_id`,`site_area`) VALUES ('库仑区123','150524','碎卡机','13625251566','3','内蒙古 通辽市 库伦旗') [ RunTime:0.0468s ]
SQL: SELECT * FROM `fl_site` WHERE ( site_custom_id=3 )  [ RunTime:0.0000s ]
INFO: [ app_end ] --START--
INFO: Run Behavior\ShowPageTraceBehavior [ RunTime:0.000000s ]
INFO: [ app_end ] --END-- [ RunTime:0.000000s ]

[ 2016-07-27T16:32:01+08:00 ] 127.0.0.1 /Home/Order/index/site_id/30
INFO: [ app_begin ] --START--
INFO: Run Behavior\ReadHtmlCacheBehavior [ RunTime:0.000000s ]
INFO: [ app_begin ] --END-- [ RunTime:0.002000s ]
SQL: SHOW COLUMNS FROM `fl_site` [ RunTime:0.0030s ]
SQL: SHOW COLUMNS FROM `fl_site` [ RunTime:0.0000s ]
SQL: SELECT * FROM `fl_site` WHERE `site_id` = 30  [ RunTime:0.0000s ]
SQL: UPDATE `fl_site` SET `site_m`='0' WHERE `site_custom_id` IN ('3') [ RunTime:0.0312s ]
SQL: UPDATE `fl_site` SET `site_m`='site' WHERE ( site_id='30' ) [ RunTime:0.0482s ]
SQL: SELECT * FROM `fl_site` WHERE ( site_custom_id=3 )  [ RunTime:0.0020s ]
SQL: SELECT * FROM `fl_site` WHERE `site_custom_id` = 3 AND `site_m` = 'site'  [ RunTime:0.0010s ]
NOTIC: [8] Undefined variable: x D:\wamp\www\one\FL\Home\Controller\OrderController.class.php 第 90 行.
NOTIC: [8] Undefined index: act D:\wamp\www\one\FL\Home\Controller\OrderController.class.php 第 97 行.

[ 2016-07-27T16:33:15+08:00 ] 127.0.0.1 /index.php/Home/Detail/index.html
INFO: [ app_begin ] --START--
INFO: Run Behavior\ReadHtmlCacheBehavior [ RunTime:0.000000s ]
INFO: [ app_begin ] --END-- [ RunTime:0.001000s ]
NOTIC: [8] Undefined index: item D:\wamp\www\one\FL\Home\Controller\DetailController.class.php 第 78 行.
SQL: SHOW COLUMNS FROM `fl_prod` [ RunTime:0.0080s ]
NOTIC: [8] Undefined offset: 12 D:\wamp\www\one\FL\Home\Controller\DetailController.class.php 第 14 行.
SQL: SELECT * FROM `fl_prod` WHERE ( prod_id=12 )  [ RunTime:0.0010s ]
NOTIC: [8] Undefined variable: totalPrice D:\wamp\www\one\FL\Home\Controller\DetailController.class.php 第 95 行.
NOTIC: [8] Undefined index: item D:\wamp\www\one\FL\Home\Controller\DetailController.class.php 第 98 行.

[ 2016-07-27T16:33:17+08:00 ] 127.0.0.1 /index.php/Home/Detail/index.html
INFO: [ app_begin ] --START--
INFO: Run Behavior\ReadHtmlCacheBehavior [ RunTime:0.000000s ]
INFO: [ app_begin ] --END-- [ RunTime:0.001000s ]
NOTIC: [8] Undefined variable: totalPrice D:\wamp\www\one\FL\Home\Controller\DetailController.class.php 第 95 行.
NOTIC: [8] Use of undefined constant REQUEST_URI - assumed 'REQUEST_URI' D:\wamp\www\one\FL\Home\Controller\DetailController.class.php 第 99 行.
INFO: [ view_parse ] --START--
INFO: [ template_filter ] --START--
INFO: Run Behavior\ContentReplaceBehavior [ RunTime:0.000000s ]
INFO: [ template_filter ] --END-- [ RunTime:0.000000s ]
NOTIC: [8] Use of undefined constant prod_price - assumed 'prod_price' D:\wamp\www\one\FL\Runtime\Cache\Home\24464032d991a3b6fd5e8ee5d94f3aec.php 第 14 行.
NOTIC: [8] Use of undefined constant num - assumed 'num' D:\wamp\www\one\FL\Runtime\Cache\Home\24464032d991a3b6fd5e8ee5d94f3aec.php 第 14 行.
INFO: Run Behavior\ParseTemplateBehavior [ RunTime:0.014001s ]
INFO: [ view_parse ] --END-- [ RunTime:0.014001s ]
INFO: [ view_filter ] --START--
INFO: Run Behavior\WriteHtmlCacheBehavior [ RunTime:0.001000s ]
INFO: [ view_filter ] --END-- [ RunTime:0.001000s ]
INFO: [ app_end ] --START--
INFO: Run Behavior\ShowPageTraceBehavior [ RunTime:0.000000s ]
INFO: [ app_end ] --END-- [ RunTime:0.001000s ]

[ 2016-07-27T16:33:19+08:00 ] 127.0.0.1 /index.php/Home/Detail/index.html
INFO: [ app_begin ] --START--
INFO: Run Behavior\ReadHtmlCacheBehavior [ RunTime:0.001000s ]
INFO: [ app_begin ] --END-- [ RunTime:0.001000s ]
NOTIC: [8] Undefined variable: totalPrice D:\wamp\www\one\FL\Home\Controller\DetailController.class.php 第 95 行.
NOTIC: [8] Use of undefined constant REQUEST_URI - assumed 'REQUEST_URI' D:\wamp\www\one\FL\Home\Controller\DetailController.class.php 第 99 行.
INFO: [ view_parse ] --START--
INFO: [ template_filter ] --START--
INFO: Run Behavior\ContentReplaceBehavior [ RunTime:0.000000s ]
INFO: [ template_filter ] --END-- [ RunTime:0.000000s ]
NOTIC: [8] Use of undefined constant prod_price - assumed 'prod_price' D:\wamp\www\one\FL\Runtime\Cache\Home\24464032d991a3b6fd5e8ee5d94f3aec.php 第 14 行.
NOTIC: [8] Use of undefined constant num - assumed 'num' D:\wamp\www\one\FL\Runtime\Cache\Home\24464032d991a3b6fd5e8ee5d94f3aec.php 第 14 行.
INFO: Run Behavior\ParseTemplateBehavior [ RunTime:0.012001s ]
INFO: [ view_parse ] --END-- [ RunTime:0.013001s ]
INFO: [ view_filter ] --START--
INFO: Run Behavior\WriteHtmlCacheBehavior [ RunTime:0.000000s ]
INFO: [ view_filter ] --END-- [ RunTime:0.000000s ]
INFO: [ app_end ] --START--
INFO: Run Behavior\ShowPageTraceBehavior [ RunTime:0.000000s ]
INFO: [ app_end ] --END-- [ RunTime:0.001000s ]

[ 2016-07-27T16:33:44+08:00 ] 127.0.0.1 /index.php/Home/Custom/logout.html
INFO: [ app_begin ] --START--
INFO: Run Behavior\ReadHtmlCacheBehavior [ RunTime:0.001000s ]
INFO: [ app_begin ] --END-- [ RunTime:0.002000s ]

[ 2016-07-27T16:34:10+08:00 ] 127.0.0.1 /index.php/Home/Detail/index.html
INFO: [ app_begin ] --START--
INFO: Run Behavior\ReadHtmlCacheBehavior [ RunTime:0.001000s ]
INFO: [ app_begin ] --END-- [ RunTime:0.001000s ]
NOTIC: [8] Undefined index: item D:\wamp\www\one\FL\Home\Controller\DetailController.class.php 第 78 行.
NOTIC: [8] Undefined index: mid D:\wamp\www\one\FL\Home\Controller\DetailController.class.php 第 8 行.
SQL: SHOW COLUMNS FROM `fl_prod` [ RunTime:0.0080s ]
NOTIC: [8] Undefined index: cart D:\wamp\www\one\FL\Home\Controller\DetailController.class.php 第 31 行.
SQL: SELECT * FROM `fl_prod` WHERE ( prod_id=11 )  [ RunTime:0.0010s ]
NOTIC: [8] Undefined index: mid D:\wamp\www\one\FL\Home\Controller\DetailController.class.php 第 81 行.
NOTIC: [8] Undefined variable: totalPrice D:\wamp\www\one\FL\Home\Controller\DetailController.class.php 第 95 行.
NOTIC: [8] Undefined index: item D:\wamp\www\one\FL\Home\Controller\DetailController.class.php 第 98 行.

[ 2016-07-27T16:34:11+08:00 ] 127.0.0.1 /index.php/Home/Detail/index.html
INFO: [ app_begin ] --START--
INFO: Run Behavior\ReadHtmlCacheBehavior [ RunTime:0.001000s ]
INFO: [ app_begin ] --END-- [ RunTime:0.001000s ]
NOTIC: [8] Undefined index: mid D:\wamp\www\one\FL\Home\Controller\DetailController.class.php 第 81 行.
NOTIC: [8] Undefined variable: totalPrice D:\wamp\www\one\FL\Home\Controller\DetailController.class.php 第 95 行.
NOTIC: [8] Use of undefined constant REQUEST_URI - assumed 'REQUEST_URI' D:\wamp\www\one\FL\Home\Controller\DetailController.class.php 第 99 行.
INFO: [ view_parse ] --START--
INFO: [ template_filter ] --START--
INFO: Run Behavior\ContentReplaceBehavior [ RunTime:0.000000s ]
INFO: [ template_filter ] --END-- [ RunTime:0.001000s ]
NOTIC: [8] Use of undefined constant prod_price - assumed 'prod_price' D:\wamp\www\one\FL\Runtime\Cache\Home\24464032d991a3b6fd5e8ee5d94f3aec.php 第 14 行.
NOTIC: [8] Use of undefined constant num - assumed 'num' D:\wamp\www\one\FL\Runtime\Cache\Home\24464032d991a3b6fd5e8ee5d94f3aec.php 第 14 行.
INFO: Run Behavior\ParseTemplateBehavior [ RunTime:0.012001s ]
INFO: [ view_parse ] --END-- [ RunTime:0.013001s ]
INFO: [ view_filter ] --START--
INFO: Run Behavior\WriteHtmlCacheBehavior [ RunTime:0.000000s ]
INFO: [ view_filter ] --END-- [ RunTime:0.000000s ]
INFO: [ app_end ] --START--
INFO: Run Behavior\ShowPageTraceBehavior [ RunTime:0.000000s ]
INFO: [ app_end ] --END-- [ RunTime:0.001000s ]

[ 2016-07-27T16:34:26+08:00 ] 127.0.0.1 /index.php/Home/Custom/chkVerify.html
INFO: [ app_begin ] --START--
INFO: Run Behavior\ReadHtmlCacheBehavior [ RunTime:0.000000s ]
INFO: [ app_begin ] --END-- [ RunTime:0.001000s ]
INFO: [ app_end ] --START--
INFO: Run Behavior\ShowPageTraceBehavior [ RunTime:0.000000s ]
INFO: [ app_end ] --END-- [ RunTime:0.001000s ]

[ 2016-07-27T16:34:26+08:00 ] 127.0.0.1 /index.php/Home/Custom/login.html
INFO: [ app_begin ] --START--
INFO: Run Behavior\ReadHtmlCacheBehavior [ RunTime:0.000000s ]
INFO: [ app_begin ] --END-- [ RunTime:0.000000s ]
SQL: SHOW COLUMNS FROM `fl_custom` [ RunTime:0.0070s ]
SQL: SELECT `custom_id`,`custom_go` FROM `fl_custom` WHERE `custom_username` = 'eddie' AND `custom_pwd` = 'e10adc3949ba59abbe56e057f20f883e' LIMIT 1   [ RunTime:0.0010s ]

[ 2016-07-27T16:34:34+08:00 ] 127.0.0.1 /index.php/Home/Detail/index.html
INFO: [ app_begin ] --START--
INFO: Run Behavior\ReadHtmlCacheBehavior [ RunTime:0.000000s ]
INFO: [ app_begin ] --END-- [ RunTime:0.001000s ]
NOTIC: [8] Undefined variable: totalPrice D:\wamp\www\one\FL\Home\Controller\DetailController.class.php 第 95 行.
NOTIC: [8] Use of undefined constant REQUEST_URI - assumed 'REQUEST_URI' D:\wamp\www\one\FL\Home\Controller\DetailController.class.php 第 99 行.
INFO: [ view_parse ] --START--
INFO: [ template_filter ] --START--
INFO: Run Behavior\ContentReplaceBehavior [ RunTime:0.000000s ]
INFO: [ template_filter ] --END-- [ RunTime:0.000000s ]
NOTIC: [8] Use of undefined constant prod_price - assumed 'prod_price' D:\wamp\www\one\FL\Runtime\Cache\Home\24464032d991a3b6fd5e8ee5d94f3aec.php 第 14 行.
NOTIC: [8] Use of undefined constant num - assumed 'num' D:\wamp\www\one\FL\Runtime\Cache\Home\24464032d991a3b6fd5e8ee5d94f3aec.php 第 14 行.
INFO: Run Behavior\ParseTemplateBehavior [ RunTime:0.012001s ]
INFO: [ view_parse ] --END-- [ RunTime:0.012001s ]
INFO: [ view_filter ] --START--
INFO: Run Behavior\WriteHtmlCacheBehavior [ RunTime:0.001000s ]
INFO: [ view_filter ] --END-- [ RunTime:0.001000s ]
INFO: [ app_end ] --START--
INFO: Run Behavior\ShowPageTraceBehavior [ RunTime:0.000000s ]
INFO: [ app_end ] --END-- [ RunTime:0.001000s ]

[ 2016-07-27T16:35:14+08:00 ] 127.0.0.1 /index.php/Home/User/site.html
INFO: [ app_begin ] --START--
INFO: Run Behavior\ReadHtmlCacheBehavior [ RunTime:0.001000s ]
INFO: [ app_begin ] --END-- [ RunTime:0.001000s ]
SQL: SHOW COLUMNS FROM `fl_site` [ RunTime:0.0000s ]
NOTIC: [8] Undefined index: validate D:\wamp\www\one\ThinkPHP\Library\Think\Model.class.php 第 1185 行.
NOTIC: [8] Undefined index: auto D:\wamp\www\one\ThinkPHP\Library\Think\Model.class.php 第 1128 行.
SQL: SELECT COUNT(*) AS tp_count FROM `fl_site` WHERE ( site_custom_id=4 ) LIMIT 1   [ RunTime:0.0000s ]
SQL: INSERT INTO `fl_site` (`site_content`,`site_zip`,`site_name`,`site_tel`,`site_custom_id`,`site_area`) VALUES ('梨树县123','220322','点的','15815154615','4','吉林省 四平市 梨树县') [ RunTime:0.0468s ]
SQL: SELECT * FROM `fl_site` WHERE ( site_custom_id=4 )  [ RunTime:0.0000s ]
INFO: [ app_end ] --START--
INFO: Run Behavior\ShowPageTraceBehavior [ RunTime:0.000000s ]
INFO: [ app_end ] --END-- [ RunTime:0.000000s ]

[ 2016-07-27T16:35:18+08:00 ] 127.0.0.1 /Home/Order/index/site_id/31
INFO: [ app_begin ] --START--
INFO: Run Behavior\ReadHtmlCacheBehavior [ RunTime:0.001000s ]
INFO: [ app_begin ] --END-- [ RunTime:0.001000s ]
SQL: SHOW COLUMNS FROM `fl_site` [ RunTime:0.0070s ]
SQL: SHOW COLUMNS FROM `fl_site` [ RunTime:0.0060s ]
SQL: SELECT * FROM `fl_site` WHERE `site_id` = 31  [ RunTime:0.0000s ]
SQL: UPDATE `fl_site` SET `site_m`='0' WHERE `site_custom_id` IN ('4') [ RunTime:0.0478s ]
SQL: UPDATE `fl_site` SET `site_m`='site' WHERE ( site_id='31' ) [ RunTime:0.0156s ]
SQL: SELECT * FROM `fl_site` WHERE ( site_custom_id=4 )  [ RunTime:0.0000s ]
SQL: SELECT * FROM `fl_site` WHERE `site_custom_id` = 4 AND `site_m` = 'site'  [ RunTime:0.0000s ]
NOTIC: [8] Undefined variable: x D:\wamp\www\one\FL\Home\Controller\OrderController.class.php 第 90 行.
NOTIC: [8] Undefined index: act D:\wamp\www\one\FL\Home\Controller\OrderController.class.php 第 97 行.

[ 2016-07-27T16:37:38+08:00 ] 127.0.0.1 /index.php/Home/Custom/isLogin.html
INFO: [ app_begin ] --START--
INFO: Run Behavior\ReadHtmlCacheBehavior [ RunTime:0.001000s ]
INFO: [ app_begin ] --END-- [ RunTime:0.001000s ]
INFO: [ app_end ] --START--
INFO: Run Behavior\ShowPageTraceBehavior [ RunTime:0.000000s ]
INFO: [ app_end ] --END-- [ RunTime:0.000000s ]

[ 2016-07-27T16:41:06+08:00 ] 127.0.0.1 /index.php/Home/Detail/index.html?p=1&pid=2&cid=0
INFO: [ app_begin ] --START--
INFO: Run Behavior\ReadHtmlCacheBehavior [ RunTime:0.001001s ]
INFO: [ app_begin ] --END-- [ RunTime:0.002001s ]
SQL: SHOW COLUMNS FROM `fl_comment` [ RunTime:0.0090s ]
SQL: SELECT COUNT(*) AS tp_count FROM `fl_comment` WHERE `comment_prod_id` = 2 LIMIT 1   [ RunTime:0.0010s ]
SQL: SELECT COUNT(*) AS tp_count FROM `fl_comment` WHERE `comment_prod_id` = 2 AND `comment_star` > 3 LIMIT 1   [ RunTime:0.0010s ]
SQL: SELECT COUNT(*) AS tp_count FROM `fl_comment` WHERE `comment_prod_id` = 2 AND `comment_star` BETWEEN '2' AND '3' LIMIT 1   [ RunTime:0.0010s ]
SQL: SELECT COUNT(*) AS tp_count FROM `fl_comment` WHERE `comment_prod_id` = 2 AND `comment_star` BETWEEN '0' AND '1' LIMIT 1   [ RunTime:0.0010s ]
SQL: SELECT * FROM `fl_comment` WHERE `comment_prod_id` = 2 GROUP BY comment_custom_id  [ RunTime:0.0010s ]
SQL: SELECT COUNT(*) AS tp_count FROM `fl_comment` WHERE `comment_prod_id` = 2 LIMIT 1   [ RunTime:0.0010s ]
SQL: SELECT * FROM `fl_comment` WHERE `comment_prod_id` = 2 ORDER BY comment_custom_id LIMIT 0,2   [ RunTime:0.0010s ]
NOTIC: [8] Undefined variable: appendList D:\wamp\www\one\FL\Home\Controller\DetailController.class.php 第 292 行.
NOTIC: [2] Division by zero D:\wamp\www\one\FL\Home\Controller\DetailController.class.php 第 69 行.
INFO: [ view_parse ] --START--
INFO: [ template_filter ] --START--
INFO: Run Behavior\ContentReplaceBehavior [ RunTime:0.001000s ]
INFO: [ template_filter ] --END-- [ RunTime:0.001000s ]
INFO: Run Behavior\ParseTemplateBehavior [ RunTime:0.025002s ]
INFO: [ view_parse ] --END-- [ RunTime:0.025002s ]
INFO: [ view_filter ] --START--
INFO: Run Behavior\WriteHtmlCacheBehavior [ RunTime:0.000000s ]
INFO: [ view_filter ] --END-- [ RunTime:0.000000s ]
INFO: [ app_end ] --START--
INFO: Run Behavior\ShowPageTraceBehavior [ RunTime:0.000000s ]
INFO: [ app_end ] --END-- [ RunTime:0.001000s ]

[ 2016-07-27T16:41:18+08:00 ] 127.0.0.1 /index.php/Home/Detail/index.html?p=1&pid=1&cid=0
INFO: [ app_begin ] --START--
INFO: Run Behavior\ReadHtmlCacheBehavior [ RunTime:0.001000s ]
INFO: [ app_begin ] --END-- [ RunTime:0.001000s ]
SQL: SHOW COLUMNS FROM `fl_comment` [ RunTime:0.0000s ]
SQL: SELECT COUNT(*) AS tp_count FROM `fl_comment` WHERE `comment_prod_id` = 1 LIMIT 1   [ RunTime:0.0000s ]
SQL: SELECT COUNT(*) AS tp_count FROM `fl_comment` WHERE `comment_prod_id` = 1 AND `comment_star` > 3 LIMIT 1   [ RunTime:0.0000s ]
SQL: SELECT COUNT(*) AS tp_count FROM `fl_comment` WHERE `comment_prod_id` = 1 AND `comment_star` BETWEEN '2' AND '3' LIMIT 1   [ RunTime:0.0156s ]
SQL: SELECT COUNT(*) AS tp_count FROM `fl_comment` WHERE `comment_prod_id` = 1 AND `comment_star` BETWEEN '0' AND '1' LIMIT 1   [ RunTime:0.0000s ]
SQL: SELECT * FROM `fl_comment` WHERE `comment_prod_id` = 1 GROUP BY comment_custom_id  [ RunTime:0.0000s ]
SQL: SELECT COUNT(*) AS tp_count FROM `fl_comment` WHERE `comment_prod_id` = 1 LIMIT 1   [ RunTime:0.0000s ]
SQL: SELECT * FROM `fl_comment` WHERE `comment_prod_id` = 1 ORDER BY comment_custom_id LIMIT 0,2   [ RunTime:0.0000s ]
NOTIC: [8] Undefined index: header D:\wamp\www\one\ThinkPHP\Library\Org\Util\AjaxPage.class.php 第 122 行.
SQL: SHOW COLUMNS FROM `fl_custom` [ RunTime:0.0156s ]
SQL: SELECT * FROM `fl_custom` WHERE `custom_id` IN ('1','1')  [ RunTime:0.0000s ]
NOTIC: [8] Undefined offset: 1 D:\wamp\www\one\FL\Home\Controller\DetailController.class.php 第 277 行.
INFO: [ view_parse ] --START--
INFO: [ template_filter ] --START--
INFO: Run Behavior\ContentReplaceBehavior [ RunTime:0.000000s ]
INFO: [ template_filter ] --END-- [ RunTime:0.000000s ]
NOTIC: [8] Use of undefined constant comment_createtime - assumed 'comment_createtime' D:\wamp\www\one\FL\Runtime\Cache\Home\95257c743e16dc6a6bf5ec88cdefacb2.php 第 42 行.
NOTIC: [8] Use of undefined constant comment_custom_id - assumed 'comment_custom_id' D:\wamp\www\one\FL\Runtime\Cache\Home\95257c743e16dc6a6bf5ec88cdefacb2.php 第 44 行.
NOTIC: [8] Use of undefined constant comment_custom_id - assumed 'comment_custom_id' D:\wamp\www\one\FL\Runtime\Cache\Home\95257c743e16dc6a6bf5ec88cdefacb2.php 第 44 行.
NOTIC: [8] Use of undefined constant comment_createtime - assumed 'comment_createtime' D:\wamp\www\one\FL\Runtime\Cache\Home\95257c743e16dc6a6bf5ec88cdefacb2.php 第 47 行.
INFO: Run Behavior\ParseTemplateBehavior [ RunTime:0.025600s ]
INFO: [ view_parse ] --END-- [ RunTime:0.026600s ]
INFO: [ view_filter ] --START--
INFO: Run Behavior\WriteHtmlCacheBehavior [ RunTime:0.000000s ]
INFO: [ view_filter ] --END-- [ RunTime:0.000000s ]
INFO: [ app_end ] --START--
INFO: Run Behavior\ShowPageTraceBehavior [ RunTime:0.001000s ]
INFO: [ app_end ] --END-- [ RunTime:0.001000s ]

[ 2016-07-27T16:43:49+08:00 ] 127.0.0.1 /index.php/Home/Custom/chkUsername.html
INFO: [ app_begin ] --START--
INFO: Run Behavior\ReadHtmlCacheBehavior [ RunTime:0.000000s ]
INFO: [ app_begin ] --END-- [ RunTime:0.001000s ]
SQL: SHOW COLUMNS FROM `fl_custom` [ RunTime:0.0080s ]
SQL: SELECT COUNT(*) AS tp_count FROM `fl_custom` WHERE `custom_username` = 'list' LIMIT 1   [ RunTime:0.0010s ]
INFO: [ app_end ] --START--
INFO: Run Behavior\ShowPageTraceBehavior [ RunTime:0.001000s ]
INFO: [ app_end ] --END-- [ RunTime:0.001000s ]

[ 2016-07-27T16:44:03+08:00 ] 127.0.0.1 /index.php/Home/Custom/chkEmail.html
INFO: [ app_begin ] --START--
INFO: Run Behavior\ReadHtmlCacheBehavior [ RunTime:0.000000s ]
INFO: [ app_begin ] --END-- [ RunTime:0.002001s ]
SQL: SHOW COLUMNS FROM `fl_custom` [ RunTime:0.0000s ]
SQL: SELECT COUNT(*) AS tp_count FROM `fl_custom` WHERE `custom_email` = '123@123.com' LIMIT 1   [ RunTime:0.0000s ]
INFO: [ app_end ] --START--
INFO: Run Behavior\ShowPageTraceBehavior [ RunTime:0.000000s ]
INFO: [ app_end ] --END-- [ RunTime:0.000000s ]

[ 2016-07-27T16:44:09+08:00 ] 127.0.0.1 /index.php/Home/Custom/chkEmail.html
INFO: [ app_begin ] --START--
INFO: Run Behavior\ReadHtmlCacheBehavior [ RunTime:0.001000s ]
INFO: [ app_begin ] --END-- [ RunTime:0.001000s ]
SQL: SHOW COLUMNS FROM `fl_custom` [ RunTime:0.0070s ]
SQL: SELECT COUNT(*) AS tp_count FROM `fl_custom` WHERE `custom_email` = '123@12.com' LIMIT 1   [ RunTime:0.0010s ]
INFO: [ app_end ] --START--
INFO: Run Behavior\ShowPageTraceBehavior [ RunTime:0.001000s ]
INFO: [ app_end ] --END-- [ RunTime:0.001000s ]

[ 2016-07-27T16:44:10+08:00 ] 127.0.0.1 /index.php/Home/Custom/chkEmail.html
INFO: [ app_begin ] --START--
INFO: Run Behavior\ReadHtmlCacheBehavior [ RunTime:0.000000s ]
INFO: [ app_begin ] --END-- [ RunTime:0.001000s ]
SQL: SHOW COLUMNS FROM `fl_custom` [ RunTime:0.0080s ]
SQL: SELECT COUNT(*) AS tp_count FROM `fl_custom` WHERE `custom_email` = '123@122.com' LIMIT 1   [ RunTime:0.0010s ]
INFO: [ app_end ] --START--
INFO: Run Behavior\ShowPageTraceBehavior [ RunTime:0.001000s ]
INFO: [ app_end ] --END-- [ RunTime:0.001000s ]

[ 2016-07-27T16:44:16+08:00 ] 127.0.0.1 /index.php/Home/Custom/chkVerify.html
INFO: [ app_begin ] --START--
INFO: Run Behavior\ReadHtmlCacheBehavior [ RunTime:0.000000s ]
INFO: [ app_begin ] --END-- [ RunTime:0.000000s ]
INFO: [ app_end ] --START--
INFO: Run Behavior\ShowPageTraceBehavior [ RunTime:0.000000s ]
INFO: [ app_end ] --END-- [ RunTime:0.000000s ]

[ 2016-07-27T16:44:17+08:00 ] 127.0.0.1 /index.php/Home/Custom/register.html
INFO: [ app_begin ] --START--
INFO: Run Behavior\ReadHtmlCacheBehavior [ RunTime:0.001001s ]
INFO: [ app_begin ] --END-- [ RunTime:0.001001s ]
SQL: SHOW COLUMNS FROM `fl_custom` [ RunTime:0.0070s ]
NOTIC: [8] Undefined index: validate D:\wamp\www\one\ThinkPHP\Library\Think\Model.class.php 第 1185 行.
NOTIC: [8] Undefined index: auto D:\wamp\www\one\ThinkPHP\Library\Think\Model.class.php 第 1128 行.
NOTIC: [8] Undefined index: validate D:\wamp\www\one\ThinkPHP\Library\Think\Model.class.php 第 1185 行.
NOTIC: [8] Undefined index: auto D:\wamp\www\one\ThinkPHP\Library\Think\Model.class.php 第 1128 行.
SQL: INSERT INTO `fl_custom` (`custom_username`,`custom_pwd`,`custom_email`,`custom_time`) VALUES ('list','e10adc3949ba59abbe56e057f20f883e','123@122.com','1469609056') [ RunTime:0.1190s ]

[ 2016-07-27T16:44:44+08:00 ] 127.0.0.1 /index.php/Home/Custom/logout.html
INFO: [ app_begin ] --START--
INFO: Run Behavior\ReadHtmlCacheBehavior [ RunTime:0.001000s ]
INFO: [ app_begin ] --END-- [ RunTime:0.001000s ]

[ 2016-07-27T17:29:06+08:00 ] 127.0.0.1 /index.php/Home/Custom/chkVerify.html
INFO: [ app_begin ] --START--
INFO: Run Behavior\ReadHtmlCacheBehavior [ RunTime:0.001000s ]
INFO: [ app_begin ] --END-- [ RunTime:0.001000s ]
INFO: [ app_end ] --START--
INFO: Run Behavior\ShowPageTraceBehavior [ RunTime:0.001000s ]
INFO: [ app_end ] --END-- [ RunTime:0.001000s ]

[ 2016-07-27T17:29:06+08:00 ] 127.0.0.1 /index.php/Home/Custom/login.html
INFO: [ app_begin ] --START--
INFO: Run Behavior\ReadHtmlCacheBehavior [ RunTime:0.015600s ]
INFO: [ app_begin ] --END-- [ RunTime:0.015600s ]
SQL: SHOW COLUMNS FROM `fl_custom` [ RunTime:0.0080s ]
SQL: SELECT `custom_id`,`custom_go` FROM `fl_custom` WHERE `custom_username` = 'admin' AND `custom_pwd` = '21232f297a57a5a743894a0e4a801fc3' LIMIT 1   [ RunTime:0.0010s ]

[ 2016-07-27T17:29:12+08:00 ] 127.0.0.1 /index.php/Home/Custom/login.html
INFO: [ app_begin ] --START--
INFO: Run Behavior\ReadHtmlCacheBehavior [ RunTime:0.001000s ]
INFO: [ app_begin ] --END-- [ RunTime:0.001000s ]
SQL: SHOW COLUMNS FROM `fl_custom` [ RunTime:0.0000s ]
SQL: SELECT `custom_id`,`custom_go` FROM `fl_custom` WHERE `custom_username` = 'admin' AND `custom_pwd` = 'e10adc3949ba59abbe56e057f20f883e' LIMIT 1   [ RunTime:0.0000s ]

[ 2016-07-27T17:29:22+08:00 ] 127.0.0.1 /index.php/Home/Custom/isLogin.html
INFO: [ app_begin ] --START--
INFO: Run Behavior\ReadHtmlCacheBehavior [ RunTime:0.001000s ]
INFO: [ app_begin ] --END-- [ RunTime:0.002000s ]
INFO: [ app_end ] --START--
INFO: Run Behavior\ShowPageTraceBehavior [ RunTime:0.000000s ]
INFO: [ app_end ] --END-- [ RunTime:0.001000s ]

[ 2016-07-27T17:36:08+08:00 ] 127.0.0.1 /index.php/Home/Custom/isLogin.html
INFO: [ app_begin ] --START--
INFO: Run Behavior\ReadHtmlCacheBehavior [ RunTime:0.000000s ]
INFO: [ app_begin ] --END-- [ RunTime:0.001000s ]
INFO: [ app_end ] --START--
INFO: Run Behavior\ShowPageTraceBehavior [ RunTime:0.000000s ]
INFO: [ app_end ] --END-- [ RunTime:0.000000s ]

[ 2016-07-27T17:38:44+08:00 ] 127.0.0.1 /index.php/Home/Custom/isLogin.html
INFO: [ app_begin ] --START--
INFO: Run Behavior\ReadHtmlCacheBehavior [ RunTime:0.001000s ]
INFO: [ app_begin ] --END-- [ RunTime:0.001000s ]
INFO: [ app_end ] --START--
INFO: Run Behavior\ShowPageTraceBehavior [ RunTime:0.000000s ]
INFO: [ app_end ] --END-- [ RunTime:0.001001s ]

