[ 2016-07-22T10:01:54+08:00 ] 127.0.0.1 /index.php/Home/Custom/chkVerify.html
INFO: [ app_begin ] --START--
INFO: Run Behavior\ReadHtmlCacheBehavior [ RunTime:0.000000s ]
INFO: [ app_begin ] --END-- [ RunTime:0.001000s ]
INFO: [ app_end ] --START--
INFO: Run Behavior\ShowPageTraceBehavior [ RunTime:0.000000s ]
INFO: [ app_end ] --END-- [ RunTime:0.001000s ]

[ 2016-07-22T10:01:54+08:00 ] 127.0.0.1 /index.php/Home/Custom/chkVerify.html
INFO: [ app_begin ] --START--
INFO: Run Behavior\ReadHtmlCacheBehavior [ RunTime:0.000000s ]
INFO: [ app_begin ] --END-- [ RunTime:0.002000s ]
INFO: [ app_end ] --START--
INFO: Run Behavior\ShowPageTraceBehavior [ RunTime:0.001000s ]
INFO: [ app_end ] --END-- [ RunTime:0.001000s ]

[ 2016-07-22T10:01:55+08:00 ] 127.0.0.1 /index.php/Home/Custom/chkVerify.html
INFO: [ app_begin ] --START--
INFO: Run Behavior\ReadHtmlCacheBehavior [ RunTime:0.001000s ]
INFO: [ app_begin ] --END-- [ RunTime:0.002000s ]
INFO: [ app_end ] --START--
INFO: Run Behavior\ShowPageTraceBehavior [ RunTime:0.000000s ]
INFO: [ app_end ] --END-- [ RunTime:0.001000s ]

[ 2016-07-22T10:01:56+08:00 ] 127.0.0.1 /index.php/Home/Custom/login.html
INFO: [ app_begin ] --START--
INFO: Run Behavior\ReadHtmlCacheBehavior [ RunTime:0.001000s ]
INFO: [ app_begin ] --END-- [ RunTime:0.001000s ]
SQL: SHOW COLUMNS FROM `fl_custom` [ RunTime:0.0090s ]
SQL: SELECT `custom_id` FROM `fl_custom` WHERE `custom_username` = 'admin' AND `custom_pwd` = '21232f297a57a5a743894a0e4a801fc3' LIMIT 1   [ RunTime:0.0030s ]

[ 2016-07-22T10:02:04+08:00 ] 127.0.0.1 /index.php/Home/Custom/chkVerify.html
INFO: [ app_begin ] --START--
INFO: Run Behavior\ReadHtmlCacheBehavior [ RunTime:0.000000s ]
INFO: [ app_begin ] --END-- [ RunTime:0.001000s ]
INFO: [ app_end ] --START--
INFO: Run Behavior\ShowPageTraceBehavior [ RunTime:0.000000s ]
INFO: [ app_end ] --END-- [ RunTime:0.001000s ]

[ 2016-07-22T10:02:04+08:00 ] 127.0.0.1 /index.php/Home/Custom/chkVerify.html
INFO: [ app_begin ] --START--
INFO: Run Behavior\ReadHtmlCacheBehavior [ RunTime:0.000000s ]
INFO: [ app_begin ] --END-- [ RunTime:0.001000s ]
INFO: [ app_end ] --START--
INFO: Run Behavior\ShowPageTraceBehavior [ RunTime:0.000000s ]
INFO: [ app_end ] --END-- [ RunTime:0.001000s ]

[ 2016-07-22T10:02:05+08:00 ] 127.0.0.1 /index.php/Home/Custom/chkVerify.html
INFO: [ app_begin ] --START--
INFO: Run Behavior\ReadHtmlCacheBehavior [ RunTime:0.002000s ]
INFO: [ app_begin ] --END-- [ RunTime:0.003001s ]
INFO: [ app_end ] --START--
INFO: Run Behavior\ShowPageTraceBehavior [ RunTime:0.001000s ]
INFO: [ app_end ] --END-- [ RunTime:0.001000s ]

[ 2016-07-22T10:02:06+08:00 ] 127.0.0.1 /index.php/Home/Custom/login.html
INFO: [ app_begin ] --START--
INFO: Run Behavior\ReadHtmlCacheBehavior [ RunTime:0.000000s ]
INFO: [ app_begin ] --END-- [ RunTime:0.002000s ]
SQL: SHOW COLUMNS FROM `fl_custom` [ RunTime:0.0090s ]
SQL: SELECT `custom_id` FROM `fl_custom` WHERE `custom_username` = 'admin' AND `custom_pwd` = '21232f297a57a5a743894a0e4a801fc3' LIMIT 1   [ RunTime:0.0010s ]

[ 2016-07-22T10:04:14+08:00 ] 127.0.0.1 /index.php/Home/Custom/chkVerify.html
INFO: [ app_begin ] --START--
INFO: Run Behavior\ReadHtmlCacheBehavior [ RunTime:0.001000s ]
INFO: [ app_begin ] --END-- [ RunTime:0.001000s ]
INFO: [ app_end ] --START--
INFO: Run Behavior\ShowPageTraceBehavior [ RunTime:0.000000s ]
INFO: [ app_end ] --END-- [ RunTime:0.000000s ]

[ 2016-07-22T10:04:15+08:00 ] 127.0.0.1 /index.php/Home/Custom/chkVerify.html
INFO: [ app_begin ] --START--
INFO: Run Behavior\ReadHtmlCacheBehavior [ RunTime:0.000000s ]
INFO: [ app_begin ] --END-- [ RunTime:0.001000s ]
INFO: [ app_end ] --START--
INFO: Run Behavior\ShowPageTraceBehavior [ RunTime:0.000000s ]
INFO: [ app_end ] --END-- [ RunTime:0.000000s ]

[ 2016-07-22T10:04:15+08:00 ] 127.0.0.1 /index.php/Home/Custom/chkVerify.html
INFO: [ app_begin ] --START--
INFO: Run Behavior\ReadHtmlCacheBehavior [ RunTime:0.001000s ]
INFO: [ app_begin ] --END-- [ RunTime:0.002000s ]
INFO: [ app_end ] --START--
INFO: Run Behavior\ShowPageTraceBehavior [ RunTime:0.001000s ]
INFO: [ app_end ] --END-- [ RunTime:0.001000s ]

[ 2016-07-22T10:04:16+08:00 ] 127.0.0.1 /index.php/Home/Custom/login.html
INFO: [ app_begin ] --START--
INFO: Run Behavior\ReadHtmlCacheBehavior [ RunTime:0.000000s ]
INFO: [ app_begin ] --END-- [ RunTime:0.001000s ]
SQL: SHOW COLUMNS FROM `fl_custom` [ RunTime:0.0070s ]
SQL: SELECT `custom_id` FROM `fl_custom` WHERE `custom_username` = 'admin' AND `custom_pwd` = 'e10adc3949ba59abbe56e057f20f883e' LIMIT 1   [ RunTime:0.0010s ]
NOTIC: [8] Undefined index: cart D:\wamp\www\one\FL\Home\Controller\CustomController.class.php 第 56 行.

[ 2016-07-22T10:04:31+08:00 ] 127.0.0.1 /index.php/Home/Custom/logout.html
INFO: [ app_begin ] --START--
INFO: Run Behavior\ReadHtmlCacheBehavior [ RunTime:0.000000s ]
INFO: [ app_begin ] --END-- [ RunTime:0.001000s ]

[ 2016-07-22T10:06:14+08:00 ] 127.0.0.1 /index.php/Home/Custom/chkVerify.html
INFO: [ app_begin ] --START--
INFO: Run Behavior\ReadHtmlCacheBehavior [ RunTime:0.000000s ]
INFO: [ app_begin ] --END-- [ RunTime:0.001000s ]
INFO: [ app_end ] --START--
INFO: Run Behavior\ShowPageTraceBehavior [ RunTime:0.001000s ]
INFO: [ app_end ] --END-- [ RunTime:0.001000s ]

[ 2016-07-22T10:06:14+08:00 ] 127.0.0.1 /index.php/Home/Custom/login.html
INFO: [ app_begin ] --START--
INFO: Run Behavior\ReadHtmlCacheBehavior [ RunTime:0.001000s ]
INFO: [ app_begin ] --END-- [ RunTime:0.001000s ]
SQL: SHOW COLUMNS FROM `fl_custom` [ RunTime:0.0080s ]
SQL: SELECT `custom_id` FROM `fl_custom` WHERE `custom_username` = 'admin' AND `custom_pwd` = 'e10adc3949ba59abbe56e057f20f883e' LIMIT 1   [ RunTime:0.0010s ]
NOTIC: [8] Undefined index: cart D:\wamp\www\one\FL\Home\Controller\CustomController.class.php 第 56 行.

[ 2016-07-22T10:06:18+08:00 ] 127.0.0.1 /index.php/Home/Custom/logout.html
INFO: [ app_begin ] --START--
INFO: Run Behavior\ReadHtmlCacheBehavior [ RunTime:0.001000s ]
INFO: [ app_begin ] --END-- [ RunTime:0.002000s ]

[ 2016-07-22T10:15:19+08:00 ] 127.0.0.1 /index.php/Home/Custom/chkVerify.html
INFO: [ app_begin ] --START--
INFO: Run Behavior\ReadHtmlCacheBehavior [ RunTime:0.000000s ]
INFO: [ app_begin ] --END-- [ RunTime:0.001001s ]
INFO: [ app_end ] --START--
INFO: Run Behavior\ShowPageTraceBehavior [ RunTime:0.001000s ]
INFO: [ app_end ] --END-- [ RunTime:0.001000s ]

[ 2016-07-22T10:15:19+08:00 ] 127.0.0.1 /index.php/Home/Custom/login.html
INFO: [ app_begin ] --START--
INFO: Run Behavior\ReadHtmlCacheBehavior [ RunTime:0.001000s ]
INFO: [ app_begin ] --END-- [ RunTime:0.001000s ]
SQL: SHOW COLUMNS FROM `fl_custom` [ RunTime:0.0080s ]
SQL: SELECT `custom_id` FROM `fl_custom` WHERE `custom_username` = 'admin' AND `custom_pwd` = 'e10adc3949ba59abbe56e057f20f883e' LIMIT 1   [ RunTime:0.0010s ]
NOTIC: [8] Undefined index: cart D:\wamp\www\one\FL\Home\Controller\CustomController.class.php 第 56 行.

[ 2016-07-22T10:16:16+08:00 ] 127.0.0.1 /index.php/Home/Custom/logout.html
INFO: [ app_begin ] --START--
INFO: Run Behavior\ReadHtmlCacheBehavior [ RunTime:0.000000s ]
INFO: [ app_begin ] --END-- [ RunTime:0.000000s ]

[ 2016-07-22T14:36:50+08:00 ] 127.0.0.1 /index.php/Home/Custom/chkUsername.html
INFO: [ app_begin ] --START--
INFO: Run Behavior\ReadHtmlCacheBehavior [ RunTime:0.000000s ]
INFO: [ app_begin ] --END-- [ RunTime:0.001000s ]
SQL: SHOW COLUMNS FROM `fl_custom` [ RunTime:0.0040s ]
SQL: SELECT COUNT(*) AS tp_count FROM `fl_custom` WHERE `custom_username` = '123123' LIMIT 1   [ RunTime:0.0010s ]
INFO: [ app_end ] --START--
INFO: Run Behavior\ShowPageTraceBehavior [ RunTime:0.001000s ]
INFO: [ app_end ] --END-- [ RunTime:0.001000s ]

[ 2016-07-22T14:37:13+08:00 ] 127.0.0.1 /index.php/Home/Custom/chkEmail.html
INFO: [ app_begin ] --START--
INFO: Run Behavior\ReadHtmlCacheBehavior [ RunTime:0.001000s ]
INFO: [ app_begin ] --END-- [ RunTime:0.001000s ]
SQL: SHOW COLUMNS FROM `fl_custom` [ RunTime:0.0156s ]
SQL: SELECT COUNT(*) AS tp_count FROM `fl_custom` WHERE `custom_email` = '123@123.com' LIMIT 1   [ RunTime:0.0000s ]
INFO: [ app_end ] --START--
INFO: Run Behavior\ShowPageTraceBehavior [ RunTime:0.000000s ]
INFO: [ app_end ] --END-- [ RunTime:0.000000s ]

[ 2016-07-22T14:37:26+08:00 ] 127.0.0.1 /index.php/Home/Custom/chkEmail.html
INFO: [ app_begin ] --START--
INFO: Run Behavior\ReadHtmlCacheBehavior [ RunTime:0.001000s ]
INFO: [ app_begin ] --END-- [ RunTime:0.001000s ]
SQL: SHOW COLUMNS FROM `fl_custom` [ RunTime:0.0040s ]
SQL: SELECT COUNT(*) AS tp_count FROM `fl_custom` WHERE `custom_email` = '123@123' LIMIT 1   [ RunTime:0.0010s ]
INFO: [ app_end ] --START--
INFO: Run Behavior\ShowPageTraceBehavior [ RunTime:0.001000s ]
INFO: [ app_end ] --END-- [ RunTime:0.001000s ]

[ 2016-07-22T14:37:36+08:00 ] 127.0.0.1 /index.php/Home/Custom/chkEmail.html
INFO: [ app_begin ] --START--
INFO: Run Behavior\ReadHtmlCacheBehavior [ RunTime:0.001000s ]
INFO: [ app_begin ] --END-- [ RunTime:0.001000s ]
SQL: SHOW COLUMNS FROM `fl_custom` [ RunTime:0.0020s ]
SQL: SELECT COUNT(*) AS tp_count FROM `fl_custom` WHERE `custom_email` = '123@a' LIMIT 1   [ RunTime:0.0000s ]
INFO: [ app_end ] --START--
INFO: Run Behavior\ShowPageTraceBehavior [ RunTime:0.000000s ]
INFO: [ app_end ] --END-- [ RunTime:0.000000s ]

[ 2016-07-22T14:37:49+08:00 ] 127.0.0.1 /index.php/Home/Custom/chkVerify.html
INFO: [ app_begin ] --START--
INFO: Run Behavior\ReadHtmlCacheBehavior [ RunTime:0.001000s ]
INFO: [ app_begin ] --END-- [ RunTime:0.001000s ]
INFO: [ app_end ] --START--
INFO: Run Behavior\ShowPageTraceBehavior [ RunTime:0.001000s ]
INFO: [ app_end ] --END-- [ RunTime:0.001000s ]

[ 2016-07-22T14:37:50+08:00 ] 127.0.0.1 /index.php/Home/Custom/register.html
INFO: [ app_begin ] --START--
INFO: Run Behavior\ReadHtmlCacheBehavior [ RunTime:0.001000s ]
INFO: [ app_begin ] --END-- [ RunTime:0.001000s ]
SQL: SHOW COLUMNS FROM `fl_custom` [ RunTime:0.0060s ]
NOTIC: [8] Undefined index: validate D:\wamp\www\one\ThinkPHP\Library\Think\Model.class.php 第 1185 行.
NOTIC: [8] Undefined index: auto D:\wamp\www\one\ThinkPHP\Library\Think\Model.class.php 第 1128 行.
NOTIC: [8] Undefined index: validate D:\wamp\www\one\ThinkPHP\Library\Think\Model.class.php 第 1185 行.
NOTIC: [8] Undefined index: auto D:\wamp\www\one\ThinkPHP\Library\Think\Model.class.php 第 1128 行.
ERR: 1364:Field 'custom_tel' doesn't have a default value
 [ SQL语句 ] : INSERT INTO `fl_custom` (`custom_username`,`custom_pwd`,`custom_email`,`custom_time`) VALUES ('123123','e10adc3949ba59abbe56e057f20f883e','123@a','1469169470')
ERR: 1364:Field 'custom_tel' doesn't have a default value
 [ SQL语句 ] : INSERT INTO `fl_custom` (`custom_username`,`custom_pwd`,`custom_email`,`custom_time`) VALUES ('123123','e10adc3949ba59abbe56e057f20f883e','123@a','1469169470')

[ 2016-07-22T14:37:51+08:00 ] 127.0.0.1 /index.php/Home/Custom/register.html
INFO: [ app_begin ] --START--
INFO: Run Behavior\ReadHtmlCacheBehavior [ RunTime:0.000000s ]
INFO: [ app_begin ] --END-- [ RunTime:0.000000s ]
SQL: SHOW COLUMNS FROM `fl_custom` [ RunTime:0.0000s ]
NOTIC: [8] Undefined index: validate D:\wamp\www\one\ThinkPHP\Library\Think\Model.class.php 第 1185 行.
NOTIC: [8] Undefined index: auto D:\wamp\www\one\ThinkPHP\Library\Think\Model.class.php 第 1128 行.
NOTIC: [8] Undefined index: validate D:\wamp\www\one\ThinkPHP\Library\Think\Model.class.php 第 1185 行.
NOTIC: [8] Undefined index: auto D:\wamp\www\one\ThinkPHP\Library\Think\Model.class.php 第 1128 行.
ERR: 1364:Field 'custom_tel' doesn't have a default value
 [ SQL语句 ] : INSERT INTO `fl_custom` (`custom_username`,`custom_pwd`,`custom_email`,`custom_time`) VALUES ('123123','e10adc3949ba59abbe56e057f20f883e','123@a','1469169471')
ERR: 1364:Field 'custom_tel' doesn't have a default value
 [ SQL语句 ] : INSERT INTO `fl_custom` (`custom_username`,`custom_pwd`,`custom_email`,`custom_time`) VALUES ('123123','e10adc3949ba59abbe56e057f20f883e','123@a','1469169471')

[ 2016-07-22T14:37:52+08:00 ] 127.0.0.1 /index.php/Home/Custom/register.html
INFO: [ app_begin ] --START--
INFO: Run Behavior\ReadHtmlCacheBehavior [ RunTime:0.001000s ]
INFO: [ app_begin ] --END-- [ RunTime:0.001000s ]
SQL: SHOW COLUMNS FROM `fl_custom` [ RunTime:0.0000s ]
NOTIC: [8] Undefined index: validate D:\wamp\www\one\ThinkPHP\Library\Think\Model.class.php 第 1185 行.
NOTIC: [8] Undefined index: auto D:\wamp\www\one\ThinkPHP\Library\Think\Model.class.php 第 1128 行.
NOTIC: [8] Undefined index: validate D:\wamp\www\one\ThinkPHP\Library\Think\Model.class.php 第 1185 行.
NOTIC: [8] Undefined index: auto D:\wamp\www\one\ThinkPHP\Library\Think\Model.class.php 第 1128 行.
ERR: 1364:Field 'custom_tel' doesn't have a default value
 [ SQL语句 ] : INSERT INTO `fl_custom` (`custom_username`,`custom_pwd`,`custom_email`,`custom_time`) VALUES ('123123','e10adc3949ba59abbe56e057f20f883e','123@a','1469169472')
ERR: 1364:Field 'custom_tel' doesn't have a default value
 [ SQL语句 ] : INSERT INTO `fl_custom` (`custom_username`,`custom_pwd`,`custom_email`,`custom_time`) VALUES ('123123','e10adc3949ba59abbe56e057f20f883e','123@a','1469169472')

[ 2016-07-22T14:37:52+08:00 ] 127.0.0.1 /index.php/Home/Custom/register.html
INFO: [ app_begin ] --START--
INFO: Run Behavior\ReadHtmlCacheBehavior [ RunTime:0.001001s ]
INFO: [ app_begin ] --END-- [ RunTime:0.001001s ]
SQL: SHOW COLUMNS FROM `fl_custom` [ RunTime:0.0080s ]
NOTIC: [8] Undefined index: validate D:\wamp\www\one\ThinkPHP\Library\Think\Model.class.php 第 1185 行.
NOTIC: [8] Undefined index: auto D:\wamp\www\one\ThinkPHP\Library\Think\Model.class.php 第 1128 行.
NOTIC: [8] Undefined index: validate D:\wamp\www\one\ThinkPHP\Library\Think\Model.class.php 第 1185 行.
NOTIC: [8] Undefined index: auto D:\wamp\www\one\ThinkPHP\Library\Think\Model.class.php 第 1128 行.
ERR: 1364:Field 'custom_tel' doesn't have a default value
 [ SQL语句 ] : INSERT INTO `fl_custom` (`custom_username`,`custom_pwd`,`custom_email`,`custom_time`) VALUES ('123123','e10adc3949ba59abbe56e057f20f883e','123@a','1469169472')
ERR: 1364:Field 'custom_tel' doesn't have a default value
 [ SQL语句 ] : INSERT INTO `fl_custom` (`custom_username`,`custom_pwd`,`custom_email`,`custom_time`) VALUES ('123123','e10adc3949ba59abbe56e057f20f883e','123@a','1469169472')

[ 2016-07-22T14:37:52+08:00 ] 127.0.0.1 /index.php/Home/Custom/register.html
INFO: [ app_begin ] --START--
INFO: Run Behavior\ReadHtmlCacheBehavior [ RunTime:0.001000s ]
INFO: [ app_begin ] --END-- [ RunTime:0.002000s ]
SQL: SHOW COLUMNS FROM `fl_custom` [ RunTime:0.0080s ]
NOTIC: [8] Undefined index: validate D:\wamp\www\one\ThinkPHP\Library\Think\Model.class.php 第 1185 行.
NOTIC: [8] Undefined index: auto D:\wamp\www\one\ThinkPHP\Library\Think\Model.class.php 第 1128 行.
NOTIC: [8] Undefined index: validate D:\wamp\www\one\ThinkPHP\Library\Think\Model.class.php 第 1185 行.
NOTIC: [8] Undefined index: auto D:\wamp\www\one\ThinkPHP\Library\Think\Model.class.php 第 1128 行.
ERR: 1364:Field 'custom_tel' doesn't have a default value
 [ SQL语句 ] : INSERT INTO `fl_custom` (`custom_username`,`custom_pwd`,`custom_email`,`custom_time`) VALUES ('123123','e10adc3949ba59abbe56e057f20f883e','123@a','1469169472')
ERR: 1364:Field 'custom_tel' doesn't have a default value
 [ SQL语句 ] : INSERT INTO `fl_custom` (`custom_username`,`custom_pwd`,`custom_email`,`custom_time`) VALUES ('123123','e10adc3949ba59abbe56e057f20f883e','123@a','1469169472')

[ 2016-07-22T14:37:54+08:00 ] 127.0.0.1 /index.php/Home/Custom/register.html
INFO: [ app_begin ] --START--
INFO: Run Behavior\ReadHtmlCacheBehavior [ RunTime:0.000000s ]
INFO: [ app_begin ] --END-- [ RunTime:0.000000s ]
SQL: SHOW COLUMNS FROM `fl_custom` [ RunTime:0.0156s ]
NOTIC: [8] Undefined index: validate D:\wamp\www\one\ThinkPHP\Library\Think\Model.class.php 第 1185 行.
NOTIC: [8] Undefined index: auto D:\wamp\www\one\ThinkPHP\Library\Think\Model.class.php 第 1128 行.
NOTIC: [8] Undefined index: validate D:\wamp\www\one\ThinkPHP\Library\Think\Model.class.php 第 1185 行.
NOTIC: [8] Undefined index: auto D:\wamp\www\one\ThinkPHP\Library\Think\Model.class.php 第 1128 行.
ERR: 1364:Field 'custom_tel' doesn't have a default value
 [ SQL语句 ] : INSERT INTO `fl_custom` (`custom_username`,`custom_pwd`,`custom_email`,`custom_time`) VALUES ('123123','e10adc3949ba59abbe56e057f20f883e','123@a','1469169474')
ERR: 1364:Field 'custom_tel' doesn't have a default value
 [ SQL语句 ] : INSERT INTO `fl_custom` (`custom_username`,`custom_pwd`,`custom_email`,`custom_time`) VALUES ('123123','e10adc3949ba59abbe56e057f20f883e','123@a','1469169474')

[ 2016-07-22T14:37:54+08:00 ] 127.0.0.1 /index.php/Home/Custom/register.html
INFO: [ app_begin ] --START--
INFO: Run Behavior\ReadHtmlCacheBehavior [ RunTime:0.000000s ]
INFO: [ app_begin ] --END-- [ RunTime:0.001000s ]
SQL: SHOW COLUMNS FROM `fl_custom` [ RunTime:0.0120s ]
NOTIC: [8] Undefined index: validate D:\wamp\www\one\ThinkPHP\Library\Think\Model.class.php 第 1185 行.
NOTIC: [8] Undefined index: auto D:\wamp\www\one\ThinkPHP\Library\Think\Model.class.php 第 1128 行.
NOTIC: [8] Undefined index: validate D:\wamp\www\one\ThinkPHP\Library\Think\Model.class.php 第 1185 行.
NOTIC: [8] Undefined index: auto D:\wamp\www\one\ThinkPHP\Library\Think\Model.class.php 第 1128 行.
ERR: 1364:Field 'custom_tel' doesn't have a default value
 [ SQL语句 ] : INSERT INTO `fl_custom` (`custom_username`,`custom_pwd`,`custom_email`,`custom_time`) VALUES ('123123','e10adc3949ba59abbe56e057f20f883e','123@a','1469169474')
ERR: 1364:Field 'custom_tel' doesn't have a default value
 [ SQL语句 ] : INSERT INTO `fl_custom` (`custom_username`,`custom_pwd`,`custom_email`,`custom_time`) VALUES ('123123','e10adc3949ba59abbe56e057f20f883e','123@a','1469169474')

[ 2016-07-22T14:37:55+08:00 ] 127.0.0.1 /index.php/Home/Custom/register.html
INFO: [ app_begin ] --START--
INFO: Run Behavior\ReadHtmlCacheBehavior [ RunTime:0.001000s ]
INFO: [ app_begin ] --END-- [ RunTime:0.016600s ]
SQL: SHOW COLUMNS FROM `fl_custom` [ RunTime:0.0156s ]
NOTIC: [8] Undefined index: validate D:\wamp\www\one\ThinkPHP\Library\Think\Model.class.php 第 1185 行.
NOTIC: [8] Undefined index: auto D:\wamp\www\one\ThinkPHP\Library\Think\Model.class.php 第 1128 行.
NOTIC: [8] Undefined index: validate D:\wamp\www\one\ThinkPHP\Library\Think\Model.class.php 第 1185 行.
NOTIC: [8] Undefined index: auto D:\wamp\www\one\ThinkPHP\Library\Think\Model.class.php 第 1128 行.
ERR: 1364:Field 'custom_tel' doesn't have a default value
 [ SQL语句 ] : INSERT INTO `fl_custom` (`custom_username`,`custom_pwd`,`custom_email`,`custom_time`) VALUES ('123123','e10adc3949ba59abbe56e057f20f883e','123@a','1469169475')
ERR: 1364:Field 'custom_tel' doesn't have a default value
 [ SQL语句 ] : INSERT INTO `fl_custom` (`custom_username`,`custom_pwd`,`custom_email`,`custom_time`) VALUES ('123123','e10adc3949ba59abbe56e057f20f883e','123@a','1469169475')

[ 2016-07-22T14:37:56+08:00 ] 127.0.0.1 /index.php/Home/Custom/register.html
INFO: [ app_begin ] --START--
INFO: Run Behavior\ReadHtmlCacheBehavior [ RunTime:0.001000s ]
INFO: [ app_begin ] --END-- [ RunTime:0.001000s ]
SQL: SHOW COLUMNS FROM `fl_custom` [ RunTime:0.0080s ]
NOTIC: [8] Undefined index: validate D:\wamp\www\one\ThinkPHP\Library\Think\Model.class.php 第 1185 行.
NOTIC: [8] Undefined index: auto D:\wamp\www\one\ThinkPHP\Library\Think\Model.class.php 第 1128 行.
NOTIC: [8] Undefined index: validate D:\wamp\www\one\ThinkPHP\Library\Think\Model.class.php 第 1185 行.
NOTIC: [8] Undefined index: auto D:\wamp\www\one\ThinkPHP\Library\Think\Model.class.php 第 1128 行.
ERR: 1364:Field 'custom_tel' doesn't have a default value
 [ SQL语句 ] : INSERT INTO `fl_custom` (`custom_username`,`custom_pwd`,`custom_email`,`custom_time`) VALUES ('123123','e10adc3949ba59abbe56e057f20f883e','123@a','1469169476')
ERR: 1364:Field 'custom_tel' doesn't have a default value
 [ SQL语句 ] : INSERT INTO `fl_custom` (`custom_username`,`custom_pwd`,`custom_email`,`custom_time`) VALUES ('123123','e10adc3949ba59abbe56e057f20f883e','123@a','1469169476')

[ 2016-07-22T14:37:59+08:00 ] 127.0.0.1 /index.php/Home/Custom/register.html
INFO: [ app_begin ] --START--
INFO: Run Behavior\ReadHtmlCacheBehavior [ RunTime:0.001000s ]
INFO: [ app_begin ] --END-- [ RunTime:0.002000s ]
SQL: SHOW COLUMNS FROM `fl_custom` [ RunTime:0.0080s ]
NOTIC: [8] Undefined index: validate D:\wamp\www\one\ThinkPHP\Library\Think\Model.class.php 第 1185 行.
NOTIC: [8] Undefined index: auto D:\wamp\www\one\ThinkPHP\Library\Think\Model.class.php 第 1128 行.
NOTIC: [8] Undefined index: validate D:\wamp\www\one\ThinkPHP\Library\Think\Model.class.php 第 1185 行.
NOTIC: [8] Undefined index: auto D:\wamp\www\one\ThinkPHP\Library\Think\Model.class.php 第 1128 行.
ERR: 1364:Field 'custom_tel' doesn't have a default value
 [ SQL语句 ] : INSERT INTO `fl_custom` (`custom_username`,`custom_pwd`,`custom_email`,`custom_time`) VALUES ('123123','e10adc3949ba59abbe56e057f20f883e','123@a','1469169479')
ERR: 1364:Field 'custom_tel' doesn't have a default value
 [ SQL语句 ] : INSERT INTO `fl_custom` (`custom_username`,`custom_pwd`,`custom_email`,`custom_time`) VALUES ('123123','e10adc3949ba59abbe56e057f20f883e','123@a','1469169479')

[ 2016-07-22T14:37:59+08:00 ] 127.0.0.1 /index.php/Home/Custom/register.html
INFO: [ app_begin ] --START--
INFO: Run Behavior\ReadHtmlCacheBehavior [ RunTime:0.000000s ]
INFO: [ app_begin ] --END-- [ RunTime:0.001000s ]
SQL: SHOW COLUMNS FROM `fl_custom` [ RunTime:0.0000s ]
NOTIC: [8] Undefined index: validate D:\wamp\www\one\ThinkPHP\Library\Think\Model.class.php 第 1185 行.
NOTIC: [8] Undefined index: auto D:\wamp\www\one\ThinkPHP\Library\Think\Model.class.php 第 1128 行.
NOTIC: [8] Undefined index: validate D:\wamp\www\one\ThinkPHP\Library\Think\Model.class.php 第 1185 行.
NOTIC: [8] Undefined index: auto D:\wamp\www\one\ThinkPHP\Library\Think\Model.class.php 第 1128 行.
ERR: 1364:Field 'custom_tel' doesn't have a default value
 [ SQL语句 ] : INSERT INTO `fl_custom` (`custom_username`,`custom_pwd`,`custom_email`,`custom_time`) VALUES ('123123','e10adc3949ba59abbe56e057f20f883e','123@a','1469169479')
ERR: 1364:Field 'custom_tel' doesn't have a default value
 [ SQL语句 ] : INSERT INTO `fl_custom` (`custom_username`,`custom_pwd`,`custom_email`,`custom_time`) VALUES ('123123','e10adc3949ba59abbe56e057f20f883e','123@a','1469169479')

[ 2016-07-22T14:38:03+08:00 ] 127.0.0.1 /index.php/Home/Custom/register.html
INFO: [ app_begin ] --START--
INFO: Run Behavior\ReadHtmlCacheBehavior [ RunTime:0.001000s ]
INFO: [ app_begin ] --END-- [ RunTime:0.001000s ]
SQL: SHOW COLUMNS FROM `fl_custom` [ RunTime:0.0090s ]
NOTIC: [8] Undefined index: validate D:\wamp\www\one\ThinkPHP\Library\Think\Model.class.php 第 1185 行.
NOTIC: [8] Undefined index: auto D:\wamp\www\one\ThinkPHP\Library\Think\Model.class.php 第 1128 行.
NOTIC: [8] Undefined index: validate D:\wamp\www\one\ThinkPHP\Library\Think\Model.class.php 第 1185 行.
NOTIC: [8] Undefined index: auto D:\wamp\www\one\ThinkPHP\Library\Think\Model.class.php 第 1128 行.
ERR: 1364:Field 'custom_tel' doesn't have a default value
 [ SQL语句 ] : INSERT INTO `fl_custom` (`custom_username`,`custom_pwd`,`custom_email`,`custom_time`) VALUES ('123123','e10adc3949ba59abbe56e057f20f883e','123@a','1469169483')
ERR: 1364:Field 'custom_tel' doesn't have a default value
 [ SQL语句 ] : INSERT INTO `fl_custom` (`custom_username`,`custom_pwd`,`custom_email`,`custom_time`) VALUES ('123123','e10adc3949ba59abbe56e057f20f883e','123@a','1469169483')

[ 2016-07-22T14:38:03+08:00 ] 127.0.0.1 /index.php/Home/Custom/register.html
INFO: [ app_begin ] --START--
INFO: Run Behavior\ReadHtmlCacheBehavior [ RunTime:0.001000s ]
INFO: [ app_begin ] --END-- [ RunTime:0.001000s ]
SQL: SHOW COLUMNS FROM `fl_custom` [ RunTime:0.0050s ]
NOTIC: [8] Undefined index: validate D:\wamp\www\one\ThinkPHP\Library\Think\Model.class.php 第 1185 行.
NOTIC: [8] Undefined index: auto D:\wamp\www\one\ThinkPHP\Library\Think\Model.class.php 第 1128 行.
NOTIC: [8] Undefined index: validate D:\wamp\www\one\ThinkPHP\Library\Think\Model.class.php 第 1185 行.
NOTIC: [8] Undefined index: auto D:\wamp\www\one\ThinkPHP\Library\Think\Model.class.php 第 1128 行.
ERR: 1364:Field 'custom_tel' doesn't have a default value
 [ SQL语句 ] : INSERT INTO `fl_custom` (`custom_username`,`custom_pwd`,`custom_email`,`custom_time`) VALUES ('123123','e10adc3949ba59abbe56e057f20f883e','123@a','1469169483')
ERR: 1364:Field 'custom_tel' doesn't have a default value
 [ SQL语句 ] : INSERT INTO `fl_custom` (`custom_username`,`custom_pwd`,`custom_email`,`custom_time`) VALUES ('123123','e10adc3949ba59abbe56e057f20f883e','123@a','1469169483')

[ 2016-07-22T14:38:11+08:00 ] 127.0.0.1 /index.php/Home/Custom/chkVerify.html
INFO: [ app_begin ] --START--
INFO: Run Behavior\ReadHtmlCacheBehavior [ RunTime:0.000000s ]
INFO: [ app_begin ] --END-- [ RunTime:0.000000s ]
INFO: [ app_end ] --START--
INFO: Run Behavior\ShowPageTraceBehavior [ RunTime:0.000000s ]
INFO: [ app_end ] --END-- [ RunTime:0.000000s ]

[ 2016-07-22T14:38:12+08:00 ] 127.0.0.1 /index.php/Home/Custom/chkVerify.html
INFO: [ app_begin ] --START--
INFO: Run Behavior\ReadHtmlCacheBehavior [ RunTime:0.000000s ]
INFO: [ app_begin ] --END-- [ RunTime:0.000000s ]
INFO: [ app_end ] --START--
INFO: Run Behavior\ShowPageTraceBehavior [ RunTime:0.000000s ]
INFO: [ app_end ] --END-- [ RunTime:0.000000s ]

[ 2016-07-22T14:38:12+08:00 ] 127.0.0.1 /index.php/Home/Custom/chkVerify.html
INFO: [ app_begin ] --START--
INFO: Run Behavior\ReadHtmlCacheBehavior [ RunTime:0.001000s ]
INFO: [ app_begin ] --END-- [ RunTime:0.001000s ]
INFO: [ app_end ] --START--
INFO: Run Behavior\ShowPageTraceBehavior [ RunTime:0.001000s ]
INFO: [ app_end ] --END-- [ RunTime:0.001000s ]

[ 2016-07-22T14:38:14+08:00 ] 127.0.0.1 /index.php/Home/Custom/register.html
INFO: [ app_begin ] --START--
INFO: Run Behavior\ReadHtmlCacheBehavior [ RunTime:0.001000s ]
INFO: [ app_begin ] --END-- [ RunTime:0.001000s ]
SQL: SHOW COLUMNS FROM `fl_custom` [ RunTime:0.0000s ]
NOTIC: [8] Undefined index: validate D:\wamp\www\one\ThinkPHP\Library\Think\Model.class.php 第 1185 行.
NOTIC: [8] Undefined index: auto D:\wamp\www\one\ThinkPHP\Library\Think\Model.class.php 第 1128 行.
NOTIC: [8] Undefined index: validate D:\wamp\www\one\ThinkPHP\Library\Think\Model.class.php 第 1185 行.
NOTIC: [8] Undefined index: auto D:\wamp\www\one\ThinkPHP\Library\Think\Model.class.php 第 1128 行.
ERR: 1364:Field 'custom_tel' doesn't have a default value
 [ SQL语句 ] : INSERT INTO `fl_custom` (`custom_username`,`custom_pwd`,`custom_email`,`custom_time`) VALUES ('123123','e10adc3949ba59abbe56e057f20f883e','123@a','1469169494')
ERR: 1364:Field 'custom_tel' doesn't have a default value
 [ SQL语句 ] : INSERT INTO `fl_custom` (`custom_username`,`custom_pwd`,`custom_email`,`custom_time`) VALUES ('123123','e10adc3949ba59abbe56e057f20f883e','123@a','1469169494')

[ 2016-07-22T14:38:14+08:00 ] 127.0.0.1 /index.php/Home/Custom/register.html
INFO: [ app_begin ] --START--
INFO: Run Behavior\ReadHtmlCacheBehavior [ RunTime:0.001000s ]
INFO: [ app_begin ] --END-- [ RunTime:0.001000s ]
SQL: SHOW COLUMNS FROM `fl_custom` [ RunTime:0.0000s ]
NOTIC: [8] Undefined index: validate D:\wamp\www\one\ThinkPHP\Library\Think\Model.class.php 第 1185 行.
NOTIC: [8] Undefined index: auto D:\wamp\www\one\ThinkPHP\Library\Think\Model.class.php 第 1128 行.
NOTIC: [8] Undefined index: validate D:\wamp\www\one\ThinkPHP\Library\Think\Model.class.php 第 1185 行.
NOTIC: [8] Undefined index: auto D:\wamp\www\one\ThinkPHP\Library\Think\Model.class.php 第 1128 行.
ERR: 1364:Field 'custom_tel' doesn't have a default value
 [ SQL语句 ] : INSERT INTO `fl_custom` (`custom_username`,`custom_pwd`,`custom_email`,`custom_time`) VALUES ('123123','e10adc3949ba59abbe56e057f20f883e','123@a','1469169494')
ERR: 1364:Field 'custom_tel' doesn't have a default value
 [ SQL语句 ] : INSERT INTO `fl_custom` (`custom_username`,`custom_pwd`,`custom_email`,`custom_time`) VALUES ('123123','e10adc3949ba59abbe56e057f20f883e','123@a','1469169494')

[ 2016-07-22T14:38:14+08:00 ] 127.0.0.1 /index.php/Home/Custom/register.html
INFO: [ app_begin ] --START--
INFO: Run Behavior\ReadHtmlCacheBehavior [ RunTime:0.001000s ]
INFO: [ app_begin ] --END-- [ RunTime:0.001000s ]
SQL: SHOW COLUMNS FROM `fl_custom` [ RunTime:0.0080s ]
NOTIC: [8] Undefined index: validate D:\wamp\www\one\ThinkPHP\Library\Think\Model.class.php 第 1185 行.
NOTIC: [8] Undefined index: auto D:\wamp\www\one\ThinkPHP\Library\Think\Model.class.php 第 1128 行.
NOTIC: [8] Undefined index: validate D:\wamp\www\one\ThinkPHP\Library\Think\Model.class.php 第 1185 行.
NOTIC: [8] Undefined index: auto D:\wamp\www\one\ThinkPHP\Library\Think\Model.class.php 第 1128 行.
ERR: 1364:Field 'custom_tel' doesn't have a default value
 [ SQL语句 ] : INSERT INTO `fl_custom` (`custom_username`,`custom_pwd`,`custom_email`,`custom_time`) VALUES ('123123','e10adc3949ba59abbe56e057f20f883e','123@a','1469169494')
ERR: 1364:Field 'custom_tel' doesn't have a default value
 [ SQL语句 ] : INSERT INTO `fl_custom` (`custom_username`,`custom_pwd`,`custom_email`,`custom_time`) VALUES ('123123','e10adc3949ba59abbe56e057f20f883e','123@a','1469169494')

[ 2016-07-22T14:38:15+08:00 ] 127.0.0.1 /index.php/Home/Custom/register.html
INFO: [ app_begin ] --START--
INFO: Run Behavior\ReadHtmlCacheBehavior [ RunTime:0.001000s ]
INFO: [ app_begin ] --END-- [ RunTime:0.002000s ]
SQL: SHOW COLUMNS FROM `fl_custom` [ RunTime:0.0060s ]
NOTIC: [8] Undefined index: validate D:\wamp\www\one\ThinkPHP\Library\Think\Model.class.php 第 1185 行.
NOTIC: [8] Undefined index: auto D:\wamp\www\one\ThinkPHP\Library\Think\Model.class.php 第 1128 行.
NOTIC: [8] Undefined index: validate D:\wamp\www\one\ThinkPHP\Library\Think\Model.class.php 第 1185 行.
NOTIC: [8] Undefined index: auto D:\wamp\www\one\ThinkPHP\Library\Think\Model.class.php 第 1128 行.
ERR: 1364:Field 'custom_tel' doesn't have a default value
 [ SQL语句 ] : INSERT INTO `fl_custom` (`custom_username`,`custom_pwd`,`custom_email`,`custom_time`) VALUES ('123123','e10adc3949ba59abbe56e057f20f883e','123@a','1469169495')
ERR: 1364:Field 'custom_tel' doesn't have a default value
 [ SQL语句 ] : INSERT INTO `fl_custom` (`custom_username`,`custom_pwd`,`custom_email`,`custom_time`) VALUES ('123123','e10adc3949ba59abbe56e057f20f883e','123@a','1469169495')

[ 2016-07-22T14:38:15+08:00 ] 127.0.0.1 /index.php/Home/Custom/register.html
INFO: [ app_begin ] --START--
INFO: Run Behavior\ReadHtmlCacheBehavior [ RunTime:0.000000s ]
INFO: [ app_begin ] --END-- [ RunTime:0.001001s ]
SQL: SHOW COLUMNS FROM `fl_custom` [ RunTime:0.0070s ]
NOTIC: [8] Undefined index: validate D:\wamp\www\one\ThinkPHP\Library\Think\Model.class.php 第 1185 行.
NOTIC: [8] Undefined index: auto D:\wamp\www\one\ThinkPHP\Library\Think\Model.class.php 第 1128 行.
NOTIC: [8] Undefined index: validate D:\wamp\www\one\ThinkPHP\Library\Think\Model.class.php 第 1185 行.
NOTIC: [8] Undefined index: auto D:\wamp\www\one\ThinkPHP\Library\Think\Model.class.php 第 1128 行.
ERR: 1364:Field 'custom_tel' doesn't have a default value
 [ SQL语句 ] : INSERT INTO `fl_custom` (`custom_username`,`custom_pwd`,`custom_email`,`custom_time`) VALUES ('123123','e10adc3949ba59abbe56e057f20f883e','123@a','1469169495')
ERR: 1364:Field 'custom_tel' doesn't have a default value
 [ SQL语句 ] : INSERT INTO `fl_custom` (`custom_username`,`custom_pwd`,`custom_email`,`custom_time`) VALUES ('123123','e10adc3949ba59abbe56e057f20f883e','123@a','1469169495')

[ 2016-07-22T14:38:15+08:00 ] 127.0.0.1 /index.php/Home/Custom/register.html
INFO: [ app_begin ] --START--
INFO: Run Behavior\ReadHtmlCacheBehavior [ RunTime:0.001000s ]
INFO: [ app_begin ] --END-- [ RunTime:0.001000s ]
SQL: SHOW COLUMNS FROM `fl_custom` [ RunTime:0.0070s ]
NOTIC: [8] Undefined index: validate D:\wamp\www\one\ThinkPHP\Library\Think\Model.class.php 第 1185 行.
NOTIC: [8] Undefined index: auto D:\wamp\www\one\ThinkPHP\Library\Think\Model.class.php 第 1128 行.
NOTIC: [8] Undefined index: validate D:\wamp\www\one\ThinkPHP\Library\Think\Model.class.php 第 1185 行.
NOTIC: [8] Undefined index: auto D:\wamp\www\one\ThinkPHP\Library\Think\Model.class.php 第 1128 行.
ERR: 1364:Field 'custom_tel' doesn't have a default value
 [ SQL语句 ] : INSERT INTO `fl_custom` (`custom_username`,`custom_pwd`,`custom_email`,`custom_time`) VALUES ('123123','e10adc3949ba59abbe56e057f20f883e','123@a','1469169495')
ERR: 1364:Field 'custom_tel' doesn't have a default value
 [ SQL语句 ] : INSERT INTO `fl_custom` (`custom_username`,`custom_pwd`,`custom_email`,`custom_time`) VALUES ('123123','e10adc3949ba59abbe56e057f20f883e','123@a','1469169495')

[ 2016-07-22T14:38:18+08:00 ] 127.0.0.1 /index.php/Home/Custom/chkEmail.html
INFO: [ app_begin ] --START--
INFO: Run Behavior\ReadHtmlCacheBehavior [ RunTime:0.001000s ]
INFO: [ app_begin ] --END-- [ RunTime:0.002000s ]
SQL: SHOW COLUMNS FROM `fl_custom` [ RunTime:0.0070s ]
SQL: SELECT COUNT(*) AS tp_count FROM `fl_custom` WHERE `custom_email` = '123@a.c' LIMIT 1   [ RunTime:0.0000s ]
INFO: [ app_end ] --START--
INFO: Run Behavior\ShowPageTraceBehavior [ RunTime:0.000000s ]
INFO: [ app_end ] --END-- [ RunTime:0.000000s ]

[ 2016-07-22T14:38:18+08:00 ] 127.0.0.1 /index.php/Home/Custom/chkEmail.html
INFO: [ app_begin ] --START--
INFO: Run Behavior\ReadHtmlCacheBehavior [ RunTime:0.000000s ]
INFO: [ app_begin ] --END-- [ RunTime:0.000000s ]
SQL: SHOW COLUMNS FROM `fl_custom` [ RunTime:0.0000s ]
SQL: SELECT COUNT(*) AS tp_count FROM `fl_custom` WHERE `custom_email` = '123@a.com' LIMIT 1   [ RunTime:0.0000s ]
INFO: [ app_end ] --START--
INFO: Run Behavior\ShowPageTraceBehavior [ RunTime:0.000000s ]
INFO: [ app_end ] --END-- [ RunTime:0.000000s ]

[ 2016-07-22T14:38:20+08:00 ] 127.0.0.1 /index.php/Home/Custom/register.html
INFO: [ app_begin ] --START--
INFO: Run Behavior\ReadHtmlCacheBehavior [ RunTime:0.000000s ]
INFO: [ app_begin ] --END-- [ RunTime:0.001000s ]
SQL: SHOW COLUMNS FROM `fl_custom` [ RunTime:0.0070s ]
NOTIC: [8] Undefined index: validate D:\wamp\www\one\ThinkPHP\Library\Think\Model.class.php 第 1185 行.
NOTIC: [8] Undefined index: auto D:\wamp\www\one\ThinkPHP\Library\Think\Model.class.php 第 1128 行.
NOTIC: [8] Undefined index: validate D:\wamp\www\one\ThinkPHP\Library\Think\Model.class.php 第 1185 行.
NOTIC: [8] Undefined index: auto D:\wamp\www\one\ThinkPHP\Library\Think\Model.class.php 第 1128 行.
ERR: 1364:Field 'custom_tel' doesn't have a default value
 [ SQL语句 ] : INSERT INTO `fl_custom` (`custom_username`,`custom_pwd`,`custom_email`,`custom_time`) VALUES ('123123','e10adc3949ba59abbe56e057f20f883e','123@a.com','1469169500')
ERR: 1364:Field 'custom_tel' doesn't have a default value
 [ SQL语句 ] : INSERT INTO `fl_custom` (`custom_username`,`custom_pwd`,`custom_email`,`custom_time`) VALUES ('123123','e10adc3949ba59abbe56e057f20f883e','123@a.com','1469169500')

[ 2016-07-22T14:38:20+08:00 ] 127.0.0.1 /index.php/Home/Custom/register.html
INFO: [ app_begin ] --START--
INFO: Run Behavior\ReadHtmlCacheBehavior [ RunTime:0.000000s ]
INFO: [ app_begin ] --END-- [ RunTime:0.001000s ]
SQL: SHOW COLUMNS FROM `fl_custom` [ RunTime:0.0010s ]
NOTIC: [8] Undefined index: validate D:\wamp\www\one\ThinkPHP\Library\Think\Model.class.php 第 1185 行.
NOTIC: [8] Undefined index: auto D:\wamp\www\one\ThinkPHP\Library\Think\Model.class.php 第 1128 行.
NOTIC: [8] Undefined index: validate D:\wamp\www\one\ThinkPHP\Library\Think\Model.class.php 第 1185 行.
NOTIC: [8] Undefined index: auto D:\wamp\www\one\ThinkPHP\Library\Think\Model.class.php 第 1128 行.
ERR: 1364:Field 'custom_tel' doesn't have a default value
 [ SQL语句 ] : INSERT INTO `fl_custom` (`custom_username`,`custom_pwd`,`custom_email`,`custom_time`) VALUES ('123123','e10adc3949ba59abbe56e057f20f883e','123@a.com','1469169500')
ERR: 1364:Field 'custom_tel' doesn't have a default value
 [ SQL语句 ] : INSERT INTO `fl_custom` (`custom_username`,`custom_pwd`,`custom_email`,`custom_time`) VALUES ('123123','e10adc3949ba59abbe56e057f20f883e','123@a.com','1469169500')

[ 2016-07-22T14:38:20+08:00 ] 127.0.0.1 /index.php/Home/Custom/register.html
INFO: [ app_begin ] --START--
INFO: Run Behavior\ReadHtmlCacheBehavior [ RunTime:0.001000s ]
INFO: [ app_begin ] --END-- [ RunTime:0.001000s ]
SQL: SHOW COLUMNS FROM `fl_custom` [ RunTime:0.0080s ]
NOTIC: [8] Undefined index: validate D:\wamp\www\one\ThinkPHP\Library\Think\Model.class.php 第 1185 行.
NOTIC: [8] Undefined index: auto D:\wamp\www\one\ThinkPHP\Library\Think\Model.class.php 第 1128 行.
NOTIC: [8] Undefined index: validate D:\wamp\www\one\ThinkPHP\Library\Think\Model.class.php 第 1185 行.
NOTIC: [8] Undefined index: auto D:\wamp\www\one\ThinkPHP\Library\Think\Model.class.php 第 1128 行.
ERR: 1364:Field 'custom_tel' doesn't have a default value
 [ SQL语句 ] : INSERT INTO `fl_custom` (`custom_username`,`custom_pwd`,`custom_email`,`custom_time`) VALUES ('123123','e10adc3949ba59abbe56e057f20f883e','123@a.com','1469169500')
ERR: 1364:Field 'custom_tel' doesn't have a default value
 [ SQL语句 ] : INSERT INTO `fl_custom` (`custom_username`,`custom_pwd`,`custom_email`,`custom_time`) VALUES ('123123','e10adc3949ba59abbe56e057f20f883e','123@a.com','1469169500')

[ 2016-07-22T14:38:21+08:00 ] 127.0.0.1 /index.php/Home/Custom/register.html
INFO: [ app_begin ] --START--
INFO: Run Behavior\ReadHtmlCacheBehavior [ RunTime:0.001000s ]
INFO: [ app_begin ] --END-- [ RunTime:0.002000s ]
SQL: SHOW COLUMNS FROM `fl_custom` [ RunTime:0.0080s ]
NOTIC: [8] Undefined index: validate D:\wamp\www\one\ThinkPHP\Library\Think\Model.class.php 第 1185 行.
NOTIC: [8] Undefined index: auto D:\wamp\www\one\ThinkPHP\Library\Think\Model.class.php 第 1128 行.
NOTIC: [8] Undefined index: validate D:\wamp\www\one\ThinkPHP\Library\Think\Model.class.php 第 1185 行.
NOTIC: [8] Undefined index: auto D:\wamp\www\one\ThinkPHP\Library\Think\Model.class.php 第 1128 行.
ERR: 1364:Field 'custom_tel' doesn't have a default value
 [ SQL语句 ] : INSERT INTO `fl_custom` (`custom_username`,`custom_pwd`,`custom_email`,`custom_time`) VALUES ('123123','e10adc3949ba59abbe56e057f20f883e','123@a.com','1469169501')
ERR: 1364:Field 'custom_tel' doesn't have a default value
 [ SQL语句 ] : INSERT INTO `fl_custom` (`custom_username`,`custom_pwd`,`custom_email`,`custom_time`) VALUES ('123123','e10adc3949ba59abbe56e057f20f883e','123@a.com','1469169501')

[ 2016-07-22T14:38:21+08:00 ] 127.0.0.1 /index.php/Home/Custom/register.html
INFO: [ app_begin ] --START--
INFO: Run Behavior\ReadHtmlCacheBehavior [ RunTime:0.001000s ]
INFO: [ app_begin ] --END-- [ RunTime:0.001000s ]
SQL: SHOW COLUMNS FROM `fl_custom` [ RunTime:0.0070s ]
NOTIC: [8] Undefined index: validate D:\wamp\www\one\ThinkPHP\Library\Think\Model.class.php 第 1185 行.
NOTIC: [8] Undefined index: auto D:\wamp\www\one\ThinkPHP\Library\Think\Model.class.php 第 1128 行.
NOTIC: [8] Undefined index: validate D:\wamp\www\one\ThinkPHP\Library\Think\Model.class.php 第 1185 行.
NOTIC: [8] Undefined index: auto D:\wamp\www\one\ThinkPHP\Library\Think\Model.class.php 第 1128 行.
ERR: 1364:Field 'custom_tel' doesn't have a default value
 [ SQL语句 ] : INSERT INTO `fl_custom` (`custom_username`,`custom_pwd`,`custom_email`,`custom_time`) VALUES ('123123','e10adc3949ba59abbe56e057f20f883e','123@a.com','1469169501')
ERR: 1364:Field 'custom_tel' doesn't have a default value
 [ SQL语句 ] : INSERT INTO `fl_custom` (`custom_username`,`custom_pwd`,`custom_email`,`custom_time`) VALUES ('123123','e10adc3949ba59abbe56e057f20f883e','123@a.com','1469169501')

[ 2016-07-22T14:38:21+08:00 ] 127.0.0.1 /index.php/Home/Custom/register.html
INFO: [ app_begin ] --START--
INFO: Run Behavior\ReadHtmlCacheBehavior [ RunTime:0.001000s ]
INFO: [ app_begin ] --END-- [ RunTime:0.001000s ]
SQL: SHOW COLUMNS FROM `fl_custom` [ RunTime:0.0030s ]
NOTIC: [8] Undefined index: validate D:\wamp\www\one\ThinkPHP\Library\Think\Model.class.php 第 1185 行.
NOTIC: [8] Undefined index: auto D:\wamp\www\one\ThinkPHP\Library\Think\Model.class.php 第 1128 行.
NOTIC: [8] Undefined index: validate D:\wamp\www\one\ThinkPHP\Library\Think\Model.class.php 第 1185 行.
NOTIC: [8] Undefined index: auto D:\wamp\www\one\ThinkPHP\Library\Think\Model.class.php 第 1128 行.
ERR: 1364:Field 'custom_tel' doesn't have a default value
 [ SQL语句 ] : INSERT INTO `fl_custom` (`custom_username`,`custom_pwd`,`custom_email`,`custom_time`) VALUES ('123123','e10adc3949ba59abbe56e057f20f883e','123@a.com','1469169501')
ERR: 1364:Field 'custom_tel' doesn't have a default value
 [ SQL语句 ] : INSERT INTO `fl_custom` (`custom_username`,`custom_pwd`,`custom_email`,`custom_time`) VALUES ('123123','e10adc3949ba59abbe56e057f20f883e','123@a.com','1469169501')

[ 2016-07-22T14:38:21+08:00 ] 127.0.0.1 /index.php/Home/Custom/register.html
INFO: [ app_begin ] --START--
INFO: Run Behavior\ReadHtmlCacheBehavior [ RunTime:0.001001s ]
INFO: [ app_begin ] --END-- [ RunTime:0.001001s ]
SQL: SHOW COLUMNS FROM `fl_custom` [ RunTime:0.0080s ]
NOTIC: [8] Undefined index: validate D:\wamp\www\one\ThinkPHP\Library\Think\Model.class.php 第 1185 行.
NOTIC: [8] Undefined index: auto D:\wamp\www\one\ThinkPHP\Library\Think\Model.class.php 第 1128 行.
NOTIC: [8] Undefined index: validate D:\wamp\www\one\ThinkPHP\Library\Think\Model.class.php 第 1185 行.
NOTIC: [8] Undefined index: auto D:\wamp\www\one\ThinkPHP\Library\Think\Model.class.php 第 1128 行.
ERR: 1364:Field 'custom_tel' doesn't have a default value
 [ SQL语句 ] : INSERT INTO `fl_custom` (`custom_username`,`custom_pwd`,`custom_email`,`custom_time`) VALUES ('123123','e10adc3949ba59abbe56e057f20f883e','123@a.com','1469169501')
ERR: 1364:Field 'custom_tel' doesn't have a default value
 [ SQL语句 ] : INSERT INTO `fl_custom` (`custom_username`,`custom_pwd`,`custom_email`,`custom_time`) VALUES ('123123','e10adc3949ba59abbe56e057f20f883e','123@a.com','1469169501')

[ 2016-07-22T14:38:22+08:00 ] 127.0.0.1 /index.php/Home/Custom/register.html
INFO: [ app_begin ] --START--
INFO: Run Behavior\ReadHtmlCacheBehavior [ RunTime:0.000000s ]
INFO: [ app_begin ] --END-- [ RunTime:0.001000s ]
SQL: SHOW COLUMNS FROM `fl_custom` [ RunTime:0.0080s ]
NOTIC: [8] Undefined index: validate D:\wamp\www\one\ThinkPHP\Library\Think\Model.class.php 第 1185 行.
NOTIC: [8] Undefined index: auto D:\wamp\www\one\ThinkPHP\Library\Think\Model.class.php 第 1128 行.
NOTIC: [8] Undefined index: validate D:\wamp\www\one\ThinkPHP\Library\Think\Model.class.php 第 1185 行.
NOTIC: [8] Undefined index: auto D:\wamp\www\one\ThinkPHP\Library\Think\Model.class.php 第 1128 行.
ERR: 1364:Field 'custom_tel' doesn't have a default value
 [ SQL语句 ] : INSERT INTO `fl_custom` (`custom_username`,`custom_pwd`,`custom_email`,`custom_time`) VALUES ('123123','e10adc3949ba59abbe56e057f20f883e','123@a.com','1469169502')
ERR: 1364:Field 'custom_tel' doesn't have a default value
 [ SQL语句 ] : INSERT INTO `fl_custom` (`custom_username`,`custom_pwd`,`custom_email`,`custom_time`) VALUES ('123123','e10adc3949ba59abbe56e057f20f883e','123@a.com','1469169502')

[ 2016-07-22T14:38:27+08:00 ] 127.0.0.1 /index.php/Home/Custom/register.html
INFO: [ app_begin ] --START--
INFO: Run Behavior\ReadHtmlCacheBehavior [ RunTime:0.001000s ]
INFO: [ app_begin ] --END-- [ RunTime:0.002000s ]
SQL: SHOW COLUMNS FROM `fl_custom` [ RunTime:0.0156s ]
NOTIC: [8] Undefined index: validate D:\wamp\www\one\ThinkPHP\Library\Think\Model.class.php 第 1185 行.
NOTIC: [8] Undefined index: auto D:\wamp\www\one\ThinkPHP\Library\Think\Model.class.php 第 1128 行.
NOTIC: [8] Undefined index: validate D:\wamp\www\one\ThinkPHP\Library\Think\Model.class.php 第 1185 行.
NOTIC: [8] Undefined index: auto D:\wamp\www\one\ThinkPHP\Library\Think\Model.class.php 第 1128 行.
ERR: 1364:Field 'custom_tel' doesn't have a default value
 [ SQL语句 ] : INSERT INTO `fl_custom` (`custom_username`,`custom_pwd`,`custom_email`,`custom_time`) VALUES ('123123','e10adc3949ba59abbe56e057f20f883e','123@a.com','1469169507')
ERR: 1364:Field 'custom_tel' doesn't have a default value
 [ SQL语句 ] : INSERT INTO `fl_custom` (`custom_username`,`custom_pwd`,`custom_email`,`custom_time`) VALUES ('123123','e10adc3949ba59abbe56e057f20f883e','123@a.com','1469169507')

[ 2016-07-22T14:38:27+08:00 ] 127.0.0.1 /index.php/Home/Custom/register.html
INFO: [ app_begin ] --START--
INFO: Run Behavior\ReadHtmlCacheBehavior [ RunTime:0.001000s ]
INFO: [ app_begin ] --END-- [ RunTime:0.001000s ]
SQL: SHOW COLUMNS FROM `fl_custom` [ RunTime:0.0000s ]
NOTIC: [8] Undefined index: validate D:\wamp\www\one\ThinkPHP\Library\Think\Model.class.php 第 1185 行.
NOTIC: [8] Undefined index: auto D:\wamp\www\one\ThinkPHP\Library\Think\Model.class.php 第 1128 行.
NOTIC: [8] Undefined index: validate D:\wamp\www\one\ThinkPHP\Library\Think\Model.class.php 第 1185 行.
NOTIC: [8] Undefined index: auto D:\wamp\www\one\ThinkPHP\Library\Think\Model.class.php 第 1128 行.
ERR: 1364:Field 'custom_tel' doesn't have a default value
 [ SQL语句 ] : INSERT INTO `fl_custom` (`custom_username`,`custom_pwd`,`custom_email`,`custom_time`) VALUES ('123123','e10adc3949ba59abbe56e057f20f883e','123@a.com','1469169507')
ERR: 1364:Field 'custom_tel' doesn't have a default value
 [ SQL语句 ] : INSERT INTO `fl_custom` (`custom_username`,`custom_pwd`,`custom_email`,`custom_time`) VALUES ('123123','e10adc3949ba59abbe56e057f20f883e','123@a.com','1469169507')

[ 2016-07-22T14:38:27+08:00 ] 127.0.0.1 /index.php/Home/Custom/register.html
INFO: [ app_begin ] --START--
INFO: Run Behavior\ReadHtmlCacheBehavior [ RunTime:0.000000s ]
INFO: [ app_begin ] --END-- [ RunTime:0.002000s ]
SQL: SHOW COLUMNS FROM `fl_custom` [ RunTime:0.0080s ]
NOTIC: [8] Undefined index: validate D:\wamp\www\one\ThinkPHP\Library\Think\Model.class.php 第 1185 行.
NOTIC: [8] Undefined index: auto D:\wamp\www\one\ThinkPHP\Library\Think\Model.class.php 第 1128 行.
NOTIC: [8] Undefined index: validate D:\wamp\www\one\ThinkPHP\Library\Think\Model.class.php 第 1185 行.
NOTIC: [8] Undefined index: auto D:\wamp\www\one\ThinkPHP\Library\Think\Model.class.php 第 1128 行.
ERR: 1364:Field 'custom_tel' doesn't have a default value
 [ SQL语句 ] : INSERT INTO `fl_custom` (`custom_username`,`custom_pwd`,`custom_email`,`custom_time`) VALUES ('123123','e10adc3949ba59abbe56e057f20f883e','123@a.com','1469169507')
ERR: 1364:Field 'custom_tel' doesn't have a default value
 [ SQL语句 ] : INSERT INTO `fl_custom` (`custom_username`,`custom_pwd`,`custom_email`,`custom_time`) VALUES ('123123','e10adc3949ba59abbe56e057f20f883e','123@a.com','1469169507')

[ 2016-07-22T14:38:28+08:00 ] 127.0.0.1 /index.php/Home/Custom/register.html
INFO: [ app_begin ] --START--
INFO: Run Behavior\ReadHtmlCacheBehavior [ RunTime:0.001000s ]
INFO: [ app_begin ] --END-- [ RunTime:0.001000s ]
SQL: SHOW COLUMNS FROM `fl_custom` [ RunTime:0.0080s ]
NOTIC: [8] Undefined index: validate D:\wamp\www\one\ThinkPHP\Library\Think\Model.class.php 第 1185 行.
NOTIC: [8] Undefined index: auto D:\wamp\www\one\ThinkPHP\Library\Think\Model.class.php 第 1128 行.
NOTIC: [8] Undefined index: validate D:\wamp\www\one\ThinkPHP\Library\Think\Model.class.php 第 1185 行.
NOTIC: [8] Undefined index: auto D:\wamp\www\one\ThinkPHP\Library\Think\Model.class.php 第 1128 行.
ERR: 1364:Field 'custom_tel' doesn't have a default value
 [ SQL语句 ] : INSERT INTO `fl_custom` (`custom_username`,`custom_pwd`,`custom_email`,`custom_time`) VALUES ('123123','e10adc3949ba59abbe56e057f20f883e','123@a.com','1469169508')
ERR: 1364:Field 'custom_tel' doesn't have a default value
 [ SQL语句 ] : INSERT INTO `fl_custom` (`custom_username`,`custom_pwd`,`custom_email`,`custom_time`) VALUES ('123123','e10adc3949ba59abbe56e057f20f883e','123@a.com','1469169508')

[ 2016-07-22T14:38:28+08:00 ] 127.0.0.1 /index.php/Home/Custom/register.html
INFO: [ app_begin ] --START--
INFO: Run Behavior\ReadHtmlCacheBehavior [ RunTime:0.000000s ]
INFO: [ app_begin ] --END-- [ RunTime:0.001000s ]
SQL: SHOW COLUMNS FROM `fl_custom` [ RunTime:0.0070s ]
NOTIC: [8] Undefined index: validate D:\wamp\www\one\ThinkPHP\Library\Think\Model.class.php 第 1185 行.
NOTIC: [8] Undefined index: auto D:\wamp\www\one\ThinkPHP\Library\Think\Model.class.php 第 1128 行.
NOTIC: [8] Undefined index: validate D:\wamp\www\one\ThinkPHP\Library\Think\Model.class.php 第 1185 行.
NOTIC: [8] Undefined index: auto D:\wamp\www\one\ThinkPHP\Library\Think\Model.class.php 第 1128 行.
ERR: 1364:Field 'custom_tel' doesn't have a default value
 [ SQL语句 ] : INSERT INTO `fl_custom` (`custom_username`,`custom_pwd`,`custom_email`,`custom_time`) VALUES ('123123','e10adc3949ba59abbe56e057f20f883e','123@a.com','1469169508')
ERR: 1364:Field 'custom_tel' doesn't have a default value
 [ SQL语句 ] : INSERT INTO `fl_custom` (`custom_username`,`custom_pwd`,`custom_email`,`custom_time`) VALUES ('123123','e10adc3949ba59abbe56e057f20f883e','123@a.com','1469169508')

[ 2016-07-22T14:38:28+08:00 ] 127.0.0.1 /index.php/Home/Custom/register.html
INFO: [ app_begin ] --START--
INFO: Run Behavior\ReadHtmlCacheBehavior [ RunTime:0.001000s ]
INFO: [ app_begin ] --END-- [ RunTime:0.002000s ]
SQL: SHOW COLUMNS FROM `fl_custom` [ RunTime:0.0080s ]
NOTIC: [8] Undefined index: validate D:\wamp\www\one\ThinkPHP\Library\Think\Model.class.php 第 1185 行.
NOTIC: [8] Undefined index: auto D:\wamp\www\one\ThinkPHP\Library\Think\Model.class.php 第 1128 行.
NOTIC: [8] Undefined index: validate D:\wamp\www\one\ThinkPHP\Library\Think\Model.class.php 第 1185 行.
NOTIC: [8] Undefined index: auto D:\wamp\www\one\ThinkPHP\Library\Think\Model.class.php 第 1128 行.
ERR: 1364:Field 'custom_tel' doesn't have a default value
 [ SQL语句 ] : INSERT INTO `fl_custom` (`custom_username`,`custom_pwd`,`custom_email`,`custom_time`) VALUES ('123123','e10adc3949ba59abbe56e057f20f883e','123@a.com','1469169508')
ERR: 1364:Field 'custom_tel' doesn't have a default value
 [ SQL语句 ] : INSERT INTO `fl_custom` (`custom_username`,`custom_pwd`,`custom_email`,`custom_time`) VALUES ('123123','e10adc3949ba59abbe56e057f20f883e','123@a.com','1469169508')

[ 2016-07-22T14:38:28+08:00 ] 127.0.0.1 /index.php/Home/Custom/register.html
INFO: [ app_begin ] --START--
INFO: Run Behavior\ReadHtmlCacheBehavior [ RunTime:0.001000s ]
INFO: [ app_begin ] --END-- [ RunTime:0.001000s ]
SQL: SHOW COLUMNS FROM `fl_custom` [ RunTime:0.0080s ]
NOTIC: [8] Undefined index: validate D:\wamp\www\one\ThinkPHP\Library\Think\Model.class.php 第 1185 行.
NOTIC: [8] Undefined index: auto D:\wamp\www\one\ThinkPHP\Library\Think\Model.class.php 第 1128 行.
NOTIC: [8] Undefined index: validate D:\wamp\www\one\ThinkPHP\Library\Think\Model.class.php 第 1185 行.
NOTIC: [8] Undefined index: auto D:\wamp\www\one\ThinkPHP\Library\Think\Model.class.php 第 1128 行.
ERR: 1364:Field 'custom_tel' doesn't have a default value
 [ SQL语句 ] : INSERT INTO `fl_custom` (`custom_username`,`custom_pwd`,`custom_email`,`custom_time`) VALUES ('123123','e10adc3949ba59abbe56e057f20f883e','123@a.com','1469169508')
ERR: 1364:Field 'custom_tel' doesn't have a default value
 [ SQL语句 ] : INSERT INTO `fl_custom` (`custom_username`,`custom_pwd`,`custom_email`,`custom_time`) VALUES ('123123','e10adc3949ba59abbe56e057f20f883e','123@a.com','1469169508')

[ 2016-07-22T14:38:28+08:00 ] 127.0.0.1 /index.php/Home/Custom/register.html
INFO: [ app_begin ] --START--
INFO: Run Behavior\ReadHtmlCacheBehavior [ RunTime:0.001000s ]
INFO: [ app_begin ] --END-- [ RunTime:0.002000s ]
SQL: SHOW COLUMNS FROM `fl_custom` [ RunTime:0.0080s ]
NOTIC: [8] Undefined index: validate D:\wamp\www\one\ThinkPHP\Library\Think\Model.class.php 第 1185 行.
NOTIC: [8] Undefined index: auto D:\wamp\www\one\ThinkPHP\Library\Think\Model.class.php 第 1128 行.
NOTIC: [8] Undefined index: validate D:\wamp\www\one\ThinkPHP\Library\Think\Model.class.php 第 1185 行.
NOTIC: [8] Undefined index: auto D:\wamp\www\one\ThinkPHP\Library\Think\Model.class.php 第 1128 行.
ERR: 1364:Field 'custom_tel' doesn't have a default value
 [ SQL语句 ] : INSERT INTO `fl_custom` (`custom_username`,`custom_pwd`,`custom_email`,`custom_time`) VALUES ('123123','e10adc3949ba59abbe56e057f20f883e','123@a.com','1469169508')
ERR: 1364:Field 'custom_tel' doesn't have a default value
 [ SQL语句 ] : INSERT INTO `fl_custom` (`custom_username`,`custom_pwd`,`custom_email`,`custom_time`) VALUES ('123123','e10adc3949ba59abbe56e057f20f883e','123@a.com','1469169508')

[ 2016-07-22T14:38:36+08:00 ] 127.0.0.1 /index.php/Home/Custom/chkUsername.html
INFO: [ app_begin ] --START--
INFO: Run Behavior\ReadHtmlCacheBehavior [ RunTime:0.001000s ]
INFO: [ app_begin ] --END-- [ RunTime:0.001000s ]
SQL: SHOW COLUMNS FROM `fl_custom` [ RunTime:0.0090s ]
SQL: SELECT COUNT(*) AS tp_count FROM `fl_custom` WHERE `custom_username` = '123' LIMIT 1   [ RunTime:0.0010s ]
INFO: [ app_end ] --START--
INFO: Run Behavior\ShowPageTraceBehavior [ RunTime:0.001000s ]
INFO: [ app_end ] --END-- [ RunTime:0.001000s ]

[ 2016-07-22T14:38:36+08:00 ] 127.0.0.1 /index.php/Home/Custom/chkUsername.html
INFO: [ app_begin ] --START--
INFO: Run Behavior\ReadHtmlCacheBehavior [ RunTime:0.000000s ]
INFO: [ app_begin ] --END-- [ RunTime:0.000000s ]
SQL: SHOW COLUMNS FROM `fl_custom` [ RunTime:0.0070s ]
SQL: SELECT COUNT(*) AS tp_count FROM `fl_custom` WHERE `custom_username` = '123123' LIMIT 1   [ RunTime:0.0010s ]
INFO: [ app_end ] --START--
INFO: Run Behavior\ShowPageTraceBehavior [ RunTime:0.000000s ]
INFO: [ app_end ] --END-- [ RunTime:0.001000s ]

[ 2016-07-22T14:38:53+08:00 ] 127.0.0.1 /index.php/Home/Custom/chkEmail.html
INFO: [ app_begin ] --START--
INFO: Run Behavior\ReadHtmlCacheBehavior [ RunTime:0.000000s ]
INFO: [ app_begin ] --END-- [ RunTime:0.001000s ]
SQL: SHOW COLUMNS FROM `fl_custom` [ RunTime:0.0000s ]
SQL: SELECT COUNT(*) AS tp_count FROM `fl_custom` WHERE `custom_email` = '13123@123' LIMIT 1   [ RunTime:0.0000s ]
INFO: [ app_end ] --START--
INFO: Run Behavior\ShowPageTraceBehavior [ RunTime:0.000000s ]
INFO: [ app_end ] --END-- [ RunTime:0.000000s ]

[ 2016-07-22T14:38:57+08:00 ] 127.0.0.1 /index.php/Home/Custom/chkEmail.html
INFO: [ app_begin ] --START--
INFO: Run Behavior\ReadHtmlCacheBehavior [ RunTime:0.001000s ]
INFO: [ app_begin ] --END-- [ RunTime:0.001000s ]
SQL: SHOW COLUMNS FROM `fl_custom` [ RunTime:0.0070s ]
SQL: SELECT COUNT(*) AS tp_count FROM `fl_custom` WHERE `custom_email` = '13123@123.c' LIMIT 1   [ RunTime:0.0010s ]
INFO: [ app_end ] --START--
INFO: Run Behavior\ShowPageTraceBehavior [ RunTime:0.001000s ]
INFO: [ app_end ] --END-- [ RunTime:0.001000s ]

[ 2016-07-22T14:38:58+08:00 ] 127.0.0.1 /index.php/Home/Custom/chkEmail.html
INFO: [ app_begin ] --START--
INFO: Run Behavior\ReadHtmlCacheBehavior [ RunTime:0.001000s ]
INFO: [ app_begin ] --END-- [ RunTime:0.001000s ]
SQL: SHOW COLUMNS FROM `fl_custom` [ RunTime:0.0176s ]
SQL: SELECT COUNT(*) AS tp_count FROM `fl_custom` WHERE `custom_email` = '13123@123.com' LIMIT 1   [ RunTime:0.0010s ]
INFO: [ app_end ] --START--
INFO: Run Behavior\ShowPageTraceBehavior [ RunTime:0.001000s ]
INFO: [ app_end ] --END-- [ RunTime:0.001000s ]

[ 2016-07-22T14:39:00+08:00 ] 127.0.0.1 /index.php/Home/Custom/chkVerify.html
INFO: [ app_begin ] --START--
INFO: Run Behavior\ReadHtmlCacheBehavior [ RunTime:0.001000s ]
INFO: [ app_begin ] --END-- [ RunTime:0.001000s ]
INFO: [ app_end ] --START--
INFO: Run Behavior\ShowPageTraceBehavior [ RunTime:0.001000s ]
INFO: [ app_end ] --END-- [ RunTime:0.001000s ]

[ 2016-07-22T14:39:01+08:00 ] 127.0.0.1 /index.php/Home/Custom/chkVerify.html
INFO: [ app_begin ] --START--
INFO: Run Behavior\ReadHtmlCacheBehavior [ RunTime:0.000000s ]
INFO: [ app_begin ] --END-- [ RunTime:0.001000s ]
INFO: [ app_end ] --START--
INFO: Run Behavior\ShowPageTraceBehavior [ RunTime:0.000000s ]
INFO: [ app_end ] --END-- [ RunTime:0.000000s ]

[ 2016-07-22T14:39:02+08:00 ] 127.0.0.1 /index.php/Home/Custom/chkVerify.html
INFO: [ app_begin ] --START--
INFO: Run Behavior\ReadHtmlCacheBehavior [ RunTime:0.001000s ]
INFO: [ app_begin ] --END-- [ RunTime:0.002000s ]
INFO: [ app_end ] --START--
INFO: Run Behavior\ShowPageTraceBehavior [ RunTime:0.001000s ]
INFO: [ app_end ] --END-- [ RunTime:0.001000s ]

[ 2016-07-22T14:39:04+08:00 ] 127.0.0.1 /index.php/Home/Custom/register.html
INFO: [ app_begin ] --START--
INFO: Run Behavior\ReadHtmlCacheBehavior [ RunTime:0.001000s ]
INFO: [ app_begin ] --END-- [ RunTime:0.002000s ]
SQL: SHOW COLUMNS FROM `fl_custom` [ RunTime:0.0070s ]
NOTIC: [8] Undefined index: validate D:\wamp\www\one\ThinkPHP\Library\Think\Model.class.php 第 1185 行.
NOTIC: [8] Undefined index: auto D:\wamp\www\one\ThinkPHP\Library\Think\Model.class.php 第 1128 行.
NOTIC: [8] Undefined index: validate D:\wamp\www\one\ThinkPHP\Library\Think\Model.class.php 第 1185 行.
NOTIC: [8] Undefined index: auto D:\wamp\www\one\ThinkPHP\Library\Think\Model.class.php 第 1128 行.
ERR: 1364:Field 'custom_tel' doesn't have a default value
 [ SQL语句 ] : INSERT INTO `fl_custom` (`custom_username`,`custom_pwd`,`custom_email`,`custom_time`) VALUES ('123123','e10adc3949ba59abbe56e057f20f883e','13123@123.com','1469169544')
ERR: 1364:Field 'custom_tel' doesn't have a default value
 [ SQL语句 ] : INSERT INTO `fl_custom` (`custom_username`,`custom_pwd`,`custom_email`,`custom_time`) VALUES ('123123','e10adc3949ba59abbe56e057f20f883e','13123@123.com','1469169544')

[ 2016-07-22T14:39:05+08:00 ] 127.0.0.1 /index.php/Home/Custom/register.html
INFO: [ app_begin ] --START--
INFO: Run Behavior\ReadHtmlCacheBehavior [ RunTime:0.001000s ]
INFO: [ app_begin ] --END-- [ RunTime:0.001000s ]
SQL: SHOW COLUMNS FROM `fl_custom` [ RunTime:0.0000s ]
NOTIC: [8] Undefined index: validate D:\wamp\www\one\ThinkPHP\Library\Think\Model.class.php 第 1185 行.
NOTIC: [8] Undefined index: auto D:\wamp\www\one\ThinkPHP\Library\Think\Model.class.php 第 1128 行.
NOTIC: [8] Undefined index: validate D:\wamp\www\one\ThinkPHP\Library\Think\Model.class.php 第 1185 行.
NOTIC: [8] Undefined index: auto D:\wamp\www\one\ThinkPHP\Library\Think\Model.class.php 第 1128 行.
ERR: 1364:Field 'custom_tel' doesn't have a default value
 [ SQL语句 ] : INSERT INTO `fl_custom` (`custom_username`,`custom_pwd`,`custom_email`,`custom_time`) VALUES ('123123','e10adc3949ba59abbe56e057f20f883e','13123@123.com','1469169545')
ERR: 1364:Field 'custom_tel' doesn't have a default value
 [ SQL语句 ] : INSERT INTO `fl_custom` (`custom_username`,`custom_pwd`,`custom_email`,`custom_time`) VALUES ('123123','e10adc3949ba59abbe56e057f20f883e','13123@123.com','1469169545')

[ 2016-07-22T14:39:05+08:00 ] 127.0.0.1 /index.php/Home/Custom/register.html
INFO: [ app_begin ] --START--
INFO: Run Behavior\ReadHtmlCacheBehavior [ RunTime:0.000000s ]
INFO: [ app_begin ] --END-- [ RunTime:0.000000s ]
SQL: SHOW COLUMNS FROM `fl_custom` [ RunTime:0.0070s ]
NOTIC: [8] Undefined index: validate D:\wamp\www\one\ThinkPHP\Library\Think\Model.class.php 第 1185 行.
NOTIC: [8] Undefined index: auto D:\wamp\www\one\ThinkPHP\Library\Think\Model.class.php 第 1128 行.
NOTIC: [8] Undefined index: validate D:\wamp\www\one\ThinkPHP\Library\Think\Model.class.php 第 1185 行.
NOTIC: [8] Undefined index: auto D:\wamp\www\one\ThinkPHP\Library\Think\Model.class.php 第 1128 行.
ERR: 1364:Field 'custom_tel' doesn't have a default value
 [ SQL语句 ] : INSERT INTO `fl_custom` (`custom_username`,`custom_pwd`,`custom_email`,`custom_time`) VALUES ('123123','e10adc3949ba59abbe56e057f20f883e','13123@123.com','1469169545')
ERR: 1364:Field 'custom_tel' doesn't have a default value
 [ SQL语句 ] : INSERT INTO `fl_custom` (`custom_username`,`custom_pwd`,`custom_email`,`custom_time`) VALUES ('123123','e10adc3949ba59abbe56e057f20f883e','13123@123.com','1469169545')

[ 2016-07-22T14:39:05+08:00 ] 127.0.0.1 /index.php/Home/Custom/register.html
INFO: [ app_begin ] --START--
INFO: Run Behavior\ReadHtmlCacheBehavior [ RunTime:0.000000s ]
INFO: [ app_begin ] --END-- [ RunTime:0.001000s ]
SQL: SHOW COLUMNS FROM `fl_custom` [ RunTime:0.0080s ]
NOTIC: [8] Undefined index: validate D:\wamp\www\one\ThinkPHP\Library\Think\Model.class.php 第 1185 行.
NOTIC: [8] Undefined index: auto D:\wamp\www\one\ThinkPHP\Library\Think\Model.class.php 第 1128 行.
NOTIC: [8] Undefined index: validate D:\wamp\www\one\ThinkPHP\Library\Think\Model.class.php 第 1185 行.
NOTIC: [8] Undefined index: auto D:\wamp\www\one\ThinkPHP\Library\Think\Model.class.php 第 1128 行.
ERR: 1364:Field 'custom_tel' doesn't have a default value
 [ SQL语句 ] : INSERT INTO `fl_custom` (`custom_username`,`custom_pwd`,`custom_email`,`custom_time`) VALUES ('123123','e10adc3949ba59abbe56e057f20f883e','13123@123.com','1469169545')
ERR: 1364:Field 'custom_tel' doesn't have a default value
 [ SQL语句 ] : INSERT INTO `fl_custom` (`custom_username`,`custom_pwd`,`custom_email`,`custom_time`) VALUES ('123123','e10adc3949ba59abbe56e057f20f883e','13123@123.com','1469169545')

[ 2016-07-22T14:39:05+08:00 ] 127.0.0.1 /index.php/Home/Custom/register.html
INFO: [ app_begin ] --START--
INFO: Run Behavior\ReadHtmlCacheBehavior [ RunTime:0.001000s ]
INFO: [ app_begin ] --END-- [ RunTime:0.001000s ]
SQL: SHOW COLUMNS FROM `fl_custom` [ RunTime:0.0090s ]
NOTIC: [8] Undefined index: validate D:\wamp\www\one\ThinkPHP\Library\Think\Model.class.php 第 1185 行.
NOTIC: [8] Undefined index: auto D:\wamp\www\one\ThinkPHP\Library\Think\Model.class.php 第 1128 行.
NOTIC: [8] Undefined index: validate D:\wamp\www\one\ThinkPHP\Library\Think\Model.class.php 第 1185 行.
NOTIC: [8] Undefined index: auto D:\wamp\www\one\ThinkPHP\Library\Think\Model.class.php 第 1128 行.
ERR: 1364:Field 'custom_tel' doesn't have a default value
 [ SQL语句 ] : INSERT INTO `fl_custom` (`custom_username`,`custom_pwd`,`custom_email`,`custom_time`) VALUES ('123123','e10adc3949ba59abbe56e057f20f883e','13123@123.com','1469169545')
ERR: 1364:Field 'custom_tel' doesn't have a default value
 [ SQL语句 ] : INSERT INTO `fl_custom` (`custom_username`,`custom_pwd`,`custom_email`,`custom_time`) VALUES ('123123','e10adc3949ba59abbe56e057f20f883e','13123@123.com','1469169545')

[ 2016-07-22T14:39:05+08:00 ] 127.0.0.1 /index.php/Home/Custom/register.html
INFO: [ app_begin ] --START--
INFO: Run Behavior\ReadHtmlCacheBehavior [ RunTime:0.000000s ]
INFO: [ app_begin ] --END-- [ RunTime:0.001000s ]
SQL: SHOW COLUMNS FROM `fl_custom` [ RunTime:0.0080s ]
NOTIC: [8] Undefined index: validate D:\wamp\www\one\ThinkPHP\Library\Think\Model.class.php 第 1185 行.
NOTIC: [8] Undefined index: auto D:\wamp\www\one\ThinkPHP\Library\Think\Model.class.php 第 1128 行.
NOTIC: [8] Undefined index: validate D:\wamp\www\one\ThinkPHP\Library\Think\Model.class.php 第 1185 行.
NOTIC: [8] Undefined index: auto D:\wamp\www\one\ThinkPHP\Library\Think\Model.class.php 第 1128 行.
ERR: 1364:Field 'custom_tel' doesn't have a default value
 [ SQL语句 ] : INSERT INTO `fl_custom` (`custom_username`,`custom_pwd`,`custom_email`,`custom_time`) VALUES ('123123','e10adc3949ba59abbe56e057f20f883e','13123@123.com','1469169545')
ERR: 1364:Field 'custom_tel' doesn't have a default value
 [ SQL语句 ] : INSERT INTO `fl_custom` (`custom_username`,`custom_pwd`,`custom_email`,`custom_time`) VALUES ('123123','e10adc3949ba59abbe56e057f20f883e','13123@123.com','1469169545')

[ 2016-07-22T14:39:44+08:00 ] 127.0.0.1 /index.php/Home/Custom/register.html
INFO: [ app_begin ] --START--
INFO: Run Behavior\ReadHtmlCacheBehavior [ RunTime:0.000000s ]
INFO: [ app_begin ] --END-- [ RunTime:0.001000s ]
SQL: SHOW COLUMNS FROM `fl_custom` [ RunTime:0.0156s ]
NOTIC: [8] Undefined index: validate D:\wamp\www\one\ThinkPHP\Library\Think\Model.class.php 第 1185 行.
NOTIC: [8] Undefined index: auto D:\wamp\www\one\ThinkPHP\Library\Think\Model.class.php 第 1128 行.
NOTIC: [8] Undefined index: validate D:\wamp\www\one\ThinkPHP\Library\Think\Model.class.php 第 1185 行.
NOTIC: [8] Undefined index: auto D:\wamp\www\one\ThinkPHP\Library\Think\Model.class.php 第 1128 行.
ERR: 1364:Field 'custom_tel' doesn't have a default value
 [ SQL语句 ] : INSERT INTO `fl_custom` (`custom_username`,`custom_pwd`,`custom_email`,`custom_time`) VALUES ('123123','e10adc3949ba59abbe56e057f20f883e','13123@123.com','1469169584')
ERR: 1364:Field 'custom_tel' doesn't have a default value
 [ SQL语句 ] : INSERT INTO `fl_custom` (`custom_username`,`custom_pwd`,`custom_email`,`custom_time`) VALUES ('123123','e10adc3949ba59abbe56e057f20f883e','13123@123.com','1469169584')

[ 2016-07-22T14:40:44+08:00 ] 127.0.0.1 /index.php/Home/Custom/register.html
INFO: [ app_begin ] --START--
INFO: Run Behavior\ReadHtmlCacheBehavior [ RunTime:0.000000s ]
INFO: [ app_begin ] --END-- [ RunTime:0.002000s ]
SQL: SHOW COLUMNS FROM `fl_custom` [ RunTime:0.0000s ]
NOTIC: [8] Undefined index: validate D:\wamp\www\one\ThinkPHP\Library\Think\Model.class.php 第 1185 行.
NOTIC: [8] Undefined index: auto D:\wamp\www\one\ThinkPHP\Library\Think\Model.class.php 第 1128 行.
NOTIC: [8] Undefined index: validate D:\wamp\www\one\ThinkPHP\Library\Think\Model.class.php 第 1185 行.
NOTIC: [8] Undefined index: auto D:\wamp\www\one\ThinkPHP\Library\Think\Model.class.php 第 1128 行.
ERR: 1364:Field 'custom_tel' doesn't have a default value
 [ SQL语句 ] : INSERT INTO `fl_custom` (`custom_username`,`custom_pwd`,`custom_email`,`custom_time`) VALUES ('123123','e10adc3949ba59abbe56e057f20f883e','13123@123.com','1469169644')
ERR: 1364:Field 'custom_tel' doesn't have a default value
 [ SQL语句 ] : INSERT INTO `fl_custom` (`custom_username`,`custom_pwd`,`custom_email`,`custom_time`) VALUES ('123123','e10adc3949ba59abbe56e057f20f883e','13123@123.com','1469169644')

[ 2016-07-22T14:40:45+08:00 ] 127.0.0.1 /index.php/Home/Custom/register.html
INFO: [ app_begin ] --START--
INFO: Run Behavior\ReadHtmlCacheBehavior [ RunTime:0.000000s ]
INFO: [ app_begin ] --END-- [ RunTime:0.001000s ]
SQL: SHOW COLUMNS FROM `fl_custom` [ RunTime:0.0000s ]
NOTIC: [8] Undefined index: validate D:\wamp\www\one\ThinkPHP\Library\Think\Model.class.php 第 1185 行.
NOTIC: [8] Undefined index: auto D:\wamp\www\one\ThinkPHP\Library\Think\Model.class.php 第 1128 行.
NOTIC: [8] Undefined index: validate D:\wamp\www\one\ThinkPHP\Library\Think\Model.class.php 第 1185 行.
NOTIC: [8] Undefined index: auto D:\wamp\www\one\ThinkPHP\Library\Think\Model.class.php 第 1128 行.
ERR: 1364:Field 'custom_tel' doesn't have a default value
 [ SQL语句 ] : INSERT INTO `fl_custom` (`custom_username`,`custom_pwd`,`custom_email`,`custom_time`) VALUES ('123123','e10adc3949ba59abbe56e057f20f883e','13123@123.com','1469169645')
ERR: 1364:Field 'custom_tel' doesn't have a default value
 [ SQL语句 ] : INSERT INTO `fl_custom` (`custom_username`,`custom_pwd`,`custom_email`,`custom_time`) VALUES ('123123','e10adc3949ba59abbe56e057f20f883e','13123@123.com','1469169645')

[ 2016-07-22T14:40:59+08:00 ] 127.0.0.1 /index.php/Home/Custom/register.html
INFO: [ app_begin ] --START--
INFO: Run Behavior\ReadHtmlCacheBehavior [ RunTime:0.001000s ]
INFO: [ app_begin ] --END-- [ RunTime:0.001000s ]
SQL: SHOW COLUMNS FROM `fl_custom` [ RunTime:0.0000s ]
NOTIC: [8] Undefined index: validate D:\wamp\www\one\ThinkPHP\Library\Think\Model.class.php 第 1185 行.
NOTIC: [8] Undefined index: auto D:\wamp\www\one\ThinkPHP\Library\Think\Model.class.php 第 1128 行.
NOTIC: [8] Undefined index: validate D:\wamp\www\one\ThinkPHP\Library\Think\Model.class.php 第 1185 行.
NOTIC: [8] Undefined index: auto D:\wamp\www\one\ThinkPHP\Library\Think\Model.class.php 第 1128 行.
ERR: 1364:Field 'custom_tel' doesn't have a default value
 [ SQL语句 ] : INSERT INTO `fl_custom` (`custom_username`,`custom_pwd`,`custom_email`,`custom_time`) VALUES ('123123','e10adc3949ba59abbe56e057f20f883e','13123@123.com','1469169659')
ERR: 1364:Field 'custom_tel' doesn't have a default value
 [ SQL语句 ] : INSERT INTO `fl_custom` (`custom_username`,`custom_pwd`,`custom_email`,`custom_time`) VALUES ('123123','e10adc3949ba59abbe56e057f20f883e','13123@123.com','1469169659')

[ 2016-07-22T14:41:08+08:00 ] 127.0.0.1 /index.php/Home/Custom/chkUsername.html
INFO: [ app_begin ] --START--
INFO: Run Behavior\ReadHtmlCacheBehavior [ RunTime:0.000000s ]
INFO: [ app_begin ] --END-- [ RunTime:0.001000s ]
SQL: SHOW COLUMNS FROM `fl_custom` [ RunTime:0.0070s ]
SQL: SELECT COUNT(*) AS tp_count FROM `fl_custom` WHERE `custom_username` = '123123' LIMIT 1   [ RunTime:0.0010s ]
INFO: [ app_end ] --START--
INFO: Run Behavior\ShowPageTraceBehavior [ RunTime:0.001000s ]
INFO: [ app_end ] --END-- [ RunTime:0.001000s ]

[ 2016-07-22T14:41:19+08:00 ] 127.0.0.1 /index.php/Home/Custom/chkEmail.html
INFO: [ app_begin ] --START--
INFO: Run Behavior\ReadHtmlCacheBehavior [ RunTime:0.001000s ]
INFO: [ app_begin ] --END-- [ RunTime:0.001000s ]
SQL: SHOW COLUMNS FROM `fl_custom` [ RunTime:0.0080s ]
SQL: SELECT COUNT(*) AS tp_count FROM `fl_custom` WHERE `custom_email` = '123@123.com' LIMIT 1   [ RunTime:0.0010s ]
INFO: [ app_end ] --START--
INFO: Run Behavior\ShowPageTraceBehavior [ RunTime:0.001000s ]
INFO: [ app_end ] --END-- [ RunTime:0.001000s ]

[ 2016-07-22T14:41:22+08:00 ] 127.0.0.1 /index.php/Home/Custom/chkEmail.html
INFO: [ app_begin ] --START--
INFO: Run Behavior\ReadHtmlCacheBehavior [ RunTime:0.000000s ]
INFO: [ app_begin ] --END-- [ RunTime:0.001000s ]
SQL: SHOW COLUMNS FROM `fl_custom` [ RunTime:0.0080s ]
SQL: SELECT COUNT(*) AS tp_count FROM `fl_custom` WHERE `custom_email` = '123@12.com' LIMIT 1   [ RunTime:0.0010s ]
INFO: [ app_end ] --START--
INFO: Run Behavior\ShowPageTraceBehavior [ RunTime:0.000000s ]
INFO: [ app_end ] --END-- [ RunTime:0.000000s ]

[ 2016-07-22T14:41:23+08:00 ] 127.0.0.1 /index.php/Home/Custom/chkEmail.html
INFO: [ app_begin ] --START--
INFO: Run Behavior\ReadHtmlCacheBehavior [ RunTime:0.001000s ]
INFO: [ app_begin ] --END-- [ RunTime:0.001000s ]
SQL: SHOW COLUMNS FROM `fl_custom` [ RunTime:0.0156s ]
SQL: SELECT COUNT(*) AS tp_count FROM `fl_custom` WHERE `custom_email` = '123@122.com' LIMIT 1   [ RunTime:0.0000s ]
INFO: [ app_end ] --START--
INFO: Run Behavior\ShowPageTraceBehavior [ RunTime:0.000000s ]
INFO: [ app_end ] --END-- [ RunTime:0.000000s ]

[ 2016-07-22T14:41:30+08:00 ] 127.0.0.1 /index.php/Home/Custom/chkVerify.html
INFO: [ app_begin ] --START--
INFO: Run Behavior\ReadHtmlCacheBehavior [ RunTime:0.000000s ]
INFO: [ app_begin ] --END-- [ RunTime:0.001000s ]
INFO: [ app_end ] --START--
INFO: Run Behavior\ShowPageTraceBehavior [ RunTime:0.000000s ]
INFO: [ app_end ] --END-- [ RunTime:0.001000s ]

[ 2016-07-22T14:41:30+08:00 ] 127.0.0.1 /index.php/Home/Custom/register.html
INFO: [ app_begin ] --START--
INFO: Run Behavior\ReadHtmlCacheBehavior [ RunTime:0.000000s ]
INFO: [ app_begin ] --END-- [ RunTime:0.001001s ]
SQL: SHOW COLUMNS FROM `fl_custom` [ RunTime:0.0070s ]
NOTIC: [8] Undefined index: validate D:\wamp\www\one\ThinkPHP\Library\Think\Model.class.php 第 1185 行.
NOTIC: [8] Undefined index: auto D:\wamp\www\one\ThinkPHP\Library\Think\Model.class.php 第 1128 行.
NOTIC: [8] Undefined index: validate D:\wamp\www\one\ThinkPHP\Library\Think\Model.class.php 第 1185 行.
NOTIC: [8] Undefined index: auto D:\wamp\www\one\ThinkPHP\Library\Think\Model.class.php 第 1128 行.
ERR: 1364:Field 'custom_tel' doesn't have a default value
 [ SQL语句 ] : INSERT INTO `fl_custom` (`custom_username`,`custom_pwd`,`custom_email`,`custom_time`) VALUES ('123123','4297f44b13955235245b2497399d7a93','123@122.com','1469169690')
ERR: 1364:Field 'custom_tel' doesn't have a default value
 [ SQL语句 ] : INSERT INTO `fl_custom` (`custom_username`,`custom_pwd`,`custom_email`,`custom_time`) VALUES ('123123','4297f44b13955235245b2497399d7a93','123@122.com','1469169690')

[ 2016-07-22T14:43:10+08:00 ] 127.0.0.1 /index.php/Home/Custom/register.html
INFO: [ app_begin ] --START--
INFO: Run Behavior\ReadHtmlCacheBehavior [ RunTime:0.001000s ]
INFO: [ app_begin ] --END-- [ RunTime:0.001000s ]
SQL: SHOW COLUMNS FROM `fl_custom` [ RunTime:0.0000s ]
NOTIC: [8] Undefined index: validate D:\wamp\www\one\ThinkPHP\Library\Think\Model.class.php 第 1185 行.
NOTIC: [8] Undefined index: auto D:\wamp\www\one\ThinkPHP\Library\Think\Model.class.php 第 1128 行.
NOTIC: [8] Undefined index: validate D:\wamp\www\one\ThinkPHP\Library\Think\Model.class.php 第 1185 行.
NOTIC: [8] Undefined index: auto D:\wamp\www\one\ThinkPHP\Library\Think\Model.class.php 第 1128 行.
ERR: 1364:Field 'custom_tel' doesn't have a default value
 [ SQL语句 ] : INSERT INTO `fl_custom` (`custom_username`,`custom_pwd`,`custom_email`,`custom_time`) VALUES ('123123','4297f44b13955235245b2497399d7a93','123@122.com','1469169790')
ERR: 1364:Field 'custom_tel' doesn't have a default value
 [ SQL语句 ] : INSERT INTO `fl_custom` (`custom_username`,`custom_pwd`,`custom_email`,`custom_time`) VALUES ('123123','4297f44b13955235245b2497399d7a93','123@122.com','1469169790')

[ 2016-07-22T14:43:12+08:00 ] 127.0.0.1 /index.php/Home/Custom/register.html
INFO: [ app_begin ] --START--
INFO: Run Behavior\ReadHtmlCacheBehavior [ RunTime:0.001000s ]
INFO: [ app_begin ] --END-- [ RunTime:0.001000s ]
SQL: SHOW COLUMNS FROM `fl_custom` [ RunTime:0.0030s ]
NOTIC: [8] Undefined index: validate D:\wamp\www\one\ThinkPHP\Library\Think\Model.class.php 第 1185 行.
NOTIC: [8] Undefined index: auto D:\wamp\www\one\ThinkPHP\Library\Think\Model.class.php 第 1128 行.
NOTIC: [8] Undefined index: validate D:\wamp\www\one\ThinkPHP\Library\Think\Model.class.php 第 1185 行.
NOTIC: [8] Undefined index: auto D:\wamp\www\one\ThinkPHP\Library\Think\Model.class.php 第 1128 行.
ERR: 1364:Field 'custom_tel' doesn't have a default value
 [ SQL语句 ] : INSERT INTO `fl_custom` (`custom_username`,`custom_pwd`,`custom_email`,`custom_time`) VALUES ('123123','4297f44b13955235245b2497399d7a93','123@122.com','1469169792')
ERR: 1364:Field 'custom_tel' doesn't have a default value
 [ SQL语句 ] : INSERT INTO `fl_custom` (`custom_username`,`custom_pwd`,`custom_email`,`custom_time`) VALUES ('123123','4297f44b13955235245b2497399d7a93','123@122.com','1469169792')

[ 2016-07-22T14:45:26+08:00 ] 127.0.0.1 /index.php/Home/Custom/chkUsername.html
INFO: [ app_begin ] --START--
INFO: Run Behavior\ReadHtmlCacheBehavior [ RunTime:0.000000s ]
INFO: [ app_begin ] --END-- [ RunTime:0.002000s ]
SQL: SHOW COLUMNS FROM `fl_custom` [ RunTime:0.0080s ]
SQL: SELECT COUNT(*) AS tp_count FROM `fl_custom` WHERE `custom_username` = '123' LIMIT 1   [ RunTime:0.0010s ]
INFO: [ app_end ] --START--
INFO: Run Behavior\ShowPageTraceBehavior [ RunTime:0.001000s ]
INFO: [ app_end ] --END-- [ RunTime:0.001000s ]

[ 2016-07-22T14:45:26+08:00 ] 127.0.0.1 /index.php/Home/Custom/chkUsername.html
INFO: [ app_begin ] --START--
INFO: Run Behavior\ReadHtmlCacheBehavior [ RunTime:0.001000s ]
INFO: [ app_begin ] --END-- [ RunTime:0.001000s ]
SQL: SHOW COLUMNS FROM `fl_custom` [ RunTime:0.0070s ]
SQL: SELECT COUNT(*) AS tp_count FROM `fl_custom` WHERE `custom_username` = '12312' LIMIT 1   [ RunTime:0.0010s ]
INFO: [ app_end ] --START--
INFO: Run Behavior\ShowPageTraceBehavior [ RunTime:0.001000s ]
INFO: [ app_end ] --END-- [ RunTime:0.001000s ]

[ 2016-07-22T14:45:26+08:00 ] 127.0.0.1 /index.php/Home/Custom/chkUsername.html
INFO: [ app_begin ] --START--
INFO: Run Behavior\ReadHtmlCacheBehavior [ RunTime:0.000000s ]
INFO: [ app_begin ] --END-- [ RunTime:0.001000s ]
SQL: SHOW COLUMNS FROM `fl_custom` [ RunTime:0.0080s ]
SQL: SELECT COUNT(*) AS tp_count FROM `fl_custom` WHERE `custom_username` = '123123' LIMIT 1   [ RunTime:0.0010s ]
INFO: [ app_end ] --START--
INFO: Run Behavior\ShowPageTraceBehavior [ RunTime:0.001000s ]
INFO: [ app_end ] --END-- [ RunTime:0.001000s ]

[ 2016-07-22T14:45:33+08:00 ] 127.0.0.1 /index.php/Home/Custom/chkEmail.html
INFO: [ app_begin ] --START--
INFO: Run Behavior\ReadHtmlCacheBehavior [ RunTime:0.000000s ]
INFO: [ app_begin ] --END-- [ RunTime:0.001000s ]
SQL: SHOW COLUMNS FROM `fl_custom` [ RunTime:0.0070s ]
SQL: SELECT COUNT(*) AS tp_count FROM `fl_custom` WHERE `custom_email` = '123@123.com' LIMIT 1   [ RunTime:0.0010s ]
INFO: [ app_end ] --START--
INFO: Run Behavior\ShowPageTraceBehavior [ RunTime:0.000000s ]
INFO: [ app_end ] --END-- [ RunTime:0.000000s ]

[ 2016-07-22T14:45:36+08:00 ] 127.0.0.1 /index.php/Home/Custom/chkEmail.html
INFO: [ app_begin ] --START--
INFO: Run Behavior\ReadHtmlCacheBehavior [ RunTime:0.000000s ]
INFO: [ app_begin ] --END-- [ RunTime:0.001000s ]
SQL: SHOW COLUMNS FROM `fl_custom` [ RunTime:0.0060s ]
SQL: SELECT COUNT(*) AS tp_count FROM `fl_custom` WHERE `custom_email` = '123@12.com' LIMIT 1   [ RunTime:0.0010s ]
INFO: [ app_end ] --START--
INFO: Run Behavior\ShowPageTraceBehavior [ RunTime:0.001000s ]
INFO: [ app_end ] --END-- [ RunTime:0.001000s ]

[ 2016-07-22T14:45:44+08:00 ] 127.0.0.1 /index.php/Home/Custom/chkVerify.html
INFO: [ app_begin ] --START--
INFO: Run Behavior\ReadHtmlCacheBehavior [ RunTime:0.000000s ]
INFO: [ app_begin ] --END-- [ RunTime:0.001000s ]
INFO: [ app_end ] --START--
INFO: Run Behavior\ShowPageTraceBehavior [ RunTime:0.001000s ]
INFO: [ app_end ] --END-- [ RunTime:0.001000s ]

[ 2016-07-22T14:45:44+08:00 ] 127.0.0.1 /index.php/Home/Custom/chkVerify.html
INFO: [ app_begin ] --START--
INFO: Run Behavior\ReadHtmlCacheBehavior [ RunTime:0.000000s ]
INFO: [ app_begin ] --END-- [ RunTime:0.001000s ]
INFO: [ app_end ] --START--
INFO: Run Behavior\ShowPageTraceBehavior [ RunTime:0.001000s ]
INFO: [ app_end ] --END-- [ RunTime:0.001000s ]

[ 2016-07-22T14:45:46+08:00 ] 127.0.0.1 /index.php/Home/Custom/chkVerify.html
INFO: [ app_begin ] --START--
INFO: Run Behavior\ReadHtmlCacheBehavior [ RunTime:0.001000s ]
INFO: [ app_begin ] --END-- [ RunTime:0.002000s ]
INFO: [ app_end ] --START--
INFO: Run Behavior\ShowPageTraceBehavior [ RunTime:0.001000s ]
INFO: [ app_end ] --END-- [ RunTime:0.001000s ]

[ 2016-07-22T14:45:47+08:00 ] 127.0.0.1 /index.php/Home/Custom/register.html
INFO: [ app_begin ] --START--
INFO: Run Behavior\ReadHtmlCacheBehavior [ RunTime:0.000000s ]
INFO: [ app_begin ] --END-- [ RunTime:0.001000s ]
SQL: SHOW COLUMNS FROM `fl_custom` [ RunTime:0.0050s ]
NOTIC: [8] Undefined index: validate D:\wamp\www\one\ThinkPHP\Library\Think\Model.class.php 第 1185 行.
NOTIC: [8] Undefined index: auto D:\wamp\www\one\ThinkPHP\Library\Think\Model.class.php 第 1128 行.
NOTIC: [8] Undefined index: validate D:\wamp\www\one\ThinkPHP\Library\Think\Model.class.php 第 1185 行.
NOTIC: [8] Undefined index: auto D:\wamp\www\one\ThinkPHP\Library\Think\Model.class.php 第 1128 行.
ERR: 1364:Field 'custom_go' doesn't have a default value
 [ SQL语句 ] : INSERT INTO `fl_custom` (`custom_username`,`custom_pwd`,`custom_email`,`custom_time`) VALUES ('123123','4297f44b13955235245b2497399d7a93','123@12.com','1469169947')
ERR: 1364:Field 'custom_go' doesn't have a default value
 [ SQL语句 ] : INSERT INTO `fl_custom` (`custom_username`,`custom_pwd`,`custom_email`,`custom_time`) VALUES ('123123','4297f44b13955235245b2497399d7a93','123@12.com','1469169947')

[ 2016-07-22T14:45:48+08:00 ] 127.0.0.1 /index.php/Home/Custom/register.html
INFO: [ app_begin ] --START--
INFO: Run Behavior\ReadHtmlCacheBehavior [ RunTime:0.000000s ]
INFO: [ app_begin ] --END-- [ RunTime:0.001000s ]
SQL: SHOW COLUMNS FROM `fl_custom` [ RunTime:0.0040s ]
NOTIC: [8] Undefined index: validate D:\wamp\www\one\ThinkPHP\Library\Think\Model.class.php 第 1185 行.
NOTIC: [8] Undefined index: auto D:\wamp\www\one\ThinkPHP\Library\Think\Model.class.php 第 1128 行.
NOTIC: [8] Undefined index: validate D:\wamp\www\one\ThinkPHP\Library\Think\Model.class.php 第 1185 行.
NOTIC: [8] Undefined index: auto D:\wamp\www\one\ThinkPHP\Library\Think\Model.class.php 第 1128 行.
ERR: 1364:Field 'custom_go' doesn't have a default value
 [ SQL语句 ] : INSERT INTO `fl_custom` (`custom_username`,`custom_pwd`,`custom_email`,`custom_time`) VALUES ('123123','4297f44b13955235245b2497399d7a93','123@12.com','1469169948')
ERR: 1364:Field 'custom_go' doesn't have a default value
 [ SQL语句 ] : INSERT INTO `fl_custom` (`custom_username`,`custom_pwd`,`custom_email`,`custom_time`) VALUES ('123123','4297f44b13955235245b2497399d7a93','123@12.com','1469169948')

[ 2016-07-22T14:59:19+08:00 ] 127.0.0.1 /index.php/Home/Custom/register.html
INFO: [ app_begin ] --START--
INFO: Run Behavior\ReadHtmlCacheBehavior [ RunTime:0.001000s ]
INFO: [ app_begin ] --END-- [ RunTime:0.001000s ]
SQL: SHOW COLUMNS FROM `fl_custom` [ RunTime:0.0070s ]
NOTIC: [8] Undefined index: validate D:\wamp\www\one\ThinkPHP\Library\Think\Model.class.php 第 1185 行.
NOTIC: [8] Undefined index: auto D:\wamp\www\one\ThinkPHP\Library\Think\Model.class.php 第 1128 行.
NOTIC: [8] Undefined index: validate D:\wamp\www\one\ThinkPHP\Library\Think\Model.class.php 第 1185 行.
NOTIC: [8] Undefined index: auto D:\wamp\www\one\ThinkPHP\Library\Think\Model.class.php 第 1128 行.
ERR: 1364:Field 'custom_go' doesn't have a default value
 [ SQL语句 ] : INSERT INTO `fl_custom` (`custom_username`,`custom_pwd`,`custom_email`,`custom_time`) VALUES ('123123','4297f44b13955235245b2497399d7a93','123@12.com','1469170759')
ERR: 1364:Field 'custom_go' doesn't have a default value
 [ SQL语句 ] : INSERT INTO `fl_custom` (`custom_username`,`custom_pwd`,`custom_email`,`custom_time`) VALUES ('123123','4297f44b13955235245b2497399d7a93','123@12.com','1469170759')

[ 2016-07-22T15:02:18+08:00 ] 127.0.0.1 /index.php/Home/Custom/chkUsername.html
INFO: [ app_begin ] --START--
INFO: Run Behavior\ReadHtmlCacheBehavior [ RunTime:0.001000s ]
INFO: [ app_begin ] --END-- [ RunTime:0.001000s ]
SQL: SHOW COLUMNS FROM `fl_custom` [ RunTime:0.0080s ]
SQL: SELECT COUNT(*) AS tp_count FROM `fl_custom` WHERE `custom_username` = '123123' LIMIT 1   [ RunTime:0.0010s ]
INFO: [ app_end ] --START--
INFO: Run Behavior\ShowPageTraceBehavior [ RunTime:0.000000s ]
INFO: [ app_end ] --END-- [ RunTime:0.001000s ]

[ 2016-07-22T15:02:30+08:00 ] 127.0.0.1 /index.php/Home/Custom/chkEmail.html
INFO: [ app_begin ] --START--
INFO: Run Behavior\ReadHtmlCacheBehavior [ RunTime:0.000000s ]
INFO: [ app_begin ] --END-- [ RunTime:0.001000s ]
SQL: SHOW COLUMNS FROM `fl_custom` [ RunTime:0.0070s ]
SQL: SELECT COUNT(*) AS tp_count FROM `fl_custom` WHERE `custom_email` = '123@12.com' LIMIT 1   [ RunTime:0.0010s ]
INFO: [ app_end ] --START--
INFO: Run Behavior\ShowPageTraceBehavior [ RunTime:0.001000s ]
INFO: [ app_end ] --END-- [ RunTime:0.001000s ]

[ 2016-07-22T15:02:37+08:00 ] 127.0.0.1 /index.php/Home/Custom/chkVerify.html
INFO: [ app_begin ] --START--
INFO: Run Behavior\ReadHtmlCacheBehavior [ RunTime:0.000000s ]
INFO: [ app_begin ] --END-- [ RunTime:0.001000s ]
INFO: [ app_end ] --START--
INFO: Run Behavior\ShowPageTraceBehavior [ RunTime:0.001000s ]
INFO: [ app_end ] --END-- [ RunTime:0.001000s ]

[ 2016-07-22T15:02:37+08:00 ] 127.0.0.1 /index.php/Home/Custom/register.html
INFO: [ app_begin ] --START--
INFO: Run Behavior\ReadHtmlCacheBehavior [ RunTime:0.000000s ]
INFO: [ app_begin ] --END-- [ RunTime:0.001000s ]
SQL: SHOW COLUMNS FROM `fl_custom` [ RunTime:0.0080s ]
NOTIC: [8] Undefined index: validate D:\wamp\www\one\ThinkPHP\Library\Think\Model.class.php 第 1185 行.
NOTIC: [8] Undefined index: auto D:\wamp\www\one\ThinkPHP\Library\Think\Model.class.php 第 1128 行.
NOTIC: [8] Undefined index: validate D:\wamp\www\one\ThinkPHP\Library\Think\Model.class.php 第 1185 行.
NOTIC: [8] Undefined index: auto D:\wamp\www\one\ThinkPHP\Library\Think\Model.class.php 第 1128 行.
SQL: INSERT INTO `fl_custom` (`custom_username`,`custom_pwd`,`custom_email`,`custom_time`) VALUES ('123123','4297f44b13955235245b2497399d7a93','123@12.com','1469170957') [ RunTime:0.0420s ]

[ 2016-07-22T15:04:48+08:00 ] 127.0.0.1 /index.php/Home/Custom/chkUsername.html
INFO: [ app_begin ] --START--
INFO: Run Behavior\ReadHtmlCacheBehavior [ RunTime:0.001000s ]
INFO: [ app_begin ] --END-- [ RunTime:0.001000s ]
SQL: SHOW COLUMNS FROM `fl_custom` [ RunTime:0.0080s ]
SQL: SELECT COUNT(*) AS tp_count FROM `fl_custom` WHERE `custom_username` = '123123123' LIMIT 1   [ RunTime:0.0010s ]
INFO: [ app_end ] --START--
INFO: Run Behavior\ShowPageTraceBehavior [ RunTime:0.001000s ]
INFO: [ app_end ] --END-- [ RunTime:0.001000s ]

[ 2016-07-22T15:05:00+08:00 ] 127.0.0.1 /index.php/Home/Custom/chkEmail.html
INFO: [ app_begin ] --START--
INFO: Run Behavior\ReadHtmlCacheBehavior [ RunTime:0.001000s ]
INFO: [ app_begin ] --END-- [ RunTime:0.001000s ]
SQL: SHOW COLUMNS FROM `fl_custom` [ RunTime:0.0080s ]
SQL: SELECT COUNT(*) AS tp_count FROM `fl_custom` WHERE `custom_email` = '123@123.com' LIMIT 1   [ RunTime:0.0010s ]
INFO: [ app_end ] --START--
INFO: Run Behavior\ShowPageTraceBehavior [ RunTime:0.001001s ]
INFO: [ app_end ] --END-- [ RunTime:0.001001s ]

[ 2016-07-22T15:05:02+08:00 ] 127.0.0.1 /index.php/Home/Custom/chkEmail.html
INFO: [ app_begin ] --START--
INFO: Run Behavior\ReadHtmlCacheBehavior [ RunTime:0.000000s ]
INFO: [ app_begin ] --END-- [ RunTime:0.002000s ]
SQL: SHOW COLUMNS FROM `fl_custom` [ RunTime:0.0080s ]
SQL: SELECT COUNT(*) AS tp_count FROM `fl_custom` WHERE `custom_email` = '123@13.com' LIMIT 1   [ RunTime:0.0020s ]
INFO: [ app_end ] --START--
INFO: Run Behavior\ShowPageTraceBehavior [ RunTime:0.001000s ]
INFO: [ app_end ] --END-- [ RunTime:0.001000s ]

[ 2016-07-22T15:05:08+08:00 ] 127.0.0.1 /index.php/Home/Custom/chkVerify.html
INFO: [ app_begin ] --START--
INFO: Run Behavior\ReadHtmlCacheBehavior [ RunTime:0.000000s ]
INFO: [ app_begin ] --END-- [ RunTime:0.001001s ]
INFO: [ app_end ] --START--
INFO: Run Behavior\ShowPageTraceBehavior [ RunTime:0.001000s ]
INFO: [ app_end ] --END-- [ RunTime:0.001000s ]

[ 2016-07-22T15:05:09+08:00 ] 127.0.0.1 /index.php/Home/Custom/register.html
INFO: [ app_begin ] --START--
INFO: Run Behavior\ReadHtmlCacheBehavior [ RunTime:0.001000s ]
INFO: [ app_begin ] --END-- [ RunTime:0.002000s ]
SQL: SHOW COLUMNS FROM `fl_custom` [ RunTime:0.0070s ]
NOTIC: [8] Undefined index: validate D:\wamp\www\one\ThinkPHP\Library\Think\Model.class.php 第 1185 行.
NOTIC: [8] Undefined index: auto D:\wamp\www\one\ThinkPHP\Library\Think\Model.class.php 第 1128 行.
NOTIC: [8] Undefined index: validate D:\wamp\www\one\ThinkPHP\Library\Think\Model.class.php 第 1185 行.
NOTIC: [8] Undefined index: auto D:\wamp\www\one\ThinkPHP\Library\Think\Model.class.php 第 1128 行.
SQL: INSERT INTO `fl_custom` (`custom_username`,`custom_pwd`,`custom_email`,`custom_time`) VALUES ('123123123','4297f44b13955235245b2497399d7a93','123@13.com','1469171109') [ RunTime:0.0420s ]

[ 2016-07-22T16:20:58+08:00 ] 127.0.0.1 /index.php/Home/Custom/logout.html
INFO: [ app_begin ] --START--
INFO: Run Behavior\ReadHtmlCacheBehavior [ RunTime:0.000000s ]
INFO: [ app_begin ] --END-- [ RunTime:0.001000s ]

[ 2016-07-22T16:21:17+08:00 ] 127.0.0.1 /index.php/Home/Custom/chkVerify.html
INFO: [ app_begin ] --START--
INFO: Run Behavior\ReadHtmlCacheBehavior [ RunTime:0.000000s ]
INFO: [ app_begin ] --END-- [ RunTime:0.001000s ]
INFO: [ app_end ] --START--
INFO: Run Behavior\ShowPageTraceBehavior [ RunTime:0.001000s ]
INFO: [ app_end ] --END-- [ RunTime:0.001000s ]

[ 2016-07-22T16:21:17+08:00 ] 127.0.0.1 /index.php/Home/Custom/login.html
INFO: [ app_begin ] --START--
INFO: Run Behavior\ReadHtmlCacheBehavior [ RunTime:0.000000s ]
INFO: [ app_begin ] --END-- [ RunTime:0.001000s ]
SQL: SHOW COLUMNS FROM `fl_custom` [ RunTime:0.0100s ]
SQL: SELECT `custom_id` FROM `fl_custom` WHERE `custom_username` = '123123123' AND `custom_pwd` = '4297f44b13955235245b2497399d7a93' LIMIT 1   [ RunTime:0.0010s ]
NOTIC: [8] Undefined index: cart D:\wamp\www\one\FL\Home\Controller\CustomController.class.php 第 56 行.

