[ 2016-07-28T08:59:16+08:00 ] 172.16.11.178 /three14/pinmo/admin.php/Admin/Login/chkVerify.html
INFO: [ app_begin ] --START--
INFO: Run Behavior\ReadHtmlCacheBehavior [ RunTime:0.000657s ]
INFO: [ app_begin ] --END-- [ RunTime:0.001249s ]
INFO: [ app_end ] --START--
INFO: Run Behavior\ShowPageTraceBehavior [ RunTime:0.000916s ]
INFO: [ app_end ] --END-- [ RunTime:0.001065s ]

[ 2016-07-28T08:59:16+08:00 ] 172.16.11.178 /three14/pinmo/admin.php/Admin/Login/index.html
INFO: [ app_begin ] --START--
INFO: Run Behavior\ReadHtmlCacheBehavior [ RunTime:0.000473s ]
INFO: [ app_begin ] --END-- [ RunTime:0.000767s ]
SQL: SHOW COLUMNS FROM `pm_adminuser` [ RunTime:0.0163s ]
SQL: SELECT `id` FROM `pm_adminuser` WHERE `adminname` = 'admin2' AND `password` = 'e10adc3949ba59abbe56e057f20f883e' AND `power` = 1 LIMIT 1   [ RunTime:0.0003s ]
SQL: SHOW COLUMNS FROM `pm_adminuser` [ RunTime:0.0028s ]
SQL: UPDATE `pm_adminuser` SET `creatime`='1469667556',`ip`='172.16.11.178' WHERE ( id=7 ) [ RunTime:0.0012s ]

[ 2016-07-28T08:59:38+08:00 ] 172.16.11.178 /three14/pinmo/admin.php/Admin/Admin/opp.html
INFO: [ app_begin ] --START--
INFO: Run Behavior\ReadHtmlCacheBehavior [ RunTime:0.000438s ]
INFO: [ app_begin ] --END-- [ RunTime:0.000761s ]
SQL: SHOW COLUMNS FROM `pm_adminuser` [ RunTime:0.0032s ]
SQL: SELECT * FROM `pm_adminuser` WHERE ( id=7 ) LIMIT 1   [ RunTime:0.0003s ]
SQL: SELECT * FROM `pm_adminuser` WHERE ( id=2 ) LIMIT 1   [ RunTime:0.0001s ]
SQL: UPDATE `pm_adminuser` SET `power`='1' WHERE ( id=2 ) [ RunTime:0.0009s ]

[ 2016-07-28T08:59:41+08:00 ] 172.16.11.178 /three14/pinmo/admin.php/Admin/Admin/opp.html
INFO: [ app_begin ] --START--
INFO: Run Behavior\ReadHtmlCacheBehavior [ RunTime:0.001282s ]
INFO: [ app_begin ] --END-- [ RunTime:0.002120s ]
SQL: SHOW COLUMNS FROM `pm_adminuser` [ RunTime:0.0032s ]
SQL: SELECT * FROM `pm_adminuser` WHERE ( id=7 ) LIMIT 1   [ RunTime:0.0002s ]
SQL: SELECT * FROM `pm_adminuser` WHERE ( id=10 ) LIMIT 1   [ RunTime:0.0003s ]
SQL: UPDATE `pm_adminuser` SET `power`='1' WHERE ( id=10 ) [ RunTime:0.0011s ]

[ 2016-07-28T08:59:44+08:00 ] 172.16.11.178 /three14/pinmo/admin.php/Admin/Admin/opp.html
INFO: [ app_begin ] --START--
INFO: Run Behavior\ReadHtmlCacheBehavior [ RunTime:0.000929s ]
INFO: [ app_begin ] --END-- [ RunTime:0.001672s ]
SQL: SHOW COLUMNS FROM `pm_adminuser` [ RunTime:0.0032s ]
SQL: SELECT * FROM `pm_adminuser` WHERE ( id=7 ) LIMIT 1   [ RunTime:0.0002s ]
SQL: SELECT * FROM `pm_adminuser` WHERE ( id=10 ) LIMIT 1   [ RunTime:0.0001s ]
SQL: UPDATE `pm_adminuser` SET `power`='1' WHERE ( id=10 ) [ RunTime:0.0011s ]

[ 2016-07-28T08:59:46+08:00 ] 172.16.11.178 /three14/pinmo/admin.php/Admin/Admin/opp.html
INFO: [ app_begin ] --START--
INFO: Run Behavior\ReadHtmlCacheBehavior [ RunTime:0.001055s ]
INFO: [ app_begin ] --END-- [ RunTime:0.001846s ]
SQL: SHOW COLUMNS FROM `pm_adminuser` [ RunTime:0.0032s ]
SQL: SELECT * FROM `pm_adminuser` WHERE ( id=7 ) LIMIT 1   [ RunTime:0.0002s ]
SQL: SELECT * FROM `pm_adminuser` WHERE ( id=11 ) LIMIT 1   [ RunTime:0.0002s ]
SQL: UPDATE `pm_adminuser` SET `power`='1' WHERE ( id=11 ) [ RunTime:0.0009s ]

[ 2016-07-28T08:59:49+08:00 ] 172.16.11.178 /three14/pinmo/admin.php/Admin/Admin/opp.html
INFO: [ app_begin ] --START--
INFO: Run Behavior\ReadHtmlCacheBehavior [ RunTime:0.000424s ]
INFO: [ app_begin ] --END-- [ RunTime:0.000745s ]
SQL: SHOW COLUMNS FROM `pm_adminuser` [ RunTime:0.0029s ]
SQL: SELECT * FROM `pm_adminuser` WHERE ( id=7 ) LIMIT 1   [ RunTime:0.0002s ]
SQL: SELECT * FROM `pm_adminuser` WHERE ( id=11 ) LIMIT 1   [ RunTime:0.0001s ]
SQL: UPDATE `pm_adminuser` SET `power`='1' WHERE ( id=11 ) [ RunTime:0.0014s ]

[ 2016-07-28T08:59:58+08:00 ] 172.16.11.178 /three14/pinmo/admin.php/Admin/Admin/opp.html
INFO: [ app_begin ] --START--
INFO: Run Behavior\ReadHtmlCacheBehavior [ RunTime:0.000546s ]
INFO: [ app_begin ] --END-- [ RunTime:0.000962s ]
SQL: SHOW COLUMNS FROM `pm_adminuser` [ RunTime:0.0040s ]
SQL: SELECT * FROM `pm_adminuser` WHERE ( id=7 ) LIMIT 1   [ RunTime:0.0002s ]
SQL: SELECT * FROM `pm_adminuser` WHERE ( id=11 ) LIMIT 1   [ RunTime:0.0002s ]
SQL: UPDATE `pm_adminuser` SET `power`='1' WHERE ( id=11 ) [ RunTime:0.0014s ]

[ 2016-07-28T09:00:09+08:00 ] 172.16.11.178 /three14/pinmo/admin.php/Admin/Admin/opp.html
INFO: [ app_begin ] --START--
INFO: Run Behavior\ReadHtmlCacheBehavior [ RunTime:0.001035s ]
INFO: [ app_begin ] --END-- [ RunTime:0.001830s ]
SQL: SHOW COLUMNS FROM `pm_adminuser` [ RunTime:0.0032s ]
SQL: SELECT * FROM `pm_adminuser` WHERE ( id=7 ) LIMIT 1   [ RunTime:0.0002s ]
SQL: SELECT * FROM `pm_adminuser` WHERE ( id=7 ) LIMIT 1   [ RunTime:0.0001s ]
SQL: UPDATE `pm_adminuser` SET `power`='1' WHERE ( id=7 ) [ RunTime:0.0009s ]

[ 2016-07-28T09:00:28+08:00 ] 172.16.11.178 /three14/pinmo/admin.php/Admin/Admin/opp.html
INFO: [ app_begin ] --START--
INFO: Run Behavior\ReadHtmlCacheBehavior [ RunTime:0.000550s ]
INFO: [ app_begin ] --END-- [ RunTime:0.000974s ]
SQL: SHOW COLUMNS FROM `pm_adminuser` [ RunTime:0.0040s ]
SQL: SELECT * FROM `pm_adminuser` WHERE ( id=7 ) LIMIT 1   [ RunTime:0.0003s ]
SQL: SELECT * FROM `pm_adminuser` WHERE ( id=6 ) LIMIT 1   [ RunTime:0.0003s ]
SQL: UPDATE `pm_adminuser` SET `power`='1' WHERE ( id=6 ) [ RunTime:0.0012s ]

[ 2016-07-28T09:03:37+08:00 ] 172.16.11.178 /three14/pinmo/admin.php/Admin/Admin/opp.html
INFO: [ app_begin ] --START--
INFO: Run Behavior\ReadHtmlCacheBehavior [ RunTime:0.000420s ]
INFO: [ app_begin ] --END-- [ RunTime:0.000747s ]
SQL: SHOW COLUMNS FROM `pm_adminuser` [ RunTime:0.0031s ]
SQL: SELECT * FROM `pm_adminuser` WHERE ( id=7 ) LIMIT 1   [ RunTime:0.0005s ]
SQL: SELECT * FROM `pm_adminuser` WHERE ( id=11 ) LIMIT 1   [ RunTime:0.0002s ]
SQL: UPDATE `pm_adminuser` SET `power`='0' WHERE ( id=11 ) [ RunTime:0.0012s ]

[ 2016-07-28T09:03:40+08:00 ] 172.16.11.178 /three14/pinmo/admin.php/Admin/Admin/opp.html
INFO: [ app_begin ] --START--
INFO: Run Behavior\ReadHtmlCacheBehavior [ RunTime:0.000431s ]
INFO: [ app_begin ] --END-- [ RunTime:0.000772s ]
SQL: SHOW COLUMNS FROM `pm_adminuser` [ RunTime:0.0034s ]
SQL: SELECT * FROM `pm_adminuser` WHERE ( id=7 ) LIMIT 1   [ RunTime:0.0005s ]
SQL: SELECT * FROM `pm_adminuser` WHERE ( id=11 ) LIMIT 1   [ RunTime:0.0002s ]
SQL: UPDATE `pm_adminuser` SET `power`='1' WHERE ( id=11 ) [ RunTime:0.0013s ]

[ 2016-07-28T09:04:03+08:00 ] 172.16.11.178 /three14/pinmo/admin.php/Admin/Login/chkVerify.html
INFO: [ app_begin ] --START--
INFO: Run Behavior\ReadHtmlCacheBehavior [ RunTime:0.000450s ]
INFO: [ app_begin ] --END-- [ RunTime:0.000781s ]
INFO: [ app_end ] --START--
INFO: Run Behavior\ShowPageTraceBehavior [ RunTime:0.000437s ]
INFO: [ app_end ] --END-- [ RunTime:0.000512s ]

[ 2016-07-28T09:04:03+08:00 ] 172.16.11.178 /three14/pinmo/admin.php/Admin/Login/index.html
INFO: [ app_begin ] --START--
INFO: Run Behavior\ReadHtmlCacheBehavior [ RunTime:0.000434s ]
INFO: [ app_begin ] --END-- [ RunTime:0.000796s ]
SQL: SHOW COLUMNS FROM `pm_adminuser` [ RunTime:0.0057s ]
SQL: SELECT `id` FROM `pm_adminuser` WHERE `adminname` = 'admin5' AND `password` = 'e10adc3949ba59abbe56e057f20f883e' AND `power` = 1 LIMIT 1   [ RunTime:0.0006s ]
SQL: SHOW COLUMNS FROM `pm_adminuser` [ RunTime:0.0052s ]
SQL: UPDATE `pm_adminuser` SET `creatime`='1469667843',`ip`='172.16.11.178' WHERE ( id=11 ) [ RunTime:0.0016s ]

[ 2016-07-28T09:04:08+08:00 ] 172.16.11.178 /three14/pinmo/admin.php/Admin/Admin/opp.html
INFO: [ app_begin ] --START--
INFO: Run Behavior\ReadHtmlCacheBehavior [ RunTime:0.000419s ]
INFO: [ app_begin ] --END-- [ RunTime:0.000707s ]
SQL: SHOW COLUMNS FROM `pm_adminuser` [ RunTime:0.0030s ]
SQL: SELECT * FROM `pm_adminuser` WHERE ( id=11 ) LIMIT 1   [ RunTime:0.0005s ]
SQL: SELECT * FROM `pm_adminuser` WHERE ( id=11 ) LIMIT 1   [ RunTime:0.0002s ]

[ 2016-07-28T09:04:12+08:00 ] 172.16.11.178 /three14/pinmo/admin.php/Admin/Admin/opp.html
INFO: [ app_begin ] --START--
INFO: Run Behavior\ReadHtmlCacheBehavior [ RunTime:0.000421s ]
INFO: [ app_begin ] --END-- [ RunTime:0.000706s ]
SQL: SHOW COLUMNS FROM `pm_adminuser` [ RunTime:0.0030s ]
SQL: SELECT * FROM `pm_adminuser` WHERE ( id=11 ) LIMIT 1   [ RunTime:0.0002s ]
SQL: SELECT * FROM `pm_adminuser` WHERE ( id=10 ) LIMIT 1   [ RunTime:0.0003s ]
SQL: UPDATE `pm_adminuser` SET `power`='0' WHERE ( id=10 ) [ RunTime:0.0009s ]

[ 2016-07-28T09:04:23+08:00 ] 172.16.11.178 /three14/pinmo/admin.php/Admin/Admin/opp.html
INFO: [ app_begin ] --START--
INFO: Run Behavior\ReadHtmlCacheBehavior [ RunTime:0.000541s ]
INFO: [ app_begin ] --END-- [ RunTime:0.000904s ]
SQL: SHOW COLUMNS FROM `pm_adminuser` [ RunTime:0.0041s ]
SQL: SELECT * FROM `pm_adminuser` WHERE ( id=11 ) LIMIT 1   [ RunTime:0.0004s ]
SQL: SELECT * FROM `pm_adminuser` WHERE ( id=11 ) LIMIT 1   [ RunTime:0.0002s ]

[ 2016-07-28T09:04:31+08:00 ] 172.16.11.178 /three14/pinmo/admin.php/Admin/Admin/opp.html
INFO: [ app_begin ] --START--
INFO: Run Behavior\ReadHtmlCacheBehavior [ RunTime:0.001117s ]
INFO: [ app_begin ] --END-- [ RunTime:0.002022s ]
SQL: SHOW COLUMNS FROM `pm_adminuser` [ RunTime:0.0037s ]
SQL: SELECT * FROM `pm_adminuser` WHERE ( id=11 ) LIMIT 1   [ RunTime:0.0002s ]
SQL: SELECT * FROM `pm_adminuser` WHERE ( id=8 ) LIMIT 1   [ RunTime:0.0003s ]

[ 2016-07-28T09:04:33+08:00 ] 172.16.11.178 /three14/pinmo/admin.php/Admin/Admin/opp.html
INFO: [ app_begin ] --START--
INFO: Run Behavior\ReadHtmlCacheBehavior [ RunTime:0.000629s ]
INFO: [ app_begin ] --END-- [ RunTime:0.001097s ]
SQL: SHOW COLUMNS FROM `pm_adminuser` [ RunTime:0.0044s ]
SQL: SELECT * FROM `pm_adminuser` WHERE ( id=11 ) LIMIT 1   [ RunTime:0.0002s ]
SQL: SELECT * FROM `pm_adminuser` WHERE ( id=9 ) LIMIT 1   [ RunTime:0.0004s ]
SQL: UPDATE `pm_adminuser` SET `power`='0' WHERE ( id=9 ) [ RunTime:0.0012s ]

[ 2016-07-28T09:04:35+08:00 ] 172.16.11.178 /three14/pinmo/admin.php/Admin/Admin/opp.html
INFO: [ app_begin ] --START--
INFO: Run Behavior\ReadHtmlCacheBehavior [ RunTime:0.000550s ]
INFO: [ app_begin ] --END-- [ RunTime:0.000908s ]
SQL: SHOW COLUMNS FROM `pm_adminuser` [ RunTime:0.0040s ]
SQL: SELECT * FROM `pm_adminuser` WHERE ( id=11 ) LIMIT 1   [ RunTime:0.0004s ]
SQL: SELECT * FROM `pm_adminuser` WHERE ( id=11 ) LIMIT 1   [ RunTime:0.0002s ]

[ 2016-07-28T09:04:41+08:00 ] 172.16.11.178 /three14/pinmo/admin.php/Admin/Admin/opp.html
INFO: [ app_begin ] --START--
INFO: Run Behavior\ReadHtmlCacheBehavior [ RunTime:0.000541s ]
INFO: [ app_begin ] --END-- [ RunTime:0.000930s ]
SQL: SHOW COLUMNS FROM `pm_adminuser` [ RunTime:0.0041s ]
SQL: SELECT * FROM `pm_adminuser` WHERE ( id=11 ) LIMIT 1   [ RunTime:0.0003s ]
SQL: SELECT * FROM `pm_adminuser` WHERE ( id=10 ) LIMIT 1   [ RunTime:0.0004s ]
SQL: UPDATE `pm_adminuser` SET `power`='1' WHERE ( id=10 ) [ RunTime:0.0008s ]

[ 2016-07-28T09:20:31+08:00 ] 172.16.11.178 /three14/pinmo/admin.php/Admin/Admin/chkAdminname.html
INFO: [ app_begin ] --START--
INFO: Run Behavior\ReadHtmlCacheBehavior [ RunTime:0.000431s ]
INFO: [ app_begin ] --END-- [ RunTime:0.000751s ]
SQL: SHOW COLUMNS FROM `pm_adminuser` [ RunTime:0.0036s ]
SQL: SELECT COUNT(*) AS tp_count FROM `pm_adminuser` WHERE `adminname` = 'admin' LIMIT 1   [ RunTime:0.0004s ]
INFO: [ app_end ] --START--
INFO: Run Behavior\ShowPageTraceBehavior [ RunTime:0.000673s ]
INFO: [ app_end ] --END-- [ RunTime:0.000736s ]

[ 2016-07-28T10:25:39+08:00 ] 172.16.11.178 /three14/pinmo/admin.php/Admin/Brand/add.html
INFO: [ app_begin ] --START--
INFO: Run Behavior\ReadHtmlCacheBehavior [ RunTime:0.000539s ]
INFO: [ app_begin ] --END-- [ RunTime:0.000961s ]
SQL: SHOW COLUMNS FROM `pm_brand` [ RunTime:0.0030s ]
NOTIC: [8] Undefined index: validate D:\wamp\apache\htdocs\three14\pinmo\ThinkPHP\Library\Think\Model.class.php 第 1185 行.

[ 2016-07-28T10:25:45+08:00 ] 172.16.11.178 /three14/pinmo/admin.php/Admin/Brand/add.html
INFO: [ app_begin ] --START--
INFO: Run Behavior\ReadHtmlCacheBehavior [ RunTime:0.000706s ]
INFO: [ app_begin ] --END-- [ RunTime:0.001117s ]
SQL: SHOW COLUMNS FROM `pm_brand` [ RunTime:0.0037s ]
NOTIC: [8] Undefined index: validate D:\wamp\apache\htdocs\three14\pinmo\ThinkPHP\Library\Think\Model.class.php 第 1185 行.

[ 2016-07-28T10:25:50+08:00 ] 172.16.11.178 /three14/pinmo/admin.php/Admin/Brand/add.html
INFO: [ app_begin ] --START--
INFO: Run Behavior\ReadHtmlCacheBehavior [ RunTime:0.000477s ]
INFO: [ app_begin ] --END-- [ RunTime:0.000787s ]
SQL: SHOW COLUMNS FROM `pm_brand` [ RunTime:0.0030s ]
NOTIC: [8] Undefined index: validate D:\wamp\apache\htdocs\three14\pinmo\ThinkPHP\Library\Think\Model.class.php 第 1185 行.
NOTIC: [8] Undefined index: auto D:\wamp\apache\htdocs\three14\pinmo\ThinkPHP\Library\Think\Model.class.php 第 1128 行.
NOTIC: [8] Undefined index: validate D:\wamp\apache\htdocs\three14\pinmo\ThinkPHP\Library\Think\Model.class.php 第 1185 行.
NOTIC: [8] Undefined index: auto D:\wamp\apache\htdocs\three14\pinmo\ThinkPHP\Library\Think\Model.class.php 第 1128 行.
NOTIC: [2] call_user_func() expects parameter 1 to be a valid callback, no array or string given D:\wamp\apache\htdocs\three14\pinmo\ThinkPHP\Library\Think\Upload.class.php 第 170 行.
SQL: INSERT INTO `pm_brand` (`brand`,`descript`,`pic`,`time`) VALUES ('ss','ss','57996d2ed58a0.jpg','1469672750') [ RunTime:0.0015s ]

[ 2016-07-28T10:26:00+08:00 ] 172.16.11.178 /three14/pinmo/admin.php/Admin/Brand/del.html
INFO: [ app_begin ] --START--
INFO: Run Behavior\ReadHtmlCacheBehavior [ RunTime:0.000776s ]
INFO: [ app_begin ] --END-- [ RunTime:0.001244s ]
SQL: SHOW COLUMNS FROM `pm_brand` [ RunTime:0.0035s ]
SQL: DELETE FROM `pm_brand` WHERE ( id=16 ) [ RunTime:0.0237s ]

[ 2016-07-28T10:30:13+08:00 ] 172.16.11.178 /three14/pinmo/admin.php/Admin/Ad/index.css
ERR: 非法操作:index.css

[ 2016-07-28T10:30:20+08:00 ] 172.16.11.178 /three14/pinmo/admin.php/Admin/Ad/index.css
ERR: 非法操作:index.css

[ 2016-07-28T10:30:26+08:00 ] 172.16.11.178 /three14/pinmo/admin.php/Admin/Ad/index.css
ERR: 非法操作:index.css

[ 2016-07-28T10:30:32+08:00 ] 172.16.11.178 /three14/pinmo/admin.php/Admin/Ad/index.css
ERR: 非法操作:index.css

[ 2016-07-28T10:36:18+08:00 ] 172.16.11.178 /three14/pinmo/admin.php/Admin/Ad/index.css
ERR: 非法操作:index.css

[ 2016-07-28T10:41:10+08:00 ] 172.16.11.178 /three14/pinmo/admin.php/Admin/Brand/add.html
INFO: [ app_begin ] --START--
INFO: Run Behavior\ReadHtmlCacheBehavior [ RunTime:0.000628s ]
INFO: [ app_begin ] --END-- [ RunTime:0.001024s ]
SQL: SHOW COLUMNS FROM `pm_brand` [ RunTime:0.0047s ]
NOTIC: [8] Undefined index: validate D:\wamp\apache\htdocs\three14\pinmo\ThinkPHP\Library\Think\Model.class.php 第 1185 行.

[ 2016-07-28T10:45:19+08:00 ] 172.16.11.178 /three14/pinmo/admin.php/Admin/Goods/add.html
INFO: [ app_begin ] --START--
INFO: Run Behavior\ReadHtmlCacheBehavior [ RunTime:0.000950s ]
INFO: [ app_begin ] --END-- [ RunTime:0.001476s ]
SQL: SHOW COLUMNS FROM `pm_category` [ RunTime:0.0029s ]
SQL: SELECT * FROM `pm_category` ORDER BY path  [ RunTime:0.0002s ]
SQL: SHOW COLUMNS FROM `pm_brand` [ RunTime:0.0026s ]
SQL: SELECT * FROM `pm_brand`  [ RunTime:0.0002s ]
SQL: SHOW COLUMNS FROM `pm_goods` [ RunTime:0.0033s ]
SQL: INSERT INTO `pm_goods` (`goodsname`,`marketprice`,`price`,`num`,`cid`,`description`,`bid`,`createtime`,`issale`) VALUES ('','0','0','0','16','','6','1469673919','1') [ RunTime:0.0013s ]
NOTIC: [8] Undefined index: validate D:\wamp\apache\htdocs\three14\pinmo\ThinkPHP\Library\Think\Model.class.php 第 1185 行.
NOTIC: [8] Undefined index: auto D:\wamp\apache\htdocs\three14\pinmo\ThinkPHP\Library\Think\Model.class.php 第 1128 行.

[ 2016-07-28T10:45:26+08:00 ] 172.16.11.178 /three14/pinmo/admin.php/Admin/Goods/add.html
INFO: [ app_begin ] --START--
INFO: Run Behavior\ReadHtmlCacheBehavior [ RunTime:0.000690s ]
INFO: [ app_begin ] --END-- [ RunTime:0.001040s ]
SQL: SHOW COLUMNS FROM `pm_category` [ RunTime:0.0029s ]
SQL: SELECT * FROM `pm_category` ORDER BY path  [ RunTime:0.0002s ]
SQL: SHOW COLUMNS FROM `pm_brand` [ RunTime:0.0031s ]
SQL: SELECT * FROM `pm_brand`  [ RunTime:0.0002s ]
SQL: SHOW COLUMNS FROM `pm_goods` [ RunTime:0.0032s ]
SQL: INSERT INTO `pm_goods` (`goodsname`,`marketprice`,`price`,`num`,`cid`,`description`,`bid`,`createtime`,`issale`) VALUES ('','0','0','0','16','','6','1469673926','1') [ RunTime:0.0013s ]
NOTIC: [8] Undefined index: validate D:\wamp\apache\htdocs\three14\pinmo\ThinkPHP\Library\Think\Model.class.php 第 1185 行.
NOTIC: [8] Undefined index: auto D:\wamp\apache\htdocs\three14\pinmo\ThinkPHP\Library\Think\Model.class.php 第 1128 行.

[ 2016-07-28T10:51:15+08:00 ] 172.16.11.178 /three14/pinmo/admin.php/Admin/Goods/add.html
INFO: [ app_begin ] --START--
INFO: Run Behavior\ReadHtmlCacheBehavior [ RunTime:0.000808s ]
INFO: [ app_begin ] --END-- [ RunTime:0.001229s ]
SQL: SHOW COLUMNS FROM `pm_category` [ RunTime:0.0031s ]
SQL: SELECT * FROM `pm_category` ORDER BY path  [ RunTime:0.0004s ]
SQL: SHOW COLUMNS FROM `pm_brand` [ RunTime:0.0031s ]
SQL: SELECT * FROM `pm_brand`  [ RunTime:0.0003s ]
SQL: SHOW COLUMNS FROM `pm_goods` [ RunTime:0.0033s ]
SQL: INSERT INTO `pm_goods` (`goodsname`,`marketprice`,`price`,`num`,`cid`,`description`,`bid`,`createtime`,`issale`) VALUES ('','0','0','0','16','','6','1469674275','1') [ RunTime:0.0010s ]
NOTIC: [8] Undefined index: validate D:\wamp\apache\htdocs\three14\pinmo\ThinkPHP\Library\Think\Model.class.php 第 1185 行.

[ 2016-07-28T10:53:28+08:00 ] 172.16.11.178 /three14/pinmo/admin.php/Admin/Goods/add.html
INFO: [ app_begin ] --START--
INFO: Run Behavior\ReadHtmlCacheBehavior [ RunTime:0.000603s ]
INFO: [ app_begin ] --END-- [ RunTime:0.000932s ]
SQL: SHOW COLUMNS FROM `pm_category` [ RunTime:0.0028s ]
SQL: SELECT * FROM `pm_category` ORDER BY path  [ RunTime:0.0002s ]
SQL: SHOW COLUMNS FROM `pm_brand` [ RunTime:0.0031s ]
SQL: SELECT * FROM `pm_brand`  [ RunTime:0.0002s ]
SQL: SHOW COLUMNS FROM `pm_goods` [ RunTime:0.0032s ]
SQL: INSERT INTO `pm_goods` (`goodsname`,`marketprice`,`price`,`num`,`cid`,`description`,`bid`,`createtime`,`issale`) VALUES ('','0','0','0','16','','6','1469674408','1') [ RunTime:0.0011s ]
NOTIC: [8] Undefined index: validate D:\wamp\apache\htdocs\three14\pinmo\ThinkPHP\Library\Think\Model.class.php 第 1185 行.

[ 2016-07-28T10:53:38+08:00 ] 172.16.11.178 /three14/pinmo/admin.php/Admin/Goods/add.html
INFO: [ app_begin ] --START--
INFO: Run Behavior\ReadHtmlCacheBehavior [ RunTime:0.000632s ]
INFO: [ app_begin ] --END-- [ RunTime:0.000963s ]
SQL: SHOW COLUMNS FROM `pm_category` [ RunTime:0.0029s ]
SQL: SELECT * FROM `pm_category` ORDER BY path  [ RunTime:0.0003s ]
SQL: SHOW COLUMNS FROM `pm_brand` [ RunTime:0.0027s ]
SQL: SELECT * FROM `pm_brand`  [ RunTime:0.0002s ]
SQL: SHOW COLUMNS FROM `pm_goods` [ RunTime:0.0032s ]
SQL: INSERT INTO `pm_goods` (`goodsname`,`marketprice`,`price`,`num`,`cid`,`description`,`bid`,`createtime`,`issale`) VALUES ('','0','0','0','16','','6','1469674418','1') [ RunTime:0.0010s ]
NOTIC: [8] Undefined index: validate D:\wamp\apache\htdocs\three14\pinmo\ThinkPHP\Library\Think\Model.class.php 第 1185 行.

[ 2016-07-28T10:53:41+08:00 ] 172.16.11.178 /three14/pinmo/admin.php/Admin/Goods/add.html
INFO: [ app_begin ] --START--
INFO: Run Behavior\ReadHtmlCacheBehavior [ RunTime:0.000607s ]
INFO: [ app_begin ] --END-- [ RunTime:0.000939s ]
SQL: SHOW COLUMNS FROM `pm_category` [ RunTime:0.0030s ]
SQL: SELECT * FROM `pm_category` ORDER BY path  [ RunTime:0.0004s ]
SQL: SHOW COLUMNS FROM `pm_brand` [ RunTime:0.0042s ]
SQL: SELECT * FROM `pm_brand`  [ RunTime:0.0003s ]
SQL: SHOW COLUMNS FROM `pm_goods` [ RunTime:0.0038s ]
SQL: INSERT INTO `pm_goods` (`goodsname`,`marketprice`,`price`,`num`,`cid`,`description`,`bid`,`createtime`,`issale`) VALUES ('','0','0','0','16','','6','1469674421','1') [ RunTime:0.0014s ]
NOTIC: [8] Undefined index: validate D:\wamp\apache\htdocs\three14\pinmo\ThinkPHP\Library\Think\Model.class.php 第 1185 行.

[ 2016-07-28T10:55:22+08:00 ] 172.16.11.178 /three14/pinmo/admin.php/Admin/Brand/add.html
INFO: [ app_begin ] --START--
INFO: Run Behavior\ReadHtmlCacheBehavior [ RunTime:0.000602s ]
INFO: [ app_begin ] --END-- [ RunTime:0.000924s ]
SQL: SHOW COLUMNS FROM `pm_brand` [ RunTime:0.0031s ]
NOTIC: [8] Undefined index: validate D:\wamp\apache\htdocs\three14\pinmo\ThinkPHP\Library\Think\Model.class.php 第 1185 行.

[ 2016-07-28T11:02:14+08:00 ] 172.16.11.178 /three14/pinmo/admin.php/Admin/Goods/add.html
INFO: [ app_begin ] --START--
INFO: Run Behavior\ReadHtmlCacheBehavior [ RunTime:0.000929s ]
INFO: [ app_begin ] --END-- [ RunTime:0.001397s ]
SQL: SHOW COLUMNS FROM `pm_category` [ RunTime:0.0029s ]
SQL: SELECT * FROM `pm_category` ORDER BY path  [ RunTime:0.0002s ]
SQL: SHOW COLUMNS FROM `pm_brand` [ RunTime:0.0026s ]
SQL: SELECT * FROM `pm_brand`  [ RunTime:0.0002s ]
SQL: SHOW COLUMNS FROM `pm_goods` [ RunTime:0.0035s ]
NOTIC: [8] Undefined index: validate D:\wamp\apache\htdocs\three14\pinmo\ThinkPHP\Library\Think\Model.class.php 第 1185 行.

[ 2016-07-28T11:02:16+08:00 ] 172.16.11.178 /three14/pinmo/admin.php/Admin/Goods/add.html
INFO: [ app_begin ] --START--
INFO: Run Behavior\ReadHtmlCacheBehavior [ RunTime:0.000820s ]
INFO: [ app_begin ] --END-- [ RunTime:0.001186s ]
SQL: SHOW COLUMNS FROM `pm_category` [ RunTime:0.0028s ]
SQL: SELECT * FROM `pm_category` ORDER BY path  [ RunTime:0.0003s ]
SQL: SHOW COLUMNS FROM `pm_brand` [ RunTime:0.0031s ]
SQL: SELECT * FROM `pm_brand`  [ RunTime:0.0002s ]
SQL: SHOW COLUMNS FROM `pm_goods` [ RunTime:0.0033s ]
NOTIC: [8] Undefined index: validate D:\wamp\apache\htdocs\three14\pinmo\ThinkPHP\Library\Think\Model.class.php 第 1185 行.

[ 2016-07-28T11:02:27+08:00 ] 172.16.11.178 /three14/pinmo/admin.php/Admin/Goods/add.html
INFO: [ app_begin ] --START--
INFO: Run Behavior\ReadHtmlCacheBehavior [ RunTime:0.000854s ]
INFO: [ app_begin ] --END-- [ RunTime:0.001561s ]
SQL: SHOW COLUMNS FROM `pm_category` [ RunTime:0.0033s ]
SQL: SELECT * FROM `pm_category` ORDER BY path  [ RunTime:0.0003s ]
SQL: SHOW COLUMNS FROM `pm_brand` [ RunTime:0.0028s ]
SQL: SELECT * FROM `pm_brand`  [ RunTime:0.0001s ]
SQL: SHOW COLUMNS FROM `pm_goods` [ RunTime:0.0034s ]
NOTIC: [8] Undefined index: validate D:\wamp\apache\htdocs\three14\pinmo\ThinkPHP\Library\Think\Model.class.php 第 1185 行.

[ 2016-07-28T11:03:00+08:00 ] 172.16.11.178 /three14/pinmo/admin.php/Admin/Goods/add.html
INFO: [ app_begin ] --START--
INFO: Run Behavior\ReadHtmlCacheBehavior [ RunTime:0.000722s ]
INFO: [ app_begin ] --END-- [ RunTime:0.001190s ]
SQL: SHOW COLUMNS FROM `pm_category` [ RunTime:0.0039s ]
SQL: SELECT * FROM `pm_category` ORDER BY path  [ RunTime:0.0003s ]
SQL: SHOW COLUMNS FROM `pm_brand` [ RunTime:0.0031s ]
SQL: SELECT * FROM `pm_brand`  [ RunTime:0.0001s ]
SQL: SHOW COLUMNS FROM `pm_goods` [ RunTime:0.0037s ]
NOTIC: [8] Undefined index: validate D:\wamp\apache\htdocs\three14\pinmo\ThinkPHP\Library\Think\Model.class.php 第 1185 行.

[ 2016-07-28T11:05:08+08:00 ] 172.16.11.178 /three14/pinmo/admin.php/Admin/Goods/add.html
INFO: [ app_begin ] --START--
INFO: Run Behavior\ReadHtmlCacheBehavior [ RunTime:0.000639s ]
INFO: [ app_begin ] --END-- [ RunTime:0.000966s ]
SQL: SHOW COLUMNS FROM `pm_category` [ RunTime:0.0031s ]
SQL: SELECT * FROM `pm_category` ORDER BY path  [ RunTime:0.0003s ]
SQL: SHOW COLUMNS FROM `pm_brand` [ RunTime:0.0035s ]
SQL: SELECT * FROM `pm_brand`  [ RunTime:0.0002s ]
SQL: SHOW COLUMNS FROM `pm_goods` [ RunTime:0.0037s ]
NOTIC: [8] Undefined index: validate D:\wamp\apache\htdocs\three14\pinmo\ThinkPHP\Library\Think\Model.class.php 第 1185 行.

[ 2016-07-28T11:13:04+08:00 ] 172.16.11.178 /three14/pinmo/admin.php/Admin/Goods/edit.html
INFO: [ app_begin ] --START--
INFO: Run Behavior\ReadHtmlCacheBehavior [ RunTime:0.000818s ]
INFO: [ app_begin ] --END-- [ RunTime:0.001296s ]
SQL: SHOW COLUMNS FROM `pm_category` [ RunTime:0.0035s ]
SQL: SELECT * FROM `pm_category` ORDER BY path  [ RunTime:0.0003s ]
SQL: SHOW COLUMNS FROM `pm_brand` [ RunTime:0.0033s ]
SQL: SELECT * FROM `pm_brand`  [ RunTime:0.0003s ]
SQL: SHOW COLUMNS FROM `pm_goods` [ RunTime:0.0034s ]
NOTIC: [8] Undefined index: validate D:\wamp\apache\htdocs\three14\pinmo\ThinkPHP\Library\Think\Model.class.php 第 1185 行.
NOTIC: [8] Undefined variable: a D:\wamp\apache\htdocs\three14\pinmo\pinmo\Admin\Controller\GoodsController.class.php 第 208 行.

[ 2016-07-28T11:13:05+08:00 ] 172.16.11.178 /three14/pinmo/admin.php/Admin/Goods/edit.html
INFO: [ app_begin ] --START--
INFO: Run Behavior\ReadHtmlCacheBehavior [ RunTime:0.000749s ]
INFO: [ app_begin ] --END-- [ RunTime:0.001221s ]
SQL: SHOW COLUMNS FROM `pm_category` [ RunTime:0.0029s ]
SQL: SELECT * FROM `pm_category` ORDER BY path  [ RunTime:0.0003s ]
SQL: SHOW COLUMNS FROM `pm_brand` [ RunTime:0.0043s ]
SQL: SELECT * FROM `pm_brand`  [ RunTime:0.0002s ]
SQL: SHOW COLUMNS FROM `pm_goods` [ RunTime:0.0033s ]
NOTIC: [8] Undefined index: validate D:\wamp\apache\htdocs\three14\pinmo\ThinkPHP\Library\Think\Model.class.php 第 1185 行.
NOTIC: [8] Undefined variable: a D:\wamp\apache\htdocs\three14\pinmo\pinmo\Admin\Controller\GoodsController.class.php 第 208 行.

[ 2016-07-28T11:13:12+08:00 ] 172.16.11.178 /three14/pinmo/admin.php/Admin/Goods/edit.html
INFO: [ app_begin ] --START--
INFO: Run Behavior\ReadHtmlCacheBehavior [ RunTime:0.000815s ]
INFO: [ app_begin ] --END-- [ RunTime:0.001275s ]
SQL: SHOW COLUMNS FROM `pm_category` [ RunTime:0.0030s ]
SQL: SELECT * FROM `pm_category` ORDER BY path  [ RunTime:0.0004s ]
SQL: SHOW COLUMNS FROM `pm_brand` [ RunTime:0.0035s ]
SQL: SELECT * FROM `pm_brand`  [ RunTime:0.0002s ]
SQL: SHOW COLUMNS FROM `pm_goods` [ RunTime:0.0034s ]
NOTIC: [8] Undefined index: validate D:\wamp\apache\htdocs\three14\pinmo\ThinkPHP\Library\Think\Model.class.php 第 1185 行.
NOTIC: [8] Undefined variable: a D:\wamp\apache\htdocs\three14\pinmo\pinmo\Admin\Controller\GoodsController.class.php 第 208 行.

[ 2016-07-28T11:14:53+08:00 ] 172.16.11.178 /three14/pinmo/admin.php/Admin/Goods/edit.html
INFO: [ app_begin ] --START--
INFO: Run Behavior\ReadHtmlCacheBehavior [ RunTime:0.001301s ]
INFO: [ app_begin ] --END-- [ RunTime:0.003267s ]
SQL: SHOW COLUMNS FROM `pm_category` [ RunTime:0.0037s ]
SQL: SELECT * FROM `pm_category` ORDER BY path  [ RunTime:0.0002s ]
SQL: SHOW COLUMNS FROM `pm_brand` [ RunTime:0.0032s ]
SQL: SELECT * FROM `pm_brand`  [ RunTime:0.0002s ]
SQL: SHOW COLUMNS FROM `pm_goods` [ RunTime:0.0035s ]
NOTIC: [8] Undefined index: validate D:\wamp\apache\htdocs\three14\pinmo\ThinkPHP\Library\Think\Model.class.php 第 1185 行.

[ 2016-07-28T11:14:55+08:00 ] 172.16.11.178 /three14/pinmo/admin.php/Admin/Goods/edit.html
INFO: [ app_begin ] --START--
INFO: Run Behavior\ReadHtmlCacheBehavior [ RunTime:0.000695s ]
INFO: [ app_begin ] --END-- [ RunTime:0.001074s ]
SQL: SHOW COLUMNS FROM `pm_category` [ RunTime:0.0031s ]
SQL: SELECT * FROM `pm_category` ORDER BY path  [ RunTime:0.0002s ]
SQL: SHOW COLUMNS FROM `pm_brand` [ RunTime:0.0029s ]
SQL: SELECT * FROM `pm_brand`  [ RunTime:0.0001s ]
SQL: SHOW COLUMNS FROM `pm_goods` [ RunTime:0.0043s ]
NOTIC: [8] Undefined index: validate D:\wamp\apache\htdocs\three14\pinmo\ThinkPHP\Library\Think\Model.class.php 第 1185 行.

[ 2016-07-28T11:15:27+08:00 ] 172.16.11.178 /three14/pinmo/admin.php/Admin/Goods/edit.html
INFO: [ app_begin ] --START--
INFO: Run Behavior\ReadHtmlCacheBehavior [ RunTime:0.000711s ]
INFO: [ app_begin ] --END-- [ RunTime:0.001231s ]
SQL: SHOW COLUMNS FROM `pm_category` [ RunTime:0.0035s ]
SQL: SELECT * FROM `pm_category` ORDER BY path  [ RunTime:0.0003s ]
SQL: SHOW COLUMNS FROM `pm_brand` [ RunTime:0.0030s ]
SQL: SELECT * FROM `pm_brand`  [ RunTime:0.0001s ]
SQL: SHOW COLUMNS FROM `pm_goods` [ RunTime:0.0033s ]
NOTIC: [8] Undefined index: validate D:\wamp\apache\htdocs\three14\pinmo\ThinkPHP\Library\Think\Model.class.php 第 1185 行.

[ 2016-07-28T11:15:28+08:00 ] 172.16.11.178 /three14/pinmo/admin.php/Admin/Goods/edit.html
INFO: [ app_begin ] --START--
INFO: Run Behavior\ReadHtmlCacheBehavior [ RunTime:0.000845s ]
INFO: [ app_begin ] --END-- [ RunTime:0.001305s ]
SQL: SHOW COLUMNS FROM `pm_category` [ RunTime:0.0041s ]
SQL: SELECT * FROM `pm_category` ORDER BY path  [ RunTime:0.0004s ]
SQL: SHOW COLUMNS FROM `pm_brand` [ RunTime:0.0032s ]
SQL: SELECT * FROM `pm_brand`  [ RunTime:0.0001s ]
SQL: SHOW COLUMNS FROM `pm_goods` [ RunTime:0.0034s ]
NOTIC: [8] Undefined index: validate D:\wamp\apache\htdocs\three14\pinmo\ThinkPHP\Library\Think\Model.class.php 第 1185 行.

[ 2016-07-28T11:15:34+08:00 ] 172.16.11.178 /three14/pinmo/admin.php/Admin/Goods/edit.html
INFO: [ app_begin ] --START--
INFO: Run Behavior\ReadHtmlCacheBehavior [ RunTime:0.000621s ]
INFO: [ app_begin ] --END-- [ RunTime:0.000940s ]
SQL: SHOW COLUMNS FROM `pm_category` [ RunTime:0.0037s ]
SQL: SELECT * FROM `pm_category` ORDER BY path  [ RunTime:0.0003s ]
SQL: SHOW COLUMNS FROM `pm_brand` [ RunTime:0.0031s ]
SQL: SELECT * FROM `pm_brand`  [ RunTime:0.0003s ]
SQL: SHOW COLUMNS FROM `pm_goods` [ RunTime:0.0036s ]
NOTIC: [8] Undefined index: validate D:\wamp\apache\htdocs\three14\pinmo\ThinkPHP\Library\Think\Model.class.php 第 1185 行.

[ 2016-07-28T11:32:46+08:00 ] 172.16.11.178 /three14/pinmo/admin.php/Admin/Login/chkVerify.html
INFO: [ app_begin ] --START--
INFO: Run Behavior\ReadHtmlCacheBehavior [ RunTime:0.000700s ]
INFO: [ app_begin ] --END-- [ RunTime:0.001439s ]
INFO: [ app_end ] --START--
INFO: Run Behavior\ShowPageTraceBehavior [ RunTime:0.000997s ]
INFO: [ app_end ] --END-- [ RunTime:0.001156s ]

[ 2016-07-28T11:32:47+08:00 ] 172.16.11.178 /three14/pinmo/admin.php/Admin/Login/index.html
INFO: [ app_begin ] --START--
INFO: Run Behavior\ReadHtmlCacheBehavior [ RunTime:0.000482s ]
INFO: [ app_begin ] --END-- [ RunTime:0.000768s ]
SQL: SHOW COLUMNS FROM `pm_adminuser` [ RunTime:0.0035s ]
SQL: SELECT `id` FROM `pm_adminuser` WHERE `adminname` = 'admin2' AND `password` = 'e10adc3949ba59abbe56e057f20f883e' AND `power` = 1 LIMIT 1   [ RunTime:0.0198s ]
SQL: SHOW COLUMNS FROM `pm_adminuser` [ RunTime:0.0043s ]
SQL: UPDATE `pm_adminuser` SET `creatime`='1469676767',`ip`='172.16.11.178' WHERE ( id=7 ) [ RunTime:0.0012s ]

[ 2016-07-28T12:51:34+08:00 ] 172.16.11.178 /three14/pinmo/admin.php/Admin/Order/gogoods.html
INFO: [ app_begin ] --START--
INFO: Run Behavior\ReadHtmlCacheBehavior [ RunTime:0.000534s ]
INFO: [ app_begin ] --END-- [ RunTime:0.000845s ]
SQL: SHOW COLUMNS FROM `pm_order` [ RunTime:0.0036s ]
SQL: UPDATE `pm_order` SET `status`='3' WHERE `id` = 57 [ RunTime:0.0131s ]

[ 2016-07-28T12:51:39+08:00 ] 172.16.11.178 /three14/pinmo/admin.php/Admin/Order/delorder.html
INFO: [ app_begin ] --START--
INFO: Run Behavior\ReadHtmlCacheBehavior [ RunTime:0.000467s ]
INFO: [ app_begin ] --END-- [ RunTime:0.000743s ]
SQL: SHOW COLUMNS FROM `pm_order` [ RunTime:0.0030s ]
SQL: UPDATE `pm_order` SET `status`='8' WHERE `id` = 57 [ RunTime:0.0194s ]

[ 2016-07-28T14:45:56+08:00 ] 172.16.11.178 /three14/pinmo/admin.php/Admin/Order/order.html
ERR: 1146:Table 'pmshop.pm_useras' doesn't exist
 [ SQL语句 ] : select * from pm_order as o,pm_goods as g,pm_ordergoods as s ,pm_address as r ,pm_useras u where u.id=o.mid and r.id=o.address and g.id=s.goodsid and s.orderid=o.id and  o.id='57'

[ 2016-07-28T15:00:58+08:00 ] 172.16.11.178 /three14/pinmo/admin.php/Admin/Order/gogoods.html
INFO: [ app_begin ] --START--
INFO: Run Behavior\ReadHtmlCacheBehavior [ RunTime:0.000622s ]
INFO: [ app_begin ] --END-- [ RunTime:0.001070s ]
SQL: SHOW COLUMNS FROM `pm_order` [ RunTime:0.0041s ]
SQL: UPDATE `pm_order` SET `status`='3' WHERE `id` = 58 [ RunTime:0.0011s ]

[ 2016-07-28T15:01:51+08:00 ] 172.16.11.178 /three14/pinmo/admin.php/Admin/Order/agree.html
INFO: [ app_begin ] --START--
INFO: Run Behavior\ReadHtmlCacheBehavior [ RunTime:0.000675s ]
INFO: [ app_begin ] --END-- [ RunTime:0.001043s ]
SQL: SHOW COLUMNS FROM `pm_order` [ RunTime:0.0030s ]
SQL: UPDATE `pm_order` SET `status`='7' WHERE `id` = 58 [ RunTime:0.0014s ]

[ 2016-07-28T15:08:17+08:00 ] 172.16.11.178 /three14/pinmo/admin.php/Admin/Login/chkVerify.html
INFO: [ app_begin ] --START--
INFO: Run Behavior\ReadHtmlCacheBehavior [ RunTime:0.001149s ]
INFO: [ app_begin ] --END-- [ RunTime:0.001463s ]
INFO: [ app_end ] --START--
INFO: Run Behavior\ShowPageTraceBehavior [ RunTime:0.000622s ]
INFO: [ app_end ] --END-- [ RunTime:0.000741s ]

[ 2016-07-28T15:08:17+08:00 ] 172.16.11.178 /three14/pinmo/admin.php/Admin/Login/index.html
INFO: [ app_begin ] --START--
INFO: Run Behavior\ReadHtmlCacheBehavior [ RunTime:0.000470s ]
INFO: [ app_begin ] --END-- [ RunTime:0.000747s ]
SQL: SHOW COLUMNS FROM `pm_adminuser` [ RunTime:0.0033s ]
SQL: SELECT `id` FROM `pm_adminuser` WHERE `adminname` = 'admin2' AND `password` = 'e10adc3949ba59abbe56e057f20f883e' AND `power` = 1 LIMIT 1   [ RunTime:0.0004s ]
SQL: SHOW COLUMNS FROM `pm_adminuser` [ RunTime:0.0042s ]
SQL: UPDATE `pm_adminuser` SET `creatime`='1469689697',`ip`='172.16.11.178' WHERE ( id=7 ) [ RunTime:0.0016s ]

[ 2016-07-28T19:56:34+08:00 ] 127.0.0.1 /three17/pinmo/admin.php/Admin/Login/chkVerify.html
INFO: [ app_begin ] --START--
INFO: Run Behavior\ReadHtmlCacheBehavior [ RunTime:0.001000s ]
INFO: [ app_begin ] --END-- [ RunTime:0.001000s ]
INFO: [ app_end ] --START--
INFO: Run Behavior\ShowPageTraceBehavior [ RunTime:0.000000s ]
INFO: [ app_end ] --END-- [ RunTime:0.000000s ]

[ 2016-07-28T19:56:34+08:00 ] 127.0.0.1 /three17/pinmo/admin.php/Admin/Login/index.html
INFO: [ app_begin ] --START--
INFO: Run Behavior\ReadHtmlCacheBehavior [ RunTime:0.001000s ]
INFO: [ app_begin ] --END-- [ RunTime:0.002000s ]
SQL: SHOW COLUMNS FROM `pm_adminuser` [ RunTime:0.0080s ]
SQL: SELECT `id` FROM `pm_adminuser` WHERE `adminname` = 'admin2' AND `password` = 'e10adc3949ba59abbe56e057f20f883e' AND `power` = 1 LIMIT 1   [ RunTime:0.0010s ]
SQL: SHOW COLUMNS FROM `pm_adminuser` [ RunTime:0.0080s ]
SQL: UPDATE `pm_adminuser` SET `creatime`='1469706994',`ip`='127.0.0.1' WHERE ( id=7 ) [ RunTime:0.0030s ]

[ 2016-07-28T20:12:43+08:00 ] 127.0.0.1 /three17/pinmo/admin.php/Admin/Ad/index.css
ERR: 非法操作:index.css

[ 2016-07-28T20:15:49+08:00 ] 127.0.0.1 /three17/pinmo/admin.php/Admin/Ad/index.css
ERR: 非法操作:index.css

[ 2016-07-28T20:15:52+08:00 ] 127.0.0.1 /three17/pinmo/admin.php/Admin/Ad/index.css
ERR: 非法操作:index.css

[ 2016-07-28T20:16:15+08:00 ] 127.0.0.1 /three17/pinmo/admin.php/Admin/Ad/index.css
ERR: 非法操作:index.css

[ 2016-07-28T20:18:20+08:00 ] 127.0.0.1 /three17/pinmo/admin.php/Admin/Ad/index.css
ERR: 非法操作:index.css

[ 2016-07-28T20:18:32+08:00 ] 127.0.0.1 /three17/pinmo/admin.php/Admin/Ad/index.css
ERR: 非法操作:index.css

[ 2016-07-28T20:19:50+08:00 ] 127.0.0.1 /three17/pinmo/admin.php/Admin/Ad/index.css
ERR: 非法操作:index.css

[ 2016-07-28T20:19:51+08:00 ] 127.0.0.1 /three17/pinmo/admin.php/Admin/Ad/index.css
ERR: 非法操作:index.css

[ 2016-07-28T20:20:04+08:00 ] 127.0.0.1 /three17/pinmo/admin.php/Admin/Ad/index.css
ERR: 非法操作:index.css

[ 2016-07-28T20:24:00+08:00 ] 127.0.0.1 /three17/pinmo/admin.php/Admin/Ad/index.css
ERR: 非法操作:index.css

[ 2016-07-28T20:24:01+08:00 ] 127.0.0.1 /three17/pinmo/admin.php/Admin/Ad/index.css
ERR: 非法操作:index.css

