[ 2016-11-23T17:17:49+08:00 ] 172.16.17.223 /ybc/Project_ybc/index.php/Mobile/Order/myAddress
INFO: [ app_init ] --START--
INFO: Run Behavior\BuildLiteBehavior [ RunTime:0.000000s ]
INFO: [ app_init ] --END-- [ RunTime:0.000000s ]
INFO: [ app_begin ] --START--
INFO: Run Behavior\ReadHtmlCacheBehavior [ RunTime:0.001000s ]
INFO: [ app_begin ] --END-- [ RunTime:0.001000s ]
SQL: SHOW COLUMNS FROM `ybc_order` [ RunTime:3.7722s ]
SQL: SHOW COLUMNS FROM `ybc_member_address` [ RunTime:0.0040s ]
SQL: SELECT * FROM `ybc_member_address` WHERE `mid` = 23 AND `def` <> '2' ORDER BY def desc  [ RunTime:0.0010s ]
INFO: [ view_parse ] --START--
INFO: [ template_filter ] --START--
INFO: Run Behavior\ContentReplaceBehavior [ RunTime:0.000000s ]
INFO: [ template_filter ] --END-- [ RunTime:0.001000s ]
INFO: Run Behavior\ParseTemplateBehavior [ RunTime:0.023001s ]
INFO: [ view_parse ] --END-- [ RunTime:0.024002s ]
INFO: [ view_filter ] --START--
INFO: Run Behavior\WriteHtmlCacheBehavior [ RunTime:0.001000s ]
INFO: [ view_filter ] --END-- [ RunTime:0.001000s ]
INFO: [ app_end ] --START--
INFO: Run Behavior\ShowPageTraceBehavior [ RunTime:0.002000s ]
INFO: [ app_end ] --END-- [ RunTime:0.002000s ]

[ 2016-11-23T17:17:54+08:00 ] 172.16.17.223 /ybc/Project_ybc/index.php/Mobile/UserCenter/userCenter.html
INFO: [ app_init ] --START--
INFO: Run Behavior\BuildLiteBehavior [ RunTime:0.000000s ]
INFO: [ app_init ] --END-- [ RunTime:0.001000s ]
INFO: [ app_begin ] --START--
INFO: Run Behavior\ReadHtmlCacheBehavior [ RunTime:0.000000s ]
INFO: [ app_begin ] --END-- [ RunTime:0.000000s ]
SQL: SHOW COLUMNS FROM `ybc_member` [ RunTime:0.0430s ]
SQL: SELECT `password` FROM `ybc_member` WHERE `id` = 23 LIMIT 1   [ RunTime:0.0010s ]
SQL: SHOW COLUMNS FROM `ybc_goods` [ RunTime:0.0090s ]
SQL: SELECT `id` FROM `ybc_goods` ORDER BY addtime desc LIMIT 0,30   [ RunTime:0.0010s ]
SQL: SELECT * FROM `ybc_goods` WHERE `id` IN ('48','39','44','108','102','151','150','149','148','147')  [ RunTime:0.0010s ]
SQL: SHOW COLUMNS FROM `ybc_member` [ RunTime:0.1320s ]
SQL: SELECT * FROM `ybc_member` WHERE `id` = 23  [ RunTime:0.0010s ]
SQL: SHOW COLUMNS FROM `ybc_history` [ RunTime:0.0080s ]
SQL: SELECT COUNT(*) AS tp_count FROM ybc_history h INNER JOIN ybc_goods g ON h.gid = g.id  WHERE `mid` = '23' AND h.active = 1 LIMIT 1   [ RunTime:0.0010s ]
SQL: SELECT g.goodsname AS `goodsname`,g.pic AS `pic`,h.buynum AS `buynum`,g.id AS `gid` FROM ybc_history h INNER JOIN ybc_goods g ON h.gid = g.id  WHERE `mid` = '23' AND h.active = 1 LIMIT 0,2   [ RunTime:0.0010s ]
SQL: SHOW COLUMNS FROM `ybc_goods_collect` [ RunTime:0.0050s ]
SQL: SELECT `gid`,`goodsname`,`pic`,`price` FROM ybc_goods_collect c INNER JOIN ybc_goods g ON c.gid = g.id  WHERE `mid` = '23' ORDER BY c.addtime desc  [ RunTime:0.0010s ]
SQL: SHOW COLUMNS FROM `ybc_order` [ RunTime:0.1300s ]
SQL: SELECT COUNT(*) AS tp_count FROM `ybc_order` WHERE `mid` = 23 LIMIT 1   [ RunTime:0.0040s ]
SQL: SELECT COUNT(*) AS tp_count FROM `ybc_order` WHERE `mid` = '23' AND `orderstatus` >= 4 LIMIT 1   [ RunTime:0.0010s ]
INFO: [ view_parse ] --START--
INFO: [ template_filter ] --START--
INFO: Run Behavior\ContentReplaceBehavior [ RunTime:0.000000s ]
INFO: [ template_filter ] --END-- [ RunTime:0.001000s ]
INFO: Run Behavior\ParseTemplateBehavior [ RunTime:0.029002s ]
INFO: [ view_parse ] --END-- [ RunTime:0.029002s ]
INFO: [ view_filter ] --START--
INFO: Run Behavior\WriteHtmlCacheBehavior [ RunTime:0.001000s ]
INFO: [ view_filter ] --END-- [ RunTime:0.001000s ]
INFO: [ app_end ] --START--
INFO: Run Behavior\ShowPageTraceBehavior [ RunTime:0.003000s ]
INFO: [ app_end ] --END-- [ RunTime:0.003000s ]

[ 2016-11-23T17:18:03+08:00 ] 172.16.17.223 /ybc/Project_ybc/index.php/Mobile/Order/index.html?status=4
INFO: [ app_init ] --START--
INFO: Run Behavior\BuildLiteBehavior [ RunTime:0.000000s ]
INFO: [ app_init ] --END-- [ RunTime:0.000000s ]
INFO: [ app_begin ] --START--
INFO: Run Behavior\ReadHtmlCacheBehavior [ RunTime:0.000000s ]
INFO: [ app_begin ] --END-- [ RunTime:0.000000s ]
NOTIC: [8] Undefined index: keywords D:\php_workspace\www\ybc\Project_ybc\ybc\Mobile\Controller\OrderController.class.php 第 11 行.
SQL: SHOW COLUMNS FROM `ybc_order` [ RunTime:1.0241s ]
SQL: SELECT o.id AS `id`,o.mid,o.ordersyn,o.orderstatus,o.addtime,`address_id`,`paymethod`,`message`,`status`,`mnext` FROM ybc_order o INNER JOIN ybc_order_status s on o.orderstatus=s.id  WHERE `orderstatus` = '4' AND `mid` = '23' ORDER BY addtime desc LIMIT 0,5   [ RunTime:0.0020s ]
SQL: SHOW COLUMNS FROM `ybc_history` [ RunTime:2.9802s ]
SQL: SELECT `id`,`goodsname`,`price`,`buynum`,`pic`,`gid`,`sfpj` FROM `ybc_history` WHERE `oid` = 162  [ RunTime:0.0010s ]
SQL: SELECT `id`,`goodsname`,`price`,`buynum`,`pic`,`gid`,`sfpj` FROM `ybc_history` WHERE `oid` = 161  [ RunTime:0.0020s ]
SQL: SELECT `id`,`goodsname`,`price`,`buynum`,`pic`,`gid`,`sfpj` FROM `ybc_history` WHERE `oid` = 160  [ RunTime:0.0010s ]
SQL: SELECT `id`,`goodsname`,`price`,`buynum`,`pic`,`gid`,`sfpj` FROM `ybc_history` WHERE `oid` = 124  [ RunTime:0.0010s ]
INFO: [ view_parse ] --START--
INFO: [ template_filter ] --START--
INFO: Run Behavior\ContentReplaceBehavior [ RunTime:0.000000s ]
INFO: [ template_filter ] --END-- [ RunTime:0.000000s ]
NOTIC: [8] Undefined variable: keywords D:\php_workspace\www\ybc\Project_ybc\ybc\Runtime\Cache\Mobile\7c8fdb6492c1928d0d16568a4265abf2.php 第 45 行.
NOTIC: [8] Undefined variable: keywords D:\php_workspace\www\ybc\Project_ybc\ybc\Runtime\Cache\Mobile\7c8fdb6492c1928d0d16568a4265abf2.php 第 91 行.
NOTIC: [8] Undefined variable: keywords D:\php_workspace\www\ybc\Project_ybc\ybc\Runtime\Cache\Mobile\7c8fdb6492c1928d0d16568a4265abf2.php 第 97 行.
NOTIC: [8] Undefined variable: keywords D:\php_workspace\www\ybc\Project_ybc\ybc\Runtime\Cache\Mobile\7c8fdb6492c1928d0d16568a4265abf2.php 第 97 行.
NOTIC: [8] Undefined variable: keywords D:\php_workspace\www\ybc\Project_ybc\ybc\Runtime\Cache\Mobile\7c8fdb6492c1928d0d16568a4265abf2.php 第 98 行.
NOTIC: [8] Undefined variable: keywords D:\php_workspace\www\ybc\Project_ybc\ybc\Runtime\Cache\Mobile\7c8fdb6492c1928d0d16568a4265abf2.php 第 98 行.
NOTIC: [8] Undefined variable: keywords D:\php_workspace\www\ybc\Project_ybc\ybc\Runtime\Cache\Mobile\7c8fdb6492c1928d0d16568a4265abf2.php 第 99 行.
NOTIC: [8] Undefined variable: keywords D:\php_workspace\www\ybc\Project_ybc\ybc\Runtime\Cache\Mobile\7c8fdb6492c1928d0d16568a4265abf2.php 第 99 行.
NOTIC: [8] Undefined variable: keywords D:\php_workspace\www\ybc\Project_ybc\ybc\Runtime\Cache\Mobile\7c8fdb6492c1928d0d16568a4265abf2.php 第 100 行.
NOTIC: [8] Undefined variable: keywords D:\php_workspace\www\ybc\Project_ybc\ybc\Runtime\Cache\Mobile\7c8fdb6492c1928d0d16568a4265abf2.php 第 100 行.
NOTIC: [8] Undefined variable: keywords D:\php_workspace\www\ybc\Project_ybc\ybc\Runtime\Cache\Mobile\7c8fdb6492c1928d0d16568a4265abf2.php 第 101 行.
NOTIC: [8] Undefined variable: keywords D:\php_workspace\www\ybc\Project_ybc\ybc\Runtime\Cache\Mobile\7c8fdb6492c1928d0d16568a4265abf2.php 第 101 行.
INFO: Run Behavior\ParseTemplateBehavior [ RunTime:0.035002s ]
INFO: [ view_parse ] --END-- [ RunTime:0.035002s ]
INFO: [ view_filter ] --START--
INFO: Run Behavior\WriteHtmlCacheBehavior [ RunTime:0.001000s ]
INFO: [ view_filter ] --END-- [ RunTime:0.001000s ]
INFO: [ app_end ] --START--
INFO: Run Behavior\ShowPageTraceBehavior [ RunTime:0.002000s ]
INFO: [ app_end ] --END-- [ RunTime:0.002000s ]

[ 2016-11-23T17:18:05+08:00 ] 172.16.17.223 /ybc/Project_ybc/index.php/Mobile/Order/orderDetail.html?id=162
INFO: [ app_init ] --START--
INFO: Run Behavior\BuildLiteBehavior [ RunTime:0.000000s ]
INFO: [ app_init ] --END-- [ RunTime:0.000000s ]
INFO: [ app_begin ] --START--
INFO: Run Behavior\ReadHtmlCacheBehavior [ RunTime:0.001000s ]
INFO: [ app_begin ] --END-- [ RunTime:0.001000s ]
SQL: SHOW COLUMNS FROM `ybc_order` [ RunTime:0.0080s ]
SQL: SELECT o.id AS `id`,o.mid,o.ordersyn,o.orderprice,o.postage,o.points,o.orderstatus,o.addtime,`address_id`,`paymethod`,`message`,`status`,`mnext`,a.name,a.phone,a.province,a.city,a.town,a.address FROM ybc_order o INNER JOIN ybc_order_status s on o.orderstatus=s.id INNER JOIN ybc_member_address a on o.address_id=a.id  WHERE o.id = '162' LIMIT 1   [ RunTime:0.0010s ]
SQL: SHOW COLUMNS FROM `ybc_history` [ RunTime:0.1430s ]
SQL: SELECT `id`,`goodsname`,`price`,`buynum`,`pic`,`gid`,`sfpj` FROM `ybc_history` WHERE `oid` = 162  [ RunTime:0.0020s ]
INFO: [ view_parse ] --START--
INFO: [ template_filter ] --START--
INFO: Run Behavior\ContentReplaceBehavior [ RunTime:0.000000s ]
INFO: [ template_filter ] --END-- [ RunTime:0.000000s ]
INFO: Run Behavior\ParseTemplateBehavior [ RunTime:0.012001s ]
INFO: [ view_parse ] --END-- [ RunTime:0.012001s ]
INFO: [ view_filter ] --START--
INFO: Run Behavior\WriteHtmlCacheBehavior [ RunTime:0.001000s ]
INFO: [ view_filter ] --END-- [ RunTime:0.001000s ]
INFO: [ app_end ] --START--
INFO: Run Behavior\ShowPageTraceBehavior [ RunTime:0.001000s ]
INFO: [ app_end ] --END-- [ RunTime:0.001000s ]

[ 2016-11-23T17:18:08+08:00 ] 172.16.17.223 /ybc/Project_ybc/index.php/Mobile/Order/comment.html?hid=136&gid=142
INFO: [ app_init ] --START--
INFO: Run Behavior\BuildLiteBehavior [ RunTime:0.000000s ]
INFO: [ app_init ] --END-- [ RunTime:0.000000s ]
INFO: [ app_begin ] --START--
INFO: Run Behavior\ReadHtmlCacheBehavior [ RunTime:0.001000s ]
INFO: [ app_begin ] --END-- [ RunTime:0.001000s ]
SQL: SHOW COLUMNS FROM `ybc_history` [ RunTime:0.0090s ]
SQL: SELECT `pic` FROM `ybc_history` WHERE `id` = 136 LIMIT 1   [ RunTime:0.0050s ]
SQL: SELECT `goodsname` FROM `ybc_history` WHERE `id` = 136 LIMIT 1   [ RunTime:0.0010s ]
INFO: [ view_parse ] --START--
INFO: [ template_filter ] --START--
INFO: Run Behavior\ContentReplaceBehavior [ RunTime:0.001000s ]
INFO: [ template_filter ] --END-- [ RunTime:0.001000s ]
INFO: Run Behavior\ParseTemplateBehavior [ RunTime:0.007001s ]
INFO: [ view_parse ] --END-- [ RunTime:0.007001s ]
INFO: [ view_filter ] --START--
INFO: Run Behavior\WriteHtmlCacheBehavior [ RunTime:0.000000s ]
INFO: [ view_filter ] --END-- [ RunTime:0.000000s ]
INFO: [ app_end ] --START--
INFO: Run Behavior\ShowPageTraceBehavior [ RunTime:0.001000s ]
INFO: [ app_end ] --END-- [ RunTime:0.001000s ]

[ 2016-11-23T17:18:29+08:00 ] 172.16.17.223 /ybc/Project_ybc/index.php/Mobile/UserCenter/userCenter.html
INFO: [ app_init ] --START--
INFO: Run Behavior\BuildLiteBehavior [ RunTime:0.000000s ]
INFO: [ app_init ] --END-- [ RunTime:0.000000s ]
INFO: [ app_begin ] --START--
INFO: Run Behavior\ReadHtmlCacheBehavior [ RunTime:0.001000s ]
INFO: [ app_begin ] --END-- [ RunTime:0.001000s ]
SQL: SHOW COLUMNS FROM `ybc_member` [ RunTime:6.8694s ]
SQL: SELECT `password` FROM `ybc_member` WHERE `id` = 23 LIMIT 1   [ RunTime:0.0000s ]
SQL: SHOW COLUMNS FROM `ybc_goods` [ RunTime:0.0120s ]
SQL: SELECT `id` FROM `ybc_goods` ORDER BY addtime desc LIMIT 0,30   [ RunTime:0.0010s ]
SQL: SELECT * FROM `ybc_goods` WHERE `id` IN ('48','39','44','108','102','151','150','149','148','147')  [ RunTime:0.0050s ]
SQL: SHOW COLUMNS FROM `ybc_member` [ RunTime:0.0070s ]
SQL: SELECT * FROM `ybc_member` WHERE `id` = 23  [ RunTime:0.0010s ]
SQL: SHOW COLUMNS FROM `ybc_history` [ RunTime:0.0060s ]
SQL: SELECT COUNT(*) AS tp_count FROM ybc_history h INNER JOIN ybc_goods g ON h.gid = g.id  WHERE `mid` = '23' AND h.active = 1 LIMIT 1   [ RunTime:0.0010s ]
SQL: SELECT g.goodsname AS `goodsname`,g.pic AS `pic`,h.buynum AS `buynum`,g.id AS `gid` FROM ybc_history h INNER JOIN ybc_goods g ON h.gid = g.id  WHERE `mid` = '23' AND h.active = 1 LIMIT 0,2   [ RunTime:0.0010s ]
SQL: SHOW COLUMNS FROM `ybc_goods_collect` [ RunTime:0.0620s ]
SQL: SELECT `gid`,`goodsname`,`pic`,`price` FROM ybc_goods_collect c INNER JOIN ybc_goods g ON c.gid = g.id  WHERE `mid` = '23' ORDER BY c.addtime desc  [ RunTime:0.0020s ]
SQL: SHOW COLUMNS FROM `ybc_order` [ RunTime:0.0050s ]
SQL: SELECT COUNT(*) AS tp_count FROM `ybc_order` WHERE `mid` = 23 LIMIT 1   [ RunTime:0.0020s ]
SQL: SELECT COUNT(*) AS tp_count FROM `ybc_order` WHERE `mid` = '23' AND `orderstatus` >= 4 LIMIT 1   [ RunTime:0.0020s ]
INFO: [ view_parse ] --START--
INFO: [ template_filter ] --START--
INFO: Run Behavior\ContentReplaceBehavior [ RunTime:0.000000s ]
INFO: [ template_filter ] --END-- [ RunTime:0.000000s ]
INFO: Run Behavior\ParseTemplateBehavior [ RunTime:0.027002s ]
INFO: [ view_parse ] --END-- [ RunTime:0.028002s ]
INFO: [ view_filter ] --START--
INFO: Run Behavior\WriteHtmlCacheBehavior [ RunTime:0.002000s ]
INFO: [ view_filter ] --END-- [ RunTime:0.002000s ]
INFO: [ app_end ] --START--
INFO: Run Behavior\ShowPageTraceBehavior [ RunTime:0.002000s ]
INFO: [ app_end ] --END-- [ RunTime:0.002000s ]

[ 2016-11-23T17:18:29+08:00 ] 172.16.17.223 /ybc/Project_ybc/index.php/Mobile/Order/index.html?status=1
INFO: [ app_init ] --START--
INFO: Run Behavior\BuildLiteBehavior [ RunTime:0.000000s ]
INFO: [ app_init ] --END-- [ RunTime:0.000000s ]
INFO: [ app_begin ] --START--
INFO: Run Behavior\ReadHtmlCacheBehavior [ RunTime:0.001000s ]
INFO: [ app_begin ] --END-- [ RunTime:0.001000s ]
NOTIC: [8] Undefined index: keywords D:\php_workspace\www\ybc\Project_ybc\ybc\Mobile\Controller\OrderController.class.php 第 11 行.
SQL: SHOW COLUMNS FROM `ybc_order` [ RunTime:0.0050s ]
SQL: SELECT o.id AS `id`,o.mid,o.ordersyn,o.orderstatus,o.addtime,`address_id`,`paymethod`,`message`,`status`,`mnext` FROM ybc_order o INNER JOIN ybc_order_status s on o.orderstatus=s.id  WHERE `orderstatus` = '1' AND `mid` = '23' ORDER BY addtime desc LIMIT 0,5   [ RunTime:0.0020s ]
SQL: SHOW COLUMNS FROM `ybc_order_goods` [ RunTime:0.0050s ]
SQL: SELECT g.goodsname,g.price,og.buynum,g.pic,og.gid FROM ybc_order_goods og INNER JOIN ybc_goods g on og.gid=g.id  WHERE `oid` = '163'  [ RunTime:0.0010s ]
SQL: SELECT g.goodsname,g.price,og.buynum,g.pic,og.gid FROM ybc_order_goods og INNER JOIN ybc_goods g on og.gid=g.id  WHERE `oid` = '132'  [ RunTime:0.0010s ]
SQL: SELECT g.goodsname,g.price,og.buynum,g.pic,og.gid FROM ybc_order_goods og INNER JOIN ybc_goods g on og.gid=g.id  WHERE `oid` = '131'  [ RunTime:0.0000s ]
INFO: [ view_parse ] --START--
INFO: [ template_filter ] --START--
INFO: Run Behavior\ContentReplaceBehavior [ RunTime:0.000000s ]
INFO: [ template_filter ] --END-- [ RunTime:0.000000s ]
NOTIC: [8] Undefined variable: keywords D:\php_workspace\www\ybc\Project_ybc\ybc\Runtime\Cache\Mobile\7c8fdb6492c1928d0d16568a4265abf2.php 第 45 行.
NOTIC: [8] Undefined variable: keywords D:\php_workspace\www\ybc\Project_ybc\ybc\Runtime\Cache\Mobile\7c8fdb6492c1928d0d16568a4265abf2.php 第 91 行.
NOTIC: [8] Undefined variable: keywords D:\php_workspace\www\ybc\Project_ybc\ybc\Runtime\Cache\Mobile\7c8fdb6492c1928d0d16568a4265abf2.php 第 97 行.
NOTIC: [8] Undefined variable: keywords D:\php_workspace\www\ybc\Project_ybc\ybc\Runtime\Cache\Mobile\7c8fdb6492c1928d0d16568a4265abf2.php 第 97 行.
NOTIC: [8] Undefined variable: keywords D:\php_workspace\www\ybc\Project_ybc\ybc\Runtime\Cache\Mobile\7c8fdb6492c1928d0d16568a4265abf2.php 第 98 行.
NOTIC: [8] Undefined variable: keywords D:\php_workspace\www\ybc\Project_ybc\ybc\Runtime\Cache\Mobile\7c8fdb6492c1928d0d16568a4265abf2.php 第 98 行.
NOTIC: [8] Undefined variable: keywords D:\php_workspace\www\ybc\Project_ybc\ybc\Runtime\Cache\Mobile\7c8fdb6492c1928d0d16568a4265abf2.php 第 99 行.
NOTIC: [8] Undefined variable: keywords D:\php_workspace\www\ybc\Project_ybc\ybc\Runtime\Cache\Mobile\7c8fdb6492c1928d0d16568a4265abf2.php 第 99 行.
NOTIC: [8] Undefined variable: keywords D:\php_workspace\www\ybc\Project_ybc\ybc\Runtime\Cache\Mobile\7c8fdb6492c1928d0d16568a4265abf2.php 第 100 行.
NOTIC: [8] Undefined variable: keywords D:\php_workspace\www\ybc\Project_ybc\ybc\Runtime\Cache\Mobile\7c8fdb6492c1928d0d16568a4265abf2.php 第 100 行.
NOTIC: [8] Undefined variable: keywords D:\php_workspace\www\ybc\Project_ybc\ybc\Runtime\Cache\Mobile\7c8fdb6492c1928d0d16568a4265abf2.php 第 101 行.
NOTIC: [8] Undefined variable: keywords D:\php_workspace\www\ybc\Project_ybc\ybc\Runtime\Cache\Mobile\7c8fdb6492c1928d0d16568a4265abf2.php 第 101 行.
INFO: Run Behavior\ParseTemplateBehavior [ RunTime:0.014001s ]
INFO: [ view_parse ] --END-- [ RunTime:0.014001s ]
INFO: [ view_filter ] --START--
INFO: Run Behavior\WriteHtmlCacheBehavior [ RunTime:0.000000s ]
INFO: [ view_filter ] --END-- [ RunTime:0.000000s ]
INFO: [ app_end ] --START--
INFO: Run Behavior\ShowPageTraceBehavior [ RunTime:0.001000s ]
INFO: [ app_end ] --END-- [ RunTime:0.001000s ]

[ 2016-11-23T17:27:42+08:00 ] 172.16.17.223 /ybc/Project_ybc/index.php/Mobile/Order/orderDetail.html?id=163
INFO: [ app_init ] --START--
INFO: Run Behavior\BuildLiteBehavior [ RunTime:0.000000s ]
INFO: [ app_init ] --END-- [ RunTime:0.000000s ]
INFO: [ app_begin ] --START--
INFO: Run Behavior\ReadHtmlCacheBehavior [ RunTime:0.001000s ]
INFO: [ app_begin ] --END-- [ RunTime:0.001000s ]
SQL: SHOW COLUMNS FROM `ybc_order` [ RunTime:0.1270s ]
SQL: SELECT o.id AS `id`,o.mid,o.ordersyn,o.orderprice,o.postage,o.points,o.orderstatus,o.addtime,`address_id`,`paymethod`,`message`,`status`,`mnext`,a.name,a.phone,a.province,a.city,a.town,a.address FROM ybc_order o INNER JOIN ybc_order_status s on o.orderstatus=s.id INNER JOIN ybc_member_address a on o.address_id=a.id  WHERE o.id = '163' LIMIT 1   [ RunTime:0.0050s ]
SQL: SELECT o.id AS `id`,o.mid,o.ordersyn,o.orderprice,o.postage,o.points,o.orderstatus,o.addtime,`address_id`,`paymethod`,`message`,`status`,`mnext` FROM ybc_order o INNER JOIN ybc_order_status s on o.orderstatus=s.id  WHERE o.id = '163' LIMIT 1   [ RunTime:0.0000s ]
SQL: SHOW COLUMNS FROM `ybc_member_address` [ RunTime:0.0650s ]
SQL: SELECT * FROM `ybc_member_address` WHERE `mid` = 23 AND `def` = '1' LIMIT 1   [ RunTime:0.0010s ]
NOTIC: [8] Undefined index: province D:\php_workspace\www\ybc\Project_ybc\ybc\Mobile\Controller\OrderController.class.php 第 77 行.
NOTIC: [8] Undefined index: city D:\php_workspace\www\ybc\Project_ybc\ybc\Mobile\Controller\OrderController.class.php 第 77 行.
NOTIC: [8] Undefined index: town D:\php_workspace\www\ybc\Project_ybc\ybc\Mobile\Controller\OrderController.class.php 第 77 行.
SQL: SHOW COLUMNS FROM `ybc_order_goods` [ RunTime:0.0700s ]
SQL: SELECT g.goodsname,g.price,og.buynum,g.pic,og.gid FROM ybc_order_goods og INNER JOIN ybc_goods g on og.gid=g.id  WHERE `oid` = '163'  [ RunTime:0.0020s ]
INFO: [ view_parse ] --START--
INFO: [ template_filter ] --START--
INFO: Run Behavior\ContentReplaceBehavior [ RunTime:0.000000s ]
INFO: [ template_filter ] --END-- [ RunTime:0.001000s ]
INFO: Run Behavior\ParseTemplateBehavior [ RunTime:0.029002s ]
INFO: [ view_parse ] --END-- [ RunTime:0.029002s ]
INFO: [ view_filter ] --START--
INFO: Run Behavior\WriteHtmlCacheBehavior [ RunTime:0.002000s ]
INFO: [ view_filter ] --END-- [ RunTime:0.002000s ]
INFO: [ app_end ] --START--
INFO: Run Behavior\ShowPageTraceBehavior [ RunTime:0.002000s ]
INFO: [ app_end ] --END-- [ RunTime:0.002000s ]

[ 2016-11-23T17:27:51+08:00 ] 172.16.17.223 /ybc/Project_ybc/index.php/Mobile/Order/index.html
INFO: [ app_init ] --START--
INFO: Run Behavior\BuildLiteBehavior [ RunTime:0.000000s ]
INFO: [ app_init ] --END-- [ RunTime:0.001000s ]
INFO: [ app_begin ] --START--
INFO: Run Behavior\ReadHtmlCacheBehavior [ RunTime:0.000000s ]
INFO: [ app_begin ] --END-- [ RunTime:0.000000s ]
NOTIC: [8] Undefined index: status D:\php_workspace\www\ybc\Project_ybc\ybc\Mobile\Controller\OrderController.class.php 第 7 行.
NOTIC: [8] Undefined index: keywords D:\php_workspace\www\ybc\Project_ybc\ybc\Mobile\Controller\OrderController.class.php 第 11 行.
SQL: SHOW COLUMNS FROM `ybc_order` [ RunTime:0.0080s ]
SQL: SELECT o.id AS `id`,o.mid,o.ordersyn,o.orderstatus,o.addtime,`address_id`,`paymethod`,`message`,`status`,`mnext` FROM ybc_order o INNER JOIN ybc_order_status s on o.orderstatus=s.id  WHERE `mid` = '23' ORDER BY addtime desc LIMIT 0,5   [ RunTime:0.0020s ]
SQL: SHOW COLUMNS FROM `ybc_order_goods` [ RunTime:0.0200s ]
SQL: SELECT g.goodsname,g.price,og.buynum,g.pic,og.gid FROM ybc_order_goods og INNER JOIN ybc_goods g on og.gid=g.id  WHERE `oid` = '163'  [ RunTime:0.0010s ]
SQL: SHOW COLUMNS FROM `ybc_history` [ RunTime:0.0280s ]
SQL: SELECT `id`,`goodsname`,`price`,`buynum`,`pic`,`gid`,`sfpj` FROM `ybc_history` WHERE `oid` = 162  [ RunTime:0.0020s ]
SQL: SELECT `id`,`goodsname`,`price`,`buynum`,`pic`,`gid`,`sfpj` FROM `ybc_history` WHERE `oid` = 161  [ RunTime:0.0010s ]
SQL: SELECT `id`,`goodsname`,`price`,`buynum`,`pic`,`gid`,`sfpj` FROM `ybc_history` WHERE `oid` = 160  [ RunTime:0.0000s ]
SQL: SELECT `id`,`goodsname`,`price`,`buynum`,`pic`,`gid`,`sfpj` FROM `ybc_history` WHERE `oid` = 135  [ RunTime:0.0010s ]
INFO: [ view_parse ] --START--
INFO: [ template_filter ] --START--
INFO: Run Behavior\ContentReplaceBehavior [ RunTime:0.000000s ]
INFO: [ template_filter ] --END-- [ RunTime:0.000000s ]
NOTIC: [8] Undefined variable: status D:\php_workspace\www\ybc\Project_ybc\ybc\Runtime\Cache\Mobile\7c8fdb6492c1928d0d16568a4265abf2.php 第 45 行.
NOTIC: [8] Undefined variable: keywords D:\php_workspace\www\ybc\Project_ybc\ybc\Runtime\Cache\Mobile\7c8fdb6492c1928d0d16568a4265abf2.php 第 45 行.
NOTIC: [8] Undefined variable: status D:\php_workspace\www\ybc\Project_ybc\ybc\Runtime\Cache\Mobile\7c8fdb6492c1928d0d16568a4265abf2.php 第 81 行.
NOTIC: [8] Undefined variable: status D:\php_workspace\www\ybc\Project_ybc\ybc\Runtime\Cache\Mobile\7c8fdb6492c1928d0d16568a4265abf2.php 第 81 行.
NOTIC: [8] Undefined variable: keywords D:\php_workspace\www\ybc\Project_ybc\ybc\Runtime\Cache\Mobile\7c8fdb6492c1928d0d16568a4265abf2.php 第 91 行.
NOTIC: [8] Undefined variable: status D:\php_workspace\www\ybc\Project_ybc\ybc\Runtime\Cache\Mobile\7c8fdb6492c1928d0d16568a4265abf2.php 第 97 行.
NOTIC: [8] Undefined variable: keywords D:\php_workspace\www\ybc\Project_ybc\ybc\Runtime\Cache\Mobile\7c8fdb6492c1928d0d16568a4265abf2.php 第 97 行.
NOTIC: [8] Undefined variable: keywords D:\php_workspace\www\ybc\Project_ybc\ybc\Runtime\Cache\Mobile\7c8fdb6492c1928d0d16568a4265abf2.php 第 97 行.
NOTIC: [8] Undefined variable: status D:\php_workspace\www\ybc\Project_ybc\ybc\Runtime\Cache\Mobile\7c8fdb6492c1928d0d16568a4265abf2.php 第 98 行.
NOTIC: [8] Undefined variable: keywords D:\php_workspace\www\ybc\Project_ybc\ybc\Runtime\Cache\Mobile\7c8fdb6492c1928d0d16568a4265abf2.php 第 98 行.
NOTIC: [8] Undefined variable: keywords D:\php_workspace\www\ybc\Project_ybc\ybc\Runtime\Cache\Mobile\7c8fdb6492c1928d0d16568a4265abf2.php 第 98 行.
NOTIC: [8] Undefined variable: status D:\php_workspace\www\ybc\Project_ybc\ybc\Runtime\Cache\Mobile\7c8fdb6492c1928d0d16568a4265abf2.php 第 99 行.
NOTIC: [8] Undefined variable: keywords D:\php_workspace\www\ybc\Project_ybc\ybc\Runtime\Cache\Mobile\7c8fdb6492c1928d0d16568a4265abf2.php 第 99 行.
NOTIC: [8] Undefined variable: keywords D:\php_workspace\www\ybc\Project_ybc\ybc\Runtime\Cache\Mobile\7c8fdb6492c1928d0d16568a4265abf2.php 第 99 行.
NOTIC: [8] Undefined variable: status D:\php_workspace\www\ybc\Project_ybc\ybc\Runtime\Cache\Mobile\7c8fdb6492c1928d0d16568a4265abf2.php 第 100 行.
NOTIC: [8] Undefined variable: keywords D:\php_workspace\www\ybc\Project_ybc\ybc\Runtime\Cache\Mobile\7c8fdb6492c1928d0d16568a4265abf2.php 第 100 行.
NOTIC: [8] Undefined variable: keywords D:\php_workspace\www\ybc\Project_ybc\ybc\Runtime\Cache\Mobile\7c8fdb6492c1928d0d16568a4265abf2.php 第 100 行.
NOTIC: [8] Undefined variable: status D:\php_workspace\www\ybc\Project_ybc\ybc\Runtime\Cache\Mobile\7c8fdb6492c1928d0d16568a4265abf2.php 第 101 行.
NOTIC: [8] Undefined variable: keywords D:\php_workspace\www\ybc\Project_ybc\ybc\Runtime\Cache\Mobile\7c8fdb6492c1928d0d16568a4265abf2.php 第 101 行.
NOTIC: [8] Undefined variable: keywords D:\php_workspace\www\ybc\Project_ybc\ybc\Runtime\Cache\Mobile\7c8fdb6492c1928d0d16568a4265abf2.php 第 101 行.
INFO: Run Behavior\ParseTemplateBehavior [ RunTime:0.028002s ]
INFO: [ view_parse ] --END-- [ RunTime:0.028002s ]
INFO: [ view_filter ] --START--
INFO: Run Behavior\WriteHtmlCacheBehavior [ RunTime:0.001000s ]
INFO: [ view_filter ] --END-- [ RunTime:0.001000s ]
INFO: [ app_end ] --START--
INFO: Run Behavior\ShowPageTraceBehavior [ RunTime:0.002000s ]
INFO: [ app_end ] --END-- [ RunTime:0.002000s ]

[ 2016-11-23T17:27:52+08:00 ] 172.16.17.223 /ybc/Project_ybc/index.php/Mobile/Order/orderDetail.html?id=163
INFO: [ app_init ] --START--
INFO: Run Behavior\BuildLiteBehavior [ RunTime:0.000000s ]
INFO: [ app_init ] --END-- [ RunTime:0.000000s ]
INFO: [ app_begin ] --START--
INFO: Run Behavior\ReadHtmlCacheBehavior [ RunTime:0.001001s ]
INFO: [ app_begin ] --END-- [ RunTime:0.001001s ]
SQL: SHOW COLUMNS FROM `ybc_order` [ RunTime:0.0610s ]
SQL: SELECT o.id AS `id`,o.mid,o.ordersyn,o.orderprice,o.postage,o.points,o.orderstatus,o.addtime,`address_id`,`paymethod`,`message`,`status`,`mnext`,a.name,a.phone,a.province,a.city,a.town,a.address FROM ybc_order o INNER JOIN ybc_order_status s on o.orderstatus=s.id INNER JOIN ybc_member_address a on o.address_id=a.id  WHERE o.id = '163' LIMIT 1   [ RunTime:0.0020s ]
SQL: SELECT o.id AS `id`,o.mid,o.ordersyn,o.orderprice,o.postage,o.points,o.orderstatus,o.addtime,`address_id`,`paymethod`,`message`,`status`,`mnext` FROM ybc_order o INNER JOIN ybc_order_status s on o.orderstatus=s.id  WHERE o.id = '163' LIMIT 1   [ RunTime:0.0010s ]
SQL: SHOW COLUMNS FROM `ybc_member_address` [ RunTime:0.0730s ]
SQL: SELECT * FROM `ybc_member_address` WHERE `mid` = 23 AND `def` = '1' LIMIT 1   [ RunTime:0.0010s ]
NOTIC: [8] Undefined index: province D:\php_workspace\www\ybc\Project_ybc\ybc\Mobile\Controller\OrderController.class.php 第 77 行.
NOTIC: [8] Undefined index: city D:\php_workspace\www\ybc\Project_ybc\ybc\Mobile\Controller\OrderController.class.php 第 77 行.
NOTIC: [8] Undefined index: town D:\php_workspace\www\ybc\Project_ybc\ybc\Mobile\Controller\OrderController.class.php 第 77 行.
SQL: SHOW COLUMNS FROM `ybc_order_goods` [ RunTime:0.0090s ]
SQL: SELECT g.goodsname,g.price,og.buynum,g.pic,og.gid FROM ybc_order_goods og INNER JOIN ybc_goods g on og.gid=g.id  WHERE `oid` = '163'  [ RunTime:0.0010s ]
INFO: [ view_parse ] --START--
INFO: [ template_filter ] --START--
INFO: Run Behavior\ContentReplaceBehavior [ RunTime:0.000000s ]
INFO: [ template_filter ] --END-- [ RunTime:0.000000s ]
INFO: Run Behavior\ParseTemplateBehavior [ RunTime:0.024001s ]
INFO: [ view_parse ] --END-- [ RunTime:0.024001s ]
INFO: [ view_filter ] --START--
INFO: Run Behavior\WriteHtmlCacheBehavior [ RunTime:0.001000s ]
INFO: [ view_filter ] --END-- [ RunTime:0.001000s ]
INFO: [ app_end ] --START--
INFO: Run Behavior\ShowPageTraceBehavior [ RunTime:0.002000s ]
INFO: [ app_end ] --END-- [ RunTime:0.002000s ]

[ 2016-11-23T17:27:53+08:00 ] 172.16.17.223 /ybc/Project_ybc/index.php/Mobile/Order/index.html
INFO: [ app_init ] --START--
INFO: Run Behavior\BuildLiteBehavior [ RunTime:0.000000s ]
INFO: [ app_init ] --END-- [ RunTime:0.002000s ]
INFO: [ app_begin ] --START--
INFO: Run Behavior\ReadHtmlCacheBehavior [ RunTime:0.001000s ]
INFO: [ app_begin ] --END-- [ RunTime:0.001000s ]
NOTIC: [8] Undefined index: status D:\php_workspace\www\ybc\Project_ybc\ybc\Mobile\Controller\OrderController.class.php 第 7 行.
NOTIC: [8] Undefined index: keywords D:\php_workspace\www\ybc\Project_ybc\ybc\Mobile\Controller\OrderController.class.php 第 11 行.
SQL: SHOW COLUMNS FROM `ybc_order` [ RunTime:0.0710s ]
SQL: SELECT o.id AS `id`,o.mid,o.ordersyn,o.orderstatus,o.addtime,`address_id`,`paymethod`,`message`,`status`,`mnext` FROM ybc_order o INNER JOIN ybc_order_status s on o.orderstatus=s.id  WHERE `mid` = '23' ORDER BY addtime desc LIMIT 0,5   [ RunTime:0.0020s ]
SQL: SHOW COLUMNS FROM `ybc_order_goods` [ RunTime:0.0060s ]
SQL: SELECT g.goodsname,g.price,og.buynum,g.pic,og.gid FROM ybc_order_goods og INNER JOIN ybc_goods g on og.gid=g.id  WHERE `oid` = '163'  [ RunTime:0.0010s ]
SQL: SHOW COLUMNS FROM `ybc_history` [ RunTime:0.1820s ]
SQL: SELECT `id`,`goodsname`,`price`,`buynum`,`pic`,`gid`,`sfpj` FROM `ybc_history` WHERE `oid` = 162  [ RunTime:0.0020s ]
SQL: SELECT `id`,`goodsname`,`price`,`buynum`,`pic`,`gid`,`sfpj` FROM `ybc_history` WHERE `oid` = 161  [ RunTime:0.0010s ]
SQL: SELECT `id`,`goodsname`,`price`,`buynum`,`pic`,`gid`,`sfpj` FROM `ybc_history` WHERE `oid` = 160  [ RunTime:0.0020s ]
SQL: SELECT `id`,`goodsname`,`price`,`buynum`,`pic`,`gid`,`sfpj` FROM `ybc_history` WHERE `oid` = 135  [ RunTime:0.0010s ]
INFO: [ view_parse ] --START--
INFO: [ template_filter ] --START--
INFO: Run Behavior\ContentReplaceBehavior [ RunTime:0.000000s ]
INFO: [ template_filter ] --END-- [ RunTime:0.001000s ]
NOTIC: [8] Undefined variable: status D:\php_workspace\www\ybc\Project_ybc\ybc\Runtime\Cache\Mobile\7c8fdb6492c1928d0d16568a4265abf2.php 第 45 行.
NOTIC: [8] Undefined variable: keywords D:\php_workspace\www\ybc\Project_ybc\ybc\Runtime\Cache\Mobile\7c8fdb6492c1928d0d16568a4265abf2.php 第 45 行.
NOTIC: [8] Undefined variable: status D:\php_workspace\www\ybc\Project_ybc\ybc\Runtime\Cache\Mobile\7c8fdb6492c1928d0d16568a4265abf2.php 第 81 行.
NOTIC: [8] Undefined variable: status D:\php_workspace\www\ybc\Project_ybc\ybc\Runtime\Cache\Mobile\7c8fdb6492c1928d0d16568a4265abf2.php 第 81 行.
NOTIC: [8] Undefined variable: keywords D:\php_workspace\www\ybc\Project_ybc\ybc\Runtime\Cache\Mobile\7c8fdb6492c1928d0d16568a4265abf2.php 第 91 行.
NOTIC: [8] Undefined variable: status D:\php_workspace\www\ybc\Project_ybc\ybc\Runtime\Cache\Mobile\7c8fdb6492c1928d0d16568a4265abf2.php 第 97 行.
NOTIC: [8] Undefined variable: keywords D:\php_workspace\www\ybc\Project_ybc\ybc\Runtime\Cache\Mobile\7c8fdb6492c1928d0d16568a4265abf2.php 第 97 行.
NOTIC: [8] Undefined variable: keywords D:\php_workspace\www\ybc\Project_ybc\ybc\Runtime\Cache\Mobile\7c8fdb6492c1928d0d16568a4265abf2.php 第 97 行.
NOTIC: [8] Undefined variable: status D:\php_workspace\www\ybc\Project_ybc\ybc\Runtime\Cache\Mobile\7c8fdb6492c1928d0d16568a4265abf2.php 第 98 行.
NOTIC: [8] Undefined variable: keywords D:\php_workspace\www\ybc\Project_ybc\ybc\Runtime\Cache\Mobile\7c8fdb6492c1928d0d16568a4265abf2.php 第 98 行.
NOTIC: [8] Undefined variable: keywords D:\php_workspace\www\ybc\Project_ybc\ybc\Runtime\Cache\Mobile\7c8fdb6492c1928d0d16568a4265abf2.php 第 98 行.
NOTIC: [8] Undefined variable: status D:\php_workspace\www\ybc\Project_ybc\ybc\Runtime\Cache\Mobile\7c8fdb6492c1928d0d16568a4265abf2.php 第 99 行.
NOTIC: [8] Undefined variable: keywords D:\php_workspace\www\ybc\Project_ybc\ybc\Runtime\Cache\Mobile\7c8fdb6492c1928d0d16568a4265abf2.php 第 99 行.
NOTIC: [8] Undefined variable: keywords D:\php_workspace\www\ybc\Project_ybc\ybc\Runtime\Cache\Mobile\7c8fdb6492c1928d0d16568a4265abf2.php 第 99 行.
NOTIC: [8] Undefined variable: status D:\php_workspace\www\ybc\Project_ybc\ybc\Runtime\Cache\Mobile\7c8fdb6492c1928d0d16568a4265abf2.php 第 100 行.
NOTIC: [8] Undefined variable: keywords D:\php_workspace\www\ybc\Project_ybc\ybc\Runtime\Cache\Mobile\7c8fdb6492c1928d0d16568a4265abf2.php 第 100 行.
NOTIC: [8] Undefined variable: keywords D:\php_workspace\www\ybc\Project_ybc\ybc\Runtime\Cache\Mobile\7c8fdb6492c1928d0d16568a4265abf2.php 第 100 行.
NOTIC: [8] Undefined variable: status D:\php_workspace\www\ybc\Project_ybc\ybc\Runtime\Cache\Mobile\7c8fdb6492c1928d0d16568a4265abf2.php 第 101 行.
NOTIC: [8] Undefined variable: keywords D:\php_workspace\www\ybc\Project_ybc\ybc\Runtime\Cache\Mobile\7c8fdb6492c1928d0d16568a4265abf2.php 第 101 行.
NOTIC: [8] Undefined variable: keywords D:\php_workspace\www\ybc\Project_ybc\ybc\Runtime\Cache\Mobile\7c8fdb6492c1928d0d16568a4265abf2.php 第 101 行.
INFO: Run Behavior\ParseTemplateBehavior [ RunTime:0.037002s ]
INFO: [ view_parse ] --END-- [ RunTime:0.037002s ]
INFO: [ view_filter ] --START--
INFO: Run Behavior\WriteHtmlCacheBehavior [ RunTime:0.002000s ]
INFO: [ view_filter ] --END-- [ RunTime:0.002000s ]
INFO: [ app_end ] --START--
INFO: Run Behavior\ShowPageTraceBehavior [ RunTime:0.003000s ]
INFO: [ app_end ] --END-- [ RunTime:0.003000s ]

[ 2016-11-23T17:28:01+08:00 ] 172.16.17.223 /ybc/Project_ybc/index.php/Mobile/Order/index.html
INFO: [ app_init ] --START--
INFO: Run Behavior\BuildLiteBehavior [ RunTime:0.000000s ]
INFO: [ app_init ] --END-- [ RunTime:0.001000s ]
INFO: [ app_begin ] --START--
INFO: Run Behavior\ReadHtmlCacheBehavior [ RunTime:0.001000s ]
INFO: [ app_begin ] --END-- [ RunTime:0.001000s ]
NOTIC: [8] Undefined index: status D:\php_workspace\www\ybc\Project_ybc\ybc\Mobile\Controller\OrderController.class.php 第 7 行.
NOTIC: [8] Undefined index: keywords D:\php_workspace\www\ybc\Project_ybc\ybc\Mobile\Controller\OrderController.class.php 第 11 行.
SQL: SHOW COLUMNS FROM `ybc_order` [ RunTime:0.0550s ]
SQL: SELECT o.id AS `id`,o.mid,o.ordersyn,o.orderstatus,o.addtime,`address_id`,`paymethod`,`message`,`status`,`mnext` FROM ybc_order o INNER JOIN ybc_order_status s on o.orderstatus=s.id  WHERE `mid` = '23' ORDER BY addtime desc LIMIT 0,5   [ RunTime:0.0020s ]
SQL: SHOW COLUMNS FROM `ybc_order_goods` [ RunTime:0.0070s ]
SQL: SELECT g.goodsname,g.price,og.buynum,g.pic,og.gid FROM ybc_order_goods og INNER JOIN ybc_goods g on og.gid=g.id  WHERE `oid` = '163'  [ RunTime:0.0010s ]
SQL: SHOW COLUMNS FROM `ybc_history` [ RunTime:0.1090s ]
SQL: SELECT `id`,`goodsname`,`price`,`buynum`,`pic`,`gid`,`sfpj` FROM `ybc_history` WHERE `oid` = 162  [ RunTime:0.0010s ]
SQL: SELECT `id`,`goodsname`,`price`,`buynum`,`pic`,`gid`,`sfpj` FROM `ybc_history` WHERE `oid` = 161  [ RunTime:0.0010s ]
SQL: SELECT `id`,`goodsname`,`price`,`buynum`,`pic`,`gid`,`sfpj` FROM `ybc_history` WHERE `oid` = 160  [ RunTime:0.0010s ]
SQL: SELECT `id`,`goodsname`,`price`,`buynum`,`pic`,`gid`,`sfpj` FROM `ybc_history` WHERE `oid` = 135  [ RunTime:0.0010s ]
INFO: [ view_parse ] --START--
INFO: [ template_filter ] --START--
INFO: Run Behavior\ContentReplaceBehavior [ RunTime:0.000000s ]
INFO: [ template_filter ] --END-- [ RunTime:0.001000s ]
NOTIC: [8] Undefined variable: status D:\php_workspace\www\ybc\Project_ybc\ybc\Runtime\Cache\Mobile\7c8fdb6492c1928d0d16568a4265abf2.php 第 45 行.
NOTIC: [8] Undefined variable: keywords D:\php_workspace\www\ybc\Project_ybc\ybc\Runtime\Cache\Mobile\7c8fdb6492c1928d0d16568a4265abf2.php 第 45 行.
NOTIC: [8] Undefined variable: status D:\php_workspace\www\ybc\Project_ybc\ybc\Runtime\Cache\Mobile\7c8fdb6492c1928d0d16568a4265abf2.php 第 81 行.
NOTIC: [8] Undefined variable: status D:\php_workspace\www\ybc\Project_ybc\ybc\Runtime\Cache\Mobile\7c8fdb6492c1928d0d16568a4265abf2.php 第 81 行.
NOTIC: [8] Undefined variable: keywords D:\php_workspace\www\ybc\Project_ybc\ybc\Runtime\Cache\Mobile\7c8fdb6492c1928d0d16568a4265abf2.php 第 91 行.
NOTIC: [8] Undefined variable: status D:\php_workspace\www\ybc\Project_ybc\ybc\Runtime\Cache\Mobile\7c8fdb6492c1928d0d16568a4265abf2.php 第 97 行.
NOTIC: [8] Undefined variable: keywords D:\php_workspace\www\ybc\Project_ybc\ybc\Runtime\Cache\Mobile\7c8fdb6492c1928d0d16568a4265abf2.php 第 97 行.
NOTIC: [8] Undefined variable: keywords D:\php_workspace\www\ybc\Project_ybc\ybc\Runtime\Cache\Mobile\7c8fdb6492c1928d0d16568a4265abf2.php 第 97 行.
NOTIC: [8] Undefined variable: status D:\php_workspace\www\ybc\Project_ybc\ybc\Runtime\Cache\Mobile\7c8fdb6492c1928d0d16568a4265abf2.php 第 98 行.
NOTIC: [8] Undefined variable: keywords D:\php_workspace\www\ybc\Project_ybc\ybc\Runtime\Cache\Mobile\7c8fdb6492c1928d0d16568a4265abf2.php 第 98 行.
NOTIC: [8] Undefined variable: keywords D:\php_workspace\www\ybc\Project_ybc\ybc\Runtime\Cache\Mobile\7c8fdb6492c1928d0d16568a4265abf2.php 第 98 行.
NOTIC: [8] Undefined variable: status D:\php_workspace\www\ybc\Project_ybc\ybc\Runtime\Cache\Mobile\7c8fdb6492c1928d0d16568a4265abf2.php 第 99 行.
NOTIC: [8] Undefined variable: keywords D:\php_workspace\www\ybc\Project_ybc\ybc\Runtime\Cache\Mobile\7c8fdb6492c1928d0d16568a4265abf2.php 第 99 行.
NOTIC: [8] Undefined variable: keywords D:\php_workspace\www\ybc\Project_ybc\ybc\Runtime\Cache\Mobile\7c8fdb6492c1928d0d16568a4265abf2.php 第 99 行.
NOTIC: [8] Undefined variable: status D:\php_workspace\www\ybc\Project_ybc\ybc\Runtime\Cache\Mobile\7c8fdb6492c1928d0d16568a4265abf2.php 第 100 行.
NOTIC: [8] Undefined variable: keywords D:\php_workspace\www\ybc\Project_ybc\ybc\Runtime\Cache\Mobile\7c8fdb6492c1928d0d16568a4265abf2.php 第 100 行.
NOTIC: [8] Undefined variable: keywords D:\php_workspace\www\ybc\Project_ybc\ybc\Runtime\Cache\Mobile\7c8fdb6492c1928d0d16568a4265abf2.php 第 100 行.
NOTIC: [8] Undefined variable: status D:\php_workspace\www\ybc\Project_ybc\ybc\Runtime\Cache\Mobile\7c8fdb6492c1928d0d16568a4265abf2.php 第 101 行.
NOTIC: [8] Undefined variable: keywords D:\php_workspace\www\ybc\Project_ybc\ybc\Runtime\Cache\Mobile\7c8fdb6492c1928d0d16568a4265abf2.php 第 101 行.
NOTIC: [8] Undefined variable: keywords D:\php_workspace\www\ybc\Project_ybc\ybc\Runtime\Cache\Mobile\7c8fdb6492c1928d0d16568a4265abf2.php 第 101 行.
INFO: Run Behavior\ParseTemplateBehavior [ RunTime:0.026002s ]
INFO: [ view_parse ] --END-- [ RunTime:0.027002s ]
INFO: [ view_filter ] --START--
INFO: Run Behavior\WriteHtmlCacheBehavior [ RunTime:0.001000s ]
INFO: [ view_filter ] --END-- [ RunTime:0.001000s ]
INFO: [ app_end ] --START--
INFO: Run Behavior\ShowPageTraceBehavior [ RunTime:0.001000s ]
INFO: [ app_end ] --END-- [ RunTime:0.002000s ]

[ 2016-11-23T17:28:04+08:00 ] 172.16.17.223 /ybc/Project_ybc/index.php/Mobile/Order/orderDetail.html?id=135
INFO: [ app_init ] --START--
INFO: Run Behavior\BuildLiteBehavior [ RunTime:0.000000s ]
INFO: [ app_init ] --END-- [ RunTime:0.000000s ]
INFO: [ app_begin ] --START--
INFO: Run Behavior\ReadHtmlCacheBehavior [ RunTime:0.001000s ]
INFO: [ app_begin ] --END-- [ RunTime:0.001000s ]
SQL: SHOW COLUMNS FROM `ybc_order` [ RunTime:0.0050s ]
SQL: SELECT o.id AS `id`,o.mid,o.ordersyn,o.orderprice,o.postage,o.points,o.orderstatus,o.addtime,`address_id`,`paymethod`,`message`,`status`,`mnext`,a.name,a.phone,a.province,a.city,a.town,a.address FROM ybc_order o INNER JOIN ybc_order_status s on o.orderstatus=s.id INNER JOIN ybc_member_address a on o.address_id=a.id  WHERE o.id = '135' LIMIT 1   [ RunTime:0.0010s ]
SQL: SHOW COLUMNS FROM `ybc_history` [ RunTime:0.0090s ]
SQL: SELECT `id`,`goodsname`,`price`,`buynum`,`pic`,`gid`,`sfpj` FROM `ybc_history` WHERE `oid` = 135  [ RunTime:0.0010s ]
INFO: [ view_parse ] --START--
INFO: [ template_filter ] --START--
INFO: Run Behavior\ContentReplaceBehavior [ RunTime:0.000000s ]
INFO: [ template_filter ] --END-- [ RunTime:0.000000s ]
INFO: Run Behavior\ParseTemplateBehavior [ RunTime:0.011001s ]
INFO: [ view_parse ] --END-- [ RunTime:0.011001s ]
INFO: [ view_filter ] --START--
INFO: Run Behavior\WriteHtmlCacheBehavior [ RunTime:0.001000s ]
INFO: [ view_filter ] --END-- [ RunTime:0.001000s ]
INFO: [ app_end ] --START--
INFO: Run Behavior\ShowPageTraceBehavior [ RunTime:0.001000s ]
INFO: [ app_end ] --END-- [ RunTime:0.001000s ]

[ 2016-11-23T17:28:06+08:00 ] 172.16.17.223 /ybc/Project_ybc/index.php/Mobile/Order/index.html
INFO: [ app_init ] --START--
INFO: Run Behavior\BuildLiteBehavior [ RunTime:0.000000s ]
INFO: [ app_init ] --END-- [ RunTime:0.000000s ]
INFO: [ app_begin ] --START--
INFO: Run Behavior\ReadHtmlCacheBehavior [ RunTime:0.001000s ]
INFO: [ app_begin ] --END-- [ RunTime:0.001000s ]
NOTIC: [8] Undefined index: status D:\php_workspace\www\ybc\Project_ybc\ybc\Mobile\Controller\OrderController.class.php 第 7 行.
NOTIC: [8] Undefined index: keywords D:\php_workspace\www\ybc\Project_ybc\ybc\Mobile\Controller\OrderController.class.php 第 11 行.
SQL: SHOW COLUMNS FROM `ybc_order` [ RunTime:0.0080s ]
SQL: SELECT o.id AS `id`,o.mid,o.ordersyn,o.orderstatus,o.addtime,`address_id`,`paymethod`,`message`,`status`,`mnext` FROM ybc_order o INNER JOIN ybc_order_status s on o.orderstatus=s.id  WHERE `mid` = '23' ORDER BY addtime desc LIMIT 0,5   [ RunTime:0.0020s ]
SQL: SHOW COLUMNS FROM `ybc_order_goods` [ RunTime:0.1000s ]
SQL: SELECT g.goodsname,g.price,og.buynum,g.pic,og.gid FROM ybc_order_goods og INNER JOIN ybc_goods g on og.gid=g.id  WHERE `oid` = '163'  [ RunTime:0.0010s ]
SQL: SHOW COLUMNS FROM `ybc_history` [ RunTime:0.0080s ]
SQL: SELECT `id`,`goodsname`,`price`,`buynum`,`pic`,`gid`,`sfpj` FROM `ybc_history` WHERE `oid` = 162  [ RunTime:0.0010s ]
SQL: SELECT `id`,`goodsname`,`price`,`buynum`,`pic`,`gid`,`sfpj` FROM `ybc_history` WHERE `oid` = 161  [ RunTime:0.0010s ]
SQL: SELECT `id`,`goodsname`,`price`,`buynum`,`pic`,`gid`,`sfpj` FROM `ybc_history` WHERE `oid` = 160  [ RunTime:0.0010s ]
SQL: SELECT `id`,`goodsname`,`price`,`buynum`,`pic`,`gid`,`sfpj` FROM `ybc_history` WHERE `oid` = 135  [ RunTime:0.0010s ]
INFO: [ view_parse ] --START--
INFO: [ template_filter ] --START--
INFO: Run Behavior\ContentReplaceBehavior [ RunTime:0.000000s ]
INFO: [ template_filter ] --END-- [ RunTime:0.000000s ]
NOTIC: [8] Undefined variable: status D:\php_workspace\www\ybc\Project_ybc\ybc\Runtime\Cache\Mobile\7c8fdb6492c1928d0d16568a4265abf2.php 第 45 行.
NOTIC: [8] Undefined variable: keywords D:\php_workspace\www\ybc\Project_ybc\ybc\Runtime\Cache\Mobile\7c8fdb6492c1928d0d16568a4265abf2.php 第 45 行.
NOTIC: [8] Undefined variable: status D:\php_workspace\www\ybc\Project_ybc\ybc\Runtime\Cache\Mobile\7c8fdb6492c1928d0d16568a4265abf2.php 第 81 行.
NOTIC: [8] Undefined variable: status D:\php_workspace\www\ybc\Project_ybc\ybc\Runtime\Cache\Mobile\7c8fdb6492c1928d0d16568a4265abf2.php 第 81 行.
NOTIC: [8] Undefined variable: keywords D:\php_workspace\www\ybc\Project_ybc\ybc\Runtime\Cache\Mobile\7c8fdb6492c1928d0d16568a4265abf2.php 第 91 行.
NOTIC: [8] Undefined variable: status D:\php_workspace\www\ybc\Project_ybc\ybc\Runtime\Cache\Mobile\7c8fdb6492c1928d0d16568a4265abf2.php 第 97 行.
NOTIC: [8] Undefined variable: keywords D:\php_workspace\www\ybc\Project_ybc\ybc\Runtime\Cache\Mobile\7c8fdb6492c1928d0d16568a4265abf2.php 第 97 行.
NOTIC: [8] Undefined variable: keywords D:\php_workspace\www\ybc\Project_ybc\ybc\Runtime\Cache\Mobile\7c8fdb6492c1928d0d16568a4265abf2.php 第 97 行.
NOTIC: [8] Undefined variable: status D:\php_workspace\www\ybc\Project_ybc\ybc\Runtime\Cache\Mobile\7c8fdb6492c1928d0d16568a4265abf2.php 第 98 行.
NOTIC: [8] Undefined variable: keywords D:\php_workspace\www\ybc\Project_ybc\ybc\Runtime\Cache\Mobile\7c8fdb6492c1928d0d16568a4265abf2.php 第 98 行.
NOTIC: [8] Undefined variable: keywords D:\php_workspace\www\ybc\Project_ybc\ybc\Runtime\Cache\Mobile\7c8fdb6492c1928d0d16568a4265abf2.php 第 98 行.
NOTIC: [8] Undefined variable: status D:\php_workspace\www\ybc\Project_ybc\ybc\Runtime\Cache\Mobile\7c8fdb6492c1928d0d16568a4265abf2.php 第 99 行.
NOTIC: [8] Undefined variable: keywords D:\php_workspace\www\ybc\Project_ybc\ybc\Runtime\Cache\Mobile\7c8fdb6492c1928d0d16568a4265abf2.php 第 99 行.
NOTIC: [8] Undefined variable: keywords D:\php_workspace\www\ybc\Project_ybc\ybc\Runtime\Cache\Mobile\7c8fdb6492c1928d0d16568a4265abf2.php 第 99 行.
NOTIC: [8] Undefined variable: status D:\php_workspace\www\ybc\Project_ybc\ybc\Runtime\Cache\Mobile\7c8fdb6492c1928d0d16568a4265abf2.php 第 100 行.
NOTIC: [8] Undefined variable: keywords D:\php_workspace\www\ybc\Project_ybc\ybc\Runtime\Cache\Mobile\7c8fdb6492c1928d0d16568a4265abf2.php 第 100 行.
NOTIC: [8] Undefined variable: keywords D:\php_workspace\www\ybc\Project_ybc\ybc\Runtime\Cache\Mobile\7c8fdb6492c1928d0d16568a4265abf2.php 第 100 行.
NOTIC: [8] Undefined variable: status D:\php_workspace\www\ybc\Project_ybc\ybc\Runtime\Cache\Mobile\7c8fdb6492c1928d0d16568a4265abf2.php 第 101 行.
NOTIC: [8] Undefined variable: keywords D:\php_workspace\www\ybc\Project_ybc\ybc\Runtime\Cache\Mobile\7c8fdb6492c1928d0d16568a4265abf2.php 第 101 行.
NOTIC: [8] Undefined variable: keywords D:\php_workspace\www\ybc\Project_ybc\ybc\Runtime\Cache\Mobile\7c8fdb6492c1928d0d16568a4265abf2.php 第 101 行.
INFO: Run Behavior\ParseTemplateBehavior [ RunTime:0.031002s ]
INFO: [ view_parse ] --END-- [ RunTime:0.031002s ]
INFO: [ view_filter ] --START--
INFO: Run Behavior\WriteHtmlCacheBehavior [ RunTime:0.001000s ]
INFO: [ view_filter ] --END-- [ RunTime:0.001000s ]
INFO: [ app_end ] --START--
INFO: Run Behavior\ShowPageTraceBehavior [ RunTime:0.002000s ]
INFO: [ app_end ] --END-- [ RunTime:0.002000s ]

