[ 2016-07-28T08:58:41+08:00 ] 127.0.0.1 /index.php/Home/Login/chkVerify.html
INFO: [ app_begin ] --START--
INFO: Run Behavior\ReadHtmlCacheBehavior [ RunTime:0.001000s ]
INFO: [ app_begin ] --END-- [ RunTime:0.001000s ]
INFO: [ app_end ] --START--
INFO: Run Behavior\ShowPageTraceBehavior [ RunTime:0.001000s ]
INFO: [ app_end ] --END-- [ RunTime:0.001000s ]

[ 2016-07-28T08:58:41+08:00 ] 127.0.0.1 /index.php/Home/Login/login.html
INFO: [ app_begin ] --START--
INFO: Run Behavior\ReadHtmlCacheBehavior [ RunTime:0.000000s ]
INFO: [ app_begin ] --END-- [ RunTime:0.000000s ]
SQL: SHOW COLUMNS FROM `ebook_member` [ RunTime:0.0290s ]
SQL: SELECT `userid` FROM `ebook_member` WHERE `username` = 'admin' AND `password` = '202cb962ac59075b964b07152d234b70' LIMIT 1   [ RunTime:0.0010s ]

[ 2016-07-28T09:00:42+08:00 ] 127.0.0.1 /index.php/Home/Index/_PUBLIC__/Home/images/30jpg
ERR: 非法操作:_PUBLIC__

[ 2016-07-28T09:00:54+08:00 ] 127.0.0.1 /index.php/Home/Login/chkVerify.html
INFO: [ app_begin ] --START--
INFO: Run Behavior\ReadHtmlCacheBehavior [ RunTime:0.000000s ]
INFO: [ app_begin ] --END-- [ RunTime:0.000000s ]
INFO: [ app_end ] --START--
INFO: Run Behavior\ShowPageTraceBehavior [ RunTime:0.000000s ]
INFO: [ app_end ] --END-- [ RunTime:0.000000s ]

[ 2016-07-28T09:00:54+08:00 ] 127.0.0.1 /index.php/Home/Login/login.html
INFO: [ app_begin ] --START--
INFO: Run Behavior\ReadHtmlCacheBehavior [ RunTime:0.000000s ]
INFO: [ app_begin ] --END-- [ RunTime:0.000000s ]
SQL: SHOW COLUMNS FROM `ebook_member` [ RunTime:0.0000s ]
SQL: SELECT `userid` FROM `ebook_member` WHERE `username` = 'admin' AND `password` = '202cb962ac59075b964b07152d234b70' LIMIT 1   [ RunTime:0.0000s ]

[ 2016-07-28T09:02:39+08:00 ] 127.0.0.1 /index.php/Home/Index/_PUBLIC__/Home/images/30jpg
ERR: 非法操作:_PUBLIC__

[ 2016-07-28T09:02:49+08:00 ] 127.0.0.1 /index.php/Home/Login/chkVerify.html
INFO: [ app_begin ] --START--
INFO: Run Behavior\ReadHtmlCacheBehavior [ RunTime:0.000000s ]
INFO: [ app_begin ] --END-- [ RunTime:0.001000s ]
INFO: [ app_end ] --START--
INFO: Run Behavior\ShowPageTraceBehavior [ RunTime:0.000000s ]
INFO: [ app_end ] --END-- [ RunTime:0.000000s ]

[ 2016-07-28T09:02:49+08:00 ] 127.0.0.1 /index.php/Home/Login/login.html
INFO: [ app_begin ] --START--
INFO: Run Behavior\ReadHtmlCacheBehavior [ RunTime:0.001000s ]
INFO: [ app_begin ] --END-- [ RunTime:0.001000s ]
SQL: SHOW COLUMNS FROM `ebook_member` [ RunTime:0.0020s ]
SQL: SELECT `userid` FROM `ebook_member` WHERE `username` = 'admin' AND `password` = '202cb962ac59075b964b07152d234b70' LIMIT 1   [ RunTime:0.0010s ]

[ 2016-07-28T09:05:30+08:00 ] 127.0.0.1 /Home/Index/_PUBLIC__/Home/images/30jpg
ERR: 非法操作:_PUBLIC__

[ 2016-07-28T09:05:40+08:00 ] 127.0.0.1 /index.php/Home/Login/chkVerify.html
INFO: [ app_begin ] --START--
INFO: Run Behavior\ReadHtmlCacheBehavior [ RunTime:0.000000s ]
INFO: [ app_begin ] --END-- [ RunTime:0.015600s ]
INFO: [ app_end ] --START--
INFO: Run Behavior\ShowPageTraceBehavior [ RunTime:0.000000s ]
INFO: [ app_end ] --END-- [ RunTime:0.000000s ]

[ 2016-07-28T09:05:40+08:00 ] 127.0.0.1 /index.php/Home/Login/login.html
INFO: [ app_begin ] --START--
INFO: Run Behavior\ReadHtmlCacheBehavior [ RunTime:0.001000s ]
INFO: [ app_begin ] --END-- [ RunTime:0.001000s ]
SQL: SHOW COLUMNS FROM `ebook_member` [ RunTime:0.0000s ]
SQL: SELECT `userid` FROM `ebook_member` WHERE `username` = 'admin' AND `password` = '202cb962ac59075b964b07152d234b70' LIMIT 1   [ RunTime:0.0000s ]

[ 2016-07-28T09:06:55+08:00 ] 127.0.0.1 /index.php/Home/Detail/shop_detail/id/31.html
ERR: 非法操作:shop_detail

[ 2016-07-28T09:11:08+08:00 ] 127.0.0.1 /index.php/Home/Detail/shop_detail/id/31.html
ERR: 非法操作:shop_detail

[ 2016-07-28T09:14:08+08:00 ] 127.0.0.1 /index.php/Home/Detail/shop_detail/id/31.html
ERR: 非法操作:shop_detail

[ 2016-07-28T09:14:09+08:00 ] 127.0.0.1 /index.php/Home/Detail/shop_detail/id/31.html
ERR: 非法操作:shop_detail

[ 2016-07-28T09:14:13+08:00 ] 127.0.0.1 /index.php/Home/Detail/shop_detail/id/31.html
ERR: 非法操作:shop_detail

[ 2016-07-28T09:16:04+08:00 ] 127.0.0.1 /index.php/Home/Detail/shop_detail/id/31.html
ERR: 非法操作:shop_detail

[ 2016-07-28T09:16:36+08:00 ] 127.0.0.1 /index.php/Home/Detail/shop_detail/id/31.html
ERR: 非法操作:shop_detail

[ 2016-07-28T09:27:41+08:00 ] 127.0.0.1 /index.php/Home/Index/_PUBLIC__/Home/images/30jpg
ERR: 非法操作:_PUBLIC__

[ 2016-07-28T09:27:46+08:00 ] 127.0.0.1 /index.php/Home/Index/_PUBLIC__/Home/images/30jpg
ERR: 非法操作:_PUBLIC__

[ 2016-07-28T09:27:47+08:00 ] 127.0.0.1 /index.php/Home/Index/_PUBLIC__/Home/images/30jpg
ERR: 非法操作:_PUBLIC__

[ 2016-07-28T09:29:59+08:00 ] 127.0.0.1 /index.php/Home/Index/_PUBLIC__/Home/images/30jpg
ERR: 非法操作:_PUBLIC__

[ 2016-07-28T09:30:26+08:00 ] 127.0.0.1 /index.php/Home/Order/order_delete.html
ERR: 非法操作:order_delete

[ 2016-07-28T09:32:01+08:00 ] 127.0.0.1 /index.php/Home/Order/order_delete.html
ERR: 1064:You have an error in your SQL syntax; check the manual that corresponds to your MySQL server version for the right syntax to use near ')' at line 1
 [ SQL语句 ] : DELETE FROM `ebook_order` WHERE ( id= )

[ 2016-07-28T09:40:49+08:00 ] 127.0.0.1 /index.php/Home/Order/order_delete.html
ERR: 1064:You have an error in your SQL syntax; check the manual that corresponds to your MySQL server version for the right syntax to use near ')' at line 1
 [ SQL语句 ] : DELETE FROM `ebook_order` WHERE ( id= )

[ 2016-07-28T09:40:49+08:00 ] 127.0.0.1 /index.php/Home/Order/order_delete.html
ERR: 1064:You have an error in your SQL syntax; check the manual that corresponds to your MySQL server version for the right syntax to use near ')' at line 1
 [ SQL语句 ] : DELETE FROM `ebook_order` WHERE ( id= )

[ 2016-07-28T09:40:51+08:00 ] 127.0.0.1 /index.php/Home/Order/order_detail.htmlArray
ERR: 非法操作:order_detail.htmlArray

[ 2016-07-28T09:41:36+08:00 ] 127.0.0.1 /index.php/Home/Order/order_delete.htmlArray
ERR: 非法操作:order_delete.htmlArray

[ 2016-07-28T09:42:06+08:00 ] 127.0.0.1 /index.php/Home/Order/order_delete.htmlArray
ERR: 非法操作:order_delete.htmlArray

[ 2016-07-28T09:43:03+08:00 ] 127.0.0.1 /index.php/Home/Order/order_delete.htmlArray
ERR: 非法操作:order_delete.htmlArray

[ 2016-07-28T09:43:03+08:00 ] 127.0.0.1 /index.php/Home/Order/order_delete.htmlArray
ERR: 非法操作:order_delete.htmlArray

[ 2016-07-28T09:43:05+08:00 ] 127.0.0.1 /index.php/Home/Order/order_delete.htmlArray
ERR: 非法操作:order_delete.htmlArray

[ 2016-07-28T09:45:04+08:00 ] 127.0.0.1 /index.php/Home/Order/order_delete.htmlArray
ERR: 非法操作:order_delete.htmlArray

[ 2016-07-28T09:45:54+08:00 ] 127.0.0.1 /index.php/Home/Order/order_delete.htmlArray
ERR: 非法操作:order_delete.htmlArray

[ 2016-07-28T09:52:37+08:00 ] 127.0.0.1 /Home/Index/_PUBLIC__/Home/images/30jpg
ERR: 非法操作:_PUBLIC__

[ 2016-07-28T09:52:49+08:00 ] 127.0.0.1 /index.php/Home/Login/chkVerify.html
INFO: [ app_begin ] --START--
INFO: Run Behavior\ReadHtmlCacheBehavior [ RunTime:0.001000s ]
INFO: [ app_begin ] --END-- [ RunTime:0.001000s ]
INFO: [ app_end ] --START--
INFO: Run Behavior\ShowPageTraceBehavior [ RunTime:0.000000s ]
INFO: [ app_end ] --END-- [ RunTime:0.000000s ]

[ 2016-07-28T09:52:50+08:00 ] 127.0.0.1 /index.php/Home/Login/login.html
INFO: [ app_begin ] --START--
INFO: Run Behavior\ReadHtmlCacheBehavior [ RunTime:0.000000s ]
INFO: [ app_begin ] --END-- [ RunTime:0.000000s ]
SQL: SHOW COLUMNS FROM `ebook_member` [ RunTime:0.0000s ]
SQL: SELECT `userid` FROM `ebook_member` WHERE `username` = 'admin' AND `password` = '202cb962ac59075b964b07152d234b70' LIMIT 1   [ RunTime:0.0000s ]

[ 2016-07-28T09:54:04+08:00 ] 127.0.0.1 /index.php/Home/Index/_PUBLIC__/Home/images/30jpg
ERR: 非法操作:_PUBLIC__

[ 2016-07-28T11:04:45+08:00 ] 127.0.0.1 /index.php/Home/Index/_PUBLIC__/Home/images/30jpg
ERR: 非法操作:_PUBLIC__

[ 2016-07-28T11:04:59+08:00 ] 127.0.0.1 /index.php/Home/Login/chkVerify.html
INFO: [ app_begin ] --START--
INFO: Run Behavior\ReadHtmlCacheBehavior [ RunTime:0.000000s ]
INFO: [ app_begin ] --END-- [ RunTime:0.001000s ]
INFO: [ app_end ] --START--
INFO: Run Behavior\ShowPageTraceBehavior [ RunTime:0.000000s ]
INFO: [ app_end ] --END-- [ RunTime:0.000000s ]

[ 2016-07-28T11:04:59+08:00 ] 127.0.0.1 /index.php/Home/Login/login.html
INFO: [ app_begin ] --START--
INFO: Run Behavior\ReadHtmlCacheBehavior [ RunTime:0.000000s ]
INFO: [ app_begin ] --END-- [ RunTime:0.000000s ]
SQL: SHOW COLUMNS FROM `ebook_member` [ RunTime:0.0000s ]
SQL: SELECT `userid` FROM `ebook_member` WHERE `username` = 'admin' AND `password` = '202cb962ac59075b964b07152d234b70' LIMIT 1   [ RunTime:0.0000s ]

[ 2016-07-28T14:28:45+08:00 ] 127.0.0.1 /Home/Index/_PUBLIC__/Home/images/30jpg
ERR: 非法操作:_PUBLIC__

[ 2016-07-28T14:29:01+08:00 ] 127.0.0.1 /index.php/Home/Login/chkVerify.html
INFO: [ app_begin ] --START--
INFO: Run Behavior\ReadHtmlCacheBehavior [ RunTime:0.000000s ]
INFO: [ app_begin ] --END-- [ RunTime:0.001000s ]
INFO: [ app_end ] --START--
INFO: Run Behavior\ShowPageTraceBehavior [ RunTime:0.000000s ]
INFO: [ app_end ] --END-- [ RunTime:0.000000s ]

[ 2016-07-28T14:29:01+08:00 ] 127.0.0.1 /index.php/Home/Login/login.html
INFO: [ app_begin ] --START--
INFO: Run Behavior\ReadHtmlCacheBehavior [ RunTime:0.001000s ]
INFO: [ app_begin ] --END-- [ RunTime:0.001000s ]
SQL: SHOW COLUMNS FROM `ebook_member` [ RunTime:0.0020s ]
SQL: SELECT `userid` FROM `ebook_member` WHERE `username` = 'clear' AND `password` = 'e10adc3949ba59abbe56e057f20f883e' LIMIT 1   [ RunTime:0.0000s ]

[ 2016-07-28T14:43:12+08:00 ] 127.0.0.1 /Home/Index/_PUBLIC__/Home/images/30jpg
ERR: 非法操作:_PUBLIC__

[ 2016-07-28T14:49:04+08:00 ] 127.0.0.1 /index.php/Home/Login/chkVerify.html
INFO: [ app_begin ] --START--
INFO: Run Behavior\ReadHtmlCacheBehavior [ RunTime:0.000000s ]
INFO: [ app_begin ] --END-- [ RunTime:0.001000s ]
INFO: [ app_end ] --START--
INFO: Run Behavior\ShowPageTraceBehavior [ RunTime:0.000000s ]
INFO: [ app_end ] --END-- [ RunTime:0.000000s ]

[ 2016-07-28T14:49:04+08:00 ] 127.0.0.1 /index.php/Home/Login/login.html
INFO: [ app_begin ] --START--
INFO: Run Behavior\ReadHtmlCacheBehavior [ RunTime:0.000000s ]
INFO: [ app_begin ] --END-- [ RunTime:0.000000s ]
SQL: SHOW COLUMNS FROM `ebook_member` [ RunTime:0.0000s ]
SQL: SELECT `userid` FROM `ebook_member` WHERE `username` = 'zzzz' AND `password` = 'e10adc3949ba59abbe56e057f20f883e' LIMIT 1   [ RunTime:0.0000s ]

[ 2016-07-28T17:01:40+08:00 ] 127.0.0.1 /index.php/Home/Shop/1233
ERR: 非法操作:1233

[ 2016-07-28T17:01:41+08:00 ] 127.0.0.1 /index.php/Home/Shop/1233
ERR: 非法操作:1233

[ 2016-07-28T17:14:43+08:00 ] 127.0.0.1 /index.php/Home/Shop/1233
ERR: 非法操作:1233

[ 2016-07-28T17:15:25+08:00 ] 127.0.0.1 /index.php/Home/BuyCar/buyCar.html
ERR: 无法加载控制器:BuyCar

[ 2016-07-28T17:16:14+08:00 ] 127.0.0.1 /index.php/Home/Pay/pay.html
ERR: 无法加载控制器:Pay

[ 2016-07-28T17:58:20+08:00 ] 127.0.0.1 /Home/Index/_PUBLIC__/Home/images/30jpg
ERR: 非法操作:_PUBLIC__

[ 2016-07-28T17:58:31+08:00 ] 127.0.0.1 /index.php/Home/Login/chkVerify.html
INFO: [ app_begin ] --START--
INFO: Run Behavior\ReadHtmlCacheBehavior [ RunTime:0.000000s ]
INFO: [ app_begin ] --END-- [ RunTime:0.000000s ]
INFO: [ app_end ] --START--
INFO: Run Behavior\ShowPageTraceBehavior [ RunTime:0.000000s ]
INFO: [ app_end ] --END-- [ RunTime:0.000000s ]

[ 2016-07-28T17:58:31+08:00 ] 127.0.0.1 /index.php/Home/Login/login.html
INFO: [ app_begin ] --START--
INFO: Run Behavior\ReadHtmlCacheBehavior [ RunTime:0.000000s ]
INFO: [ app_begin ] --END-- [ RunTime:0.000000s ]
SQL: SHOW COLUMNS FROM `ebook_member` [ RunTime:0.0000s ]
SQL: SELECT `userid` FROM `ebook_member` WHERE `username` = 'admin' AND `password` = '202cb962ac59075b964b07152d234b70' LIMIT 1   [ RunTime:0.0000s ]

[ 2016-07-28T17:58:39+08:00 ] 127.0.0.1 /Home/Index/_PUBLIC__/Home/images/30jpg
ERR: 非法操作:_PUBLIC__

[ 2016-07-28T17:58:44+08:00 ] 127.0.0.1 /index.php/Home/Login/chkUsername.html
INFO: [ app_begin ] --START--
INFO: Run Behavior\ReadHtmlCacheBehavior [ RunTime:0.000000s ]
INFO: [ app_begin ] --END-- [ RunTime:0.001000s ]
SQL: SHOW COLUMNS FROM `ebook_member` [ RunTime:0.0020s ]
SQL: SELECT COUNT(*) AS tp_count FROM `ebook_member` WHERE `username` = 'admin' LIMIT 1   [ RunTime:0.0156s ]
INFO: [ app_end ] --START--
INFO: Run Behavior\ShowPageTraceBehavior [ RunTime:0.000000s ]
INFO: [ app_end ] --END-- [ RunTime:0.000000s ]

[ 2016-07-28T17:58:47+08:00 ] 127.0.0.1 /index.php/Home/Login/chkUsername.html
INFO: [ app_begin ] --START--
INFO: Run Behavior\ReadHtmlCacheBehavior [ RunTime:0.000000s ]
INFO: [ app_begin ] --END-- [ RunTime:0.000000s ]
SQL: SHOW COLUMNS FROM `ebook_member` [ RunTime:0.0020s ]
SQL: SELECT COUNT(*) AS tp_count FROM `ebook_member` WHERE `username` = 'admi' LIMIT 1   [ RunTime:0.0000s ]
INFO: [ app_end ] --START--
INFO: Run Behavior\ShowPageTraceBehavior [ RunTime:0.001000s ]
INFO: [ app_end ] --END-- [ RunTime:0.001000s ]

[ 2016-07-28T17:58:48+08:00 ] 127.0.0.1 /index.php/Home/Login/chkUsername.html
INFO: [ app_begin ] --START--
INFO: Run Behavior\ReadHtmlCacheBehavior [ RunTime:0.000000s ]
INFO: [ app_begin ] --END-- [ RunTime:0.000000s ]
SQL: SHOW COLUMNS FROM `ebook_member` [ RunTime:0.0000s ]
SQL: SELECT COUNT(*) AS tp_count FROM `ebook_member` WHERE `username` = 'adm' LIMIT 1   [ RunTime:0.0000s ]
INFO: [ app_end ] --START--
INFO: Run Behavior\ShowPageTraceBehavior [ RunTime:0.000000s ]
INFO: [ app_end ] --END-- [ RunTime:0.000000s ]

[ 2016-07-28T17:58:48+08:00 ] 127.0.0.1 /index.php/Home/Login/chkUsername.html
INFO: [ app_begin ] --START--
INFO: Run Behavior\ReadHtmlCacheBehavior [ RunTime:0.001000s ]
INFO: [ app_begin ] --END-- [ RunTime:0.001000s ]
SQL: SHOW COLUMNS FROM `ebook_member` [ RunTime:0.0030s ]
SQL: SELECT COUNT(*) AS tp_count FROM `ebook_member` WHERE `username` = 'ad' LIMIT 1   [ RunTime:0.0010s ]
INFO: [ app_end ] --START--
INFO: Run Behavior\ShowPageTraceBehavior [ RunTime:0.001000s ]
INFO: [ app_end ] --END-- [ RunTime:0.001000s ]

[ 2016-07-28T17:58:49+08:00 ] 127.0.0.1 /index.php/Home/Login/chkUsername.html
INFO: [ app_begin ] --START--
INFO: Run Behavior\ReadHtmlCacheBehavior [ RunTime:0.001000s ]
INFO: [ app_begin ] --END-- [ RunTime:0.002000s ]
SQL: SHOW COLUMNS FROM `ebook_member` [ RunTime:0.0020s ]
SQL: SELECT COUNT(*) AS tp_count FROM `ebook_member` WHERE `username` = 'wan' LIMIT 1   [ RunTime:0.0000s ]
INFO: [ app_end ] --START--
INFO: Run Behavior\ShowPageTraceBehavior [ RunTime:0.001000s ]
INFO: [ app_end ] --END-- [ RunTime:0.001000s ]

[ 2016-07-28T17:58:49+08:00 ] 127.0.0.1 /index.php/Home/Login/chkUsername.html
INFO: [ app_begin ] --START--
INFO: Run Behavior\ReadHtmlCacheBehavior [ RunTime:0.000000s ]
INFO: [ app_begin ] --END-- [ RunTime:0.001000s ]
SQL: SHOW COLUMNS FROM `ebook_member` [ RunTime:0.0030s ]
SQL: SELECT COUNT(*) AS tp_count FROM `ebook_member` WHERE `username` = 'wang' LIMIT 1   [ RunTime:0.0000s ]
INFO: [ app_end ] --START--
INFO: Run Behavior\ShowPageTraceBehavior [ RunTime:0.001000s ]
INFO: [ app_end ] --END-- [ RunTime:0.001000s ]

[ 2016-07-28T17:58:49+08:00 ] 127.0.0.1 /index.php/Home/Login/chkUsername.html
INFO: [ app_begin ] --START--
INFO: Run Behavior\ReadHtmlCacheBehavior [ RunTime:0.001000s ]
INFO: [ app_begin ] --END-- [ RunTime:0.001000s ]
SQL: SHOW COLUMNS FROM `ebook_member` [ RunTime:0.0030s ]
SQL: SELECT COUNT(*) AS tp_count FROM `ebook_member` WHERE `username` = 'wangb' LIMIT 1   [ RunTime:0.0000s ]
INFO: [ app_end ] --START--
INFO: Run Behavior\ShowPageTraceBehavior [ RunTime:0.001000s ]
INFO: [ app_end ] --END-- [ RunTime:0.001000s ]

[ 2016-07-28T17:58:49+08:00 ] 127.0.0.1 /index.php/Home/Login/chkUsername.html
INFO: [ app_begin ] --START--
INFO: Run Behavior\ReadHtmlCacheBehavior [ RunTime:0.001000s ]
INFO: [ app_begin ] --END-- [ RunTime:0.002000s ]
SQL: SHOW COLUMNS FROM `ebook_member` [ RunTime:0.0030s ]
SQL: SELECT COUNT(*) AS tp_count FROM `ebook_member` WHERE `username` = 'wangbi' LIMIT 1   [ RunTime:0.0010s ]
INFO: [ app_end ] --START--
INFO: Run Behavior\ShowPageTraceBehavior [ RunTime:0.001000s ]
INFO: [ app_end ] --END-- [ RunTime:0.001000s ]

[ 2016-07-28T17:58:50+08:00 ] 127.0.0.1 /index.php/Home/Login/chkUsername.html
INFO: [ app_begin ] --START--
INFO: Run Behavior\ReadHtmlCacheBehavior [ RunTime:0.001000s ]
INFO: [ app_begin ] --END-- [ RunTime:0.002000s ]
SQL: SHOW COLUMNS FROM `ebook_member` [ RunTime:0.0030s ]
SQL: SELECT COUNT(*) AS tp_count FROM `ebook_member` WHERE `username` = 'wangbin' LIMIT 1   [ RunTime:0.0000s ]
INFO: [ app_end ] --START--
INFO: Run Behavior\ShowPageTraceBehavior [ RunTime:0.000000s ]
INFO: [ app_end ] --END-- [ RunTime:0.000000s ]

[ 2016-07-28T17:59:03+08:00 ] 127.0.0.1 /index.php/Home/login/chkVerify.html
INFO: [ app_begin ] --START--
INFO: Run Behavior\ReadHtmlCacheBehavior [ RunTime:0.000000s ]
INFO: [ app_begin ] --END-- [ RunTime:0.000000s ]
INFO: [ app_end ] --START--
INFO: Run Behavior\ShowPageTraceBehavior [ RunTime:0.000000s ]
INFO: [ app_end ] --END-- [ RunTime:0.000000s ]

[ 2016-07-28T17:59:03+08:00 ] 127.0.0.1 /index.php/Home/Login/register.html
INFO: [ app_begin ] --START--
INFO: Run Behavior\ReadHtmlCacheBehavior [ RunTime:0.000000s ]
INFO: [ app_begin ] --END-- [ RunTime:0.000000s ]
SQL: SHOW COLUMNS FROM `ebook_member` [ RunTime:0.0000s ]
NOTIC: [8] Undefined index: validate F:\Study\Project\ThinkPHP\Library\Think\Model.class.php 第 1185 行.

[ 2016-07-28T19:16:57+08:00 ] 127.0.0.1 /index.php/Home/Login/chkVerify.html
INFO: [ app_begin ] --START--
INFO: Run Behavior\ReadHtmlCacheBehavior [ RunTime:0.000000s ]
INFO: [ app_begin ] --END-- [ RunTime:0.000000s ]
INFO: [ app_end ] --START--
INFO: Run Behavior\ShowPageTraceBehavior [ RunTime:0.000000s ]
INFO: [ app_end ] --END-- [ RunTime:0.000000s ]

[ 2016-07-28T19:16:57+08:00 ] 127.0.0.1 /index.php/Home/Login/login.html
INFO: [ app_begin ] --START--
INFO: Run Behavior\ReadHtmlCacheBehavior [ RunTime:0.001001s ]
INFO: [ app_begin ] --END-- [ RunTime:0.001001s ]
SQL: SHOW COLUMNS FROM `ebook_member` [ RunTime:0.0176s ]
SQL: SELECT `userid` FROM `ebook_member` WHERE `username` = 'admin' AND `password` = '202cb962ac59075b964b07152d234b70' LIMIT 1   [ RunTime:0.0000s ]

