[ 2016-07-28T09:08:25+08:00 ] 172.16.11.192 /three14/pinmo/index.php/Home/Shopcar/addcar.html
INFO: [ app_begin ] --START--
INFO: Run Behavior\ReadHtmlCacheBehavior [ RunTime:0.000554s ]
INFO: [ app_begin ] --END-- [ RunTime:0.000969s ]
SQL: SHOW COLUMNS FROM `pm_ad` [ RunTime:0.0036s ]
SQL: SELECT * FROM `pm_ad` WHERE ( state=1 AND position="logo" ) LIMIT 1   [ RunTime:0.0004s ]
SQL: SHOW COLUMNS FROM `pm_category` [ RunTime:0.0032s ]
SQL: SELECT * FROM `pm_category` WHERE ( pid=0 )  [ RunTime:0.0002s ]
SQL: SELECT * FROM `pm_category` WHERE `pid` = 16  [ RunTime:0.0002s ]
SQL: SELECT * FROM `pm_category` WHERE `pid` = 17  [ RunTime:0.0001s ]
SQL: SELECT * FROM `pm_category` WHERE `pid` = 19  [ RunTime:0.0001s ]
SQL: SELECT * FROM `pm_category` WHERE `pid` = 20  [ RunTime:0.0001s ]
SQL: SELECT * FROM `pm_category` WHERE `pid` = 21  [ RunTime:0.0001s ]
SQL: SELECT * FROM `pm_category` WHERE `pid` = 22  [ RunTime:0.0001s ]
SQL: SELECT * FROM `pm_category` WHERE `pid` = 23  [ RunTime:0.0001s ]
SQL: SELECT * FROM `pm_category` WHERE `pid` = 24  [ RunTime:0.0001s ]
SQL: SELECT * FROM `pm_category` WHERE `pid` = 25  [ RunTime:0.0001s ]
SQL: SELECT * FROM `pm_category` WHERE `pid` = 26  [ RunTime:0.0001s ]
SQL: SELECT * FROM `pm_category` WHERE `pid` = 27  [ RunTime:0.0001s ]
SQL: SELECT * FROM `pm_category` WHERE `pid` = 28  [ RunTime:0.0001s ]
SQL: SELECT * FROM `pm_category` WHERE `pid` = 29  [ RunTime:0.0001s ]
SQL: SELECT * FROM `pm_category` WHERE `pid` = 30  [ RunTime:0.0001s ]
SQL: SELECT * FROM `pm_category` WHERE `pid` = 31  [ RunTime:0.0001s ]
SQL: SELECT * FROM `pm_category` WHERE `pid` = 32  [ RunTime:0.0001s ]
SQL: SELECT * FROM `pm_category` WHERE `pid` = 33  [ RunTime:0.0001s ]
SQL: SELECT * FROM `pm_category` WHERE `pid` = 34  [ RunTime:0.0001s ]
SQL: SELECT * FROM `pm_category` WHERE `pid` = 35  [ RunTime:0.0001s ]
SQL: SELECT * FROM `pm_category` WHERE `pid` = 36  [ RunTime:0.0001s ]
SQL: SELECT * FROM `pm_category` WHERE `pid` = 37  [ RunTime:0.0001s ]
SQL: SELECT * FROM `pm_category` WHERE `pid` = 38  [ RunTime:0.0001s ]
SQL: SELECT * FROM `pm_category` WHERE `pid` = 39  [ RunTime:0.0001s ]
SQL: SELECT * FROM `pm_category` WHERE `pid` = 40  [ RunTime:0.0001s ]
SQL: SELECT * FROM `pm_category` WHERE `pid` = 41  [ RunTime:0.0001s ]
SQL: SELECT * FROM `pm_category` WHERE `pid` = 42  [ RunTime:0.0001s ]
SQL: SELECT * FROM `pm_category` WHERE `pid` = 43  [ RunTime:0.0001s ]
SQL: SELECT * FROM `pm_category` WHERE `pid` = 44  [ RunTime:0.0001s ]
SQL: SELECT * FROM `pm_category` WHERE `pid` = 45  [ RunTime:0.0001s ]
SQL: SELECT * FROM `pm_category` WHERE `pid` = 46  [ RunTime:0.0001s ]
SQL: SELECT * FROM `pm_category` WHERE `pid` = 47  [ RunTime:0.0001s ]
SQL: SELECT * FROM `pm_category` WHERE `pid` = 48  [ RunTime:0.0001s ]
SQL: SELECT * FROM `pm_category` WHERE `pid` = 49  [ RunTime:0.0001s ]
SQL: SELECT * FROM `pm_category` WHERE `pid` = 50  [ RunTime:0.0001s ]
SQL: SHOW COLUMNS FROM `pm_category` [ RunTime:0.0033s ]
SQL: SELECT * FROM `pm_category` WHERE ( pid=0 )  [ RunTime:0.0002s ]
SQL: SHOW COLUMNS FROM `pm_goods` [ RunTime:0.0030s ]
SQL: SELECT * FROM `pm_goods` WHERE ( issale=1 ) ORDER BY salenum desc LIMIT 3   [ RunTime:0.0003s ]
SQL: SHOW COLUMNS FROM `pm_user` [ RunTime:0.0033s ]
SQL: SELECT `photo` FROM `pm_user` WHERE ( username='' ) LIMIT 1   [ RunTime:0.0002s ]
SQL: SHOW COLUMNS FROM `pm_brand` [ RunTime:0.0031s ]
SQL: SELECT * FROM `pm_brand`  [ RunTime:0.0001s ]
SQL: SELECT * FROM `pm_category` WHERE ( pid=0 )  [ RunTime:0.0001s ]
NOTIC: [8] Undefined index: m D:\wamp\apache\htdocs\three14\pinmo\pinmo\Home\Controller\CommonController.class.php 第 51 行.
SQL: SELECT * FROM `pm_goods` WHERE ( id=120 )  [ RunTime:0.0003s ]

[ 2016-07-28T09:08:48+08:00 ] 172.16.11.192 /three14/pinmo/index.php/Home/Register/chkUsername.html
INFO: [ app_begin ] --START--
INFO: Run Behavior\ReadHtmlCacheBehavior [ RunTime:0.001148s ]
INFO: [ app_begin ] --END-- [ RunTime:0.001833s ]
SQL: SHOW COLUMNS FROM `pm_user` [ RunTime:0.0035s ]
SQL: SELECT COUNT(*) AS tp_count FROM `pm_user` WHERE `username` = '123' LIMIT 1   [ RunTime:0.0003s ]
INFO: [ app_end ] --START--
INFO: Run Behavior\ShowPageTraceBehavior [ RunTime:0.000578s ]
INFO: [ app_end ] --END-- [ RunTime:0.000629s ]

[ 2016-07-28T09:09:18+08:00 ] 172.16.11.192 /three14/pinmo/index.php/Home/Register/chkVerify.html
INFO: [ app_begin ] --START--
INFO: Run Behavior\ReadHtmlCacheBehavior [ RunTime:0.001168s ]
INFO: [ app_begin ] --END-- [ RunTime:0.001881s ]
INFO: [ app_end ] --START--
INFO: Run Behavior\ShowPageTraceBehavior [ RunTime:0.001037s ]
INFO: [ app_end ] --END-- [ RunTime:0.001177s ]

[ 2016-07-28T09:09:19+08:00 ] 172.16.11.192 /three14/pinmo/index.php/Home/Register/register.html
INFO: [ app_begin ] --START--
INFO: Run Behavior\ReadHtmlCacheBehavior [ RunTime:0.001489s ]
INFO: [ app_begin ] --END-- [ RunTime:0.002246s ]
SQL: SHOW COLUMNS FROM `pm_user` [ RunTime:0.0043s ]
NOTIC: [8] Undefined index: validate D:\wamp\apache\htdocs\three14\pinmo\ThinkPHP\Library\Think\Model.class.php 第 1185 行.
NOTIC: [8] Undefined index: auto D:\wamp\apache\htdocs\three14\pinmo\ThinkPHP\Library\Think\Model.class.php 第 1128 行.
SQL: INSERT INTO `pm_user` (`username`,`password`,`email`,`creatime`) VALUES ('123','827ccb0eea8a706c4c34a16891f84e7b','1@.com','1469668159') [ RunTime:0.0016s ]

[ 2016-07-28T09:09:37+08:00 ] 172.16.11.192 /three14/pinmo/index.php/Home/Login/chkVerify.html
INFO: [ app_begin ] --START--
INFO: Run Behavior\ReadHtmlCacheBehavior [ RunTime:0.000494s ]
INFO: [ app_begin ] --END-- [ RunTime:0.000788s ]
INFO: [ app_end ] --START--
INFO: Run Behavior\ShowPageTraceBehavior [ RunTime:0.000525s ]
INFO: [ app_end ] --END-- [ RunTime:0.000603s ]

[ 2016-07-28T09:09:44+08:00 ] 172.16.11.192 /three14/pinmo/index.php/Home/Login/chkVerify.html
INFO: [ app_begin ] --START--
INFO: Run Behavior\ReadHtmlCacheBehavior [ RunTime:0.000643s ]
INFO: [ app_begin ] --END-- [ RunTime:0.001072s ]
INFO: [ app_end ] --START--
INFO: Run Behavior\ShowPageTraceBehavior [ RunTime:0.000505s ]
INFO: [ app_end ] --END-- [ RunTime:0.000589s ]

[ 2016-07-28T09:09:45+08:00 ] 172.16.11.192 /three14/pinmo/index.php/Home/Login/chkVerify.html
INFO: [ app_begin ] --START--
INFO: Run Behavior\ReadHtmlCacheBehavior [ RunTime:0.004004s ]
INFO: [ app_begin ] --END-- [ RunTime:0.004958s ]
INFO: [ app_end ] --START--
INFO: Run Behavior\ShowPageTraceBehavior [ RunTime:0.000790s ]
INFO: [ app_end ] --END-- [ RunTime:0.000895s ]

[ 2016-07-28T09:09:46+08:00 ] 172.16.11.192 /three14/pinmo/index.php/Home/Login/chkVerify.html
INFO: [ app_begin ] --START--
INFO: Run Behavior\ReadHtmlCacheBehavior [ RunTime:0.000637s ]
INFO: [ app_begin ] --END-- [ RunTime:0.001028s ]
INFO: [ app_end ] --START--
INFO: Run Behavior\ShowPageTraceBehavior [ RunTime:0.000708s ]
INFO: [ app_end ] --END-- [ RunTime:0.000804s ]

[ 2016-07-28T09:09:47+08:00 ] 172.16.11.192 /three14/pinmo/index.php/Home/Login/login.html
INFO: [ app_begin ] --START--
INFO: Run Behavior\ReadHtmlCacheBehavior [ RunTime:0.001240s ]
INFO: [ app_begin ] --END-- [ RunTime:0.002020s ]
SQL: SHOW COLUMNS FROM `pm_user` [ RunTime:0.0031s ]
SQL: SELECT `id` FROM `pm_user` WHERE `username` = '123' AND `password` = '827ccb0eea8a706c4c34a16891f84e7b' AND `state` = 1 LIMIT 1   [ RunTime:0.0004s ]
SQL: SHOW COLUMNS FROM `pm_car` [ RunTime:0.0034s ]
SQL: SELECT * FROM `pm_car` WHERE `mid` = 101  [ RunTime:0.0003s ]

[ 2016-07-28T09:10:20+08:00 ] 172.16.11.192 /three14/pinmo/index.php/Home/Login/chkVerify.html
INFO: [ app_begin ] --START--
INFO: Run Behavior\ReadHtmlCacheBehavior [ RunTime:0.001154s ]
INFO: [ app_begin ] --END-- [ RunTime:0.001907s ]
INFO: [ app_end ] --START--
INFO: Run Behavior\ShowPageTraceBehavior [ RunTime:0.001277s ]
INFO: [ app_end ] --END-- [ RunTime:0.001458s ]

[ 2016-07-28T09:10:20+08:00 ] 172.16.11.192 /three14/pinmo/index.php/Home/Login/login.html
INFO: [ app_begin ] --START--
INFO: Run Behavior\ReadHtmlCacheBehavior [ RunTime:0.001649s ]
INFO: [ app_begin ] --END-- [ RunTime:0.002489s ]
SQL: SHOW COLUMNS FROM `pm_user` [ RunTime:0.0078s ]
SQL: SELECT `id` FROM `pm_user` WHERE `username` = '123' AND `password` = '827ccb0eea8a706c4c34a16891f84e7b' AND `state` = 1 LIMIT 1   [ RunTime:0.0003s ]
SQL: SHOW COLUMNS FROM `pm_car` [ RunTime:0.0044s ]
SQL: SELECT * FROM `pm_car` WHERE `mid` = 101  [ RunTime:0.0003s ]

[ 2016-07-28T09:10:52+08:00 ] 172.16.11.192 /three14/pinmo/index.php/Home/Login/chkVerify.html
INFO: [ app_begin ] --START--
INFO: Run Behavior\ReadHtmlCacheBehavior [ RunTime:0.000579s ]
INFO: [ app_begin ] --END-- [ RunTime:0.000924s ]
INFO: [ app_end ] --START--
INFO: Run Behavior\ShowPageTraceBehavior [ RunTime:0.000428s ]
INFO: [ app_end ] --END-- [ RunTime:0.000493s ]

[ 2016-07-28T09:10:55+08:00 ] 172.16.11.192 /three14/pinmo/index.php/Home/Login/chkVerify.html
INFO: [ app_begin ] --START--
INFO: Run Behavior\ReadHtmlCacheBehavior [ RunTime:0.000611s ]
INFO: [ app_begin ] --END-- [ RunTime:0.000985s ]
INFO: [ app_end ] --START--
INFO: Run Behavior\ShowPageTraceBehavior [ RunTime:0.000552s ]
INFO: [ app_end ] --END-- [ RunTime:0.000629s ]

[ 2016-07-28T09:10:56+08:00 ] 172.16.11.192 /three14/pinmo/index.php/Home/Login/chkVerify.html
INFO: [ app_begin ] --START--
INFO: Run Behavior\ReadHtmlCacheBehavior [ RunTime:0.000675s ]
INFO: [ app_begin ] --END-- [ RunTime:0.001084s ]
INFO: [ app_end ] --START--
INFO: Run Behavior\ShowPageTraceBehavior [ RunTime:0.000601s ]
INFO: [ app_end ] --END-- [ RunTime:0.000694s ]

[ 2016-07-28T09:10:57+08:00 ] 172.16.11.192 /three14/pinmo/index.php/Home/Login/login.html
INFO: [ app_begin ] --START--
INFO: Run Behavior\ReadHtmlCacheBehavior [ RunTime:0.000701s ]
INFO: [ app_begin ] --END-- [ RunTime:0.001154s ]
SQL: SHOW COLUMNS FROM `pm_user` [ RunTime:0.0043s ]
SQL: SELECT `id` FROM `pm_user` WHERE `username` = '123' AND `password` = '827ccb0eea8a706c4c34a16891f84e7b' AND `state` = 1 LIMIT 1   [ RunTime:0.0003s ]
SQL: SHOW COLUMNS FROM `pm_car` [ RunTime:0.0048s ]
SQL: SELECT * FROM `pm_car` WHERE `mid` = 101  [ RunTime:0.0002s ]

[ 2016-07-28T09:11:03+08:00 ] 172.16.11.192 /three14/pinmo/index.php/Home/Shopcar/addcar.html
INFO: [ app_begin ] --START--
INFO: Run Behavior\ReadHtmlCacheBehavior [ RunTime:0.001205s ]
INFO: [ app_begin ] --END-- [ RunTime:0.002095s ]
SQL: SHOW COLUMNS FROM `pm_ad` [ RunTime:0.0035s ]
SQL: SELECT * FROM `pm_ad` WHERE ( state=1 AND position="logo" ) LIMIT 1   [ RunTime:0.0002s ]
SQL: SHOW COLUMNS FROM `pm_category` [ RunTime:0.0031s ]
SQL: SELECT * FROM `pm_category` WHERE ( pid=0 )  [ RunTime:0.0002s ]
SQL: SELECT * FROM `pm_category` WHERE `pid` = 16  [ RunTime:0.0001s ]
SQL: SELECT * FROM `pm_category` WHERE `pid` = 17  [ RunTime:0.0001s ]
SQL: SELECT * FROM `pm_category` WHERE `pid` = 19  [ RunTime:0.0001s ]
SQL: SELECT * FROM `pm_category` WHERE `pid` = 20  [ RunTime:0.0001s ]
SQL: SELECT * FROM `pm_category` WHERE `pid` = 21  [ RunTime:0.0001s ]
SQL: SELECT * FROM `pm_category` WHERE `pid` = 22  [ RunTime:0.0001s ]
SQL: SELECT * FROM `pm_category` WHERE `pid` = 23  [ RunTime:0.0001s ]
SQL: SELECT * FROM `pm_category` WHERE `pid` = 24  [ RunTime:0.0001s ]
SQL: SELECT * FROM `pm_category` WHERE `pid` = 25  [ RunTime:0.0001s ]
SQL: SELECT * FROM `pm_category` WHERE `pid` = 26  [ RunTime:0.0001s ]
SQL: SELECT * FROM `pm_category` WHERE `pid` = 27  [ RunTime:0.0001s ]
SQL: SELECT * FROM `pm_category` WHERE `pid` = 28  [ RunTime:0.0001s ]
SQL: SELECT * FROM `pm_category` WHERE `pid` = 29  [ RunTime:0.0001s ]
SQL: SELECT * FROM `pm_category` WHERE `pid` = 30  [ RunTime:0.0001s ]
SQL: SELECT * FROM `pm_category` WHERE `pid` = 31  [ RunTime:0.0001s ]
SQL: SELECT * FROM `pm_category` WHERE `pid` = 32  [ RunTime:0.0001s ]
SQL: SELECT * FROM `pm_category` WHERE `pid` = 33  [ RunTime:0.0001s ]
SQL: SELECT * FROM `pm_category` WHERE `pid` = 34  [ RunTime:0.0001s ]
SQL: SELECT * FROM `pm_category` WHERE `pid` = 35  [ RunTime:0.0001s ]
SQL: SELECT * FROM `pm_category` WHERE `pid` = 36  [ RunTime:0.0001s ]
SQL: SELECT * FROM `pm_category` WHERE `pid` = 37  [ RunTime:0.0001s ]
SQL: SELECT * FROM `pm_category` WHERE `pid` = 38  [ RunTime:0.0001s ]
SQL: SELECT * FROM `pm_category` WHERE `pid` = 39  [ RunTime:0.0001s ]
SQL: SELECT * FROM `pm_category` WHERE `pid` = 40  [ RunTime:0.0001s ]
SQL: SELECT * FROM `pm_category` WHERE `pid` = 41  [ RunTime:0.0001s ]
SQL: SELECT * FROM `pm_category` WHERE `pid` = 42  [ RunTime:0.0001s ]
SQL: SELECT * FROM `pm_category` WHERE `pid` = 43  [ RunTime:0.0001s ]
SQL: SELECT * FROM `pm_category` WHERE `pid` = 44  [ RunTime:0.0001s ]
SQL: SELECT * FROM `pm_category` WHERE `pid` = 45  [ RunTime:0.0001s ]
SQL: SELECT * FROM `pm_category` WHERE `pid` = 46  [ RunTime:0.0001s ]
SQL: SELECT * FROM `pm_category` WHERE `pid` = 47  [ RunTime:0.0001s ]
SQL: SELECT * FROM `pm_category` WHERE `pid` = 48  [ RunTime:0.0001s ]
SQL: SELECT * FROM `pm_category` WHERE `pid` = 49  [ RunTime:0.0001s ]
SQL: SELECT * FROM `pm_category` WHERE `pid` = 50  [ RunTime:0.0001s ]
SQL: SHOW COLUMNS FROM `pm_category` [ RunTime:0.0032s ]
SQL: SELECT * FROM `pm_category` WHERE ( pid=0 )  [ RunTime:0.0002s ]
SQL: SHOW COLUMNS FROM `pm_goods` [ RunTime:0.0034s ]
SQL: SELECT * FROM `pm_goods` WHERE ( issale=1 ) ORDER BY salenum desc LIMIT 3   [ RunTime:0.0002s ]
SQL: SHOW COLUMNS FROM `pm_user` [ RunTime:0.0034s ]
SQL: SELECT `photo` FROM `pm_user` WHERE ( username='123' ) LIMIT 1   [ RunTime:0.0001s ]
SQL: SHOW COLUMNS FROM `pm_brand` [ RunTime:0.0032s ]
SQL: SELECT * FROM `pm_brand`  [ RunTime:0.0001s ]
SQL: SELECT * FROM `pm_category` WHERE ( pid=0 )  [ RunTime:0.0001s ]
NOTIC: [8] Undefined index: m101 D:\wamp\apache\htdocs\three14\pinmo\pinmo\Home\Controller\CommonController.class.php 第 51 行.
SQL: SELECT * FROM `pm_goods` WHERE ( id=120 )  [ RunTime:0.0001s ]
SQL: SELECT * FROM `pm_goods` WHERE `id` = 120 LIMIT 1   [ RunTime:0.0003s ]

[ 2016-07-28T09:11:12+08:00 ] 172.16.11.192 /three14/pinmo/index.php/Home/Shopcar/playorder.html
INFO: [ app_begin ] --START--
INFO: Run Behavior\ReadHtmlCacheBehavior [ RunTime:0.000610s ]
INFO: [ app_begin ] --END-- [ RunTime:0.000989s ]
SQL: SHOW COLUMNS FROM `pm_ad` [ RunTime:0.0039s ]
SQL: SELECT * FROM `pm_ad` WHERE ( state=1 AND position="logo" ) LIMIT 1   [ RunTime:0.0002s ]
SQL: SHOW COLUMNS FROM `pm_category` [ RunTime:0.0031s ]
SQL: SELECT * FROM `pm_category` WHERE ( pid=0 )  [ RunTime:0.0002s ]
SQL: SELECT * FROM `pm_category` WHERE `pid` = 16  [ RunTime:0.0001s ]
SQL: SELECT * FROM `pm_category` WHERE `pid` = 17  [ RunTime:0.0001s ]
SQL: SELECT * FROM `pm_category` WHERE `pid` = 19  [ RunTime:0.0001s ]
SQL: SELECT * FROM `pm_category` WHERE `pid` = 20  [ RunTime:0.0001s ]
SQL: SELECT * FROM `pm_category` WHERE `pid` = 21  [ RunTime:0.0001s ]
SQL: SELECT * FROM `pm_category` WHERE `pid` = 22  [ RunTime:0.0001s ]
SQL: SELECT * FROM `pm_category` WHERE `pid` = 23  [ RunTime:0.0001s ]
SQL: SELECT * FROM `pm_category` WHERE `pid` = 24  [ RunTime:0.0001s ]
SQL: SELECT * FROM `pm_category` WHERE `pid` = 25  [ RunTime:0.0001s ]
SQL: SELECT * FROM `pm_category` WHERE `pid` = 26  [ RunTime:0.0001s ]
SQL: SELECT * FROM `pm_category` WHERE `pid` = 27  [ RunTime:0.0001s ]
SQL: SELECT * FROM `pm_category` WHERE `pid` = 28  [ RunTime:0.0001s ]
SQL: SELECT * FROM `pm_category` WHERE `pid` = 29  [ RunTime:0.0001s ]
SQL: SELECT * FROM `pm_category` WHERE `pid` = 30  [ RunTime:0.0001s ]
SQL: SELECT * FROM `pm_category` WHERE `pid` = 31  [ RunTime:0.0001s ]
SQL: SELECT * FROM `pm_category` WHERE `pid` = 32  [ RunTime:0.0001s ]
SQL: SELECT * FROM `pm_category` WHERE `pid` = 33  [ RunTime:0.0001s ]
SQL: SELECT * FROM `pm_category` WHERE `pid` = 34  [ RunTime:0.0002s ]
SQL: SELECT * FROM `pm_category` WHERE `pid` = 35  [ RunTime:0.0001s ]
SQL: SELECT * FROM `pm_category` WHERE `pid` = 36  [ RunTime:0.0001s ]
SQL: SELECT * FROM `pm_category` WHERE `pid` = 37  [ RunTime:0.0001s ]
SQL: SELECT * FROM `pm_category` WHERE `pid` = 38  [ RunTime:0.0001s ]
SQL: SELECT * FROM `pm_category` WHERE `pid` = 39  [ RunTime:0.0001s ]
SQL: SELECT * FROM `pm_category` WHERE `pid` = 40  [ RunTime:0.0001s ]
SQL: SELECT * FROM `pm_category` WHERE `pid` = 41  [ RunTime:0.0001s ]
SQL: SELECT * FROM `pm_category` WHERE `pid` = 42  [ RunTime:0.0001s ]
SQL: SELECT * FROM `pm_category` WHERE `pid` = 43  [ RunTime:0.0001s ]
SQL: SELECT * FROM `pm_category` WHERE `pid` = 44  [ RunTime:0.0001s ]
SQL: SELECT * FROM `pm_category` WHERE `pid` = 45  [ RunTime:0.0001s ]
SQL: SELECT * FROM `pm_category` WHERE `pid` = 46  [ RunTime:0.0001s ]
SQL: SELECT * FROM `pm_category` WHERE `pid` = 47  [ RunTime:0.0001s ]
SQL: SELECT * FROM `pm_category` WHERE `pid` = 48  [ RunTime:0.0001s ]
SQL: SELECT * FROM `pm_category` WHERE `pid` = 49  [ RunTime:0.0001s ]
SQL: SELECT * FROM `pm_category` WHERE `pid` = 50  [ RunTime:0.0001s ]
SQL: SHOW COLUMNS FROM `pm_category` [ RunTime:0.0029s ]
SQL: SELECT * FROM `pm_category` WHERE ( pid=0 )  [ RunTime:0.0001s ]
SQL: SHOW COLUMNS FROM `pm_goods` [ RunTime:0.0035s ]
SQL: SELECT * FROM `pm_goods` WHERE ( issale=1 ) ORDER BY salenum desc LIMIT 3   [ RunTime:0.0003s ]
SQL: SHOW COLUMNS FROM `pm_user` [ RunTime:0.0034s ]
SQL: SELECT `photo` FROM `pm_user` WHERE ( username='123' ) LIMIT 1   [ RunTime:0.0001s ]
SQL: SHOW COLUMNS FROM `pm_brand` [ RunTime:0.0034s ]
SQL: SELECT * FROM `pm_brand`  [ RunTime:0.0003s ]
SQL: SELECT * FROM `pm_category` WHERE ( pid=0 )  [ RunTime:0.0001s ]
SQL: SELECT * FROM `pm_goods` WHERE ( id=120 )  [ RunTime:0.0001s ]
SQL: SHOW COLUMNS FROM `pm_order` [ RunTime:0.0032s ]
SQL: INSERT INTO `pm_order` (`mid`,`creatime`,`ordernum`,`prices`) VALUES ('101','1469668272','2016-07-2864ec9ddb420e1bf6','88') [ RunTime:0.0012s ]
SQL: SHOW COLUMNS FROM `pm_ordergoods` [ RunTime:0.0033s ]
SQL: INSERT INTO `pm_ordergoods` (`goodsid`,`goodspic`,`goodsnum`,`orderid`) VALUES ('120','57931ad2d98b5.jpg','1','57') [ RunTime:0.0007s ]

[ 2016-07-28T09:12:31+08:00 ] 172.16.11.192 /three14/pinmo/index.php/Home/Shopcar/pay.html
INFO: [ app_begin ] --START--
INFO: Run Behavior\ReadHtmlCacheBehavior [ RunTime:0.000568s ]
INFO: [ app_begin ] --END-- [ RunTime:0.000935s ]
SQL: SHOW COLUMNS FROM `pm_ad` [ RunTime:0.0030s ]
SQL: SELECT * FROM `pm_ad` WHERE ( state=1 AND position="logo" ) LIMIT 1   [ RunTime:0.0001s ]
SQL: SHOW COLUMNS FROM `pm_category` [ RunTime:0.0027s ]
SQL: SELECT * FROM `pm_category` WHERE ( pid=0 )  [ RunTime:0.0001s ]
SQL: SELECT * FROM `pm_category` WHERE `pid` = 16  [ RunTime:0.0001s ]
SQL: SELECT * FROM `pm_category` WHERE `pid` = 17  [ RunTime:0.0001s ]
SQL: SELECT * FROM `pm_category` WHERE `pid` = 19  [ RunTime:0.0001s ]
SQL: SELECT * FROM `pm_category` WHERE `pid` = 20  [ RunTime:0.0001s ]
SQL: SELECT * FROM `pm_category` WHERE `pid` = 21  [ RunTime:0.0001s ]
SQL: SELECT * FROM `pm_category` WHERE `pid` = 22  [ RunTime:0.0001s ]
SQL: SELECT * FROM `pm_category` WHERE `pid` = 23  [ RunTime:0.0001s ]
SQL: SELECT * FROM `pm_category` WHERE `pid` = 24  [ RunTime:0.0001s ]
SQL: SELECT * FROM `pm_category` WHERE `pid` = 25  [ RunTime:0.0001s ]
SQL: SELECT * FROM `pm_category` WHERE `pid` = 26  [ RunTime:0.0001s ]
SQL: SELECT * FROM `pm_category` WHERE `pid` = 27  [ RunTime:0.0001s ]
SQL: SELECT * FROM `pm_category` WHERE `pid` = 28  [ RunTime:0.0001s ]
SQL: SELECT * FROM `pm_category` WHERE `pid` = 29  [ RunTime:0.0001s ]
SQL: SELECT * FROM `pm_category` WHERE `pid` = 30  [ RunTime:0.0001s ]
SQL: SELECT * FROM `pm_category` WHERE `pid` = 31  [ RunTime:0.0001s ]
SQL: SELECT * FROM `pm_category` WHERE `pid` = 32  [ RunTime:0.0001s ]
SQL: SELECT * FROM `pm_category` WHERE `pid` = 33  [ RunTime:0.0001s ]
SQL: SELECT * FROM `pm_category` WHERE `pid` = 34  [ RunTime:0.0001s ]
SQL: SELECT * FROM `pm_category` WHERE `pid` = 35  [ RunTime:0.0001s ]
SQL: SELECT * FROM `pm_category` WHERE `pid` = 36  [ RunTime:0.0001s ]
SQL: SELECT * FROM `pm_category` WHERE `pid` = 37  [ RunTime:0.0001s ]
SQL: SELECT * FROM `pm_category` WHERE `pid` = 38  [ RunTime:0.0001s ]
SQL: SELECT * FROM `pm_category` WHERE `pid` = 39  [ RunTime:0.0001s ]
SQL: SELECT * FROM `pm_category` WHERE `pid` = 40  [ RunTime:0.0001s ]
SQL: SELECT * FROM `pm_category` WHERE `pid` = 41  [ RunTime:0.0001s ]
SQL: SELECT * FROM `pm_category` WHERE `pid` = 42  [ RunTime:0.0001s ]
SQL: SELECT * FROM `pm_category` WHERE `pid` = 43  [ RunTime:0.0001s ]
SQL: SELECT * FROM `pm_category` WHERE `pid` = 44  [ RunTime:0.0001s ]
SQL: SELECT * FROM `pm_category` WHERE `pid` = 45  [ RunTime:0.0001s ]
SQL: SELECT * FROM `pm_category` WHERE `pid` = 46  [ RunTime:0.0001s ]
SQL: SELECT * FROM `pm_category` WHERE `pid` = 47  [ RunTime:0.0001s ]
SQL: SELECT * FROM `pm_category` WHERE `pid` = 48  [ RunTime:0.0001s ]
SQL: SELECT * FROM `pm_category` WHERE `pid` = 49  [ RunTime:0.0001s ]
SQL: SELECT * FROM `pm_category` WHERE `pid` = 50  [ RunTime:0.0001s ]
SQL: SHOW COLUMNS FROM `pm_category` [ RunTime:0.0026s ]
SQL: SELECT * FROM `pm_category` WHERE ( pid=0 )  [ RunTime:0.0001s ]
SQL: SHOW COLUMNS FROM `pm_goods` [ RunTime:0.0029s ]
SQL: SELECT * FROM `pm_goods` WHERE ( issale=1 ) ORDER BY salenum desc LIMIT 3   [ RunTime:0.0005s ]
SQL: SHOW COLUMNS FROM `pm_user` [ RunTime:0.0034s ]
SQL: SELECT `photo` FROM `pm_user` WHERE ( username='123' ) LIMIT 1   [ RunTime:0.0003s ]
SQL: SHOW COLUMNS FROM `pm_brand` [ RunTime:0.0027s ]
SQL: SELECT * FROM `pm_brand`  [ RunTime:0.0001s ]
SQL: SELECT * FROM `pm_category` WHERE ( pid=0 )  [ RunTime:0.0001s ]
SQL: SELECT * FROM `pm_goods` WHERE ( id=120 )  [ RunTime:0.0001s ]
NOTIC: [8] Undefined index: add D:\wamp\apache\htdocs\three14\pinmo\pinmo\Home\Controller\ShopcarController.class.php 第 135 行.

[ 2016-07-28T09:12:49+08:00 ] 172.16.11.192 /three14/pinmo/index.php/Home/Address/addeidt.html
INFO: [ app_begin ] --START--
INFO: Run Behavior\ReadHtmlCacheBehavior [ RunTime:0.000466s ]
INFO: [ app_begin ] --END-- [ RunTime:0.000764s ]
SQL: SHOW COLUMNS FROM `pm_ad` [ RunTime:0.0085s ]
SQL: SELECT * FROM `pm_ad` WHERE ( state=1 AND position="logo" ) LIMIT 1   [ RunTime:0.0022s ]
SQL: SHOW COLUMNS FROM `pm_category` [ RunTime:0.0034s ]
SQL: SELECT * FROM `pm_category` WHERE ( pid=0 )  [ RunTime:0.0003s ]
SQL: SELECT * FROM `pm_category` WHERE `pid` = 16  [ RunTime:0.0002s ]
SQL: SELECT * FROM `pm_category` WHERE `pid` = 17  [ RunTime:0.0001s ]
SQL: SELECT * FROM `pm_category` WHERE `pid` = 19  [ RunTime:0.0001s ]
SQL: SELECT * FROM `pm_category` WHERE `pid` = 20  [ RunTime:0.0001s ]
SQL: SELECT * FROM `pm_category` WHERE `pid` = 21  [ RunTime:0.0001s ]
SQL: SELECT * FROM `pm_category` WHERE `pid` = 22  [ RunTime:0.0001s ]
SQL: SELECT * FROM `pm_category` WHERE `pid` = 23  [ RunTime:0.0001s ]
SQL: SELECT * FROM `pm_category` WHERE `pid` = 24  [ RunTime:0.0002s ]
SQL: SELECT * FROM `pm_category` WHERE `pid` = 25  [ RunTime:0.0001s ]
SQL: SELECT * FROM `pm_category` WHERE `pid` = 26  [ RunTime:0.0005s ]
SQL: SELECT * FROM `pm_category` WHERE `pid` = 27  [ RunTime:0.0004s ]
SQL: SELECT * FROM `pm_category` WHERE `pid` = 28  [ RunTime:0.0003s ]
SQL: SELECT * FROM `pm_category` WHERE `pid` = 29  [ RunTime:0.0001s ]
SQL: SELECT * FROM `pm_category` WHERE `pid` = 30  [ RunTime:0.0002s ]
SQL: SELECT * FROM `pm_category` WHERE `pid` = 31  [ RunTime:0.0002s ]
SQL: SELECT * FROM `pm_category` WHERE `pid` = 32  [ RunTime:0.0001s ]
SQL: SELECT * FROM `pm_category` WHERE `pid` = 33  [ RunTime:0.0001s ]
SQL: SELECT * FROM `pm_category` WHERE `pid` = 34  [ RunTime:0.0002s ]
SQL: SELECT * FROM `pm_category` WHERE `pid` = 35  [ RunTime:0.0001s ]
SQL: SELECT * FROM `pm_category` WHERE `pid` = 36  [ RunTime:0.0001s ]
SQL: SELECT * FROM `pm_category` WHERE `pid` = 37  [ RunTime:0.0002s ]
SQL: SELECT * FROM `pm_category` WHERE `pid` = 38  [ RunTime:0.0001s ]
SQL: SELECT * FROM `pm_category` WHERE `pid` = 39  [ RunTime:0.0001s ]
SQL: SELECT * FROM `pm_category` WHERE `pid` = 40  [ RunTime:0.0001s ]
SQL: SELECT * FROM `pm_category` WHERE `pid` = 41  [ RunTime:0.0001s ]
SQL: SELECT * FROM `pm_category` WHERE `pid` = 42  [ RunTime:0.0001s ]
SQL: SELECT * FROM `pm_category` WHERE `pid` = 43  [ RunTime:0.0002s ]
SQL: SELECT * FROM `pm_category` WHERE `pid` = 44  [ RunTime:0.0002s ]
SQL: SELECT * FROM `pm_category` WHERE `pid` = 45  [ RunTime:0.0018s ]
SQL: SELECT * FROM `pm_category` WHERE `pid` = 46  [ RunTime:0.0004s ]
SQL: SELECT * FROM `pm_category` WHERE `pid` = 47  [ RunTime:0.0001s ]
SQL: SELECT * FROM `pm_category` WHERE `pid` = 48  [ RunTime:0.0001s ]
SQL: SELECT * FROM `pm_category` WHERE `pid` = 49  [ RunTime:0.0001s ]
SQL: SELECT * FROM `pm_category` WHERE `pid` = 50  [ RunTime:0.0001s ]
SQL: SHOW COLUMNS FROM `pm_category` [ RunTime:0.0144s ]
SQL: SELECT * FROM `pm_category` WHERE ( pid=0 )  [ RunTime:0.0003s ]
SQL: SHOW COLUMNS FROM `pm_goods` [ RunTime:0.0072s ]
SQL: SELECT * FROM `pm_goods` WHERE ( issale=1 ) ORDER BY salenum desc LIMIT 3   [ RunTime:0.0002s ]
SQL: SHOW COLUMNS FROM `pm_user` [ RunTime:0.0046s ]
SQL: SELECT `photo` FROM `pm_user` WHERE ( username='123' ) LIMIT 1   [ RunTime:0.0002s ]
SQL: SHOW COLUMNS FROM `pm_brand` [ RunTime:0.0037s ]
SQL: SELECT * FROM `pm_brand`  [ RunTime:0.0003s ]
SQL: SELECT * FROM `pm_category` WHERE ( pid=0 )  [ RunTime:0.0002s ]
SQL: SELECT * FROM `pm_goods` WHERE ( id=120 )  [ RunTime:0.0003s ]
SQL: SHOW COLUMNS FROM `pm_address` [ RunTime:0.0046s ]
SQL: SHOW COLUMNS FROM `pm_address` [ RunTime:0.0038s ]
SQL: SELECT * FROM `pm_address` WHERE ( uid=101 )  [ RunTime:0.0006s ]
SQL: INSERT INTO `pm_address` (`recever`,`address1`,`address2`,`post`,`mobile`,`uid`,`isdefault`) VALUES ('123','北京市北京市东城区','1号','462400','13637383940','101','1') [ RunTime:0.0014s ]

[ 2016-07-28T09:13:16+08:00 ] 172.16.11.192 /three14/pinmo/index.php/Home/Shopcar/pay.html
INFO: [ app_begin ] --START--
INFO: Run Behavior\ReadHtmlCacheBehavior [ RunTime:0.000478s ]
INFO: [ app_begin ] --END-- [ RunTime:0.000776s ]
SQL: SHOW COLUMNS FROM `pm_ad` [ RunTime:0.0030s ]
SQL: SELECT * FROM `pm_ad` WHERE ( state=1 AND position="logo" ) LIMIT 1   [ RunTime:0.0001s ]
SQL: SHOW COLUMNS FROM `pm_category` [ RunTime:0.0029s ]
SQL: SELECT * FROM `pm_category` WHERE ( pid=0 )  [ RunTime:0.0002s ]
SQL: SELECT * FROM `pm_category` WHERE `pid` = 16  [ RunTime:0.0001s ]
SQL: SELECT * FROM `pm_category` WHERE `pid` = 17  [ RunTime:0.0001s ]
SQL: SELECT * FROM `pm_category` WHERE `pid` = 19  [ RunTime:0.0001s ]
SQL: SELECT * FROM `pm_category` WHERE `pid` = 20  [ RunTime:0.0001s ]
SQL: SELECT * FROM `pm_category` WHERE `pid` = 21  [ RunTime:0.0001s ]
SQL: SELECT * FROM `pm_category` WHERE `pid` = 22  [ RunTime:0.0001s ]
SQL: SELECT * FROM `pm_category` WHERE `pid` = 23  [ RunTime:0.0001s ]
SQL: SELECT * FROM `pm_category` WHERE `pid` = 24  [ RunTime:0.0001s ]
SQL: SELECT * FROM `pm_category` WHERE `pid` = 25  [ RunTime:0.0001s ]
SQL: SELECT * FROM `pm_category` WHERE `pid` = 26  [ RunTime:0.0001s ]
SQL: SELECT * FROM `pm_category` WHERE `pid` = 27  [ RunTime:0.0001s ]
SQL: SELECT * FROM `pm_category` WHERE `pid` = 28  [ RunTime:0.0001s ]
SQL: SELECT * FROM `pm_category` WHERE `pid` = 29  [ RunTime:0.0001s ]
SQL: SELECT * FROM `pm_category` WHERE `pid` = 30  [ RunTime:0.0001s ]
SQL: SELECT * FROM `pm_category` WHERE `pid` = 31  [ RunTime:0.0001s ]
SQL: SELECT * FROM `pm_category` WHERE `pid` = 32  [ RunTime:0.0001s ]
SQL: SELECT * FROM `pm_category` WHERE `pid` = 33  [ RunTime:0.0001s ]
SQL: SELECT * FROM `pm_category` WHERE `pid` = 34  [ RunTime:0.0001s ]
SQL: SELECT * FROM `pm_category` WHERE `pid` = 35  [ RunTime:0.0001s ]
SQL: SELECT * FROM `pm_category` WHERE `pid` = 36  [ RunTime:0.0001s ]
SQL: SELECT * FROM `pm_category` WHERE `pid` = 37  [ RunTime:0.0002s ]
SQL: SELECT * FROM `pm_category` WHERE `pid` = 38  [ RunTime:0.0001s ]
SQL: SELECT * FROM `pm_category` WHERE `pid` = 39  [ RunTime:0.0001s ]
SQL: SELECT * FROM `pm_category` WHERE `pid` = 40  [ RunTime:0.0001s ]
SQL: SELECT * FROM `pm_category` WHERE `pid` = 41  [ RunTime:0.0001s ]
SQL: SELECT * FROM `pm_category` WHERE `pid` = 42  [ RunTime:0.0001s ]
SQL: SELECT * FROM `pm_category` WHERE `pid` = 43  [ RunTime:0.0001s ]
SQL: SELECT * FROM `pm_category` WHERE `pid` = 44  [ RunTime:0.0001s ]
SQL: SELECT * FROM `pm_category` WHERE `pid` = 45  [ RunTime:0.0001s ]
SQL: SELECT * FROM `pm_category` WHERE `pid` = 46  [ RunTime:0.0001s ]
SQL: SELECT * FROM `pm_category` WHERE `pid` = 47  [ RunTime:0.0001s ]
SQL: SELECT * FROM `pm_category` WHERE `pid` = 48  [ RunTime:0.0001s ]
SQL: SELECT * FROM `pm_category` WHERE `pid` = 49  [ RunTime:0.0001s ]
SQL: SELECT * FROM `pm_category` WHERE `pid` = 50  [ RunTime:0.0001s ]
SQL: SHOW COLUMNS FROM `pm_category` [ RunTime:0.0030s ]
SQL: SELECT * FROM `pm_category` WHERE ( pid=0 )  [ RunTime:0.0001s ]
SQL: SHOW COLUMNS FROM `pm_goods` [ RunTime:0.0033s ]
SQL: SELECT * FROM `pm_goods` WHERE ( issale=1 ) ORDER BY salenum desc LIMIT 3   [ RunTime:0.0002s ]
SQL: SHOW COLUMNS FROM `pm_user` [ RunTime:0.0031s ]
SQL: SELECT `photo` FROM `pm_user` WHERE ( username='123' ) LIMIT 1   [ RunTime:0.0001s ]
SQL: SHOW COLUMNS FROM `pm_brand` [ RunTime:0.0032s ]
SQL: SELECT * FROM `pm_brand`  [ RunTime:0.0003s ]
SQL: SELECT * FROM `pm_category` WHERE ( pid=0 )  [ RunTime:0.0001s ]
SQL: SELECT * FROM `pm_goods` WHERE ( id=120 )  [ RunTime:0.0001s ]
SQL: SHOW COLUMNS FROM `pm_order` [ RunTime:0.0035s ]
SQL: UPDATE `pm_order` SET `address`='65',`status`='2' WHERE `ordernum` = '2016-07-2864ec9ddb420e1bf6' [ RunTime:0.0016s ]
SQL: SELECT * FROM `pm_goods` WHERE `id` = 122 LIMIT 1   [ RunTime:0.0003s ]
SQL: UPDATE `pm_goods` SET `salenum`='2' WHERE `id` = 122 [ RunTime:0.0006s ]
SQL: SELECT * FROM `pm_goods` WHERE `id` = 120 LIMIT 1   [ RunTime:0.0002s ]
SQL: UPDATE `pm_goods` SET `salenum`='785' WHERE `id` = 120 [ RunTime:0.0005s ]

[ 2016-07-28T09:21:37+08:00 ] 172.16.11.192 /three14/pinmo/index.php/Home/Shopcar/addcar.html
INFO: [ app_begin ] --START--
INFO: Run Behavior\ReadHtmlCacheBehavior [ RunTime:0.001362s ]
INFO: [ app_begin ] --END-- [ RunTime:0.002089s ]
SQL: SHOW COLUMNS FROM `pm_ad` [ RunTime:0.0039s ]
SQL: SELECT * FROM `pm_ad` WHERE ( state=1 AND position="logo" ) LIMIT 1   [ RunTime:0.0003s ]
SQL: SHOW COLUMNS FROM `pm_category` [ RunTime:0.0041s ]
SQL: SELECT * FROM `pm_category` WHERE ( pid=0 )  [ RunTime:0.0002s ]
SQL: SELECT * FROM `pm_category` WHERE `pid` = 16  [ RunTime:0.0001s ]
SQL: SELECT * FROM `pm_category` WHERE `pid` = 17  [ RunTime:0.0001s ]
SQL: SELECT * FROM `pm_category` WHERE `pid` = 19  [ RunTime:0.0001s ]
SQL: SELECT * FROM `pm_category` WHERE `pid` = 20  [ RunTime:0.0002s ]
SQL: SELECT * FROM `pm_category` WHERE `pid` = 21  [ RunTime:0.0001s ]
SQL: SELECT * FROM `pm_category` WHERE `pid` = 22  [ RunTime:0.0001s ]
SQL: SELECT * FROM `pm_category` WHERE `pid` = 23  [ RunTime:0.0001s ]
SQL: SELECT * FROM `pm_category` WHERE `pid` = 24  [ RunTime:0.0001s ]
SQL: SELECT * FROM `pm_category` WHERE `pid` = 25  [ RunTime:0.0001s ]
SQL: SELECT * FROM `pm_category` WHERE `pid` = 26  [ RunTime:0.0001s ]
SQL: SELECT * FROM `pm_category` WHERE `pid` = 27  [ RunTime:0.0001s ]
SQL: SELECT * FROM `pm_category` WHERE `pid` = 28  [ RunTime:0.0001s ]
SQL: SELECT * FROM `pm_category` WHERE `pid` = 29  [ RunTime:0.0001s ]
SQL: SELECT * FROM `pm_category` WHERE `pid` = 30  [ RunTime:0.0001s ]
SQL: SELECT * FROM `pm_category` WHERE `pid` = 31  [ RunTime:0.0001s ]
SQL: SELECT * FROM `pm_category` WHERE `pid` = 32  [ RunTime:0.0001s ]
SQL: SELECT * FROM `pm_category` WHERE `pid` = 33  [ RunTime:0.0001s ]
SQL: SELECT * FROM `pm_category` WHERE `pid` = 34  [ RunTime:0.0002s ]
SQL: SELECT * FROM `pm_category` WHERE `pid` = 35  [ RunTime:0.0002s ]
SQL: SELECT * FROM `pm_category` WHERE `pid` = 36  [ RunTime:0.0002s ]
SQL: SELECT * FROM `pm_category` WHERE `pid` = 37  [ RunTime:0.0001s ]
SQL: SELECT * FROM `pm_category` WHERE `pid` = 38  [ RunTime:0.0001s ]
SQL: SELECT * FROM `pm_category` WHERE `pid` = 39  [ RunTime:0.0001s ]
SQL: SELECT * FROM `pm_category` WHERE `pid` = 40  [ RunTime:0.0001s ]
SQL: SELECT * FROM `pm_category` WHERE `pid` = 41  [ RunTime:0.0001s ]
SQL: SELECT * FROM `pm_category` WHERE `pid` = 42  [ RunTime:0.0001s ]
SQL: SELECT * FROM `pm_category` WHERE `pid` = 43  [ RunTime:0.0001s ]
SQL: SELECT * FROM `pm_category` WHERE `pid` = 44  [ RunTime:0.0001s ]
SQL: SELECT * FROM `pm_category` WHERE `pid` = 45  [ RunTime:0.0001s ]
SQL: SELECT * FROM `pm_category` WHERE `pid` = 46  [ RunTime:0.0001s ]
SQL: SELECT * FROM `pm_category` WHERE `pid` = 47  [ RunTime:0.0001s ]
SQL: SELECT * FROM `pm_category` WHERE `pid` = 48  [ RunTime:0.0001s ]
SQL: SELECT * FROM `pm_category` WHERE `pid` = 49  [ RunTime:0.0001s ]
SQL: SELECT * FROM `pm_category` WHERE `pid` = 50  [ RunTime:0.0001s ]
SQL: SHOW COLUMNS FROM `pm_category` [ RunTime:0.0035s ]
SQL: SELECT * FROM `pm_category` WHERE ( pid=0 )  [ RunTime:0.0001s ]
SQL: SHOW COLUMNS FROM `pm_goods` [ RunTime:0.0036s ]
SQL: SELECT * FROM `pm_goods` WHERE ( issale=1 ) ORDER BY salenum desc LIMIT 3   [ RunTime:0.0002s ]
SQL: SHOW COLUMNS FROM `pm_user` [ RunTime:0.0042s ]
SQL: SELECT `photo` FROM `pm_user` WHERE ( username='123' ) LIMIT 1   [ RunTime:0.0003s ]
SQL: SHOW COLUMNS FROM `pm_brand` [ RunTime:0.0039s ]
SQL: SELECT * FROM `pm_brand`  [ RunTime:0.0002s ]
SQL: SELECT * FROM `pm_category` WHERE ( pid=0 )  [ RunTime:0.0001s ]
SQL: SELECT * FROM `pm_goods` WHERE ( id=120 )  [ RunTime:0.0001s ]
SQL: SELECT * FROM `pm_goods` WHERE ( id=135 )  [ RunTime:0.0001s ]
SQL: SELECT * FROM `pm_goods` WHERE ( id=137 )  [ RunTime:0.0003s ]
SQL: SELECT * FROM `pm_goods` WHERE `id` = 137 LIMIT 1   [ RunTime:0.0002s ]

[ 2016-07-28T09:21:49+08:00 ] 172.16.11.192 /three14/pinmo/index.php/Home/Login/logout.html
INFO: [ app_begin ] --START--
INFO: Run Behavior\ReadHtmlCacheBehavior [ RunTime:0.001060s ]
INFO: [ app_begin ] --END-- [ RunTime:0.001790s ]
SQL: SHOW COLUMNS FROM `pm_car` [ RunTime:0.0041s ]
SQL: SELECT * FROM `pm_car` WHERE `mid` = 101 AND `goodsid` = 137 LIMIT 1   [ RunTime:0.0003s ]
SQL: INSERT INTO `pm_car` (`mid`,`goodsid`,`num`) VALUES ('101','137','1') [ RunTime:0.0009s ]

[ 2016-07-28T09:44:12+08:00 ] 172.16.11.178 /three14/pinmo/index.php/Home/Shopcar/addcar.html
INFO: [ app_begin ] --START--
INFO: Run Behavior\ReadHtmlCacheBehavior [ RunTime:0.000532s ]
INFO: [ app_begin ] --END-- [ RunTime:0.000846s ]
SQL: SHOW COLUMNS FROM `pm_ad` [ RunTime:0.0033s ]
SQL: SELECT * FROM `pm_ad` WHERE ( state=1 AND position="logo" ) LIMIT 1   [ RunTime:0.0002s ]
SQL: SHOW COLUMNS FROM `pm_category` [ RunTime:0.0034s ]
SQL: SELECT * FROM `pm_category` WHERE ( pid=0 )  [ RunTime:0.0002s ]
SQL: SELECT * FROM `pm_category` WHERE `pid` = 16  [ RunTime:0.0001s ]
SQL: SELECT * FROM `pm_category` WHERE `pid` = 17  [ RunTime:0.0001s ]
SQL: SELECT * FROM `pm_category` WHERE `pid` = 19  [ RunTime:0.0001s ]
SQL: SELECT * FROM `pm_category` WHERE `pid` = 20  [ RunTime:0.0001s ]
SQL: SELECT * FROM `pm_category` WHERE `pid` = 21  [ RunTime:0.0001s ]
SQL: SELECT * FROM `pm_category` WHERE `pid` = 22  [ RunTime:0.0001s ]
SQL: SELECT * FROM `pm_category` WHERE `pid` = 23  [ RunTime:0.0001s ]
SQL: SELECT * FROM `pm_category` WHERE `pid` = 24  [ RunTime:0.0001s ]
SQL: SELECT * FROM `pm_category` WHERE `pid` = 25  [ RunTime:0.0001s ]
SQL: SELECT * FROM `pm_category` WHERE `pid` = 26  [ RunTime:0.0001s ]
SQL: SELECT * FROM `pm_category` WHERE `pid` = 27  [ RunTime:0.0001s ]
SQL: SELECT * FROM `pm_category` WHERE `pid` = 28  [ RunTime:0.0001s ]
SQL: SELECT * FROM `pm_category` WHERE `pid` = 29  [ RunTime:0.0001s ]
SQL: SELECT * FROM `pm_category` WHERE `pid` = 30  [ RunTime:0.0001s ]
SQL: SELECT * FROM `pm_category` WHERE `pid` = 31  [ RunTime:0.0001s ]
SQL: SELECT * FROM `pm_category` WHERE `pid` = 32  [ RunTime:0.0001s ]
SQL: SELECT * FROM `pm_category` WHERE `pid` = 33  [ RunTime:0.0001s ]
SQL: SELECT * FROM `pm_category` WHERE `pid` = 34  [ RunTime:0.0001s ]
SQL: SELECT * FROM `pm_category` WHERE `pid` = 35  [ RunTime:0.0001s ]
SQL: SELECT * FROM `pm_category` WHERE `pid` = 36  [ RunTime:0.0001s ]
SQL: SELECT * FROM `pm_category` WHERE `pid` = 37  [ RunTime:0.0001s ]
SQL: SELECT * FROM `pm_category` WHERE `pid` = 38  [ RunTime:0.0001s ]
SQL: SELECT * FROM `pm_category` WHERE `pid` = 39  [ RunTime:0.0001s ]
SQL: SELECT * FROM `pm_category` WHERE `pid` = 40  [ RunTime:0.0001s ]
SQL: SELECT * FROM `pm_category` WHERE `pid` = 41  [ RunTime:0.0001s ]
SQL: SELECT * FROM `pm_category` WHERE `pid` = 42  [ RunTime:0.0001s ]
SQL: SELECT * FROM `pm_category` WHERE `pid` = 43  [ RunTime:0.0001s ]
SQL: SELECT * FROM `pm_category` WHERE `pid` = 44  [ RunTime:0.0001s ]
SQL: SELECT * FROM `pm_category` WHERE `pid` = 45  [ RunTime:0.0001s ]
SQL: SELECT * FROM `pm_category` WHERE `pid` = 46  [ RunTime:0.0001s ]
SQL: SELECT * FROM `pm_category` WHERE `pid` = 47  [ RunTime:0.0001s ]
SQL: SELECT * FROM `pm_category` WHERE `pid` = 48  [ RunTime:0.0001s ]
SQL: SELECT * FROM `pm_category` WHERE `pid` = 49  [ RunTime:0.0001s ]
SQL: SELECT * FROM `pm_category` WHERE `pid` = 50  [ RunTime:0.0001s ]
SQL: SHOW COLUMNS FROM `pm_category` [ RunTime:0.0036s ]
SQL: SELECT * FROM `pm_category` WHERE ( pid=0 )  [ RunTime:0.0002s ]
SQL: SHOW COLUMNS FROM `pm_goods` [ RunTime:0.0036s ]
SQL: SELECT * FROM `pm_goods` WHERE ( issale=1 ) ORDER BY salenum desc LIMIT 3   [ RunTime:0.0002s ]
SQL: SHOW COLUMNS FROM `pm_user` [ RunTime:0.0031s ]
SQL: SELECT `photo` FROM `pm_user` WHERE ( username='' ) LIMIT 1   [ RunTime:0.0002s ]
SQL: SHOW COLUMNS FROM `pm_brand` [ RunTime:0.0028s ]
SQL: SELECT * FROM `pm_brand`  [ RunTime:0.0003s ]
SQL: SELECT * FROM `pm_category` WHERE ( pid=0 )  [ RunTime:0.0006s ]
NOTIC: [8] Undefined index: m D:\wamp\apache\htdocs\three14\pinmo\pinmo\Home\Controller\CommonController.class.php 第 51 行.
SQL: SELECT * FROM `pm_goods` WHERE ( id=151 )  [ RunTime:0.0005s ]

[ 2016-07-28T09:44:26+08:00 ] 172.16.11.178 /three14/pinmo/index.php/Home/Login/chkVerify.html
INFO: [ app_begin ] --START--
INFO: Run Behavior\ReadHtmlCacheBehavior [ RunTime:0.000611s ]
INFO: [ app_begin ] --END-- [ RunTime:0.001074s ]
INFO: [ app_end ] --START--
INFO: Run Behavior\ShowPageTraceBehavior [ RunTime:0.000608s ]
INFO: [ app_end ] --END-- [ RunTime:0.000690s ]

[ 2016-07-28T09:44:26+08:00 ] 172.16.11.178 /three14/pinmo/index.php/Home/Login/login.html
INFO: [ app_begin ] --START--
INFO: Run Behavior\ReadHtmlCacheBehavior [ RunTime:0.000418s ]
INFO: [ app_begin ] --END-- [ RunTime:0.000750s ]
SQL: SHOW COLUMNS FROM `pm_user` [ RunTime:0.0039s ]
SQL: SELECT `id` FROM `pm_user` WHERE `username` = 'chenjinbo' AND `password` = 'e10adc3949ba59abbe56e057f20f883e' AND `state` = 1 LIMIT 1   [ RunTime:0.0005s ]
SQL: SHOW COLUMNS FROM `pm_car` [ RunTime:0.0035s ]
SQL: SELECT * FROM `pm_car` WHERE `mid` = 96  [ RunTime:0.0004s ]
SQL: SHOW COLUMNS FROM `pm_goods` [ RunTime:0.0033s ]
SQL: SELECT * FROM `pm_goods` WHERE `id` = 150 LIMIT 1   [ RunTime:0.0004s ]

[ 2016-07-28T09:47:45+08:00 ] 172.16.11.178 /three14/pinmo/index.php/Home/Login/logout.html
INFO: [ app_begin ] --START--
INFO: Run Behavior\ReadHtmlCacheBehavior [ RunTime:0.000528s ]
INFO: [ app_begin ] --END-- [ RunTime:0.000851s ]
SQL: SHOW COLUMNS FROM `pm_car` [ RunTime:0.0032s ]
SQL: SELECT * FROM `pm_car` WHERE `mid` = 96 AND `goodsid` = 150 LIMIT 1   [ RunTime:0.0004s ]
SQL: UPDATE `pm_car` SET `mid`='96',`goodsid`='150',`num`='1' WHERE `mid` = 96 AND `goodsid` = 150 [ RunTime:0.0191s ]

[ 2016-07-28T16:42:55+08:00 ] 172.16.11.178 /three14/pinmo/index.php/Home/Shopcar/playorder.html
INFO: [ app_begin ] --START--
INFO: Run Behavior\ReadHtmlCacheBehavior [ RunTime:0.000543s ]
INFO: [ app_begin ] --END-- [ RunTime:0.000992s ]
SQL: SHOW COLUMNS FROM `pm_ad` [ RunTime:0.0031s ]
SQL: SELECT * FROM `pm_ad` WHERE ( state=1 AND position="logo" ) LIMIT 1   [ RunTime:0.0001s ]
SQL: SHOW COLUMNS FROM `pm_category` [ RunTime:0.0032s ]
SQL: SELECT * FROM `pm_category` WHERE ( pid=0 )  [ RunTime:0.0002s ]
SQL: SELECT * FROM `pm_category` WHERE `pid` = 16  [ RunTime:0.0001s ]
SQL: SELECT * FROM `pm_category` WHERE `pid` = 17  [ RunTime:0.0001s ]
SQL: SELECT * FROM `pm_category` WHERE `pid` = 19  [ RunTime:0.0001s ]
SQL: SELECT * FROM `pm_category` WHERE `pid` = 20  [ RunTime:0.0001s ]
SQL: SELECT * FROM `pm_category` WHERE `pid` = 21  [ RunTime:0.0001s ]
SQL: SELECT * FROM `pm_category` WHERE `pid` = 22  [ RunTime:0.0001s ]
SQL: SELECT * FROM `pm_category` WHERE `pid` = 23  [ RunTime:0.0001s ]
SQL: SELECT * FROM `pm_category` WHERE `pid` = 24  [ RunTime:0.0001s ]
SQL: SELECT * FROM `pm_category` WHERE `pid` = 25  [ RunTime:0.0001s ]
SQL: SELECT * FROM `pm_category` WHERE `pid` = 26  [ RunTime:0.0001s ]
SQL: SELECT * FROM `pm_category` WHERE `pid` = 27  [ RunTime:0.0001s ]
SQL: SELECT * FROM `pm_category` WHERE `pid` = 28  [ RunTime:0.0001s ]
SQL: SELECT * FROM `pm_category` WHERE `pid` = 29  [ RunTime:0.0001s ]
SQL: SELECT * FROM `pm_category` WHERE `pid` = 30  [ RunTime:0.0001s ]
SQL: SELECT * FROM `pm_category` WHERE `pid` = 31  [ RunTime:0.0001s ]
SQL: SELECT * FROM `pm_category` WHERE `pid` = 32  [ RunTime:0.0001s ]
SQL: SELECT * FROM `pm_category` WHERE `pid` = 33  [ RunTime:0.0001s ]
SQL: SELECT * FROM `pm_category` WHERE `pid` = 34  [ RunTime:0.0001s ]
SQL: SELECT * FROM `pm_category` WHERE `pid` = 35  [ RunTime:0.0001s ]
SQL: SELECT * FROM `pm_category` WHERE `pid` = 36  [ RunTime:0.0001s ]
SQL: SELECT * FROM `pm_category` WHERE `pid` = 37  [ RunTime:0.0001s ]
SQL: SELECT * FROM `pm_category` WHERE `pid` = 38  [ RunTime:0.0001s ]
SQL: SELECT * FROM `pm_category` WHERE `pid` = 39  [ RunTime:0.0002s ]
SQL: SELECT * FROM `pm_category` WHERE `pid` = 40  [ RunTime:0.0001s ]
SQL: SELECT * FROM `pm_category` WHERE `pid` = 41  [ RunTime:0.0001s ]
SQL: SELECT * FROM `pm_category` WHERE `pid` = 42  [ RunTime:0.0001s ]
SQL: SELECT * FROM `pm_category` WHERE `pid` = 43  [ RunTime:0.0001s ]
SQL: SELECT * FROM `pm_category` WHERE `pid` = 44  [ RunTime:0.0001s ]
SQL: SELECT * FROM `pm_category` WHERE `pid` = 45  [ RunTime:0.0001s ]
SQL: SELECT * FROM `pm_category` WHERE `pid` = 46  [ RunTime:0.0001s ]
SQL: SELECT * FROM `pm_category` WHERE `pid` = 47  [ RunTime:0.0001s ]
SQL: SELECT * FROM `pm_category` WHERE `pid` = 48  [ RunTime:0.0001s ]
SQL: SELECT * FROM `pm_category` WHERE `pid` = 49  [ RunTime:0.0001s ]
SQL: SELECT * FROM `pm_category` WHERE `pid` = 50  [ RunTime:0.0001s ]
SQL: SHOW COLUMNS FROM `pm_category` [ RunTime:0.0029s ]
SQL: SELECT * FROM `pm_category` WHERE ( pid=0 )  [ RunTime:0.0001s ]
SQL: SHOW COLUMNS FROM `pm_goods` [ RunTime:0.0036s ]
SQL: SELECT * FROM `pm_goods` WHERE ( issale=1 ) ORDER BY salenum desc LIMIT 3   [ RunTime:0.0002s ]
SQL: SHOW COLUMNS FROM `pm_user` [ RunTime:0.0030s ]
SQL: SELECT `photo` FROM `pm_user` WHERE ( username='' ) LIMIT 1   [ RunTime:0.0001s ]
SQL: SHOW COLUMNS FROM `pm_brand` [ RunTime:0.0028s ]
SQL: SELECT * FROM `pm_brand`  [ RunTime:0.0003s ]
SQL: SELECT * FROM `pm_category` WHERE ( pid=0 )  [ RunTime:0.0001s ]
NOTIC: [8] Undefined index: m D:\wamp\apache\htdocs\three14\pinmo\pinmo\Home\Controller\CommonController.class.php 第 51 行.
NOTIC: [8] Undefined index: u D:\wamp\apache\htdocs\three14\pinmo\pinmo\Home\Controller\CommonController.class.php 第 55 行.
NOTIC: [2] Invalid argument supplied for foreach() D:\wamp\apache\htdocs\three14\pinmo\pinmo\Home\Controller\CommonController.class.php 第 55 行.
NOTIC: [8] Undefined variable: look D:\wamp\apache\htdocs\three14\pinmo\pinmo\Home\Controller\CommonController.class.php 第 60 行.
NOTIC: [2] Invalid argument supplied for foreach() D:\wamp\apache\htdocs\three14\pinmo\pinmo\Home\Controller\CommonController.class.php 第 60 行.
NOTIC: [8] Undefined variable: look1 D:\wamp\apache\htdocs\three14\pinmo\pinmo\Home\Controller\CommonController.class.php 第 64 行.
NOTIC: [2] array_reverse() expects parameter 1 to be array, null given D:\wamp\apache\htdocs\three14\pinmo\pinmo\Home\Controller\CommonController.class.php 第 64 行.
NOTIC: [2] array_splice() expects parameter 1 to be array, null given D:\wamp\apache\htdocs\three14\pinmo\pinmo\Home\Controller\CommonController.class.php 第 65 行.

[ 2016-07-28T19:35:05+08:00 ] 127.0.0.1 /three17/pinmo/index.php/Home/Login/login.html
INFO: [ app_begin ] --START--
INFO: Run Behavior\ReadHtmlCacheBehavior [ RunTime:0.000000s ]
INFO: [ app_begin ] --END-- [ RunTime:0.000000s ]
SQL: SHOW COLUMNS FROM `pm_user` [ RunTime:0.0000s ]
SQL: SELECT `id` FROM `pm_user` WHERE `username` = '张三' AND `password` = 'dc693143c7eb8dfe1f867164dfa662d1' AND `state` = 1 LIMIT 1   [ RunTime:0.0000s ]
SQL: SHOW COLUMNS FROM `pm_car` [ RunTime:0.0000s ]
SQL: SELECT * FROM `pm_car` WHERE `mid` = 97  [ RunTime:0.0000s ]

[ 2016-07-28T19:35:05+08:00 ] 127.0.0.1 /three17/pinmo/index.php/Home/Login/chkVerify.html
INFO: [ app_begin ] --START--
INFO: Run Behavior\ReadHtmlCacheBehavior [ RunTime:0.000000s ]
INFO: [ app_begin ] --END-- [ RunTime:0.000000s ]
INFO: [ app_end ] --START--
INFO: Run Behavior\ShowPageTraceBehavior [ RunTime:0.000000s ]
INFO: [ app_end ] --END-- [ RunTime:0.000000s ]

[ 2016-07-28T19:54:29+08:00 ] 127.0.0.1 /three17/pinmo/index.php/Home/MemberCenter/password_edit.html
INFO: [ app_begin ] --START--
INFO: Run Behavior\ReadHtmlCacheBehavior [ RunTime:0.000000s ]
INFO: [ app_begin ] --END-- [ RunTime:0.001000s ]
SQL: SHOW COLUMNS FROM `pm_ad` [ RunTime:0.0000s ]
SQL: SELECT * FROM `pm_ad` WHERE ( state=1 AND position="logo" ) LIMIT 1   [ RunTime:0.0000s ]
SQL: SHOW COLUMNS FROM `pm_user` [ RunTime:0.0156s ]
SQL: SELECT `photo` FROM `pm_user` WHERE ( username='张三' ) LIMIT 1   [ RunTime:0.0000s ]
SQL: SHOW COLUMNS FROM `pm_category` [ RunTime:0.0000s ]
SQL: SELECT * FROM `pm_category` WHERE ( pid=0 )  [ RunTime:0.0000s ]
SQL: SELECT * FROM `pm_category` WHERE `pid` = 16  [ RunTime:0.0000s ]
SQL: SELECT * FROM `pm_category` WHERE `pid` = 17  [ RunTime:0.0000s ]
SQL: SELECT * FROM `pm_category` WHERE `pid` = 19  [ RunTime:0.0000s ]
SQL: SELECT * FROM `pm_category` WHERE `pid` = 20  [ RunTime:0.0000s ]
SQL: SELECT * FROM `pm_category` WHERE `pid` = 21  [ RunTime:0.0156s ]
SQL: SELECT * FROM `pm_category` WHERE `pid` = 22  [ RunTime:0.0000s ]
SQL: SELECT * FROM `pm_category` WHERE `pid` = 23  [ RunTime:0.0000s ]
SQL: SELECT * FROM `pm_category` WHERE `pid` = 24  [ RunTime:0.0000s ]
SQL: SELECT * FROM `pm_category` WHERE `pid` = 25  [ RunTime:0.0000s ]
SQL: SELECT * FROM `pm_category` WHERE `pid` = 26  [ RunTime:0.0000s ]
SQL: SELECT * FROM `pm_category` WHERE `pid` = 27  [ RunTime:0.0000s ]
SQL: SELECT * FROM `pm_category` WHERE `pid` = 28  [ RunTime:0.0000s ]
SQL: SELECT * FROM `pm_category` WHERE `pid` = 29  [ RunTime:0.0000s ]
SQL: SELECT * FROM `pm_category` WHERE `pid` = 30  [ RunTime:0.0000s ]
SQL: SELECT * FROM `pm_category` WHERE `pid` = 31  [ RunTime:0.0000s ]
SQL: SELECT * FROM `pm_category` WHERE `pid` = 32  [ RunTime:0.0000s ]
SQL: SELECT * FROM `pm_category` WHERE `pid` = 33  [ RunTime:0.0000s ]
SQL: SELECT * FROM `pm_category` WHERE `pid` = 34  [ RunTime:0.0000s ]
SQL: SELECT * FROM `pm_category` WHERE `pid` = 35  [ RunTime:0.0000s ]
SQL: SELECT * FROM `pm_category` WHERE `pid` = 36  [ RunTime:0.0000s ]
SQL: SELECT * FROM `pm_category` WHERE `pid` = 37  [ RunTime:0.0000s ]
SQL: SELECT * FROM `pm_category` WHERE `pid` = 38  [ RunTime:0.0000s ]
SQL: SELECT * FROM `pm_category` WHERE `pid` = 39  [ RunTime:0.0156s ]
SQL: SELECT * FROM `pm_category` WHERE `pid` = 40  [ RunTime:0.0000s ]
SQL: SELECT * FROM `pm_category` WHERE `pid` = 41  [ RunTime:0.0000s ]
SQL: SELECT * FROM `pm_category` WHERE `pid` = 42  [ RunTime:0.0000s ]
SQL: SELECT * FROM `pm_category` WHERE `pid` = 43  [ RunTime:0.0000s ]
SQL: SELECT * FROM `pm_category` WHERE `pid` = 44  [ RunTime:0.0000s ]
SQL: SELECT * FROM `pm_category` WHERE `pid` = 45  [ RunTime:0.0000s ]
SQL: SELECT * FROM `pm_category` WHERE `pid` = 46  [ RunTime:0.0000s ]
SQL: SELECT * FROM `pm_category` WHERE `pid` = 47  [ RunTime:0.0000s ]
SQL: SELECT * FROM `pm_category` WHERE `pid` = 48  [ RunTime:0.0000s ]
SQL: SELECT * FROM `pm_category` WHERE `pid` = 49  [ RunTime:0.0000s ]
SQL: SELECT * FROM `pm_category` WHERE `pid` = 50  [ RunTime:0.0000s ]
NOTIC: [8] Undefined index: m97 D:\Program Files (x86)\WWW\htdocs\three17\pinmo\pinmo\Home\Controller\MemberCenterController.class.php 第 35 行.
SQL: SHOW COLUMNS FROM `pm_user` [ RunTime:0.0156s ]
SQL: SELECT * FROM `pm_user` WHERE ( username='张三' )  [ RunTime:0.0000s ]

[ 2016-07-28T19:54:37+08:00 ] 127.0.0.1 /three17/pinmo/index.php/Home/MemberCenter/password_edit.html
INFO: [ app_begin ] --START--
INFO: Run Behavior\ReadHtmlCacheBehavior [ RunTime:0.000000s ]
INFO: [ app_begin ] --END-- [ RunTime:0.000000s ]
SQL: SHOW COLUMNS FROM `pm_ad` [ RunTime:0.0000s ]
SQL: SELECT * FROM `pm_ad` WHERE ( state=1 AND position="logo" ) LIMIT 1   [ RunTime:0.0000s ]
SQL: SHOW COLUMNS FROM `pm_user` [ RunTime:0.0156s ]
SQL: SELECT `photo` FROM `pm_user` WHERE ( username='张三' ) LIMIT 1   [ RunTime:0.0000s ]
SQL: SHOW COLUMNS FROM `pm_category` [ RunTime:0.0000s ]
SQL: SELECT * FROM `pm_category` WHERE ( pid=0 )  [ RunTime:0.0000s ]
SQL: SELECT * FROM `pm_category` WHERE `pid` = 16  [ RunTime:0.0000s ]
SQL: SELECT * FROM `pm_category` WHERE `pid` = 17  [ RunTime:0.0000s ]
SQL: SELECT * FROM `pm_category` WHERE `pid` = 19  [ RunTime:0.0000s ]
SQL: SELECT * FROM `pm_category` WHERE `pid` = 20  [ RunTime:0.0000s ]
SQL: SELECT * FROM `pm_category` WHERE `pid` = 21  [ RunTime:0.0000s ]
SQL: SELECT * FROM `pm_category` WHERE `pid` = 22  [ RunTime:0.0000s ]
SQL: SELECT * FROM `pm_category` WHERE `pid` = 23  [ RunTime:0.0000s ]
SQL: SELECT * FROM `pm_category` WHERE `pid` = 24  [ RunTime:0.0000s ]
SQL: SELECT * FROM `pm_category` WHERE `pid` = 25  [ RunTime:0.0000s ]
SQL: SELECT * FROM `pm_category` WHERE `pid` = 26  [ RunTime:0.0000s ]
SQL: SELECT * FROM `pm_category` WHERE `pid` = 27  [ RunTime:0.0000s ]
SQL: SELECT * FROM `pm_category` WHERE `pid` = 28  [ RunTime:0.0000s ]
SQL: SELECT * FROM `pm_category` WHERE `pid` = 29  [ RunTime:0.0000s ]
SQL: SELECT * FROM `pm_category` WHERE `pid` = 30  [ RunTime:0.0000s ]
SQL: SELECT * FROM `pm_category` WHERE `pid` = 31  [ RunTime:0.0000s ]
SQL: SELECT * FROM `pm_category` WHERE `pid` = 32  [ RunTime:0.0000s ]
SQL: SELECT * FROM `pm_category` WHERE `pid` = 33  [ RunTime:0.0000s ]
SQL: SELECT * FROM `pm_category` WHERE `pid` = 34  [ RunTime:0.0000s ]
SQL: SELECT * FROM `pm_category` WHERE `pid` = 35  [ RunTime:0.0000s ]
SQL: SELECT * FROM `pm_category` WHERE `pid` = 36  [ RunTime:0.0000s ]
SQL: SELECT * FROM `pm_category` WHERE `pid` = 37  [ RunTime:0.0000s ]
SQL: SELECT * FROM `pm_category` WHERE `pid` = 38  [ RunTime:0.0000s ]
SQL: SELECT * FROM `pm_category` WHERE `pid` = 39  [ RunTime:0.0000s ]
SQL: SELECT * FROM `pm_category` WHERE `pid` = 40  [ RunTime:0.0000s ]
SQL: SELECT * FROM `pm_category` WHERE `pid` = 41  [ RunTime:0.0000s ]
SQL: SELECT * FROM `pm_category` WHERE `pid` = 42  [ RunTime:0.0000s ]
SQL: SELECT * FROM `pm_category` WHERE `pid` = 43  [ RunTime:0.0156s ]
SQL: SELECT * FROM `pm_category` WHERE `pid` = 44  [ RunTime:0.0000s ]
SQL: SELECT * FROM `pm_category` WHERE `pid` = 45  [ RunTime:0.0000s ]
SQL: SELECT * FROM `pm_category` WHERE `pid` = 46  [ RunTime:0.0000s ]
SQL: SELECT * FROM `pm_category` WHERE `pid` = 47  [ RunTime:0.0000s ]
SQL: SELECT * FROM `pm_category` WHERE `pid` = 48  [ RunTime:0.0000s ]
SQL: SELECT * FROM `pm_category` WHERE `pid` = 49  [ RunTime:0.0000s ]
SQL: SELECT * FROM `pm_category` WHERE `pid` = 50  [ RunTime:0.0000s ]
NOTIC: [8] Undefined index: m97 D:\Program Files (x86)\WWW\htdocs\three17\pinmo\pinmo\Home\Controller\MemberCenterController.class.php 第 35 行.
SQL: SHOW COLUMNS FROM `pm_user` [ RunTime:0.0000s ]
SQL: SELECT * FROM `pm_user` WHERE ( username='张三' )  [ RunTime:0.0000s ]

[ 2016-07-28T19:54:43+08:00 ] 127.0.0.1 /three17/pinmo/index.php/Home/MemberCenter/password_edit.html
INFO: [ app_begin ] --START--
INFO: Run Behavior\ReadHtmlCacheBehavior [ RunTime:0.000000s ]
INFO: [ app_begin ] --END-- [ RunTime:0.000000s ]
SQL: SHOW COLUMNS FROM `pm_ad` [ RunTime:0.0080s ]
SQL: SELECT * FROM `pm_ad` WHERE ( state=1 AND position="logo" ) LIMIT 1   [ RunTime:0.0010s ]
SQL: SHOW COLUMNS FROM `pm_user` [ RunTime:0.0010s ]
SQL: SELECT `photo` FROM `pm_user` WHERE ( username='张三' ) LIMIT 1   [ RunTime:0.0000s ]
SQL: SHOW COLUMNS FROM `pm_category` [ RunTime:0.0000s ]
SQL: SELECT * FROM `pm_category` WHERE ( pid=0 )  [ RunTime:0.0156s ]
SQL: SELECT * FROM `pm_category` WHERE `pid` = 16  [ RunTime:0.0000s ]
SQL: SELECT * FROM `pm_category` WHERE `pid` = 17  [ RunTime:0.0000s ]
SQL: SELECT * FROM `pm_category` WHERE `pid` = 19  [ RunTime:0.0000s ]
SQL: SELECT * FROM `pm_category` WHERE `pid` = 20  [ RunTime:0.0000s ]
SQL: SELECT * FROM `pm_category` WHERE `pid` = 21  [ RunTime:0.0000s ]
SQL: SELECT * FROM `pm_category` WHERE `pid` = 22  [ RunTime:0.0000s ]
SQL: SELECT * FROM `pm_category` WHERE `pid` = 23  [ RunTime:0.0000s ]
SQL: SELECT * FROM `pm_category` WHERE `pid` = 24  [ RunTime:0.0000s ]
SQL: SELECT * FROM `pm_category` WHERE `pid` = 25  [ RunTime:0.0000s ]
SQL: SELECT * FROM `pm_category` WHERE `pid` = 26  [ RunTime:0.0000s ]
SQL: SELECT * FROM `pm_category` WHERE `pid` = 27  [ RunTime:0.0000s ]
SQL: SELECT * FROM `pm_category` WHERE `pid` = 28  [ RunTime:0.0000s ]
SQL: SELECT * FROM `pm_category` WHERE `pid` = 29  [ RunTime:0.0000s ]
SQL: SELECT * FROM `pm_category` WHERE `pid` = 30  [ RunTime:0.0000s ]
SQL: SELECT * FROM `pm_category` WHERE `pid` = 31  [ RunTime:0.0000s ]
SQL: SELECT * FROM `pm_category` WHERE `pid` = 32  [ RunTime:0.0000s ]
SQL: SELECT * FROM `pm_category` WHERE `pid` = 33  [ RunTime:0.0000s ]
SQL: SELECT * FROM `pm_category` WHERE `pid` = 34  [ RunTime:0.0000s ]
SQL: SELECT * FROM `pm_category` WHERE `pid` = 35  [ RunTime:0.0156s ]
SQL: SELECT * FROM `pm_category` WHERE `pid` = 36  [ RunTime:0.0000s ]
SQL: SELECT * FROM `pm_category` WHERE `pid` = 37  [ RunTime:0.0000s ]
SQL: SELECT * FROM `pm_category` WHERE `pid` = 38  [ RunTime:0.0000s ]
SQL: SELECT * FROM `pm_category` WHERE `pid` = 39  [ RunTime:0.0000s ]
SQL: SELECT * FROM `pm_category` WHERE `pid` = 40  [ RunTime:0.0000s ]
SQL: SELECT * FROM `pm_category` WHERE `pid` = 41  [ RunTime:0.0000s ]
SQL: SELECT * FROM `pm_category` WHERE `pid` = 42  [ RunTime:0.0000s ]
SQL: SELECT * FROM `pm_category` WHERE `pid` = 43  [ RunTime:0.0000s ]
SQL: SELECT * FROM `pm_category` WHERE `pid` = 44  [ RunTime:0.0000s ]
SQL: SELECT * FROM `pm_category` WHERE `pid` = 45  [ RunTime:0.0000s ]
SQL: SELECT * FROM `pm_category` WHERE `pid` = 46  [ RunTime:0.0000s ]
SQL: SELECT * FROM `pm_category` WHERE `pid` = 47  [ RunTime:0.0000s ]
SQL: SELECT * FROM `pm_category` WHERE `pid` = 48  [ RunTime:0.0000s ]
SQL: SELECT * FROM `pm_category` WHERE `pid` = 49  [ RunTime:0.0000s ]
SQL: SELECT * FROM `pm_category` WHERE `pid` = 50  [ RunTime:0.0000s ]
NOTIC: [8] Undefined index: m97 D:\Program Files (x86)\WWW\htdocs\three17\pinmo\pinmo\Home\Controller\MemberCenterController.class.php 第 35 行.
SQL: SHOW COLUMNS FROM `pm_user` [ RunTime:0.0156s ]
SQL: SELECT * FROM `pm_user` WHERE ( username='张三' )  [ RunTime:0.0000s ]
SQL: SHOW COLUMNS FROM `pm_user` [ RunTime:0.0000s ]
NOTIC: [2] preg_match(): Delimiter must not be alphanumeric or backslash D:\Program Files (x86)\WWW\htdocs\three17\pinmo\ThinkPHP\Library\Think\Model.class.php 第 1117 行.

